<?xml version="1.0" encoding="UTF-8"?>
<testsuite name="gov.usgs.earthquake.indexer.ProductSummaryTest" tests="3" skipped="0" failures="0" errors="0" timestamp="2018-08-22T23:04:45" hostname="igskcicgltgm091.local" time="0.015">
  <properties/>
  <testcase name="testAddLink" classname="gov.usgs.earthquake.indexer.ProductSummaryTest" time="0.004"/>
  <testcase name="testCopyConstructor" classname="gov.usgs.earthquake.indexer.ProductSummaryTest" time="0.006"/>
  <testcase name="testProductConstructor" classname="gov.usgs.earthquake.indexer.ProductSummaryTest" time="0.004"/>
  <system-out><![CDATA[]]></system-out>
  <system-err><![CDATA[FINE	thread=13	Digest='e2a4plcXeYkEA7cat+dNCotW1PY=' , 2ms
FINE	thread=13	Digest='jLVSVIscDjNpy8zXSW/wdlXosIw=' , 4ms
FINE	thread=13	Digest='4OTsxhtOJdbTtwV1FenQ7VrvMKI=' , 4ms
]]></system-err>
</testsuite>
