<?xml version="1.0" encoding="UTF-8"?>
<testsuite name="gov.usgs.earthquake.distribution.ProductClientTest" tests="2" skipped="0" failures="0" errors="0" timestamp="2018-08-22T23:04:14" hostname="igskcicgltgm091.local" time="0.151">
  <properties/>
  <testcase name="testClientReceivedNotification" classname="gov.usgs.earthquake.distribution.ProductClientTest" time="0.15"/>
  <testcase name="testProductClientConfig" classname="gov.usgs.earthquake.distribution.ProductClientTest" time="0.001"/>
  <system-out><![CDATA[
NEW MESSAGE

Last message id: urn:usgs-product:us:shakemap:abcd1234:1534979055093
]]></system-out>
  <system-err><![CDATA[]]></system-err>
</testsuite>
