<?xml version="1.0" encoding="UTF-8"?>
<testsuite name="gov.usgs.earthquake.util.SizeLimitInputStreamTest" tests="2" skipped="0" failures="0" errors="0" timestamp="2018-08-22T23:04:46" hostname="igskcicgltgm091.local" time="0.0">
  <properties/>
  <testcase name="testAtLimit" classname="gov.usgs.earthquake.util.SizeLimitInputStreamTest" time="0.0"/>
  <testcase name="testExceedLimit" classname="gov.usgs.earthquake.util.SizeLimitInputStreamTest" time="0.0"/>
  <system-out><![CDATA[]]></system-out>
  <system-err><![CDATA[]]></system-err>
</testsuite>
