<?xml version="1.0" encoding="UTF-8"?>
<testsuite name="gov.usgs.earthquake.dyfi.DYFIIndexerModuleTest" tests="2" skipped="0" failures="0" errors="0" timestamp="2018-08-22T23:04:27" hostname="igskcicgltgm091.local" time="0.05">
  <properties/>
  <testcase name="testSupportLevel" classname="gov.usgs.earthquake.dyfi.DYFIIndexerModuleTest" time="0.03"/>
  <testcase name="testSummary" classname="gov.usgs.earthquake.dyfi.DYFIIndexerModuleTest" time="0.019"/>
  <system-out><![CDATA[]]></system-out>
  <system-err><![CDATA[]]></system-err>
</testsuite>
