<?xml version="1.0" encoding="UTF-8"?>
<testsuite name="gov.usgs.util.ObjectLockTest" tests="3" skipped="0" failures="0" errors="0" timestamp="2018-08-22T23:04:47" hostname="igskcicgltgm091.local" time="9.367">
  <properties/>
  <testcase name="testWithoutLocks" classname="gov.usgs.util.ObjectLockTest" time="0.119"/>
  <testcase name="readLockBlocksUntilWriteLockIsReleased" classname="gov.usgs.util.ObjectLockTest" time="8.939"/>
  <testcase name="testWithLocks" classname="gov.usgs.util.ObjectLockTest" time="0.309"/>
  <system-out><![CDATA[The below numbers should be strictly increasing, but need not be sequential. However the displayed logic statements should (at least periodically) evaluate to false.
1 == 4
5 == 8
9 == 10
The below numbers should be strictly increasing, but need not be sequential. However the displayed logic statements should always evaluate to true.
1 == 1
2 == 2
3 == 3
4 == 4
5 == 5
6 == 6
8 == 8
9 == 9
]]></system-out>
  <system-err><![CDATA[Starting threads
thread 1393 acquiring read lock
thread 1393 acquired read lock
thread 1395 acquiring write lock
thread 1396 acquiring write lock
thread 1394 acquiring read lock
thread 1393 releasing read lock
thread 1393 released read lock
thread 1395 acquired write lock
thread 1393 acquiring read lock
thread 1395 releasing write lock
thread 1395 released write lock
thread 1395 acquiring write lock
thread 1396 acquired write lock
thread 1396 releasing write lock
thread 1396 released write lock
thread 1396 acquiring write lock
thread 1394 acquired read lock
thread 1393 acquired read lock
thread 1393 releasing read lock
thread 1393 released read lock
thread 1393 acquiring read lock
thread 1394 releasing read lock
thread 1394 released read lock
thread 1394 acquiring read lock
thread 1395 acquired write lock
Wed Aug 22 17:04:47 MDT 2018
FINER	thread=287	[null] running listener cleanup
thread 1395 releasing write lock
thread 1395 released write lock
thread 1395 acquiring write lock
thread 1396 acquired write lock
thread 1396 releasing write lock
thread 1396 released write lock
thread 1396 acquiring write lock
thread 1393 acquired read lock
thread 1394 acquired read lock
thread 1393 releasing read lock
thread 1393 released read lock
thread 1393 acquiring read lock
thread 1394 releasing read lock
thread 1394 released read lock
thread 1394 acquiring read lock
thread 1395 acquired write lock
thread 1395 releasing write lock
thread 1395 released write lock
thread 1395 acquiring write lock
thread 1396 acquired write lock
thread 1396 releasing write lock
thread 1396 released write lock
thread 1396 acquiring write lock
thread 1393 acquired read lock
thread 1394 acquired read lock
thread 1393 releasing read lock
thread 1393 released read lock
thread 1393 acquiring read lock
thread 1394 releasing read lock
thread 1394 released read lock
thread 1394 acquiring read lock
thread 1395 acquired write lock
thread 1395 releasing write lock
thread 1395 released write lock
thread 1395 acquiring write lock
thread 1396 acquired write lock
thread 1396 releasing write lock
thread 1396 released write lock
thread 1396 acquiring write lock
thread 1393 acquired read lock
thread 1394 acquired read lock
thread 1394 releasing read lock
thread 1394 released read lock
thread 1394 acquiring read lock
thread 1393 releasing read lock
thread 1393 released read lock
thread 1393 acquiring read lock
thread 1395 acquired write lock
thread 1395 releasing write lock
thread 1395 released write lock
thread 1395 acquiring write lock
thread 1396 acquired write lock
thread 1396 releasing write lock
thread 1396 released write lock
thread 1396 acquiring write lock
thread 1394 acquired read lock
thread 1393 acquired read lock
thread 1393 releasing read lock
thread 1393 released read lock
thread 1393 acquiring read lock
thread 1394 releasing read lock
thread 1394 released read lock
thread 1394 acquiring read lock
thread 1395 acquired write lock
thread 1395 releasing write lock
thread 1395 released write lock
thread 1395 acquiring write lock
thread 1396 acquired write lock
thread 1396 releasing write lock
thread 1396 released write lock
thread 1396 acquiring write lock
thread 1393 acquired read lock
thread 1394 acquired read lock
thread 1394 releasing read lock
thread 1394 released read lock
thread 1394 acquiring read lock
thread 1393 releasing read lock
thread 1393 released read lock
thread 1393 acquiring read lock
thread 1395 acquired write lock
thread 1395 releasing write lock
thread 1395 released write lock
thread 1395 acquiring write lock
thread 1396 acquired write lock
thread 1396 releasing write lock
thread 1396 released write lock
thread 1396 acquiring write lock
thread 1394 acquired read lock
thread 1393 acquired read lock
thread 1394 releasing read lock
thread 1394 released read lock
thread 1394 acquiring read lock
thread 1393 releasing read lock
thread 1393 released read lock
thread 1395 acquired write lock
thread 1393 acquiring read lock
Wed Aug 22 17:04:48 MDT 2018
FINER	thread=287	[null] running listener cleanup
thread 1395 releasing write lock
thread 1395 released write lock
thread 1395 acquiring write lock
thread 1396 acquired write lock
thread 1396 releasing write lock
thread 1396 released write lock
thread 1396 acquiring write lock
thread 1393 acquired read lock
thread 1394 acquired read lock
thread 1394 releasing read lock
thread 1394 released read lock
thread 1394 acquiring read lock
thread 1393 releasing read lock
thread 1393 released read lock
thread 1393 acquiring read lock
thread 1395 acquired write lock
thread 1395 releasing write lock
thread 1395 released write lock
thread 1395 acquiring write lock
thread 1396 acquired write lock
thread 1396 releasing write lock
thread 1396 released write lock
thread 1396 acquiring write lock
thread 1394 acquired read lock
thread 1393 acquired read lock
thread 1394 releasing read lock
thread 1394 released read lock
thread 1394 acquiring read lock
thread 1393 releasing read lock
thread 1393 released read lock
thread 1393 acquiring read lock
thread 1395 acquired write lock
thread 1395 releasing write lock
thread 1395 released write lock
thread 1395 acquiring write lock
thread 1396 acquired write lock
thread 1396 releasing write lock
thread 1396 released write lock
thread 1396 acquiring write lock
thread 1394 acquired read lock
thread 1393 acquired read lock
thread 1393 releasing read lock
thread 1393 released read lock
thread 1393 acquiring read lock
thread 1394 releasing read lock
thread 1394 released read lock
thread 1395 acquired write lock
thread 1394 acquiring read lock
thread 1395 releasing write lock
thread 1395 released write lock
thread 1396 acquired write lock
thread 1395 acquiring write lock
thread 1396 releasing write lock
thread 1396 released write lock
thread 1396 acquiring write lock
thread 1393 acquired read lock
thread 1394 acquired read lock
thread 1394 releasing read lock
thread 1394 released read lock
thread 1394 acquiring read lock
thread 1393 releasing read lock
thread 1393 released read lock
thread 1393 acquiring read lock
thread 1395 acquired write lock
thread 1395 releasing write lock
thread 1395 released write lock
thread 1395 acquiring write lock
thread 1396 acquired write lock
thread 1396 releasing write lock
thread 1396 released write lock
thread 1396 acquiring write lock
thread 1394 acquired read lock
thread 1393 acquired read lock
thread 1393 releasing read lock
thread 1393 released read lock
thread 1393 acquiring read lock
thread 1394 releasing read lock
thread 1394 released read lock
thread 1394 acquiring read lock
thread 1395 acquired write lock
thread 1395 releasing write lock
thread 1395 released write lock
thread 1395 acquiring write lock
thread 1396 acquired write lock
Wed Aug 22 17:04:49 MDT 2018
FINER	thread=287	[null] running listener cleanup
thread 1396 releasing write lock
thread 1396 released write lock
thread 1393 acquired read lock
thread 1396 acquiring write lock
thread 1394 acquired read lock
thread 1394 releasing read lock
thread 1394 released read lock
thread 1394 acquiring read lock
thread 1393 releasing read lock
thread 1393 released read lock
thread 1393 acquiring read lock
thread 1395 acquired write lock
thread 1395 releasing write lock
thread 1395 released write lock
thread 1395 acquiring write lock
thread 1396 acquired write lock
thread 1396 releasing write lock
thread 1396 released write lock
thread 1396 acquiring write lock
thread 1394 acquired read lock
thread 1393 acquired read lock
thread 1394 releasing read lock
thread 1394 released read lock
thread 1394 acquiring read lock
thread 1393 releasing read lock
thread 1393 released read lock
thread 1393 acquiring read lock
thread 1395 acquired write lock
thread 1395 releasing write lock
thread 1395 released write lock
thread 1395 acquiring write lock
thread 1396 acquired write lock
thread 1396 releasing write lock
thread 1396 released write lock
thread 1396 acquiring write lock
thread 1394 acquired read lock
thread 1393 acquired read lock
thread 1394 releasing read lock
thread 1394 released read lock
thread 1394 acquiring read lock
thread 1393 releasing read lock
thread 1393 released read lock
thread 1395 acquired write lock
thread 1393 acquiring read lock
thread 1395 releasing write lock
thread 1395 released write lock
thread 1395 acquiring write lock
thread 1396 acquired write lock
thread 1396 releasing write lock
thread 1396 released write lock
thread 1396 acquiring write lock
thread 1394 acquired read lock
thread 1393 acquired read lock
thread 1393 releasing read lock
thread 1393 released read lock
thread 1393 acquiring read lock
thread 1394 releasing read lock
thread 1394 released read lock
thread 1394 acquiring read lock
thread 1395 acquired write lock
thread 1395 releasing write lock
thread 1395 released write lock
thread 1395 acquiring write lock
thread 1396 acquired write lock
thread 1396 releasing write lock
thread 1396 released write lock
thread 1396 acquiring write lock
thread 1393 acquired read lock
thread 1394 acquired read lock
thread 1394 releasing read lock
thread 1394 released read lock
thread 1394 acquiring read lock
thread 1393 releasing read lock
thread 1393 released read lock
thread 1393 acquiring read lock
thread 1395 acquired write lock
thread 1395 releasing write lock
thread 1395 released write lock
thread 1395 acquiring write lock
thread 1396 acquired write lock
thread 1396 releasing write lock
thread 1396 released write lock
thread 1396 acquiring write lock
thread 1394 acquired read lock
thread 1393 acquired read lock
thread 1393 releasing read lock
thread 1393 released read lock
thread 1393 acquiring read lock
thread 1394 releasing read lock
thread 1394 released read lock
thread 1394 acquiring read lock
thread 1395 acquired write lock
Wed Aug 22 17:04:50 MDT 2018
FINER	thread=287	[null] running listener cleanup
thread 1395 releasing write lock
thread 1395 released write lock
thread 1395 acquiring write lock
thread 1396 acquired write lock
thread 1396 releasing write lock
thread 1396 released write lock
thread 1396 acquiring write lock
thread 1393 acquired read lock
thread 1394 acquired read lock
thread 1394 releasing read lock
thread 1394 released read lock
thread 1394 acquiring read lock
thread 1393 releasing read lock
thread 1393 released read lock
thread 1393 acquiring read lock
thread 1395 acquired write lock
thread 1395 releasing write lock
thread 1395 released write lock
thread 1395 acquiring write lock
thread 1396 acquired write lock
thread 1396 releasing write lock
thread 1396 released write lock
thread 1396 acquiring write lock
thread 1394 acquired read lock
thread 1393 acquired read lock
thread 1393 releasing read lock
thread 1394 releasing read lock
thread 1393 released read lock
thread 1393 acquiring read lock
thread 1394 released read lock
thread 1394 acquiring read lock
thread 1395 acquired write lock
thread 1395 releasing write lock
thread 1395 released write lock
thread 1395 acquiring write lock
thread 1396 acquired write lock
thread 1396 releasing write lock
thread 1396 released write lock
thread 1396 acquiring write lock
thread 1393 acquired read lock
thread 1394 acquired read lock
thread 1393 releasing read lock
thread 1393 released read lock
thread 1393 acquiring read lock
thread 1394 releasing read lock
thread 1394 released read lock
thread 1394 acquiring read lock
thread 1395 acquired write lock
thread 1395 releasing write lock
thread 1395 released write lock
thread 1395 acquiring write lock
thread 1396 acquired write lock
thread 1396 releasing write lock
thread 1396 released write lock
thread 1396 acquiring write lock
thread 1393 acquired read lock
thread 1394 acquired read lock
thread 1394 releasing read lock
thread 1394 released read lock
thread 1394 acquiring read lock
thread 1393 releasing read lock
thread 1393 released read lock
thread 1393 acquiring read lock
thread 1395 acquired write lock
thread 1395 releasing write lock
thread 1395 released write lock
thread 1395 acquiring write lock
thread 1396 acquired write lock
thread 1396 releasing write lock
thread 1396 released write lock
thread 1396 acquiring write lock
thread 1394 acquired read lock
thread 1393 acquired read lock
thread 1394 releasing read lock
thread 1394 released read lock
thread 1394 acquiring read lock
Wed Aug 22 17:04:51 MDT 2018
FINER	thread=287	[null] running listener cleanup
thread 1393 releasing read lock
thread 1393 released read lock
thread 1393 acquiring read lock
thread 1395 acquired write lock
thread 1395 releasing write lock
thread 1395 released write lock
thread 1395 acquiring write lock
thread 1396 acquired write lock
thread 1396 releasing write lock
thread 1396 released write lock
thread 1396 acquiring write lock
thread 1394 acquired read lock
thread 1393 acquired read lock
thread 1394 releasing read lock
thread 1393 releasing read lock
thread 1394 released read lock
thread 1394 acquiring read lock
thread 1393 released read lock
thread 1393 acquiring read lock
thread 1395 acquired write lock
thread 1395 releasing write lock
thread 1395 released write lock
thread 1395 acquiring write lock
thread 1396 acquired write lock
thread 1396 releasing write lock
thread 1396 released write lock
thread 1396 acquiring write lock
thread 1394 acquired read lock
thread 1393 acquired read lock
thread 1393 releasing read lock
thread 1393 released read lock
thread 1393 acquiring read lock
thread 1394 releasing read lock
thread 1394 released read lock
thread 1394 acquiring read lock
thread 1395 acquired write lock
thread 1395 releasing write lock
thread 1395 released write lock
thread 1395 acquiring write lock
thread 1396 acquired write lock
thread 1396 releasing write lock
thread 1396 released write lock
thread 1396 acquiring write lock
thread 1393 acquired read lock
thread 1394 acquired read lock
thread 1393 releasing read lock
thread 1393 released read lock
thread 1393 acquiring read lock
thread 1394 releasing read lock
thread 1394 released read lock
thread 1394 acquiring read lock
thread 1395 acquired write lock
thread 1395 releasing write lock
thread 1395 released write lock
thread 1395 acquiring write lock
thread 1396 acquired write lock
thread 1396 releasing write lock
thread 1396 released write lock
thread 1396 acquiring write lock
thread 1393 acquired read lock
thread 1394 acquired read lock
thread 1393 releasing read lock
thread 1393 released read lock
thread 1393 acquiring read lock
thread 1394 releasing read lock
thread 1395 acquired write lock
thread 1394 released read lock
thread 1394 acquiring read lock
thread 1395 releasing write lock
thread 1395 released write lock
thread 1395 acquiring write lock
thread 1396 acquired write lock
thread 1396 releasing write lock
thread 1396 released write lock
thread 1396 acquiring write lock
thread 1393 acquired read lock
thread 1394 acquired read lock
Wed Aug 22 17:04:52 MDT 2018
FINER	thread=287	[null] running listener cleanup
thread 1394 releasing read lock
thread 1394 released read lock
thread 1394 acquiring read lock
thread 1393 releasing read lock
thread 1393 released read lock
thread 1393 acquiring read lock
thread 1395 acquired write lock
thread 1395 releasing write lock
thread 1395 released write lock
thread 1395 acquiring write lock
thread 1396 acquired write lock
thread 1396 releasing write lock
thread 1396 released write lock
thread 1396 acquiring write lock
thread 1394 acquired read lock
thread 1393 acquired read lock
thread 1393 releasing read lock
thread 1393 released read lock
thread 1393 acquiring read lock
thread 1394 releasing read lock
thread 1394 released read lock
thread 1394 acquiring read lock
thread 1395 acquired write lock
thread 1395 releasing write lock
thread 1395 released write lock
thread 1395 acquiring write lock
thread 1396 acquired write lock
thread 1396 releasing write lock
thread 1396 released write lock
thread 1396 acquiring write lock
thread 1393 acquired read lock
thread 1394 acquired read lock
thread 1393 releasing read lock
thread 1393 released read lock
thread 1393 acquiring read lock
thread 1394 releasing read lock
thread 1394 released read lock
thread 1394 acquiring read lock
thread 1395 acquired write lock
thread 1395 releasing write lock
thread 1395 released write lock
thread 1395 acquiring write lock
thread 1396 acquired write lock
thread 1396 releasing write lock
thread 1396 released write lock
thread 1396 acquiring write lock
thread 1393 acquired read lock
thread 1394 acquired read lock
thread 1393 releasing read lock
thread 1393 released read lock
thread 1393 acquiring read lock
thread 1394 releasing read lock
thread 1394 released read lock
thread 1394 acquiring read lock
thread 1395 acquired write lock
thread 1395 releasing write lock
thread 1395 released write lock
thread 1395 acquiring write lock
thread 1396 acquired write lock
thread 1396 releasing write lock
thread 1396 released write lock
thread 1396 acquiring write lock
thread 1393 acquired read lock
thread 1394 acquired read lock
thread 1394 releasing read lock
thread 1394 released read lock
thread 1394 acquiring read lock
thread 1393 releasing read lock
thread 1393 released read lock
thread 1393 acquiring read lock
thread 1395 acquired write lock
thread 1395 releasing write lock
thread 1395 released write lock
thread 1395 acquiring write lock
thread 1396 acquired write lock
thread 1396 releasing write lock
thread 1396 released write lock
thread 1396 acquiring write lock
thread 1394 acquired read lock
thread 1393 acquired read lock
thread 1393 releasing read lock
thread 1393 released read lock
thread 1393 acquiring read lock
thread 1394 releasing read lock
thread 1394 released read lock
thread 1395 acquired write lock
thread 1394 acquiring read lock
thread 1395 releasing write lock
thread 1395 released write lock
thread 1395 acquiring write lock
thread 1396 acquired write lock
thread 1396 releasing write lock
thread 1396 released write lock
thread 1396 acquiring write lock
thread 1393 acquired read lock
thread 1394 acquired read lock
thread 1393 releasing read lock
thread 1393 released read lock
thread 1393 acquiring read lock
thread 1394 releasing read lock
thread 1394 released read lock
thread 1394 acquiring read lock
Wed Aug 22 17:04:53 MDT 2018
FINER	thread=287	[null] running listener cleanup
thread 1395 acquired write lock
thread 1395 releasing write lock
thread 1395 released write lock
thread 1395 acquiring write lock
thread 1396 acquired write lock
thread 1396 releasing write lock
thread 1396 released write lock
thread 1396 acquiring write lock
thread 1393 acquired read lock
thread 1394 acquired read lock
thread 1393 releasing read lock
thread 1393 released read lock
thread 1393 acquiring read lock
thread 1394 releasing read lock
thread 1394 released read lock
thread 1394 acquiring read lock
thread 1395 acquired write lock
thread 1395 releasing write lock
thread 1395 released write lock
thread 1395 acquiring write lock
thread 1396 acquired write lock
thread 1396 releasing write lock
thread 1396 released write lock
thread 1396 acquiring write lock
thread 1393 acquired read lock
thread 1394 acquired read lock
thread 1394 releasing read lock
thread 1394 released read lock
thread 1394 acquiring read lock
thread 1393 releasing read lock
thread 1393 released read lock
thread 1395 acquired write lock
thread 1393 acquiring read lock
thread 1395 releasing write lock
thread 1395 released write lock
thread 1395 acquiring write lock
thread 1396 acquired write lock
thread 1396 releasing write lock
thread 1396 released write lock
thread 1396 acquiring write lock
thread 1394 acquired read lock
thread 1393 acquired read lock
thread 1393 releasing read lock
thread 1393 released read lock
thread 1393 acquiring read lock
thread 1394 releasing read lock
thread 1394 released read lock
thread 1395 acquired write lock
thread 1394 acquiring read lock
thread 1395 releasing write lock
thread 1395 released write lock
thread 1395 acquiring write lock
thread 1396 acquired write lock
thread 1396 releasing write lock
thread 1396 released write lock
thread 1396 acquiring write lock
thread 1393 acquired read lock
thread 1394 acquired read lock
thread 1394 releasing read lock
thread 1394 released read lock
thread 1394 acquiring read lock
thread 1393 releasing read lock
thread 1393 released read lock
thread 1393 acquiring read lock
thread 1395 acquired write lock
thread 1395 releasing write lock
thread 1395 released write lock
thread 1395 acquiring write lock
thread 1396 acquired write lock
thread 1396 releasing write lock
thread 1396 released write lock
thread 1396 acquiring write lock
thread 1394 acquired read lock
thread 1393 acquired read lock
thread 1393 releasing read lock
thread 1393 released read lock
thread 1393 acquiring read lock
thread 1394 releasing read lock
thread 1394 released read lock
thread 1394 acquiring read lock
thread 1395 acquired write lock
thread 1395 releasing write lock
thread 1395 released write lock
thread 1395 acquiring write lock
thread 1396 acquired write lock
thread 1396 releasing write lock
thread 1396 released write lock
thread 1396 acquiring write lock
thread 1393 acquired read lock
thread 1394 acquired read lock
thread 1393 releasing read lock
thread 1393 released read lock
thread 1393 acquiring read lock
thread 1394 releasing read lock
thread 1394 released read lock
thread 1395 acquired write lock
thread 1394 acquiring read lock
thread 1395 releasing write lock
thread 1395 released write lock
thread 1395 acquiring write lock
thread 1396 acquired write lock
Wed Aug 22 17:04:54 MDT 2018
FINER	thread=287	[null] running listener cleanup
thread 1396 releasing write lock
thread 1396 released write lock
thread 1396 acquiring write lock
thread 1393 acquired read lock
thread 1394 acquired read lock
thread 1394 releasing read lock
thread 1394 released read lock
thread 1394 acquiring read lock
thread 1393 releasing read lock
thread 1393 released read lock
thread 1393 acquiring read lock
thread 1395 acquired write lock
thread 1395 releasing write lock
thread 1395 released write lock
thread 1395 acquiring write lock
thread 1396 acquired write lock
thread 1396 releasing write lock
thread 1396 released write lock
thread 1396 acquiring write lock
thread 1394 acquired read lock
thread 1393 acquired read lock
thread 1393 releasing read lock
thread 1393 released read lock
thread 1393 acquiring read lock
thread 1394 releasing read lock
thread 1394 released read lock
thread 1394 acquiring read lock
thread 1395 acquired write lock
thread 1395 releasing write lock
thread 1395 released write lock
thread 1396 acquired write lock
thread 1395 acquiring write lock
thread 1396 releasing write lock
thread 1396 released write lock
thread 1396 acquiring write lock
thread 1393 acquired read lock
thread 1394 acquired read lock
thread 1394 releasing read lock
thread 1394 released read lock
thread 1394 acquiring read lock
thread 1393 releasing read lock
thread 1393 released read lock
thread 1393 acquiring read lock
thread 1395 acquired write lock
thread 1395 releasing write lock
thread 1395 released write lock
thread 1395 acquiring write lock
thread 1396 acquired write lock
thread 1396 releasing write lock
thread 1396 released write lock
thread 1396 acquiring write lock
thread 1394 acquired read lock
thread 1393 acquired read lock
thread 1393 releasing read lock
thread 1393 released read lock
thread 1393 acquiring read lock
thread 1394 releasing read lock
thread 1394 released read lock
thread 1395 acquired write lock
thread 1394 acquiring read lock
thread 1395 releasing write lock
thread 1395 released write lock
thread 1395 acquiring write lock
thread 1396 acquired write lock
thread 1396 releasing write lock
thread 1396 released write lock
thread 1396 acquiring write lock
thread 1393 acquired read lock
thread 1394 acquired read lock
thread 1394 releasing read lock
thread 1394 released read lock
thread 1394 acquiring read lock
thread 1393 releasing read lock
thread 1393 released read lock
thread 1393 acquiring read lock
thread 1395 acquired write lock
thread 1395 releasing write lock
thread 1395 released write lock
thread 1395 acquiring write lock
thread 1396 acquired write lock
thread 1396 releasing write lock
thread 1396 released write lock
thread 1396 acquiring write lock
thread 1394 acquired read lock
thread 1393 acquired read lock
thread 1393 releasing read lock
thread 1393 released read lock
thread 1393 acquiring read lock
thread 1394 releasing read lock
thread 1394 released read lock
thread 1394 acquiring read lock
thread 1395 acquired write lock
thread 1395 releasing write lock
thread 1395 released write lock
thread 1395 acquiring write lock
thread 1396 acquired write lock
thread 1396 releasing write lock
thread 1396 released write lock
thread 1396 acquiring write lock
thread 1393 acquired read lock
thread 1394 acquired read lock
thread 1393 releasing read lock
thread 1393 released read lock
thread 1393 acquiring read lock
Wed Aug 22 17:04:55 MDT 2018
FINER	thread=287	[null] running listener cleanup
thread 1394 releasing read lock
thread 1394 released read lock
thread 1394 acquiring read lock
thread 1395 acquired write lock
thread 1395 releasing write lock
thread 1395 released write lock
thread 1395 acquiring write lock
thread 1396 acquired write lock
thread 1396 releasing write lock
thread 1396 released write lock
thread 1396 acquiring write lock
thread 1393 acquired read lock
thread 1394 acquired read lock
thread 1393 releasing read lock
thread 1393 released read lock
thread 1393 acquiring read lock
thread 1394 releasing read lock
thread 1394 released read lock
thread 1394 acquiring read lock
thread 1395 acquired write lock
thread 1395 releasing write lock
thread 1395 released write lock
thread 1395 acquiring write lock
thread 1396 acquired write lock
thread 1396 releasing write lock
thread 1393 acquired read lock
thread 1394 acquired read lock
thread 1396 released write lock
thread 1396 acquiring write lock
thread 1393 releasing read lock
thread 1393 released read lock
thread 1394 releasing read lock
thread 1394 released read lock
thread 1394 acquiring read lock
thread 1395 acquired write lock
thread 1395 releasing write lock
thread 1395 released write lock
thread 1396 acquired write lock
thread 1396 releasing write lock
thread 1396 released write lock
thread 1394 acquired read lock
thread 1394 releasing read lock
thread 1394 released read lock
]]></system-err>
</testsuite>
