<?xml version="1.0" encoding="UTF-8"?>
<testsuite name="gov.usgs.earthquake.indexer.DefaultIndexerModuleTest" tests="5" skipped="0" failures="0" errors="0" timestamp="2018-08-22T23:04:36" hostname="igskcicgltgm091.local" time="0.002">
  <properties/>
  <testcase name="testDefaultAuthoritativeSummaryWeight" classname="gov.usgs.earthquake.indexer.DefaultIndexerModuleTest" time="0.001"/>
  <testcase name="testSameSourceWeight" classname="gov.usgs.earthquake.indexer.DefaultIndexerModuleTest" time="0.0"/>
  <testcase name="testNonAuthoritativeSummaryWeight" classname="gov.usgs.earthquake.indexer.DefaultIndexerModuleTest" time="0.0"/>
  <testcase name="testBaseProductType" classname="gov.usgs.earthquake.indexer.DefaultIndexerModuleTest" time="0.0"/>
  <testcase name="testAuthoritativeSummaryWeight" classname="gov.usgs.earthquake.indexer.DefaultIndexerModuleTest" time="0.0"/>
  <system-out><![CDATA[]]></system-out>
  <system-err><![CDATA[]]></system-err>
</testsuite>
