<?xml version="1.0" encoding="UTF-8"?>
<testsuite name="gov.usgs.earthquake.distribution.CommandTest" tests="4" skipped="0" failures="0" errors="0" timestamp="2018-08-22T23:03:38" hostname="igskcicgltgm091.local" time="1.589">
  <properties/>
  <testcase name="testTimeout" classname="gov.usgs.earthquake.distribution.CommandTest" time="0.526"/>
  <testcase name="testError" classname="gov.usgs.earthquake.distribution.CommandTest" time="0.016"/>
  <testcase name="testOutput" classname="gov.usgs.earthquake.distribution.CommandTest" time="0.026"/>
  <testcase name="testSuccess" classname="gov.usgs.earthquake.distribution.CommandTest" time="1.019"/>
  <system-out><![CDATA[]]></system-out>
  <system-err><![CDATA[grep: notfound: No such file or directory

total 288
drwxr-xr-x  31 jmfee  jmfee   1054 Aug 22 15:59 .
drwxr-xr-x  82 jmfee  jmfee   2788 Aug 20 17:44 ..
-rw-r--r--   1 jmfee  jmfee    588 Aug 22 17:03 .classpath
drwxr-xr-x  15 jmfee  jmfee    510 Aug 22 17:03 .git
-rw-r--r--   1 jmfee  jmfee    163 Aug 21 14:07 .gitignore
drwx------   7 jmfee  jmfee    238 Aug 22 12:53 .gradle
-rw-r--r--   1 jmfee  jmfee    575 Aug 21 16:46 .project
drwxr-xr-x   3 jmfee  jmfee    102 Aug 21 16:46 .settings
-rw-r--r--   1 jmfee  jmfee   1500 Aug 22 14:43 .travis.yml
drwxr-xr-x   3 jmfee  jmfee    102 Aug 21 14:35 .vscode
-rw-r--r--   1 jmfee  jmfee     21 Aug 22 15:51 EIDSClient_tracking.dat
-rw-r--r--   1 jmfee  jmfee   1876 Aug 21 20:54 LICENSE.md
-rw-r--r--   1 jmfee  jmfee   1141 Aug 16 14:47 README.md
drwxr-xr-x   2 jmfee  jmfee     68 Aug 22 15:51 T
drwxr-xr-x   4 jmfee  jmfee    136 Aug 22 15:59 bin
drwxr-xr-x  13 jmfee  jmfee    442 Aug 22 16:50 build
-rw-r--r--   1 jmfee  jmfee   3369 Aug 22 17:03 build.gradle
-rwxr-xr-x   1 jmfee  jmfee   7654 Aug 21 14:06 build.xml
drwxr-xr-x   6 jmfee  jmfee    204 Aug 16 14:47 docs
drwxr-xr-x   6 jmfee  jmfee    204 Jan 19  2018 etc
drwxr-xr-x   3 jmfee  jmfee    102 Aug 21 14:07 gradle
-rwxr-xr-x   1 jmfee  jmfee   5296 Aug 21 14:07 gradlew
-rw-r--r--   1 jmfee  jmfee   2260 Aug 21 14:07 gradlew.bat
-rw-r--r--   1 jmfee  jmfee    357 Aug 22 15:50 heartbeat.dat
drwxr-xr-x  10 jmfee  jmfee    340 Aug 22 12:00 lib
-rw-r--r--   1 jmfee  jmfee   9216 Aug 22 15:50 pd_index.db
-rw-r--r--   1 jmfee  jmfee  69632 Aug 22 15:51 productIndex.db
-rw-r--r--   1 jmfee  jmfee    350 Aug 21 14:07 settings.gradle
drwxr-xr-x   4 jmfee  jmfee    136 Jan  9  2017 src
drwxr-xr-x   5 jmfee  jmfee    170 Aug 22 15:51 storage
-rw-r--r--   1 jmfee  jmfee   4096 Aug 22 15:50 test_index.db

]]></system-err>
</testsuite>
