<?xml version="1.0" encoding="UTF-8"?>
<testsuite name="gov.usgs.earthquake.eids.EIDSOutputWedgeTest" tests="3" skipped="0" failures="0" errors="0" timestamp="2018-08-22T23:04:27" hostname="igskcicgltgm091.local" time="0.775">
  <properties/>
  <testcase name="conversionTests" classname="gov.usgs.earthquake.eids.EIDSOutputWedgeTest" time="0.69"/>
  <testcase name="noEqxmlTest" classname="gov.usgs.earthquake.eids.EIDSOutputWedgeTest" time="0.037"/>
  <testcase name="basicUsageTest" classname="gov.usgs.earthquake.eids.EIDSOutputWedgeTest" time="0.046"/>
  <system-out><![CDATA[]]></system-out>
  <system-err><![CDATA[]]></system-err>
</testsuite>
