<?xml version="1.0" encoding="UTF-8"?>
<testsuite name="gov.usgs.earthquake.indexer.ProductArchivePolicyTest" tests="8" skipped="0" failures="0" errors="0" timestamp="2018-08-22T23:04:45" hostname="igskcicgltgm091.local" time="0.016">
  <properties/>
  <testcase name="maxAgeSameAsMinProductAge" classname="gov.usgs.earthquake.indexer.ProductArchivePolicyTest" time="0.001"/>
  <testcase name="mixingConfigurationsThrowsException" classname="gov.usgs.earthquake.indexer.ProductArchivePolicyTest" time="0.0"/>
  <testcase name="ageSequenceSuccess" classname="gov.usgs.earthquake.indexer.ProductArchivePolicyTest" time="0.001"/>
  <testcase name="timeSequenceSuccess" classname="gov.usgs.earthquake.indexer.ProductArchivePolicyTest" time="0.0"/>
  <testcase name="ageAndTimeIgnoresAge" classname="gov.usgs.earthquake.indexer.ProductArchivePolicyTest" time="0.0"/>
  <testcase name="ageSequenceThrowsException" classname="gov.usgs.earthquake.indexer.ProductArchivePolicyTest" time="0.0"/>
  <testcase name="minAgeSameAsMaxProductAge" classname="gov.usgs.earthquake.indexer.ProductArchivePolicyTest" time="0.001"/>
  <testcase name="timeSequenceThrowsException" classname="gov.usgs.earthquake.indexer.ProductArchivePolicyTest" time="0.0"/>
  <system-out><![CDATA[]]></system-out>
  <system-err><![CDATA[CONFIG	thread=13	Use of maxAge property is deprecated.
CONFIG	thread=13	Use of minAge property is deprecated.
CONFIG	thread=13	Use of maxAge property is deprecated.
CONFIG	thread=13	Use of minAge property is deprecated.
]]></system-err>
</testsuite>
