<?xml version="1.0" encoding="UTF-8"?>
<testsuite name="gov.usgs.earthquake.distribution.SocketProductReceiverTest" tests="5" skipped="0" failures="0" errors="0" timestamp="2018-08-22T23:04:20" hostname="igskcicgltgm091.local" time="1.14">
  <properties/>
  <testcase name="testReceiveXmlWithDeflate" classname="gov.usgs.earthquake.distribution.SocketProductReceiverTest" time="0.139"/>
  <testcase name="testReceiveXmlNoDeflate" classname="gov.usgs.earthquake.distribution.SocketProductReceiverTest" time="0.472"/>
  <testcase name="testReceiveBinaryWithDeflate" classname="gov.usgs.earthquake.distribution.SocketProductReceiverTest" time="0.079"/>
  <testcase name="testReceiveExistingProduct" classname="gov.usgs.earthquake.distribution.SocketProductReceiverTest" time="0.007"/>
  <testcase name="testReceiveBinaryNoDeflate" classname="gov.usgs.earthquake.distribution.SocketProductReceiverTest" time="0.429"/>
  <system-out><![CDATA[]]></system-out>
  <system-err><![CDATA[There are 1 active/queued socket connections
Wed Aug 22 17:04:20 MDT 2018
INFO	thread=464	[null] accepted connection Socket[addr=/127.0.0.1,port=59616,localport=1984]
INFO	thread=464	[null] received product 'urn:usgs-product:us:shakemap:abcd1234:1534979060335'
 from Socket[addr=/127.0.0.1,port=59616,localport=1984]
INFO	thread=464	[null] closed connection Socket[addr=/127.0.0.1,port=59616,localport=1984]
There are 1 active/queued socket connections
INFO	thread=475	[null] accepted connection Socket[addr=/127.0.0.1,port=59617,localport=1984]
INFO	thread=475	[null] received product 'urn:usgs-product:us:shakemap:abcd1234:1534979060478'
 from Socket[addr=/127.0.0.1,port=59617,localport=1984]
INFO	thread=475	[null] closed connection Socket[addr=/127.0.0.1,port=59617,localport=1984]
There are 1 active/queued socket connections
INFO	thread=486	[null] accepted connection Socket[addr=/127.0.0.1,port=59618,localport=1984]
Wed Aug 22 17:04:21 MDT 2018
INFO	thread=486	[null] received product 'urn:usgs-product:us:shakemap:abcd1234:1534979060955'
 from Socket[addr=/127.0.0.1,port=59618,localport=1984]
INFO	thread=486	[null] closed connection Socket[addr=/127.0.0.1,port=59618,localport=1984]
INFO	thread=13	[null] sending product to Socket[addr=localhost/127.0.0.1,port=1984,localport=59619]
There are 1 active/queued socket connections
INFO	thread=497	[null] accepted connection Socket[addr=/127.0.0.1,port=59619,localport=1984]
INFO	thread=13	[null] send complete Socket[addr=localhost/127.0.0.1,port=1984,localport=59619] response="Already have product"
INFO	thread=497	[null] closed connection Socket[addr=/127.0.0.1,port=59619,localport=1984]
There are 1 active/queued socket connections
INFO	thread=501	[null] accepted connection Socket[addr=/127.0.0.1,port=59620,localport=1984]
INFO	thread=501	[null] received product 'urn:usgs-product:us:shakemap:abcd1234:1534979061047'
 from Socket[addr=/127.0.0.1,port=59620,localport=1984]
INFO	thread=501	[null] closed connection Socket[addr=/127.0.0.1,port=59620,localport=1984]
]]></system-err>
</testsuite>
