<?xml version="1.0" encoding="UTF-8"?>
<testsuite name="gov.usgs.earthquake.indexer.NullMagnitudeTest" tests="1" skipped="0" failures="0" errors="0" timestamp="2018-08-22T23:04:45" hostname="igskcicgltgm091.local" time="0.005">
  <properties/>
  <testcase name="ci15508265" classname="gov.usgs.earthquake.indexer.NullMagnitudeTest" time="0.005"/>
  <system-out><![CDATA[]]></system-out>
  <system-err><![CDATA[]]></system-err>
</testsuite>
