<?xml version="1.0" encoding="UTF-8"?>
<testsuite name="gov.usgs.earthquake.indexer.JDBCProductIndexTest" tests="7" skipped="0" failures="0" errors="0" timestamp="2018-08-22T23:04:45" hostname="igskcicgltgm091.local" time="0.112">
  <properties/>
  <testcase name="getProductsTest" classname="gov.usgs.earthquake.indexer.JDBCProductIndexTest" time="0.04"/>
  <testcase name="addSummaryTest" classname="gov.usgs.earthquake.indexer.JDBCProductIndexTest" time="0.011"/>
  <testcase name="addEventTest" classname="gov.usgs.earthquake.indexer.JDBCProductIndexTest" time="0.005"/>
  <testcase name="addNormailizedSummaryTest" classname="gov.usgs.earthquake.indexer.JDBCProductIndexTest" time="0.016"/>
  <testcase name="getEventsTest" classname="gov.usgs.earthquake.indexer.JDBCProductIndexTest" time="0.005"/>
  <testcase name="getUnassociatedProductTest" classname="gov.usgs.earthquake.indexer.JDBCProductIndexTest" time="0.014"/>
  <testcase name="addAssociationTest" classname="gov.usgs.earthquake.indexer.JDBCProductIndexTest" time="0.018"/>
  <system-out><![CDATA[]]></system-out>
  <system-err><![CDATA[FINE	thread=13	Digest='xknvA8BxNVP+owiS4/UpK5rN+FA=' , 5ms
FINE	thread=13	Digest='wsXQl2QP11MDk3BrxcCEsl26BQU=' , 2ms
FINE	thread=13	Digest='9YkIxqiCaCZwxoRussWLfG+l04w=' , 2ms
FINE	thread=13	Digest='DZoIZEJ7LO5XTLPAtiA2eyNKn7Y=' , 2ms
FINE	thread=13	Digest='eq940J1hwees08asOvrdHM9txD8=' , 1ms
]]></system-err>
</testsuite>
