<?xml version="1.0" encoding="UTF-8"?>
<testsuite name="gov.usgs.earthquake.distribution.HeartbeatStatusTest" tests="4" skipped="0" failures="0" errors="0" timestamp="2018-08-22T23:03:59" hostname="igskcicgltgm091.local" time="0.008">
  <properties/>
  <testcase name="testPurgeTimeHeartbeatStatus" classname="gov.usgs.earthquake.distribution.HeartbeatStatusTest" time="0.0"/>
  <testcase name="testNonPurgeTimeHeartbeatStatus" classname="gov.usgs.earthquake.distribution.HeartbeatStatusTest" time="0.001"/>
  <testcase name="testBasicHeartbeatTime" classname="gov.usgs.earthquake.distribution.HeartbeatStatusTest" time="0.002"/>
  <testcase name="testBasicHeartbeatStatus" classname="gov.usgs.earthquake.distribution.HeartbeatStatusTest" time="0.001"/>
  <system-out><![CDATA[Test successful: all map entries purged
Test successful: no map entries purged
Test Timestamp key1=Wed Aug 22 17:03:59 MDT 2018
Test Timestamp key2=Wed Aug 22 17:03:59 MDT 2018
Test Timestamp key3=Wed Aug 22 17:03:59 MDT 2018
Test storage/retrieval value1=value1
Test storage/retrieval value2=value2
Test storage/retrieval value3=value3
]]></system-out>
  <system-err><![CDATA[]]></system-err>
</testsuite>
