<?xml version="1.0" encoding="UTF-8"?>
<testsuite name="gov.usgs.earthquake.eids.EIDSInputWedgeTest" tests="3" skipped="0" failures="0" errors="0" timestamp="2018-08-22T23:04:27" hostname="igskcicgltgm091.local" time="0.165">
  <properties/>
  <testcase name="sendScenarioProduct" classname="gov.usgs.earthquake.eids.EIDSInputWedgeTest" time="0.075"/>
  <testcase name="sendInternalProduct" classname="gov.usgs.earthquake.eids.EIDSInputWedgeTest" time="0.043"/>
  <testcase name="sendOneProduct" classname="gov.usgs.earthquake.eids.EIDSInputWedgeTest" time="0.047"/>
  <system-out><![CDATA[urn:usgs-product:ci:origin-scenario:ci09082344:1534979067430
urn:usgs-product:ci:internal-origin:ci09082344:1534979067477
urn:usgs-product:ci:origin:ci09082344:1534979067521
]]></system-out>
  <system-err><![CDATA[[Fatal Error] :1:1: Content is not allowed in prolog.

###
Wed Aug 22 17:04:27 MDT 2018
FINE	thread=13	Digest='Uj6DpedeK5OrXPA+R3rHAwYTues=' , 1ms
FINE	thread=13	Product Created source=ci, type=origin-scenario, code=ci09082344, updateTime=Wed Aug 22 17:04:27 MDT 2018
INFO	thread=13	[null] sending product to Socket[addr=localhost/127.0.0.1,port=11235,localport=59631]
FINE	thread=13	[null] using protocol version v0.1
There are 1 active/queued socket connections
INFO	thread=529	[test_receiver] accepted connection Socket[addr=/127.0.0.1,port=59631,localport=11235]
FINE	thread=529	[test_receiver] protocol version 'v0.1' Socket[addr=/127.0.0.1,port=59631,localport=11235]
FINE	thread=529	Product Received source=ci, type=origin-scenario, code=ci09082344, updateTime=Wed Aug 22 17:04:27 MDT 2018
FINE	thread=529	[test_receiver] listener (test_listener) has 0 queued notifications
INFO	thread=529	[test_receiver] received product 'urn:usgs-product:ci:origin-scenario:ci09082344:1534979067430'
 from Socket[addr=/127.0.0.1,port=59631,localport=11235]
INFO	thread=529	[test_receiver] closed connection Socket[addr=/127.0.0.1,port=59631,localport=11235]
listener received urn:usgs-product:ci:origin-scenario:ci09082344:1534979067430
INFO	thread=13	[null] send complete Socket[addr=localhost/127.0.0.1,port=11235,localport=59631] response="[test_receiver] received product 'urn:usgs-product:ci:origin-scenario:ci09082344:1534979067430'
"
INFO	thread=13	Generated 1 products: 1 sent, 0 partially sent, 0 failed to send
FINE	thread=13	Digest='Uj6DpedeK5OrXPA+R3rHAwYTues=' , 1ms
[Fatal Error] :1:1: Content is not allowed in prolog.

###
Wed Aug 22 17:04:27 MDT 2018
FINE	thread=13	Digest='5BmayK0MJNJs6xNIO4NN7BHE4pU=' , 1ms
FINE	thread=13	Product Created source=ci, type=internal-origin, code=ci09082344, updateTime=Wed Aug 22 17:04:27 MDT 2018
INFO	thread=13	[null] sending product to Socket[addr=localhost/127.0.0.1,port=11235,localport=59632]
There are 1 active/queued socket connections
INFO	thread=537	[test_receiver] accepted connection Socket[addr=/127.0.0.1,port=59632,localport=11235]
FINE	thread=13	[null] using protocol version v0.1
FINE	thread=537	[test_receiver] protocol version 'v0.1' Socket[addr=/127.0.0.1,port=59632,localport=11235]
FINE	thread=537	Product Received source=ci, type=internal-origin, code=ci09082344, updateTime=Wed Aug 22 17:04:27 MDT 2018
FINE	thread=537	[test_receiver] listener (test_listener) has 0 queued notifications
INFO	thread=537	[test_receiver] received product 'urn:usgs-product:ci:internal-origin:ci09082344:1534979067477'
 from Socket[addr=/127.0.0.1,port=59632,localport=11235]
INFO	thread=537	[test_receiver] closed connection Socket[addr=/127.0.0.1,port=59632,localport=11235]
INFO	thread=13	[null] send complete Socket[addr=localhost/127.0.0.1,port=11235,localport=59632] response="[test_receiver] received product 'urn:usgs-product:ci:internal-origin:ci09082344:1534979067477'
"
INFO	thread=13	Generated 1 products: 1 sent, 0 partially sent, 0 failed to send
listener received urn:usgs-product:ci:internal-origin:ci09082344:1534979067477
FINE	thread=13	Digest='5BmayK0MJNJs6xNIO4NN7BHE4pU=' , 0ms
[Fatal Error] :1:1: Content is not allowed in prolog.

###
Wed Aug 22 17:04:27 MDT 2018
FINE	thread=13	Digest='89yfWasDyW8N6lhQzAd1GQiDx/o=' , 1ms
FINE	thread=13	Product Created source=ci, type=origin, code=ci09082344, updateTime=Wed Aug 22 17:04:27 MDT 2018
INFO	thread=13	[null] sending product to Socket[addr=localhost/127.0.0.1,port=11235,localport=59633]
FINE	thread=13	[null] using protocol version v0.1
There are 1 active/queued socket connections
INFO	thread=545	[test_receiver] accepted connection Socket[addr=/127.0.0.1,port=59633,localport=11235]
FINE	thread=545	[test_receiver] protocol version 'v0.1' Socket[addr=/127.0.0.1,port=59633,localport=11235]
FINE	thread=545	Product Received source=ci, type=origin, code=ci09082344, updateTime=Wed Aug 22 17:04:27 MDT 2018
FINE	thread=545	[test_receiver] listener (test_listener) has 0 queued notifications
INFO	thread=545	[test_receiver] received product 'urn:usgs-product:ci:origin:ci09082344:1534979067521'
 from Socket[addr=/127.0.0.1,port=59633,localport=11235]
INFO	thread=545	[test_receiver] closed connection Socket[addr=/127.0.0.1,port=59633,localport=11235]
INFO	thread=13	[null] send complete Socket[addr=localhost/127.0.0.1,port=11235,localport=59633] response="[test_receiver] received product 'urn:usgs-product:ci:origin:ci09082344:1534979067521'
"
INFO	thread=13	Generated 1 products: 1 sent, 0 partially sent, 0 failed to send
listener received urn:usgs-product:ci:origin:ci09082344:1534979067521
FINE	thread=13	Digest='89yfWasDyW8N6lhQzAd1GQiDx/o=' , 1ms
]]></system-err>
</testsuite>
