<?xml version="1.0" encoding="UTF-8"?>
<testsuite name="gov.usgs.earthquake.eids.EIDSProductBuilderTest" tests="2" skipped="0" failures="0" errors="0" timestamp="2018-08-22T23:04:28" hostname="igskcicgltgm091.local" time="0.111">
  <properties/>
  <testcase name="testEQXMLEvent" classname="gov.usgs.earthquake.eids.EIDSProductBuilderTest" time="0.108"/>
  <testcase name="testEQXMLDelete" classname="gov.usgs.earthquake.eids.EIDSProductBuilderTest" time="0.002"/>
  <system-out><![CDATA[]]></system-out>
  <system-err><![CDATA[]]></system-err>
</testsuite>
