<?xml version="1.0" encoding="UTF-8"?>
<testsuite name="gov.usgs.earthquake.tectonicsummary.TectonicSummaryIndexerModuleTest" tests="5" skipped="0" failures="0" errors="0" timestamp="2018-08-22T23:04:46" hostname="igskcicgltgm091.local" time="0.034">
  <properties/>
  <testcase name="getUnsupportedProductLevel" classname="gov.usgs.earthquake.tectonicsummary.TectonicSummaryIndexerModuleTest" time="0.028"/>
  <testcase name="testTectonicSummaryWeightUnder" classname="gov.usgs.earthquake.tectonicsummary.TectonicSummaryIndexerModuleTest" time="0.001"/>
  <testcase name="testTectonicSummaryWeightOver" classname="gov.usgs.earthquake.tectonicsummary.TectonicSummaryIndexerModuleTest" time="0.0"/>
  <testcase name="getSupportedProductLevel" classname="gov.usgs.earthquake.tectonicsummary.TectonicSummaryIndexerModuleTest" time="0.002"/>
  <testcase name="getProductSummary" classname="gov.usgs.earthquake.tectonicsummary.TectonicSummaryIndexerModuleTest" time="0.003"/>
  <system-out><![CDATA[]]></system-out>
  <system-err><![CDATA[]]></system-err>
</testsuite>
