<?xml version="1.0" encoding="UTF-8"?>
<testsuite name="gov.usgs.earthquake.dyfi.DYFILegacyStorageTest" tests="4" skipped="0" failures="0" errors="0" timestamp="2018-08-22T23:04:27" hostname="igskcicgltgm091.local" time="0.118">
  <properties/>
  <testcase name="testGetPath" classname="gov.usgs.earthquake.dyfi.DYFILegacyStorageTest" time="0.026"/>
  <testcase name="testAddDuplicateProduct" classname="gov.usgs.earthquake.dyfi.DYFILegacyStorageTest" time="0.038"/>
  <testcase name="testGetFilePath" classname="gov.usgs.earthquake.dyfi.DYFILegacyStorageTest" time="0.0"/>
  <testcase name="testHasProduct" classname="gov.usgs.earthquake.dyfi.DYFILegacyStorageTest" time="0.05"/>
  <system-out><![CDATA[]]></system-out>
  <system-err><![CDATA[]]></system-err>
</testsuite>
