<?xml version="1.0" encoding="UTF-8"?>
<testsuite name="gov.usgs.earthquake.distribution.FileProductStorageTest" tests="7" skipped="0" failures="0" errors="0" timestamp="2018-08-22T23:03:53" hostname="igskcicgltgm091.local" time="0.218">
  <properties/>
  <testcase name="notifyListeners" classname="gov.usgs.earthquake.distribution.FileProductStorageTest" time="0.005"/>
  <testcase name="legacyStorageTest" classname="gov.usgs.earthquake.distribution.FileProductStorageTest" time="0.046"/>
  <testcase name="configureStore" classname="gov.usgs.earthquake.distribution.FileProductStorageTest" time="0.021"/>
  <testcase name="verifyProductSignature" classname="gov.usgs.earthquake.distribution.FileProductStorageTest" time="0.032"/>
  <testcase name="storeProduct" classname="gov.usgs.earthquake.distribution.FileProductStorageTest" time="0.053"/>
  <testcase name="removeProduct" classname="gov.usgs.earthquake.distribution.FileProductStorageTest" time="0.038"/>
  <testcase name="addDuplicateProduct" classname="gov.usgs.earthquake.distribution.FileProductStorageTest" time="0.018"/>
  <system-out><![CDATA[; test
directory=/Users/jmfee/test/storage
type=gov.usgs.earthquake.distribution.FileProductStorage
]]></system-out>
  <system-err><![CDATA[FINE	thread=13	Digest='QswwLJhaERRd8TJbnA5hv4zWUM4=' , 2ms
FINE	thread=13	Digest='bP+SRKPC0sDyO3lo7e4y/PN3KJM=' , 3ms
FINEST	thread=13	[legacy] acquiring write lock for product id=urn:usgs-product:us:shakemap:abcd1234:1534979033471
FINEST	thread=13	[legacy] acquired write lock for product id=urn:usgs-product:us:shakemap:abcd1234:1534979033471
FINEST	thread=13	[legacy] acquiring read lock for product id=urn:usgs-product:us:shakemap:abcd1234:1534979033471
FINEST	thread=13	[legacy] acquired read lock for product id=urn:usgs-product:us:shakemap:abcd1234:1534979033471
FINEST	thread=13	[legacy] releasing read lock for product id=urn:usgs-product:us:shakemap:abcd1234:1534979033471
FINEST	thread=13	[legacy] released read lock for product id=urn:usgs-product:us:shakemap:abcd1234:1534979033471
FINER	thread=13	[legacy] product stored id=urn:usgs-product:us:shakemap:abcd1234:1534979033471, status=UPDATE
FINEST	thread=13	[legacy] releasing write lock for product id=urn:usgs-product:us:shakemap:abcd1234:1534979033471
FINEST	thread=13	[legacy] released write lock for product id=urn:usgs-product:us:shakemap:abcd1234:1534979033471
FINEST	thread=13	[primary] acquiring read lock for product id=urn:usgs-product:us:shakemap:abcd1234:1534979033471
FINEST	thread=13	[primary] acquired read lock for product id=urn:usgs-product:us:shakemap:abcd1234:1534979033471
FINEST	thread=13	[legacy] acquiring read lock for product id=urn:usgs-product:us:shakemap:abcd1234:1534979033471
FINEST	thread=13	[legacy] acquired read lock for product id=urn:usgs-product:us:shakemap:abcd1234:1534979033471
FINEST	thread=13	[legacy] acquiring read lock for product id=urn:usgs-product:us:shakemap:abcd1234:1534979033471
FINEST	thread=13	[legacy] acquired read lock for product id=urn:usgs-product:us:shakemap:abcd1234:1534979033471
FINEST	thread=13	[legacy] releasing read lock for product id=urn:usgs-product:us:shakemap:abcd1234:1534979033471
FINEST	thread=13	[legacy] released read lock for product id=urn:usgs-product:us:shakemap:abcd1234:1534979033471
FINEST	thread=13	[legacy] releasing read lock for product id=urn:usgs-product:us:shakemap:abcd1234:1534979033471
FINEST	thread=13	[legacy] released read lock for product id=urn:usgs-product:us:shakemap:abcd1234:1534979033471
FINEST	thread=13	[primary] releasing read lock for product id=urn:usgs-product:us:shakemap:abcd1234:1534979033471
FINEST	thread=13	[primary] released read lock for product id=urn:usgs-product:us:shakemap:abcd1234:1534979033471
FINEST	thread=13	[primary] acquiring write lock for product id=urn:usgs-product:us:shakemap2:efgh5678:1534979033489
FINEST	thread=13	[primary] acquired write lock for product id=urn:usgs-product:us:shakemap2:efgh5678:1534979033489
FINEST	thread=13	[primary] acquiring read lock for product id=urn:usgs-product:us:shakemap2:efgh5678:1534979033489
FINEST	thread=13	[primary] acquired read lock for product id=urn:usgs-product:us:shakemap2:efgh5678:1534979033489
FINEST	thread=13	[legacy] acquiring read lock for product id=urn:usgs-product:us:shakemap2:efgh5678:1534979033489
FINEST	thread=13	[legacy] acquired read lock for product id=urn:usgs-product:us:shakemap2:efgh5678:1534979033489
FINEST	thread=13	[legacy] releasing read lock for product id=urn:usgs-product:us:shakemap2:efgh5678:1534979033489
FINEST	thread=13	[legacy] released read lock for product id=urn:usgs-product:us:shakemap2:efgh5678:1534979033489
FINEST	thread=13	[primary] releasing read lock for product id=urn:usgs-product:us:shakemap2:efgh5678:1534979033489
FINEST	thread=13	[primary] released read lock for product id=urn:usgs-product:us:shakemap2:efgh5678:1534979033489
FINER	thread=13	[primary] product stored id=urn:usgs-product:us:shakemap2:efgh5678:1534979033489, status=UPDATE
FINEST	thread=13	[primary] releasing write lock for product id=urn:usgs-product:us:shakemap2:efgh5678:1534979033489
FINEST	thread=13	[primary] released write lock for product id=urn:usgs-product:us:shakemap2:efgh5678:1534979033489
FINEST	thread=13	[legacy] acquiring read lock for product id=urn:usgs-product:us:shakemap2:efgh5678:1534979033489
FINEST	thread=13	[legacy] acquired read lock for product id=urn:usgs-product:us:shakemap2:efgh5678:1534979033489
FINEST	thread=13	[legacy] releasing read lock for product id=urn:usgs-product:us:shakemap2:efgh5678:1534979033489
FINEST	thread=13	[legacy] released read lock for product id=urn:usgs-product:us:shakemap2:efgh5678:1534979033489
FINEST	thread=13	[primary] acquiring write lock for product id=urn:usgs-product:us:shakemap:abcd1234:1534979033471
FINEST	thread=13	[primary] acquired write lock for product id=urn:usgs-product:us:shakemap:abcd1234:1534979033471
FINEST	thread=13	[legacy] acquiring write lock for product id=urn:usgs-product:us:shakemap:abcd1234:1534979033471
FINEST	thread=13	[legacy] acquired write lock for product id=urn:usgs-product:us:shakemap:abcd1234:1534979033471
FINER	thread=13	[legacy] product removed, id=urn:usgs-product:us:shakemap:abcd1234:1534979033471
FINEST	thread=13	[legacy] releasing write lock for product id=urn:usgs-product:us:shakemap:abcd1234:1534979033471
FINEST	thread=13	[legacy] released write lock for product id=urn:usgs-product:us:shakemap:abcd1234:1534979033471
FINEST	thread=13	[primary] releasing write lock for product id=urn:usgs-product:us:shakemap:abcd1234:1534979033471
FINEST	thread=13	[primary] released write lock for product id=urn:usgs-product:us:shakemap:abcd1234:1534979033471
FINEST	thread=13	[legacy] acquiring read lock for product id=urn:usgs-product:us:shakemap:abcd1234:1534979033471
FINEST	thread=13	[legacy] acquired read lock for product id=urn:usgs-product:us:shakemap:abcd1234:1534979033471
FINEST	thread=13	[legacy] releasing read lock for product id=urn:usgs-product:us:shakemap:abcd1234:1534979033471
FINEST	thread=13	[legacy] released read lock for product id=urn:usgs-product:us:shakemap:abcd1234:1534979033471
FINE	thread=13	Digest='U8TGNXCm5KLaPS9g+iDtmCPhYEM=' , 3ms
CONFIG	thread=13	[null] using storage directory /Users/jmfee/test/storage
FINEST	thread=13	[null] acquiring write lock for product id=urn:usgs-product:us:shakemap:abcd1234:1534979033518
FINEST	thread=13	[null] acquired write lock for product id=urn:usgs-product:us:shakemap:abcd1234:1534979033518
FINEST	thread=13	[null] acquiring read lock for product id=urn:usgs-product:us:shakemap:abcd1234:1534979033518
FINEST	thread=13	[null] acquired read lock for product id=urn:usgs-product:us:shakemap:abcd1234:1534979033518
FINEST	thread=13	[null] releasing read lock for product id=urn:usgs-product:us:shakemap:abcd1234:1534979033518
FINEST	thread=13	[null] released read lock for product id=urn:usgs-product:us:shakemap:abcd1234:1534979033518
FINER	thread=13	[null] product stored id=urn:usgs-product:us:shakemap:abcd1234:1534979033518, status=UPDATE
FINEST	thread=13	[null] releasing write lock for product id=urn:usgs-product:us:shakemap:abcd1234:1534979033518
FINEST	thread=13	[null] released write lock for product id=urn:usgs-product:us:shakemap:abcd1234:1534979033518
FINEST	thread=13	[null] acquiring read lock for product id=urn:usgs-product:us:shakemap:abcd1234:1534979033518
FINEST	thread=13	[null] acquired read lock for product id=urn:usgs-product:us:shakemap:abcd1234:1534979033518
FINEST	thread=13	[null] releasing read lock for product id=urn:usgs-product:us:shakemap:abcd1234:1534979033518
FINEST	thread=13	[null] released read lock for product id=urn:usgs-product:us:shakemap:abcd1234:1534979033518
FINE	thread=13	Digest='hCqsK2gLwIk+IjugfXVrI9oBLvo=' , 3ms
FINE	thread=13	Digest='hCqsK2gLwIk+IjugfXVrI9oBLvo=' , 2ms
INFO	thread=13	Signature=MCwCFHMX5ab9PUOPJqaImyT888QBZEuCAhQwOjiz5krv/4NiCOyD9lnqwK4HIA==
FINEST	thread=13	[null] acquiring write lock for product id=urn:usgs-product:us:shakemap:abcd1234:1534979033540
FINEST	thread=13	[null] acquired write lock for product id=urn:usgs-product:us:shakemap:abcd1234:1534979033540
FINEST	thread=13	[null] acquiring read lock for product id=urn:usgs-product:us:shakemap:abcd1234:1534979033540
FINEST	thread=13	[null] acquired read lock for product id=urn:usgs-product:us:shakemap:abcd1234:1534979033540
FINEST	thread=13	[null] releasing read lock for product id=urn:usgs-product:us:shakemap:abcd1234:1534979033540
FINEST	thread=13	[null] released read lock for product id=urn:usgs-product:us:shakemap:abcd1234:1534979033540
FINER	thread=13	[null] product stored id=urn:usgs-product:us:shakemap:abcd1234:1534979033540, status=UPDATE
FINEST	thread=13	[null] acquiring read lock for product id=urn:usgs-product:us:shakemap:abcd1234:1534979033540
FINEST	thread=13	[null] acquired read lock for product id=urn:usgs-product:us:shakemap:abcd1234:1534979033540
FINEST	thread=13	[null] releasing read lock for product id=urn:usgs-product:us:shakemap:abcd1234:1534979033540
FINEST	thread=13	[null] released read lock for product id=urn:usgs-product:us:shakemap:abcd1234:1534979033540
FINER	thread=13	[null] number of candidate keys=1
FINE	thread=13	Digest='hCqsK2gLwIk+IjugfXVrI9oBLvo=' , 2ms
FINE	thread=13	[null] signature verified=true, id=urn:usgs-product:us:shakemap:abcd1234:1534979033540
FINEST	thread=13	[null] releasing write lock for product id=urn:usgs-product:us:shakemap:abcd1234:1534979033540
FINEST	thread=13	[null] released write lock for product id=urn:usgs-product:us:shakemap:abcd1234:1534979033540
FINEST	thread=13	[null] acquiring write lock for product id=urn:usgs-product:us:shakemap2:efgh5678:1534979033545
FINEST	thread=13	[null] acquired write lock for product id=urn:usgs-product:us:shakemap2:efgh5678:1534979033545
FINEST	thread=13	[null] acquiring read lock for product id=urn:usgs-product:us:shakemap2:efgh5678:1534979033545
FINEST	thread=13	[null] acquired read lock for product id=urn:usgs-product:us:shakemap2:efgh5678:1534979033545
FINEST	thread=13	[null] releasing read lock for product id=urn:usgs-product:us:shakemap2:efgh5678:1534979033545
FINEST	thread=13	[null] released read lock for product id=urn:usgs-product:us:shakemap2:efgh5678:1534979033545
FINER	thread=13	[null] product stored id=urn:usgs-product:us:shakemap2:efgh5678:1534979033545, status=UPDATE
FINEST	thread=13	[null] acquiring read lock for product id=urn:usgs-product:us:shakemap2:efgh5678:1534979033545
FINEST	thread=13	[null] acquired read lock for product id=urn:usgs-product:us:shakemap2:efgh5678:1534979033545
FINEST	thread=13	[null] releasing read lock for product id=urn:usgs-product:us:shakemap2:efgh5678:1534979033545
FINEST	thread=13	[null] released read lock for product id=urn:usgs-product:us:shakemap2:efgh5678:1534979033545
FINER	thread=13	[null] number of candidate keys=1
FINE	thread=13	[null] signature verified=false, id=urn:usgs-product:us:shakemap2:efgh5678:1534979033545
FINEST	thread=13	[null] acquiring write lock for product id=urn:usgs-product:us:shakemap2:efgh5678:1534979033545
FINEST	thread=13	[null] acquired write lock for product id=urn:usgs-product:us:shakemap2:efgh5678:1534979033545
FINER	thread=13	[null] product removed, id=urn:usgs-product:us:shakemap2:efgh5678:1534979033545
FINEST	thread=13	[null] releasing write lock for product id=urn:usgs-product:us:shakemap2:efgh5678:1534979033545
FINEST	thread=13	[null] released write lock for product id=urn:usgs-product:us:shakemap2:efgh5678:1534979033545
WARNING	thread=13	[null] bad signature for id=urn:usgs-product:us:shakemap2:efgh5678:1534979033545, removing incomplete product
FINEST	thread=13	[null] acquiring write lock for product id=urn:usgs-product:us:shakemap2:efgh5678:1534979033545
FINEST	thread=13	[null] acquired write lock for product id=urn:usgs-product:us:shakemap2:efgh5678:1534979033545
FINEST	thread=13	[null] releasing write lock for product id=urn:usgs-product:us:shakemap2:efgh5678:1534979033545
FINEST	thread=13	[null] released write lock for product id=urn:usgs-product:us:shakemap2:efgh5678:1534979033545
FINEST	thread=13	[null] releasing write lock for product id=urn:usgs-product:us:shakemap2:efgh5678:1534979033545
FINEST	thread=13	[null] released write lock for product id=urn:usgs-product:us:shakemap2:efgh5678:1534979033545
FINE	thread=13	Digest='GyFMfR6WlY6bopZFQk+DO6lfhoc=' , 3ms
FINEST	thread=13	[null] acquiring read lock for product id=urn:usgs-product:us:shakemap:abcd1234:1534979033573
FINEST	thread=13	[null] acquired read lock for product id=urn:usgs-product:us:shakemap:abcd1234:1534979033573
FINEST	thread=13	[null] releasing read lock for product id=urn:usgs-product:us:shakemap:abcd1234:1534979033573
FINEST	thread=13	[null] released read lock for product id=urn:usgs-product:us:shakemap:abcd1234:1534979033573
FINEST	thread=13	[null] acquiring write lock for product id=urn:usgs-product:us:shakemap:abcd1234:1534979033573
FINEST	thread=13	[null] acquired write lock for product id=urn:usgs-product:us:shakemap:abcd1234:1534979033573
FINEST	thread=13	[null] acquiring read lock for product id=urn:usgs-product:us:shakemap:abcd1234:1534979033573
FINEST	thread=13	[null] acquired read lock for product id=urn:usgs-product:us:shakemap:abcd1234:1534979033573
FINEST	thread=13	[null] releasing read lock for product id=urn:usgs-product:us:shakemap:abcd1234:1534979033573
FINEST	thread=13	[null] released read lock for product id=urn:usgs-product:us:shakemap:abcd1234:1534979033573
FINER	thread=13	[null] product stored id=urn:usgs-product:us:shakemap:abcd1234:1534979033573, status=UPDATE
FINEST	thread=13	[null] releasing write lock for product id=urn:usgs-product:us:shakemap:abcd1234:1534979033573
FINEST	thread=13	[null] released write lock for product id=urn:usgs-product:us:shakemap:abcd1234:1534979033573
FINEST	thread=13	[null] acquiring read lock for product id=urn:usgs-product:us:shakemap:abcd1234:1534979033573
FINEST	thread=13	[null] acquired read lock for product id=urn:usgs-product:us:shakemap:abcd1234:1534979033573
FINEST	thread=13	[null] acquiring read lock for product id=urn:usgs-product:us:shakemap:abcd1234:1534979033573
FINEST	thread=13	[null] acquired read lock for product id=urn:usgs-product:us:shakemap:abcd1234:1534979033573
FINEST	thread=13	[null] releasing read lock for product id=urn:usgs-product:us:shakemap:abcd1234:1534979033573
FINEST	thread=13	[null] released read lock for product id=urn:usgs-product:us:shakemap:abcd1234:1534979033573
FINEST	thread=13	[null] releasing read lock for product id=urn:usgs-product:us:shakemap:abcd1234:1534979033573
FINEST	thread=13	[null] released read lock for product id=urn:usgs-product:us:shakemap:abcd1234:1534979033573
FINEST	thread=13	[null] acquiring read lock for product id=urn:usgs-product:us:shakemap:abcd1234:1534979033573
FINEST	thread=13	[null] acquired read lock for product id=urn:usgs-product:us:shakemap:abcd1234:1534979033573
FINEST	thread=13	[null] releasing read lock for product id=urn:usgs-product:us:shakemap:abcd1234:1534979033573
FINEST	thread=13	[null] released read lock for product id=urn:usgs-product:us:shakemap:abcd1234:1534979033573
FINE	thread=13	Digest='IVwII22xUMK8THc9BrxnzQdGfiA=' , 3ms
FINEST	thread=13	[null] acquiring read lock for product id=urn:usgs-product:us:shakemap:abcd1234:1534979033627
FINEST	thread=13	[null] acquired read lock for product id=urn:usgs-product:us:shakemap:abcd1234:1534979033627
FINEST	thread=13	[null] releasing read lock for product id=urn:usgs-product:us:shakemap:abcd1234:1534979033627
FINEST	thread=13	[null] released read lock for product id=urn:usgs-product:us:shakemap:abcd1234:1534979033627
FINEST	thread=13	[null] acquiring read lock for product id=urn:usgs-product:us:shakemap2:efgh5678:1534979033631
FINEST	thread=13	[null] acquired read lock for product id=urn:usgs-product:us:shakemap2:efgh5678:1534979033631
FINEST	thread=13	[null] releasing read lock for product id=urn:usgs-product:us:shakemap2:efgh5678:1534979033631
FINEST	thread=13	[null] released read lock for product id=urn:usgs-product:us:shakemap2:efgh5678:1534979033631
FINEST	thread=13	[null] acquiring write lock for product id=urn:usgs-product:us:shakemap:abcd1234:1534979033627
FINEST	thread=13	[null] acquired write lock for product id=urn:usgs-product:us:shakemap:abcd1234:1534979033627
FINEST	thread=13	[null] acquiring read lock for product id=urn:usgs-product:us:shakemap:abcd1234:1534979033627
FINEST	thread=13	[null] acquired read lock for product id=urn:usgs-product:us:shakemap:abcd1234:1534979033627
FINEST	thread=13	[null] releasing read lock for product id=urn:usgs-product:us:shakemap:abcd1234:1534979033627
FINEST	thread=13	[null] released read lock for product id=urn:usgs-product:us:shakemap:abcd1234:1534979033627
FINER	thread=13	[null] product stored id=urn:usgs-product:us:shakemap:abcd1234:1534979033627, status=UPDATE
FINEST	thread=13	[null] releasing write lock for product id=urn:usgs-product:us:shakemap:abcd1234:1534979033627
FINEST	thread=13	[null] released write lock for product id=urn:usgs-product:us:shakemap:abcd1234:1534979033627
FINEST	thread=13	[null] acquiring write lock for product id=urn:usgs-product:us:shakemap2:efgh5678:1534979033631
FINEST	thread=13	[null] acquired write lock for product id=urn:usgs-product:us:shakemap2:efgh5678:1534979033631
FINEST	thread=13	[null] acquiring read lock for product id=urn:usgs-product:us:shakemap2:efgh5678:1534979033631
FINEST	thread=13	[null] acquired read lock for product id=urn:usgs-product:us:shakemap2:efgh5678:1534979033631
FINEST	thread=13	[null] releasing read lock for product id=urn:usgs-product:us:shakemap2:efgh5678:1534979033631
FINEST	thread=13	[null] released read lock for product id=urn:usgs-product:us:shakemap2:efgh5678:1534979033631
FINER	thread=13	[null] product stored id=urn:usgs-product:us:shakemap2:efgh5678:1534979033631, status=UPDATE
FINEST	thread=13	[null] releasing write lock for product id=urn:usgs-product:us:shakemap2:efgh5678:1534979033631
FINEST	thread=13	[null] released write lock for product id=urn:usgs-product:us:shakemap2:efgh5678:1534979033631
FINEST	thread=13	[null] acquiring read lock for product id=urn:usgs-product:us:shakemap:abcd1234:1534979033627
FINEST	thread=13	[null] acquired read lock for product id=urn:usgs-product:us:shakemap:abcd1234:1534979033627
FINEST	thread=13	[null] acquiring read lock for product id=urn:usgs-product:us:shakemap:abcd1234:1534979033627
FINEST	thread=13	[null] acquired read lock for product id=urn:usgs-product:us:shakemap:abcd1234:1534979033627
FINEST	thread=13	[null] releasing read lock for product id=urn:usgs-product:us:shakemap:abcd1234:1534979033627
FINEST	thread=13	[null] released read lock for product id=urn:usgs-product:us:shakemap:abcd1234:1534979033627
FINEST	thread=13	[null] releasing read lock for product id=urn:usgs-product:us:shakemap:abcd1234:1534979033627
FINEST	thread=13	[null] released read lock for product id=urn:usgs-product:us:shakemap:abcd1234:1534979033627
FINEST	thread=13	[null] acquiring read lock for product id=urn:usgs-product:us:shakemap2:efgh5678:1534979033631
FINEST	thread=13	[null] acquired read lock for product id=urn:usgs-product:us:shakemap2:efgh5678:1534979033631
FINEST	thread=13	[null] acquiring read lock for product id=urn:usgs-product:us:shakemap2:efgh5678:1534979033631
FINEST	thread=13	[null] acquired read lock for product id=urn:usgs-product:us:shakemap2:efgh5678:1534979033631
FINEST	thread=13	[null] releasing read lock for product id=urn:usgs-product:us:shakemap2:efgh5678:1534979033631
FINEST	thread=13	[null] released read lock for product id=urn:usgs-product:us:shakemap2:efgh5678:1534979033631
FINEST	thread=13	[null] releasing read lock for product id=urn:usgs-product:us:shakemap2:efgh5678:1534979033631
FINEST	thread=13	[null] released read lock for product id=urn:usgs-product:us:shakemap2:efgh5678:1534979033631
FINEST	thread=13	[null] acquiring write lock for product id=urn:usgs-product:us:shakemap:abcd1234:1534979033627
FINEST	thread=13	[null] acquired write lock for product id=urn:usgs-product:us:shakemap:abcd1234:1534979033627
FINEST	thread=13	[null] acquiring read lock for product id=urn:usgs-product:us:shakemap:abcd1234:1534979033627
FINEST	thread=13	[null] acquired read lock for product id=urn:usgs-product:us:shakemap:abcd1234:1534979033627
FINEST	thread=13	[null] acquiring read lock for product id=urn:usgs-product:us:shakemap:abcd1234:1534979033627
FINEST	thread=13	[null] acquired read lock for product id=urn:usgs-product:us:shakemap:abcd1234:1534979033627
FINEST	thread=13	[null] releasing read lock for product id=urn:usgs-product:us:shakemap:abcd1234:1534979033627
FINEST	thread=13	[null] released read lock for product id=urn:usgs-product:us:shakemap:abcd1234:1534979033627
FINEST	thread=13	[null] releasing read lock for product id=urn:usgs-product:us:shakemap:abcd1234:1534979033627
FINEST	thread=13	[null] released read lock for product id=urn:usgs-product:us:shakemap:abcd1234:1534979033627
FINEST	thread=13	[null] releasing write lock for product id=urn:usgs-product:us:shakemap:abcd1234:1534979033627
FINEST	thread=13	[null] released write lock for product id=urn:usgs-product:us:shakemap:abcd1234:1534979033627
FINEST	thread=13	[null] acquiring write lock for product id=urn:usgs-product:us:shakemap:abcd1234:1534979033627
FINEST	thread=13	[null] acquired write lock for product id=urn:usgs-product:us:shakemap:abcd1234:1534979033627
FINER	thread=13	[null] product removed, id=urn:usgs-product:us:shakemap:abcd1234:1534979033627
FINEST	thread=13	[null] releasing write lock for product id=urn:usgs-product:us:shakemap:abcd1234:1534979033627
FINEST	thread=13	[null] released write lock for product id=urn:usgs-product:us:shakemap:abcd1234:1534979033627
FINEST	thread=13	[null] acquiring read lock for product id=urn:usgs-product:us:shakemap:abcd1234:1534979033627
FINEST	thread=13	[null] acquired read lock for product id=urn:usgs-product:us:shakemap:abcd1234:1534979033627
FINEST	thread=13	[null] releasing read lock for product id=urn:usgs-product:us:shakemap:abcd1234:1534979033627
FINEST	thread=13	[null] released read lock for product id=urn:usgs-product:us:shakemap:abcd1234:1534979033627
FINEST	thread=13	[null] acquiring read lock for product id=urn:usgs-product:us:shakemap2:efgh5678:1534979033631
FINEST	thread=13	[null] acquired read lock for product id=urn:usgs-product:us:shakemap2:efgh5678:1534979033631
FINEST	thread=13	[null] acquiring read lock for product id=urn:usgs-product:us:shakemap2:efgh5678:1534979033631
FINEST	thread=13	[null] acquired read lock for product id=urn:usgs-product:us:shakemap2:efgh5678:1534979033631
FINEST	thread=13	[null] releasing read lock for product id=urn:usgs-product:us:shakemap2:efgh5678:1534979033631
FINEST	thread=13	[null] released read lock for product id=urn:usgs-product:us:shakemap2:efgh5678:1534979033631
FINEST	thread=13	[null] releasing read lock for product id=urn:usgs-product:us:shakemap2:efgh5678:1534979033631
FINEST	thread=13	[null] released read lock for product id=urn:usgs-product:us:shakemap2:efgh5678:1534979033631
FINEST	thread=13	[null] acquiring write lock for product id=urn:usgs-product:us:shakemap2:efgh5678:1534979033631
FINEST	thread=13	[null] acquired write lock for product id=urn:usgs-product:us:shakemap2:efgh5678:1534979033631
FINER	thread=13	[null] product removed, id=urn:usgs-product:us:shakemap2:efgh5678:1534979033631
FINEST	thread=13	[null] releasing write lock for product id=urn:usgs-product:us:shakemap2:efgh5678:1534979033631
FINEST	thread=13	[null] released write lock for product id=urn:usgs-product:us:shakemap2:efgh5678:1534979033631
FINEST	thread=13	[null] acquiring read lock for product id=urn:usgs-product:us:shakemap:abcd1234:1534979033627
FINEST	thread=13	[null] acquired read lock for product id=urn:usgs-product:us:shakemap:abcd1234:1534979033627
FINEST	thread=13	[null] releasing read lock for product id=urn:usgs-product:us:shakemap:abcd1234:1534979033627
FINEST	thread=13	[null] released read lock for product id=urn:usgs-product:us:shakemap:abcd1234:1534979033627
FINEST	thread=13	[null] acquiring read lock for product id=urn:usgs-product:us:shakemap2:efgh5678:1534979033631
FINEST	thread=13	[null] acquired read lock for product id=urn:usgs-product:us:shakemap2:efgh5678:1534979033631
FINEST	thread=13	[null] releasing read lock for product id=urn:usgs-product:us:shakemap2:efgh5678:1534979033631
FINEST	thread=13	[null] released read lock for product id=urn:usgs-product:us:shakemap2:efgh5678:1534979033631
FINE	thread=13	Digest='nBkbGO+4fIrTtMC1xZq4br5+9TA=' , 5ms
FINEST	thread=13	[null] acquiring write lock for product id=urn:usgs-product:us:shakemap:abcd1234:1534979033666
FINEST	thread=13	[null] acquired write lock for product id=urn:usgs-product:us:shakemap:abcd1234:1534979033666
FINEST	thread=13	[null] acquiring read lock for product id=urn:usgs-product:us:shakemap:abcd1234:1534979033666
FINEST	thread=13	[null] acquired read lock for product id=urn:usgs-product:us:shakemap:abcd1234:1534979033666
FINEST	thread=13	[null] releasing read lock for product id=urn:usgs-product:us:shakemap:abcd1234:1534979033666
FINEST	thread=13	[null] released read lock for product id=urn:usgs-product:us:shakemap:abcd1234:1534979033666
FINER	thread=13	[null] product stored id=urn:usgs-product:us:shakemap:abcd1234:1534979033666, status=UPDATE
FINEST	thread=13	[null] releasing write lock for product id=urn:usgs-product:us:shakemap:abcd1234:1534979033666
FINEST	thread=13	[null] released write lock for product id=urn:usgs-product:us:shakemap:abcd1234:1534979033666
FINEST	thread=13	[null] acquiring write lock for product id=urn:usgs-product:us:shakemap:abcd1234:1534979033666
FINEST	thread=13	[null] acquired write lock for product id=urn:usgs-product:us:shakemap:abcd1234:1534979033666
FINEST	thread=13	[null] acquiring read lock for product id=urn:usgs-product:us:shakemap:abcd1234:1534979033666
FINEST	thread=13	[null] acquired read lock for product id=urn:usgs-product:us:shakemap:abcd1234:1534979033666
FINEST	thread=13	[null] acquiring read lock for product id=urn:usgs-product:us:shakemap:abcd1234:1534979033666
FINEST	thread=13	[null] acquired read lock for product id=urn:usgs-product:us:shakemap:abcd1234:1534979033666
FINEST	thread=13	[null] releasing read lock for product id=urn:usgs-product:us:shakemap:abcd1234:1534979033666
FINEST	thread=13	[null] released read lock for product id=urn:usgs-product:us:shakemap:abcd1234:1534979033666
FINEST	thread=13	[null] releasing read lock for product id=urn:usgs-product:us:shakemap:abcd1234:1534979033666
FINEST	thread=13	[null] released read lock for product id=urn:usgs-product:us:shakemap:abcd1234:1534979033666
FINEST	thread=13	[null] releasing write lock for product id=urn:usgs-product:us:shakemap:abcd1234:1534979033666
FINEST	thread=13	[null] released write lock for product id=urn:usgs-product:us:shakemap:abcd1234:1534979033666
]]></system-err>
</testsuite>
