<?xml version="1.0" encoding="UTF-8"?>
<testsuite name="gov.usgs.earthquake.distribution.JDBCNotificationIndexTest" tests="7" skipped="0" failures="0" errors="0" timestamp="2018-08-22T23:03:59" hostname="igskcicgltgm091.local" time="1.516">
  <properties/>
  <testcase name="testRemoveNotifications" classname="gov.usgs.earthquake.distribution.JDBCNotificationIndexTest" time="0.139"/>
  <testcase name="testFindNotificationsByData" classname="gov.usgs.earthquake.distribution.JDBCNotificationIndexTest" time="0.065"/>
  <testcase name="testAddNotifications" classname="gov.usgs.earthquake.distribution.JDBCNotificationIndexTest" time="0.061"/>
  <testcase name="testThreadSafety" classname="gov.usgs.earthquake.distribution.JDBCNotificationIndexTest" time="1.112"/>
  <testcase name="testFindNotificationsByDataLists" classname="gov.usgs.earthquake.distribution.JDBCNotificationIndexTest" time="0.072"/>
  <testcase name="testFindNotificationById" classname="gov.usgs.earthquake.distribution.JDBCNotificationIndexTest" time="0.031"/>
  <testcase name="testRemoveExpiredNotifications" classname="gov.usgs.earthquake.distribution.JDBCNotificationIndexTest" time="0.032"/>
  <system-out><![CDATA[]]></system-out>
  <system-err><![CDATA[CONFIG	thread=13	Notification index database is '/Users/jmfee/Documents/git/pdl/test-index.db'
CONFIG	thread=13	Notification index database is '/Users/jmfee/Documents/git/pdl/test-index.db'
CONFIG	thread=13	Notification index database is '/Users/jmfee/Documents/git/pdl/test-index.db'
Wed Aug 22 17:04:00 MDT 2018
CONFIG	thread=13	Notification index database is '/Users/jmfee/Documents/git/pdl/test-index.db'
FINER	thread=287	[null] running listener cleanup
Wed Aug 22 17:04:01 MDT 2018
CONFIG	thread=13	Notification index database is '/Users/jmfee/Documents/git/pdl/test-index.db'
CONFIG	thread=13	Notification index database is '/Users/jmfee/Documents/git/pdl/test-index.db'
CONFIG	thread=13	Notification index database is '/Users/jmfee/Documents/git/pdl/test-index.db'
]]></system-err>
</testsuite>
