<?xml version="1.0" encoding="UTF-8"?>
<testsuite name="gov.usgs.earthquake.momenttensor.MTIndexerModuleTest" tests="5" skipped="0" failures="0" errors="0" timestamp="2018-08-22T23:04:45" hostname="igskcicgltgm091.local" time="0.005">
  <properties/>
  <testcase name="neicMwcInNeicAuthoritativeRegion" classname="gov.usgs.earthquake.momenttensor.MTIndexerModuleTest" time="0.002"/>
  <testcase name="neicMwwInNeicAuthoritativeRegion" classname="gov.usgs.earthquake.momenttensor.MTIndexerModuleTest" time="0.0"/>
  <testcase name="neicMwbOutsideRange" classname="gov.usgs.earthquake.momenttensor.MTIndexerModuleTest" time="0.0"/>
  <testcase name="neicMwbInsideRange" classname="gov.usgs.earthquake.momenttensor.MTIndexerModuleTest" time="0.0"/>
  <testcase name="gcmtMwcInNeicAuthoritativeRegion" classname="gov.usgs.earthquake.momenttensor.MTIndexerModuleTest" time="0.001"/>
  <system-out><![CDATA[]]></system-out>
  <system-err><![CDATA[]]></system-err>
</testsuite>
