<?xml version="1.0" encoding="UTF-8"?>
<testsuite name="gov.usgs.earthquake.product.ProductIdTest" tests="2" skipped="0" failures="0" errors="0" timestamp="2018-08-22T23:04:46" hostname="igskcicgltgm091.local" time="0.001">
  <properties/>
  <testcase name="parseValidId" classname="gov.usgs.earthquake.product.ProductIdTest" time="0.0"/>
  <testcase name="parseInvalidIdThrowsException" classname="gov.usgs.earthquake.product.ProductIdTest" time="0.001"/>
  <system-out><![CDATA[]]></system-out>
  <system-err><![CDATA[]]></system-err>
</testsuite>
