<?xml version="1.0" encoding="UTF-8"?>
<testsuite name="gov.usgs.earthquake.util.RoundRobinQueueTest" tests="1" skipped="0" failures="0" errors="0" timestamp="2018-08-22T23:04:46" hostname="igskcicgltgm091.local" time="0.001">
  <properties/>
  <testcase name="testRoundRobin" classname="gov.usgs.earthquake.util.RoundRobinQueueTest" time="0.001"/>
  <system-out><![CDATA[]]></system-out>
  <system-err><![CDATA[]]></system-err>
</testsuite>
