<?xml version="1.0" encoding="UTF-8"?>
<testsuite name="gov.usgs.earthquake.indexer.IndexerSplitAfterDeleteWithoutIDTest" tests="1" skipped="0" failures="0" errors="0" timestamp="2018-08-22T23:04:36" hostname="igskcicgltgm091.local" time="0.131">
  <properties/>
  <testcase name="testSplitAfterDeleteWithoutID" classname="gov.usgs.earthquake.indexer.IndexerSplitAfterDeleteWithoutIDTest" time="0.131"/>
  <system-out><![CDATA[]]></system-out>
  <system-err><![CDATA[
###
Wed Aug 22 17:04:36 MDT 2018
INFO	thread=13	[null] indexed product id=urn:usgs-product:us:dyfi:at00maxjbo:1348617830165, status=UPDATE
EVENT_ADDED null => at00maxjbo
INFO	thread=13	[null] indexed product id=urn:usgs-product:us:dyfi:at00maxjbo:1348617988866, status=DELETE
EVENT_DELETED at00maxjbo => at00maxjbo
INFO	thread=13	[null] indexed product id=urn:usgs-product:us:dyfi:usc000cw0l:1348618020200, status=UPDATE
EVENT_UPDATED at00maxjbo => usc000cw0l
]]></system-err>
</testsuite>
