<?xml version="1.0" encoding="UTF-8"?>
<testsuite name="gov.usgs.earthquake.shakemap.GridXMLHandlerTest" tests="1" skipped="0" failures="0" errors="0" timestamp="2018-08-22T23:04:46" hostname="igskcicgltgm091.local" time="0.002">
  <properties/>
  <testcase name="testParseMethod" classname="gov.usgs.earthquake.shakemap.GridXMLHandlerTest" time="0.002"/>
  <system-out><![CDATA[]]></system-out>
  <system-err><![CDATA[]]></system-err>
</testsuite>
