<?xml version="1.0" encoding="UTF-8"?>
<testsuite name="gov.usgs.earthquake.dyfi.DYFIProductTest" tests="2" skipped="0" failures="0" errors="0" timestamp="2018-08-22T23:04:27" hostname="igskcicgltgm091.local" time="0.01">
  <properties/>
  <testcase name="testProperties" classname="gov.usgs.earthquake.dyfi.DYFIProductTest" time="0.005"/>
  <testcase name="testBadProduct" classname="gov.usgs.earthquake.dyfi.DYFIProductTest" time="0.004"/>
  <system-out><![CDATA[]]></system-out>
  <system-err><![CDATA[]]></system-err>
</testsuite>
