<?xml version="1.0" encoding="UTF-8"?>
<testsuite name="gov.usgs.earthquake.distribution.SocketProductSenderTest" tests="4" skipped="0" failures="0" errors="0" timestamp="2018-08-22T23:04:21" hostname="igskcicgltgm091.local" time="0.052">
  <properties/>
  <testcase name="testSendBinaryWithDeflate" classname="gov.usgs.earthquake.distribution.SocketProductSenderTest" time="0.007"/>
  <testcase name="testSendXmlNoDeflate" classname="gov.usgs.earthquake.distribution.SocketProductSenderTest" time="0.013"/>
  <testcase name="testSendXmlWithDeflate" classname="gov.usgs.earthquake.distribution.SocketProductSenderTest" time="0.016"/>
  <testcase name="testSendBinaryNoDeflate" classname="gov.usgs.earthquake.distribution.SocketProductSenderTest" time="0.011"/>
  <system-out><![CDATA[]]></system-out>
  <system-err><![CDATA[INFO	thread=509	[null] accepted connection Socket[addr=/127.0.0.1,port=59621,localport=1984]
INFO	thread=13	[null] sending product to Socket[addr=/127.0.0.1,port=1984,localport=59621]
INFO	thread=509	received product from Socket[addr=/127.0.0.1,port=59621,localport=1984]
INFO	thread=13	[null] send complete Socket[addr=/127.0.0.1,port=1984,localport=59621] response="received product"
INFO	thread=509	[null] closed connection Socket[addr=/127.0.0.1,port=59621,localport=1984]
INFO	thread=512	[null] accepted connection Socket[addr=/127.0.0.1,port=59622,localport=1984]
INFO	thread=13	[null] sending product to Socket[addr=/127.0.0.1,port=1984,localport=59622]
INFO	thread=512	received product from Socket[addr=/127.0.0.1,port=59622,localport=1984]
INFO	thread=512	[null] closed connection Socket[addr=/127.0.0.1,port=59622,localport=1984]
INFO	thread=13	[null] send complete Socket[addr=/127.0.0.1,port=1984,localport=59622] response="received product"
INFO	thread=515	[null] accepted connection Socket[addr=/127.0.0.1,port=59623,localport=1984]
INFO	thread=13	[null] sending product to Socket[addr=/127.0.0.1,port=1984,localport=59623]
INFO	thread=515	received product from Socket[addr=/127.0.0.1,port=59623,localport=1984]
INFO	thread=515	[null] closed connection Socket[addr=/127.0.0.1,port=59623,localport=1984]
INFO	thread=13	[null] send complete Socket[addr=/127.0.0.1,port=1984,localport=59623] response="received product"
INFO	thread=518	[null] accepted connection Socket[addr=/127.0.0.1,port=59624,localport=1984]
INFO	thread=13	[null] sending product to Socket[addr=/127.0.0.1,port=1984,localport=59624]
INFO	thread=518	received product from Socket[addr=/127.0.0.1,port=59624,localport=1984]
INFO	thread=518	[null] closed connection Socket[addr=/127.0.0.1,port=59624,localport=1984]
INFO	thread=13	[null] send complete Socket[addr=/127.0.0.1,port=1984,localport=59624] response="received product"
]]></system-err>
</testsuite>
