<?xml version="1.0" encoding="UTF-8"?>
<testsuite name="gov.usgs.earthquake.distribution.CLIProductBuilderTest" tests="2" skipped="0" failures="0" errors="0" timestamp="2018-08-22T23:03:38" hostname="igskcicgltgm091.local" time="0.128">
  <properties/>
  <testcase name="buildProduct" classname="gov.usgs.earthquake.distribution.CLIProductBuilderTest" time="0.118"/>
  <testcase name="buildIncompleteProduct" classname="gov.usgs.earthquake.distribution.CLIProductBuilderTest" time="0.01"/>
  <system-out><![CDATA[]]></system-out>
  <system-err><![CDATA[Aug 22, 2018 5:03:38 PM gov.usgs.earthquake.distribution.CLIProductBuilder buildProduct
INFO: Reading content on standard input
]]></system-err>
</testsuite>
