<?xml version="1.0" encoding="UTF-8"?>
<testsuite name="gov.usgs.earthquake.distribution.ExternalNotificationListenerTest" tests="3" skipped="0" failures="0" errors="0" timestamp="2018-08-22T23:03:53" hostname="igskcicgltgm091.local" time="0.019">
  <properties/>
  <testcase name="testIncludeFilter" classname="gov.usgs.earthquake.distribution.ExternalNotificationListenerTest" time="0.007"/>
  <testcase name="testSplitCommand" classname="gov.usgs.earthquake.distribution.ExternalNotificationListenerTest" time="0.002"/>
  <testcase name="testExcludeFilter" classname="gov.usgs.earthquake.distribution.ExternalNotificationListenerTest" time="0.0"/>
  <system-out><![CDATA[]]></system-out>
  <system-err><![CDATA[FINE	thread=13	Digest='u/SAY6/BAYJLGNHoIiYjI3L02e0=' , 2ms
FINER	thread=13	[null] product type 'shakemap2' not included
FINE	thread=13	Digest='8EK8XKLjLaDfYegWVjJAdsH82zE=' , 3ms
FINE	thread=13	Digest='nLVUHuDHlY/o4t5XP6fIM6DDDQ4=' , 3ms
FINER	thread=13	[null] product type 'shakemap' excluded
]]></system-err>
</testsuite>
