<?xml version="1.0" encoding="UTF-8"?>
<testsuite name="gov.usgs.earthquake.distribution.DefaultNotificationListenerTest" tests="1" skipped="0" failures="0" errors="0" timestamp="2018-08-22T23:03:42" hostname="igskcicgltgm091.local" time="0.079">
  <properties/>
  <testcase name="testDuplicateHandling" classname="gov.usgs.earthquake.distribution.DefaultNotificationListenerTest" time="0.079"/>
  <system-out><![CDATA[[listener] product processed source=us, type=shakemap, code=abcd1234, updateTime=Wed Aug 22 17:03:42 MDT 2018, testprop=testvalue
[listener] product processed source=us, type=shakemap, code=abcd1234, updateTime=Wed Aug 22 17:03:42 MDT 2018, testprop=testvalue
]]></system-out>
  <system-err><![CDATA[
###
Wed Aug 22 17:03:42 MDT 2018
FINER	thread=260	[listener] running listener cleanup
INFO	thread=13	[receiver] requeueing notification index 'null'
INFO	thread=13	Done finding existing notifications
INFO	thread=13	All notifications queued
FINE	thread=13	Digest='UR5Ij9uqO3rSJID5ctrUZFhhllI=' , 3ms
FINER	thread=13	[null] product stored id=urn:usgs-product:us:shakemap:abcd1234:1534979022276, status=UPDATE
FINE	thread=13	Notification Received source=us, type=shakemap, code=abcd1234, updateTime=Wed Aug 22 17:03:42 MDT 2018
FINE	thread=13	[receiver] listener (listener) has 0 queued notifications
FINER	thread=265	[listener] processing notification for id=urn:usgs-product:us:shakemap:abcd1234:1534979022276
FINER	thread=265	[listener] processing product for id=urn:usgs-product:us:shakemap:abcd1234:1534979022276
INFO	thread=265	[listener] product processed source=us, type=shakemap, code=abcd1234, updateTime=Wed Aug 22 17:03:42 MDT 2018, testprop=testvalue
FINE	thread=13	Notification Received source=us, type=shakemap, code=abcd1234, updateTime=Wed Aug 22 17:03:42 MDT 2018
FINE	thread=13	[receiver] listener (listener) has 1 queued notifications
FINER	thread=265	[listener] skipping existing product urn:usgs-product:us:shakemap:abcd1234:1534979022276
FINE	thread=13	Notification Received source=us, type=shakemap, code=abcd1234, updateTime=Wed Aug 22 17:03:42 MDT 2018
FINE	thread=13	[receiver] listener (listener) has 1 queued notifications
FINER	thread=265	[listener] processing notification for id=urn:usgs-product:us:shakemap:abcd1234:1534979022276
FINER	thread=265	[listener] processing product for id=urn:usgs-product:us:shakemap:abcd1234:1534979022276
INFO	thread=265	[listener] product processed source=us, type=shakemap, code=abcd1234, updateTime=Wed Aug 22 17:03:42 MDT 2018, testprop=testvalue
]]></system-err>
</testsuite>
