<?xml version="1.0" encoding="UTF-8"?>
<testsuite name="gov.usgs.earthquake.distribution.ProductKeyTest" tests="2" skipped="0" failures="0" errors="0" timestamp="2018-08-22T23:04:15" hostname="igskcicgltgm091.local" time="0.166">
  <properties/>
  <testcase name="testDsaKey" classname="gov.usgs.earthquake.distribution.ProductKeyTest" time="0.017"/>
  <testcase name="testRsaKey" classname="gov.usgs.earthquake.distribution.ProductKeyTest" time="0.148"/>
  <system-out><![CDATA[]]></system-out>
  <system-err><![CDATA[]]></system-err>
</testsuite>
