<?xml version="1.0" encoding="UTF-8"?>
<testsuite name="gov.usgs.util.CryptoUtilsTest" tests="7" skipped="0" failures="0" errors="0" timestamp="2018-08-22T23:04:46" hostname="igskcicgltgm091.local" time="0.326">
  <properties/>
  <testcase name="readRSAKeyPair" classname="gov.usgs.util.CryptoUtilsTest" time="0.08"/>
  <testcase name="generateDSAKeyPair" classname="gov.usgs.util.CryptoUtilsTest" time="0.003"/>
  <testcase name="readOpenSSHDSAKeyPair" classname="gov.usgs.util.CryptoUtilsTest" time="0.003"/>
  <testcase name="readDSAKeyPair" classname="gov.usgs.util.CryptoUtilsTest" time="0.001"/>
  <testcase name="generateRSAKeyPair" classname="gov.usgs.util.CryptoUtilsTest" time="0.163"/>
  <testcase name="generateAESKey" classname="gov.usgs.util.CryptoUtilsTest" time="0.02"/>
  <testcase name="readOpenSSHRSAKeyPair" classname="gov.usgs.util.CryptoUtilsTest" time="0.055"/>
  <system-out><![CDATA[]]></system-out>
  <system-err><![CDATA[]]></system-err>
</testsuite>
