<?xml version="1.0" encoding="UTF-8"?>
<testsuite name="gov.usgs.earthquake.distribution.EIDSProductSignatureTest" tests="1" skipped="0" failures="0" errors="0" timestamp="2018-08-22T23:03:52" hostname="igskcicgltgm091.local" time="0.84">
  <properties/>
  <testcase name="testSignedProduct" classname="gov.usgs.earthquake.distribution.EIDSProductSignatureTest" time="0.84"/>
  <system-out><![CDATA[]]></system-out>
  <system-err><![CDATA[
###
Wed Aug 22 17:03:52 MDT 2018
FINE	thread=13	Checking system property {0}
FINE	thread=13	  not found
FINE	thread=13	Checking system property {0}
FINE	thread=13	  not found
FINE	thread=13	Checking system property {0}
FINE	thread=13	  not found
FINE	thread=13	Searching META-INF/services
FINE	thread=13	Configured factorty class:{0}
FINE	thread=13	Property com.sun.xml.bind.XmlAccessorFactoryis not active.  Using JAXB's implementation
FINE	thread=13	Using optimized Accessor for {0}
FINE	thread=13	Using optimized Accessor for {0}
FINE	thread=13	Using optimized Accessor for {0}
FINE	thread=13	Using optimized Accessor for {0}
FINE	thread=13	Using optimized Accessor for {0}
FINE	thread=13	Using optimized Accessor for {0}
FINE	thread=13	Using optimized Accessor for {0}
Wed Aug 22 17:03:53 MDT 2018
FINE	thread=13	Using optimized Accessor for {0}
FINE	thread=13	Using optimized Accessor for {0}
FINE	thread=13	Using optimized Accessor for {0}
FINE	thread=13	Using optimized Accessor for {0}
FINE	thread=13	Using optimized Accessor for {0}
FINE	thread=13	Using optimized Accessor for {0}
FINE	thread=13	Using optimized Accessor for {0}
FINE	thread=13	Using optimized Accessor for {0}
FINE	thread=13	Using optimized Accessor for {0}
FINE	thread=13	Using optimized Accessor for {0}
FINE	thread=13	Using optimized Accessor for {0}
FINE	thread=13	Using optimized Accessor for {0}
FINE	thread=13	Using optimized Accessor for {0}
FINE	thread=13	Using optimized Accessor for {0}
FINE	thread=13	Using optimized Accessor for {0}
FINE	thread=13	Using optimized Accessor for {0}
FINE	thread=13	Using optimized Accessor for {0}
FINE	thread=13	Using optimized Accessor for {0}
FINE	thread=13	Using optimized Accessor for {0}
FINE	thread=13	Using optimized Accessor for {0}
FINE	thread=13	Using optimized Accessor for {0}
FINE	thread=13	Using optimized Accessor for {0}
FINE	thread=13	Using optimized Accessor for {0}
FINE	thread=13	Using optimized Accessor for {0}
FINE	thread=13	Using optimized Accessor for {0}
FINE	thread=13	Using optimized Accessor for {0}
FINE	thread=13	Using optimized Accessor for {0}
FINE	thread=13	Using optimized Accessor for {0}
FINE	thread=13	Using optimized Accessor for {0}
FINE	thread=13	Using optimized Accessor for {0}
FINE	thread=13	Using optimized Accessor for {0}
FINE	thread=13	Using optimized Accessor for {0}
FINE	thread=13	Using optimized Accessor for {0}
FINE	thread=13	Using optimized Accessor for {0}
FINE	thread=13	Using optimized Accessor for {0}
FINE	thread=13	Using optimized Accessor for {0}
FINE	thread=13	Using optimized Accessor for {0}
FINE	thread=13	Using optimized Accessor for {0}
FINE	thread=13	Using optimized Accessor for {0}
FINE	thread=13	Using optimized Accessor for {0}
FINE	thread=13	Using optimized Accessor for {0}
FINE	thread=13	Using optimized Accessor for {0}
FINE	thread=13	Using optimized Accessor for {0}
FINE	thread=13	Using optimized Accessor for {0}
FINE	thread=13	Using optimized Accessor for {0}
FINE	thread=13	Using optimized Accessor for {0}
FINE	thread=13	Using optimized Accessor for {0}
FINE	thread=13	Using optimized Accessor for {0}
FINE	thread=13	Using optimized Accessor for {0}
FINE	thread=13	Using optimized Accessor for {0}
FINE	thread=13	Using optimized Accessor for {0}
FINE	thread=13	Using optimized Accessor for {0}
FINE	thread=13	Using optimized Accessor for {0}
FINE	thread=13	Using optimized Accessor for {0}
FINE	thread=13	Using optimized Accessor for {0}
FINE	thread=13	Using optimized Accessor for {0}
FINE	thread=13	Using optimized Accessor for {0}
FINE	thread=13	Using optimized Accessor for {0}
FINE	thread=13	Using optimized Accessor for {0}
FINE	thread=13	Using optimized Accessor for {0}
FINE	thread=13	Using optimized Accessor for {0}
FINE	thread=13	Using optimized Accessor for {0}
FINE	thread=13	Using optimized Accessor for {0}
FINE	thread=13	Using optimized Accessor for {0}
FINE	thread=13	Using optimized Accessor for {0}
FINE	thread=13	Using optimized Accessor for {0}
FINE	thread=13	Using optimized Accessor for {0}
FINE	thread=13	Using optimized Accessor for {0}
FINE	thread=13	Using optimized Accessor for {0}
FINE	thread=13	Using optimized Accessor for {0}
FINE	thread=13	Using optimized Accessor for {0}
FINE	thread=13	Using optimized Accessor for {0}
FINE	thread=13	Using optimized Accessor for {0}
FINE	thread=13	Using optimized Accessor for {0}
FINE	thread=13	Using optimized Accessor for {0}
FINE	thread=13	Using optimized Accessor for {0}
FINE	thread=13	Using optimized Accessor for {0}
FINE	thread=13	Using optimized Accessor for {0}
FINE	thread=13	Using optimized Accessor for {0}
FINE	thread=13	Using optimized Accessor for {0}
FINE	thread=13	Using optimized Accessor for {0}
FINE	thread=13	Using optimized Accessor for {0}
FINE	thread=13	Using optimized Accessor for {0}
FINE	thread=13	Using optimized Accessor for {0}
FINE	thread=13	Using optimized Accessor for {0}
FINE	thread=13	Using optimized Accessor for {0}
FINE	thread=13	Using optimized Accessor for {0}
FINE	thread=13	Using optimized Accessor for {0}
FINE	thread=13	Using optimized Accessor for {0}
FINE	thread=13	Using optimized Accessor for {0}
FINE	thread=13	Using optimized Accessor for {0}
FINE	thread=13	Using optimized Accessor for {0}
FINE	thread=13	Using optimized Accessor for {0}
FINE	thread=13	Using optimized Accessor for {0}
FINE	thread=13	Using optimized Accessor for {0}
FINE	thread=13	Using optimized Accessor for {0}
FINE	thread=13	Using optimized Accessor for {0}
FINE	thread=13	Using optimized Accessor for {0}
FINE	thread=13	Using optimized Accessor for {0}
FINE	thread=13	Using optimized Accessor for {0}
FINE	thread=13	Using optimized Accessor for {0}
FINE	thread=13	Using optimized Accessor for {0}
FINE	thread=13	Using optimized Accessor for {0}
FINE	thread=13	Using optimized Accessor for {0}
FINE	thread=13	Using optimized Accessor for {0}
FINE	thread=13	Using optimized Accessor for {0}
FINE	thread=13	Using optimized Accessor for {0}
FINE	thread=13	Using optimized Accessor for {0}
FINE	thread=13	Using optimized Accessor for {0}
FINE	thread=13	Using optimized Accessor for {0}
FINE	thread=13	Using optimized Accessor for {0}
FINE	thread=13	Using optimized Accessor for {0}
FINE	thread=13	Using optimized Accessor for {0}
FINE	thread=13	Using optimized Accessor for {0}
FINE	thread=13	Using optimized Accessor for {0}
FINE	thread=13	Using optimized Accessor for {0}
FINE	thread=13	Using optimized Accessor for {0}
FINE	thread=13	Using optimized Accessor for {0}
FINE	thread=13	Using optimized Accessor for {0}
FINE	thread=13	Using optimized Accessor for {0}
FINE	thread=13	Using optimized Accessor for {0}
FINE	thread=13	Using optimized Accessor for {0}
FINE	thread=13	Using optimized Accessor for {0}
FINE	thread=13	Using optimized Accessor for {0}
FINE	thread=13	Using optimized Accessor for {0}
FINE	thread=13	Using optimized Accessor for {0}
FINE	thread=13	Using optimized Accessor for {0}
FINE	thread=13	Using optimized Accessor for {0}
FINE	thread=13	Using optimized Accessor for {0}
FINE	thread=13	Using optimized Accessor for {0}
FINE	thread=13	Using optimized Accessor for {0}
FINE	thread=13	Using optimized Accessor for {0}
FINE	thread=13	Using optimized Accessor for {0}
FINE	thread=13	Using optimized Accessor for {0}
FINE	thread=13	Using optimized Accessor for {0}
FINE	thread=13	Using optimized Accessor for {0}
FINE	thread=13	Using optimized Accessor for {0}
FINE	thread=13	Using optimized Accessor for {0}
FINE	thread=13	Using optimized Accessor for {0}
FINE	thread=13	Using optimized Accessor for {0}
FINE	thread=13	Using optimized Accessor for {0}
FINE	thread=13	Using optimized Accessor for {0}
FINE	thread=13	Using optimized Accessor for {0}
FINE	thread=13	Using optimized Accessor for {0}
FINE	thread=13	Using optimized Accessor for {0}
FINE	thread=13	Using optimized Accessor for {0}
FINE	thread=13	Using optimized Accessor for {0}
FINE	thread=13	Using optimized Accessor for {0}
FINE	thread=13	Using optimized Accessor for {0}
FINE	thread=13	Using optimized Accessor for {0}
FINE	thread=13	Using optimized Accessor for {0}
FINE	thread=13	Using optimized Accessor for {0}
FINE	thread=13	Using optimized Accessor for {0}
FINE	thread=13	Using optimized Accessor for {0}
FINE	thread=13	Using optimized Accessor for {0}
FINE	thread=13	Using optimized Accessor for {0}
FINE	thread=13	Using optimized Accessor for {0}
FINE	thread=13	Using optimized Accessor for {0}
FINE	thread=13	Using optimized Accessor for {0}
FINE	thread=13	Using optimized Accessor for {0}
FINE	thread=13	Using optimized Accessor for {0}
FINE	thread=13	Using optimized Accessor for {0}
FINE	thread=13	Using optimized Accessor for {0}
FINE	thread=13	Using optimized Accessor for {0}
FINE	thread=13	Using optimized Accessor for {0}
FINE	thread=13	Using optimized Accessor for {0}
FINE	thread=13	Using optimized Accessor for {0}
FINE	thread=13	Using optimized Accessor for {0}
FINE	thread=13	Using optimized Accessor for {0}
FINE	thread=13	Using optimized Accessor for {0}
FINE	thread=13	Using optimized Accessor for {0}
FINE	thread=13	Using optimized Accessor for {0}
FINE	thread=13	Using optimized Accessor for {0}
FINE	thread=13	Using optimized Accessor for {0}
FINE	thread=13	Using optimized Accessor for {0}
FINE	thread=13	Using optimized Accessor for {0}
FINE	thread=13	Using optimized Accessor for {0}
FINE	thread=13	Using optimized Accessor for {0}
FINE	thread=13	Using optimized Accessor for {0}
FINE	thread=13	Using optimized Accessor for {0}
FINE	thread=13	Using optimized Accessor for {0}
FINE	thread=13	Using optimized Accessor for {0}
FINE	thread=13	Using optimized Accessor for {0}
FINE	thread=13	Using optimized Accessor for {0}
FINE	thread=13	Using optimized Accessor for {0}
FINE	thread=13	Using optimized Accessor for {0}
FINE	thread=13	Using optimized Accessor for {0}
FINE	thread=13	Using optimized Accessor for {0}
FINE	thread=13	Using optimized Accessor for {0}
FINE	thread=13	Using optimized Accessor for {0}
FINE	thread=13	Using optimized Accessor for {0}
FINE	thread=13	Using optimized Accessor for {0}
FINE	thread=13	Using optimized Accessor for {0}
FINE	thread=13	Using optimized Accessor for {0}
FINE	thread=13	Using optimized Accessor for {0}
FINE	thread=13	Using optimized Accessor for {0}
FINE	thread=13	Using optimized Accessor for {0}
FINE	thread=13	Using optimized Accessor for {0}
FINE	thread=13	Using optimized Accessor for {0}
FINE	thread=13	Using optimized Accessor for {0}
FINE	thread=13	Using optimized Accessor for {0}
FINE	thread=13	Using optimized Accessor for {0}
FINE	thread=13	Using optimized Accessor for {0}
FINE	thread=13	Using optimized Accessor for {0}
FINE	thread=13	Using optimized Accessor for {0}
FINE	thread=13	Using optimized Accessor for {0}
FINER	thread=13	SAXConnector.startDocument
FINER	thread=13	SAXConnector.startPrefixMapping: {0}:{1}
FINER	thread=13	SAXConnector.startElement: {0}:{1}:{2}, attrs: {3}
FINEST	thread=13	State.push
FINEST	thread=13	SAXConnector.characters: {0}
FINER	thread=13	SAXConnector.startElement: {0}:{1}:{2}, attrs: {3}
FINEST	thread=13	State.push
FINEST	thread=13	SAXConnector.characters: {0}
FINER	thread=13	SAXConnector.startElement: {0}:{1}:{2}
FINEST	thread=13	State.pop
FINEST	thread=13	SAXConnector.characters: {0}
FINER	thread=13	SAXConnector.startElement: {0}:{1}:{2}, attrs: {3}
FINEST	thread=13	State.push
FINEST	thread=13	SAXConnector.characters: {0}
FINER	thread=13	SAXConnector.startElement: {0}:{1}:{2}
FINEST	thread=13	State.pop
FINEST	thread=13	SAXConnector.characters: {0}
FINER	thread=13	SAXConnector.startElement: {0}:{1}:{2}, attrs: {3}
FINEST	thread=13	State.push
FINEST	thread=13	SAXConnector.characters: {0}
FINER	thread=13	SAXConnector.startElement: {0}:{1}:{2}
FINEST	thread=13	State.pop
FINEST	thread=13	SAXConnector.characters: {0}
FINER	thread=13	SAXConnector.startElement: {0}:{1}:{2}, attrs: {3}
FINEST	thread=13	State.push
FINEST	thread=13	SAXConnector.characters: {0}
FINER	thread=13	SAXConnector.startElement: {0}:{1}:{2}, attrs: {3}
FINEST	thread=13	State.push
FINEST	thread=13	SAXConnector.characters: {0}
FINER	thread=13	SAXConnector.startElement: {0}:{1}:{2}
FINEST	thread=13	State.pop
FINEST	thread=13	SAXConnector.characters: {0}
FINER	thread=13	SAXConnector.startElement: {0}:{1}:{2}, attrs: {3}
FINEST	thread=13	State.push
FINEST	thread=13	SAXConnector.characters: {0}
FINER	thread=13	SAXConnector.startElement: {0}:{1}:{2}
FINEST	thread=13	State.pop
FINEST	thread=13	SAXConnector.characters: {0}
FINER	thread=13	SAXConnector.startElement: {0}:{1}:{2}, attrs: {3}
FINEST	thread=13	State.push
FINEST	thread=13	SAXConnector.characters: {0}
FINER	thread=13	SAXConnector.startElement: {0}:{1}:{2}
FINEST	thread=13	State.pop
FINEST	thread=13	SAXConnector.characters: {0}
FINER	thread=13	SAXConnector.startElement: {0}:{1}:{2}, attrs: {3}
FINEST	thread=13	State.push
FINEST	thread=13	SAXConnector.characters: {0}
FINER	thread=13	SAXConnector.startElement: {0}:{1}:{2}
FINEST	thread=13	State.pop
FINEST	thread=13	SAXConnector.characters: {0}
FINER	thread=13	SAXConnector.startElement: {0}:{1}:{2}, attrs: {3}
FINEST	thread=13	State.push
FINEST	thread=13	SAXConnector.characters: {0}
FINER	thread=13	SAXConnector.startElement: {0}:{1}:{2}
FINEST	thread=13	State.pop
FINEST	thread=13	SAXConnector.characters: {0}
FINER	thread=13	SAXConnector.startElement: {0}:{1}:{2}, attrs: {3}
FINEST	thread=13	State.push
FINEST	thread=13	SAXConnector.characters: {0}
FINER	thread=13	SAXConnector.startElement: {0}:{1}:{2}
FINEST	thread=13	State.pop
FINEST	thread=13	SAXConnector.characters: {0}
FINER	thread=13	SAXConnector.startElement: {0}:{1}:{2}, attrs: {3}
FINEST	thread=13	State.push
FINEST	thread=13	SAXConnector.characters: {0}
FINER	thread=13	SAXConnector.startElement: {0}:{1}:{2}
FINEST	thread=13	State.pop
FINEST	thread=13	SAXConnector.characters: {0}
FINER	thread=13	SAXConnector.startElement: {0}:{1}:{2}, attrs: {3}
FINEST	thread=13	State.push
FINEST	thread=13	SAXConnector.characters: {0}
FINER	thread=13	SAXConnector.startElement: {0}:{1}:{2}, attrs: {3}
FINEST	thread=13	State.push
FINEST	thread=13	SAXConnector.characters: {0}
FINER	thread=13	SAXConnector.startElement: {0}:{1}:{2}
FINEST	thread=13	State.pop
FINEST	thread=13	SAXConnector.characters: {0}
FINER	thread=13	SAXConnector.startElement: {0}:{1}:{2}, attrs: {3}
FINEST	thread=13	State.push
FINEST	thread=13	SAXConnector.characters: {0}
FINER	thread=13	SAXConnector.startElement: {0}:{1}:{2}
FINEST	thread=13	State.pop
FINEST	thread=13	SAXConnector.characters: {0}
FINER	thread=13	SAXConnector.startElement: {0}:{1}:{2}, attrs: {3}
FINEST	thread=13	State.push
FINEST	thread=13	SAXConnector.characters: {0}
FINER	thread=13	SAXConnector.startElement: {0}:{1}:{2}
FINEST	thread=13	State.pop
FINEST	thread=13	SAXConnector.characters: {0}
FINER	thread=13	SAXConnector.startElement: {0}:{1}:{2}, attrs: {3}
FINEST	thread=13	State.push
FINEST	thread=13	SAXConnector.characters: {0}
FINER	thread=13	SAXConnector.startElement: {0}:{1}:{2}
FINEST	thread=13	State.pop
FINEST	thread=13	SAXConnector.characters: {0}
FINER	thread=13	SAXConnector.startElement: {0}:{1}:{2}, attrs: {3}
FINEST	thread=13	State.push
FINEST	thread=13	SAXConnector.characters: {0}
FINER	thread=13	SAXConnector.startElement: {0}:{1}:{2}
FINEST	thread=13	State.pop
FINEST	thread=13	SAXConnector.characters: {0}
FINER	thread=13	SAXConnector.startElement: {0}:{1}:{2}, attrs: {3}
FINEST	thread=13	State.push
FINEST	thread=13	SAXConnector.characters: {0}
FINER	thread=13	SAXConnector.startElement: {0}:{1}:{2}
FINEST	thread=13	State.pop
FINEST	thread=13	SAXConnector.characters: {0}
FINER	thread=13	SAXConnector.startElement: {0}:{1}:{2}, attrs: {3}
FINEST	thread=13	State.push
FINEST	thread=13	SAXConnector.characters: {0}
FINER	thread=13	SAXConnector.startElement: {0}:{1}:{2}
FINEST	thread=13	State.pop
FINEST	thread=13	SAXConnector.characters: {0}
FINER	thread=13	SAXConnector.startElement: {0}:{1}:{2}, attrs: {3}
FINEST	thread=13	State.push
FINEST	thread=13	SAXConnector.characters: {0}
FINER	thread=13	SAXConnector.startElement: {0}:{1}:{2}
FINEST	thread=13	State.pop
FINEST	thread=13	SAXConnector.characters: {0}
FINER	thread=13	SAXConnector.startElement: {0}:{1}:{2}, attrs: {3}
FINEST	thread=13	State.push
FINEST	thread=13	SAXConnector.characters: {0}
FINER	thread=13	SAXConnector.startElement: {0}:{1}:{2}
FINEST	thread=13	State.pop
FINEST	thread=13	SAXConnector.characters: {0}
FINER	thread=13	SAXConnector.startElement: {0}:{1}:{2}, attrs: {3}
FINEST	thread=13	State.push
FINEST	thread=13	SAXConnector.characters: {0}
FINER	thread=13	SAXConnector.startElement: {0}:{1}:{2}
FINEST	thread=13	State.pop
FINEST	thread=13	SAXConnector.characters: {0}
FINER	thread=13	SAXConnector.startElement: {0}:{1}:{2}, attrs: {3}
FINEST	thread=13	State.push
FINEST	thread=13	SAXConnector.characters: {0}
FINER	thread=13	SAXConnector.startElement: {0}:{1}:{2}
FINEST	thread=13	State.pop
FINEST	thread=13	SAXConnector.characters: {0}
FINER	thread=13	SAXConnector.startElement: {0}:{1}:{2}, attrs: {3}
FINEST	thread=13	State.push
FINEST	thread=13	SAXConnector.characters: {0}
FINER	thread=13	SAXConnector.startElement: {0}:{1}:{2}
FINEST	thread=13	State.pop
FINEST	thread=13	SAXConnector.characters: {0}
FINER	thread=13	SAXConnector.startElement: {0}:{1}:{2}, attrs: {3}
FINEST	thread=13	State.push
FINEST	thread=13	SAXConnector.characters: {0}
FINER	thread=13	SAXConnector.startElement: {0}:{1}:{2}, attrs: {3}
FINEST	thread=13	State.push
FINEST	thread=13	SAXConnector.characters: {0}
FINER	thread=13	SAXConnector.startElement: {0}:{1}:{2}
FINEST	thread=13	State.pop
FINEST	thread=13	SAXConnector.characters: {0}
FINER	thread=13	SAXConnector.startElement: {0}:{1}:{2}, attrs: {3}
FINEST	thread=13	State.push
FINEST	thread=13	SAXConnector.characters: {0}
FINER	thread=13	SAXConnector.startElement: {0}:{1}:{2}
FINEST	thread=13	State.pop
FINEST	thread=13	SAXConnector.characters: {0}
FINER	thread=13	SAXConnector.startElement: {0}:{1}:{2}, attrs: {3}
FINEST	thread=13	State.push
FINEST	thread=13	SAXConnector.characters: {0}
FINER	thread=13	SAXConnector.startElement: {0}:{1}:{2}
FINEST	thread=13	State.pop
FINEST	thread=13	SAXConnector.characters: {0}
FINER	thread=13	SAXConnector.startElement: {0}:{1}:{2}, attrs: {3}
FINEST	thread=13	State.push
FINEST	thread=13	SAXConnector.characters: {0}
FINER	thread=13	SAXConnector.startElement: {0}:{1}:{2}
FINEST	thread=13	State.pop
FINEST	thread=13	SAXConnector.characters: {0}
FINER	thread=13	SAXConnector.startElement: {0}:{1}:{2}, attrs: {3}
FINEST	thread=13	State.push
FINEST	thread=13	SAXConnector.characters: {0}
FINER	thread=13	SAXConnector.startElement: {0}:{1}:{2}
FINEST	thread=13	State.pop
FINEST	thread=13	SAXConnector.characters: {0}
FINER	thread=13	SAXConnector.startElement: {0}:{1}:{2}, attrs: {3}
FINEST	thread=13	State.push
FINEST	thread=13	SAXConnector.characters: {0}
FINER	thread=13	SAXConnector.startElement: {0}:{1}:{2}, attrs: {3}
FINEST	thread=13	State.push
FINEST	thread=13	SAXConnector.characters: {0}
FINER	thread=13	SAXConnector.startElement: {0}:{1}:{2}
FINEST	thread=13	State.pop
FINEST	thread=13	SAXConnector.characters: {0}
FINER	thread=13	SAXConnector.startElement: {0}:{1}:{2}, attrs: {3}
FINEST	thread=13	State.push
FINEST	thread=13	SAXConnector.characters: {0}
FINER	thread=13	SAXConnector.startElement: {0}:{1}:{2}
FINEST	thread=13	State.pop
FINEST	thread=13	SAXConnector.characters: {0}
FINER	thread=13	SAXConnector.startElement: {0}:{1}:{2}
FINEST	thread=13	State.pop
FINEST	thread=13	SAXConnector.characters: {0}
FINER	thread=13	SAXConnector.startElement: {0}:{1}:{2}
FINEST	thread=13	State.pop
FINEST	thread=13	SAXConnector.characters: {0}
FINER	thread=13	SAXConnector.startElement: {0}:{1}:{2}, attrs: {3}
FINEST	thread=13	State.push
FINEST	thread=13	SAXConnector.characters: {0}
FINER	thread=13	SAXConnector.startElement: {0}:{1}:{2}, attrs: {3}
FINEST	thread=13	State.push
FINEST	thread=13	SAXConnector.characters: {0}
FINER	thread=13	SAXConnector.startElement: {0}:{1}:{2}
FINEST	thread=13	State.pop
FINEST	thread=13	SAXConnector.characters: {0}
FINER	thread=13	SAXConnector.startElement: {0}:{1}:{2}, attrs: {3}
FINEST	thread=13	State.push
FINEST	thread=13	SAXConnector.characters: {0}
FINER	thread=13	SAXConnector.startElement: {0}:{1}:{2}
FINEST	thread=13	State.pop
FINEST	thread=13	SAXConnector.characters: {0}
FINER	thread=13	SAXConnector.startElement: {0}:{1}:{2}, attrs: {3}
FINEST	thread=13	State.push
FINEST	thread=13	SAXConnector.characters: {0}
FINER	thread=13	SAXConnector.startElement: {0}:{1}:{2}, attrs: {3}
FINEST	thread=13	State.push
FINEST	thread=13	SAXConnector.characters: {0}
FINER	thread=13	SAXConnector.startElement: {0}:{1}:{2}
FINEST	thread=13	State.pop
FINEST	thread=13	SAXConnector.characters: {0}
FINER	thread=13	SAXConnector.startElement: {0}:{1}:{2}, attrs: {3}
FINEST	thread=13	State.push
FINEST	thread=13	SAXConnector.characters: {0}
FINER	thread=13	SAXConnector.startElement: {0}:{1}:{2}
FINEST	thread=13	State.pop
FINEST	thread=13	SAXConnector.characters: {0}
FINER	thread=13	SAXConnector.startElement: {0}:{1}:{2}
FINEST	thread=13	State.pop
FINEST	thread=13	SAXConnector.characters: {0}
FINER	thread=13	SAXConnector.startElement: {0}:{1}:{2}
FINEST	thread=13	State.pop
FINEST	thread=13	SAXConnector.characters: {0}
FINER	thread=13	SAXConnector.startElement: {0}:{1}:{2}
FINEST	thread=13	State.pop
FINEST	thread=13	SAXConnector.characters: {0}
FINER	thread=13	SAXConnector.startElement: {0}:{1}:{2}
FINEST	thread=13	State.pop
FINEST	thread=13	SAXConnector.characters: {0}
FINER	thread=13	SAXConnector.startElement: {0}:{1}:{2}
FINEST	thread=13	State.pop
FINER	thread=13	SAXConnector.endPrefixMapping: {0}
FINER	thread=13	SAXConnector.endDocument
FINE	thread=13	Digest='9fMaLqLSb7XaVcRWi3xufjYfMAs=' , 0ms
FINEST	thread=13	[null] acquiring write lock for product id=urn:usgs-product:nc:origin:nc71377396:1288828669344
FINEST	thread=13	[null] acquired write lock for product id=urn:usgs-product:nc:origin:nc71377396:1288828669344
FINEST	thread=13	[null] acquiring read lock for product id=urn:usgs-product:nc:origin:nc71377396:1288828669344
FINEST	thread=13	[null] acquired read lock for product id=urn:usgs-product:nc:origin:nc71377396:1288828669344
FINEST	thread=13	[null] releasing read lock for product id=urn:usgs-product:nc:origin:nc71377396:1288828669344
FINEST	thread=13	[null] released read lock for product id=urn:usgs-product:nc:origin:nc71377396:1288828669344
FINER	thread=13	[null] product stored id=urn:usgs-product:nc:origin:nc71377396:1288828669344, status=UPDATE
FINEST	thread=13	[null] acquiring read lock for product id=urn:usgs-product:nc:origin:nc71377396:1288828669344
FINEST	thread=13	[null] acquired read lock for product id=urn:usgs-product:nc:origin:nc71377396:1288828669344
FINEST	thread=13	[null] releasing read lock for product id=urn:usgs-product:nc:origin:nc71377396:1288828669344
FINEST	thread=13	[null] released read lock for product id=urn:usgs-product:nc:origin:nc71377396:1288828669344
FINER	thread=13	[null] number of candidate keys=1
FINE	thread=13	Digest='9fMaLqLSb7XaVcRWi3xufjYfMAs=' , 1ms
FINE	thread=13	[null] signature verified=true, id=urn:usgs-product:nc:origin:nc71377396:1288828669344
FINEST	thread=13	[null] releasing write lock for product id=urn:usgs-product:nc:origin:nc71377396:1288828669344
FINEST	thread=13	[null] released write lock for product id=urn:usgs-product:nc:origin:nc71377396:1288828669344
FINEST	thread=13	[null] acquiring read lock for product id=urn:usgs-product:nc:origin:nc71377396:1288828669344
FINEST	thread=13	[null] acquired read lock for product id=urn:usgs-product:nc:origin:nc71377396:1288828669344
FINEST	thread=13	[null] acquiring read lock for product id=urn:usgs-product:nc:origin:nc71377396:1288828669344
FINEST	thread=13	[null] acquired read lock for product id=urn:usgs-product:nc:origin:nc71377396:1288828669344
FINEST	thread=13	[null] releasing read lock for product id=urn:usgs-product:nc:origin:nc71377396:1288828669344
FINEST	thread=13	[null] released read lock for product id=urn:usgs-product:nc:origin:nc71377396:1288828669344
FINEST	thread=13	[null] releasing read lock for product id=urn:usgs-product:nc:origin:nc71377396:1288828669344
FINEST	thread=13	[null] released read lock for product id=urn:usgs-product:nc:origin:nc71377396:1288828669344
FINEST	thread=13	[null] acquiring read lock for product id=urn:usgs-product:nc:origin:nc71377396:1288828669344
FINEST	thread=13	[null] acquired read lock for product id=urn:usgs-product:nc:origin:nc71377396:1288828669344
FINEST	thread=13	[null] releasing read lock for product id=urn:usgs-product:nc:origin:nc71377396:1288828669344
FINEST	thread=13	[null] released read lock for product id=urn:usgs-product:nc:origin:nc71377396:1288828669344
]]></system-err>
</testsuite>
