<?xml version="1.0" encoding="UTF-8"?>
<testsuite name="gov.usgs.earthquake.distribution.ConcurrentStorageTest" tests="2" skipped="0" failures="0" errors="0" timestamp="2018-08-22T23:03:40" hostname="igskcicgltgm091.local" time="2.083">
  <properties/>
  <testcase name="shakemapSocketFirst" classname="gov.usgs.earthquake.distribution.ConcurrentStorageTest" time="1.5"/>
  <testcase name="shakemapNotificationFirst" classname="gov.usgs.earthquake.distribution.ConcurrentStorageTest" time="0.583"/>
  <system-out><![CDATA[]]></system-out>
  <system-err><![CDATA[
###
Wed Aug 22 17:03:40 MDT 2018
INFO	thread=88	[null] sending product to Socket[addr=localhost/127.0.0.1,port=11235,localport=59598]
INFO	thread=89	[null] accepted connection Socket[addr=/127.0.0.1,port=59598,localport=11235]
There are 1 active/queued socket connections
Wed Aug 22 17:03:41 MDT 2018
INFO	thread=89	[null] received product 'urn:usgs-product:us:shakemap:usa00040xz:1287260900624'
 from Socket[addr=/127.0.0.1,port=59598,localport=11235]
INFO	thread=88	[null] send complete Socket[addr=localhost/127.0.0.1,port=11235,localport=59598] response="[null] received product 'urn:usgs-product:us:shakemap:usa00040xz:1287260900624'
"
java.net.SocketException: Socket closed
	at java.base/java.net.PlainSocketImpl.socketAccept(Native Method)
	at java.base/java.net.AbstractPlainSocketImpl.accept(AbstractPlainSocketImpl.java:459)
	at java.base/java.net.ServerSocket.implAccept(ServerSocket.java:551)
	at java.base/java.net.ServerSocket.accept(ServerSocket.java:519)
	at gov.usgs.earthquake.distribution.ConcurrentStorageTest$ProductWebServer.run(ConcurrentStorageTest.java:324)
INFO	thread=89	[null] closed connection Socket[addr=/127.0.0.1,port=59598,localport=11235]

There are 1 active/queued socket connections
###
Wed Aug 22 17:03:42 MDT 2018
INFO	thread=203	[null] sending product to Socket[addr=localhost/127.0.0.1,port=11235,localport=59601]
INFO	thread=206	[null] accepted connection Socket[addr=/127.0.0.1,port=59601,localport=11235]
INFO	thread=206	[null] received product 'urn:usgs-product:us:shakemap:usa00040xz:1287260900624'
 from Socket[addr=/127.0.0.1,port=59601,localport=11235]
INFO	thread=203	[null] send complete Socket[addr=localhost/127.0.0.1,port=11235,localport=59601] response="[null] received product 'urn:usgs-product:us:shakemap:usa00040xz:1287260900624'
"
INFO	thread=206	[null] closed connection Socket[addr=/127.0.0.1,port=59601,localport=11235]
java.net.SocketException: Broken pipe (Write failed)
	at java.base/java.net.SocketOutputStream.socketWrite0(Native Method)
	at java.base/java.net.SocketOutputStream.socketWrite(SocketOutputStream.java:111)
	at java.base/java.net.SocketOutputStream.write(SocketOutputStream.java:143)
	at gov.usgs.earthquake.distribution.ConcurrentStorageTest$ProductWebServer.run(ConcurrentStorageTest.java:334)
]]></system-err>
</testsuite>
