<?xml version="1.0" encoding="UTF-8"?>
<testsuite name="gov.usgs.earthquake.indexer.IndexerTest" tests="18" skipped="0" failures="0" errors="0" timestamp="2018-08-22T23:04:36" hostname="igskcicgltgm091.local" time="8.524">
  <properties/>
  <testcase name="testPersistentTrump" classname="gov.usgs.earthquake.indexer.IndexerTest" time="0.534"/>
  <testcase name="onProductNewTest" classname="gov.usgs.earthquake.indexer.IndexerTest" time="0.147"/>
  <testcase name="testTrump" classname="gov.usgs.earthquake.indexer.IndexerTest" time="0.328"/>
  <testcase name="getModuleTest" classname="gov.usgs.earthquake.indexer.IndexerTest" time="0.039"/>
  <testcase name="onProductUnassociatedTest" classname="gov.usgs.earthquake.indexer.IndexerTest" time="0.15"/>
  <testcase name="mergeEventsFromSameSourceUsingAssociate" classname="gov.usgs.earthquake.indexer.IndexerTest" time="0.275"/>
  <testcase name="mergeEventsFromSameSourceByDeletingSecondCodeFromSameSource" classname="gov.usgs.earthquake.indexer.IndexerTest" time="0.284"/>
  <testcase name="indexCleanupThreadTest" classname="gov.usgs.earthquake.indexer.IndexerTest" time="2.534"/>
  <testcase name="eventArchiveIssue" classname="gov.usgs.earthquake.indexer.IndexerTest" time="2.225"/>
  <testcase name="mergeLocationsUsingAssociate" classname="gov.usgs.earthquake.indexer.IndexerTest" time="0.193"/>
  <testcase name="onProductMergeTest1" classname="gov.usgs.earthquake.indexer.IndexerTest" time="0.199"/>
  <testcase name="onProductMergeTest2" classname="gov.usgs.earthquake.indexer.IndexerTest" time="0.124"/>
  <testcase name="onProductUpdatedTest" classname="gov.usgs.earthquake.indexer.IndexerTest" time="0.14"/>
  <testcase name="testDelete" classname="gov.usgs.earthquake.indexer.IndexerTest" time="0.131"/>
  <testcase name="onProductSplitTest1" classname="gov.usgs.earthquake.indexer.IndexerTest" time="0.194"/>
  <testcase name="onProductSplitTest2" classname="gov.usgs.earthquake.indexer.IndexerTest" time="0.184"/>
  <testcase name="onProductSplitTest3" classname="gov.usgs.earthquake.indexer.IndexerTest" time="0.259"/>
  <testcase name="archivePolicySupersededProductTest" classname="gov.usgs.earthquake.indexer.IndexerTest" time="0.574"/>
  <system-out><![CDATA[IndexerEvent
     EVENT_ADDED :: null --> usone
IndexerEvent
     EVENT_UPDATED :: usone --> ciuno
IndexerEvent
     EVENT_UPDATED :: usone --> usone
IndexerEvent
     EVENT_UPDATED :: usone --> usone
IndexerEvent
     EVENT_UPDATED :: usone --> ciuno
IndexerEvent
     EVENT_UPDATED :: usone --> usone
IndexerEvent
     EVENT_UPDATED :: usone --> ciuno
IndexerEvent
     EVENT_ADDED :: null --> usabcd1234
IndexerEvent
     EVENT_UPDATED :: usabcd1234 --> usabcd1234
IndexerEvent
     EVENT_ADDED :: null --> usone
IndexerEvent
     EVENT_UPDATED :: usone --> scuno
IndexerEvent
     EVENT_UPDATED :: scuno --> usone
IndexerEvent
     EVENT_UPDATED :: usone --> scuno
IndexerEvent
     PRODUCT_ADDED :: null --> null
IndexerEvent
     EVENT_ADDED :: null --> ustestproduct-one
IndexerEvent
     EVENT_ADDED :: null --> ustestproduct-two
IndexerEvent
     EVENT_MERGED :: ustestproduct-one --> null
     EVENT_UPDATED :: ustestproduct-two --> ustestproduct-two
IndexerEvent
     EVENT_ADDED :: null --> usevent1
IndexerEvent
     EVENT_ADDED :: null --> usevent2
IndexerEvent
     EVENT_UPDATED :: usevent2 --> notusotherevent
IndexerEvent
     EVENT_MERGED :: usevent1 --> null
     EVENT_UPDATED :: notusotherevent --> notusotherevent
IndexerEvent
     EVENT_ADDED :: null --> usabcd1234
IndexerEvent
     EVENT_ARCHIVED :: usabcd1234 --> null
IndexerEvent
     EVENT_ADDED :: null --> nc71932931
IndexerEvent
     EVENT_UPDATED :: nc71932931 --> nc71932931
IndexerEvent
     EVENT_UPDATED :: nc71932931 --> nc71932931
IndexerEvent
     EVENT_ADDED :: null --> notustestproduct-one
IndexerEvent
     EVENT_ADDED :: null --> ustestproduct-two
IndexerEvent
     EVENT_MERGED :: notustestproduct-one --> null
     EVENT_UPDATED :: ustestproduct-two --> ustestproduct-two
IndexerEvent
     EVENT_ADDED :: null --> notustestproduct-one
IndexerEvent
     EVENT_ADDED :: null --> ustestproduct-two
IndexerEvent
     EVENT_MERGED :: notustestproduct-one --> null
     EVENT_UPDATED :: ustestproduct-two --> ustestproduct-two
IndexerEvent
     PRODUCT_ADDED :: null --> null
IndexerEvent
     EVENT_ADDED :: null --> ustestproduct-one
IndexerEvent
     EVENT_ADDED :: null --> usabcd1234
IndexerEvent
     EVENT_UPDATED :: usabcd1234 --> usabcd1234
IndexerEvent
     EVENT_ADDED :: null --> usone
IndexerEvent
     EVENT_DELETED :: usone --> usone
IndexerEvent
     EVENT_ADDED :: null --> usone
IndexerEvent
     EVENT_UPDATED :: usone --> ncuno
IndexerEvent
     EVENT_UPDATED :: ncuno --> ncuno
     EVENT_SPLIT :: null --> usone
IndexerEvent
     EVENT_ADDED :: null --> usone
IndexerEvent
     EVENT_UPDATED :: usone --> ncuno
IndexerEvent
     EVENT_UPDATED :: ncuno --> ncuno
     EVENT_SPLIT :: null --> usone
IndexerEvent
     EVENT_ADDED :: null --> usone
IndexerEvent
     EVENT_UPDATED :: usone --> usone
IndexerEvent
     EVENT_UPDATED :: usone --> usone
IndexerEvent
     EVENT_UPDATED :: usone --> usone
     EVENT_SPLIT :: null --> ciein
     EVENT_SPLIT :: null --> ncuno
IndexerEvent
     EVENT_ADDED :: null --> usabcd1234
IndexerEvent
     EVENT_UPDATED :: usabcd1234 --> usabcd1234
IndexerEvent
     EVENT_UPDATED :: usabcd1234 --> usabcd1234
IndexerEvent
     EVENT_ARCHIVED :: usabcd1234 --> null
]]></system-out>
  <system-err><![CDATA[INFO	thread=763	Archiving disabled

###
Wed Aug 22 17:04:36 MDT 2018
FINEST	thread=13	[null] storing product id=urn:usgs-product:us:testproduct:one:1534979076817
FINEST	thread=13	[null] acquiring write lock for product id=urn:usgs-product:us:testproduct:one:1534979076817
FINEST	thread=13	[null] acquired write lock for product id=urn:usgs-product:us:testproduct:one:1534979076817
FINEST	thread=13	[null] acquiring read lock for product id=urn:usgs-product:us:testproduct:one:1534979076817
FINEST	thread=13	[null] acquired read lock for product id=urn:usgs-product:us:testproduct:one:1534979076817
FINEST	thread=13	[null] releasing read lock for product id=urn:usgs-product:us:testproduct:one:1534979076817
FINEST	thread=13	[null] released read lock for product id=urn:usgs-product:us:testproduct:one:1534979076817
FINER	thread=13	[null] product stored id=urn:usgs-product:us:testproduct:one:1534979076817, status=UPDATE
FINEST	thread=13	[null] releasing write lock for product id=urn:usgs-product:us:testproduct:one:1534979076817
FINEST	thread=13	[null] released write lock for product id=urn:usgs-product:us:testproduct:one:1534979076817
FINEST	thread=13	[null] stored product id=urn:usgs-product:us:testproduct:one:1534979076817
FINER	thread=13	[null] summarizing product id=urn:usgs-product:us:testproduct:one:1534979076817
FINEST	thread=13	[null] beginning index transaction
FINER	thread=13	[null] finding previous version
FINEST	thread=13	[null] running query 
SELECT DISTINCT id FROM productSummary p WHERE p.id IS NOT NULL AND p.id = (SELECT id FROM productSummary ps WHERE ps.source='us' AND ps.type='testproduct' AND ps.code='one' AND ps.status <> 'DELETE' ORDER BY ps.updateTime DESC LIMIT 1) AND source='us' AND type='testproduct' AND code='one'
FINEST	thread=13	[null] query complete
FINER	thread=13	[null] finding previous event
FINEST	thread=13	Product Index Query
eventSearchType=SEARCH_EVENT_PRODUCTS
resultType=RESULT_TYPE_ALL
eventSource=us
eventSourceCode=one
FINEST	thread=13	Product Index Query
eventSearchType=SEARCH_EVENT_PREFERRED
resultType=RESULT_TYPE_ALL
minEventTime=Wed Aug 22 17:04:20 MDT 2018
maxEventTime=Wed Aug 22 17:04:52 MDT 2018
minEventLatitude=34.10007199424046075986183268469176255166530609130859375
maxEventLatitude=35.89992800575953924013816731530823744833469390869140625
minEventLongitude=-119.098609241146021986423875205218791961669921875
maxEventLongitude=-116.901390758853978013576124794781208038330078125
FINER	thread=13	[null] adding summary to index
FINEST	thread=13	[null] Added property eventsourcecode:one for product 1
FINEST	thread=13	[null] Added property eventtime:2018-08-22T23:04:36.817Z for product 1
FINEST	thread=13	[null] Added property eventsource:us for product 1
FINEST	thread=13	[null] Added property latitude:35 for product 1
FINEST	thread=13	[null] Added property longitude:-118 for product 1
FINEST	thread=13	[null] Added productSummary urn:usgs-product:us:testproduct:one:1534979076817, indexid=1 to product index
FINEST	thread=13	Added event id=1
FINEST	thread=13	[null] Added event to Product Index
FINER	thread=13	[null] Added associations event id=1, productSummary source=us, type=testproduct, code=one (id=1)
FINER	thread=13	[null] created event indexid=1
FINE	thread=13	Eventindexid=1, eventid=usone, latitude=35, longitude=-118, time=Wed Aug 22 17:04:36 MDT 2018, deleted=false
FINER	thread=13	Products in event
	status=UPDATE, id=urn:usgs-product:us:testproduct:one:1534979076817, eventid=usone, latitude=35, longitude=-118, time=Wed Aug 22 17:04:36 MDT 2018
FINER	thread=13	[null] checking for event merges
FINER	thread=13	[null] searching for unassociated products
FINER	thread=13	[null] search for unassociated products complete
FINER	thread=13	[null] updating event summary parameters
FINER	thread=13	[null] Updating event indexid=1
FINE	thread=13	Eventindexid=1, eventid=usone, latitude=35, longitude=-118, time=Wed Aug 22 17:04:36 MDT 2018, deleted=false
FINER	thread=13	Products in event
	status=UPDATE, id=urn:usgs-product:us:testproduct:one:1534979076817, eventid=usone, latitude=35, longitude=-118, time=Wed Aug 22 17:04:36 MDT 2018
FINEST	thread=13	[null] Updated event properties in Product Index
FINER	thread=13	[null] committing transaction
FINE	thread=13	[null] notifying listeners
INFO	thread=13	[null] indexed product id=urn:usgs-product:us:testproduct:one:1534979076817, status=UPDATE
EVENT_ADDED null => usone
FINEST	thread=765	[null] acquiring read lock for product id=urn:usgs-product:us:testproduct:one:1534979076817
FINEST	thread=767	[null] acquiring read lock for product id=urn:usgs-product:us:testproduct:one:1534979076817
FINEST	thread=765	[null] acquired read lock for product id=urn:usgs-product:us:testproduct:one:1534979076817
FINEST	thread=765	[null] releasing read lock for product id=urn:usgs-product:us:testproduct:one:1534979076817
FINEST	thread=767	[null] acquired read lock for product id=urn:usgs-product:us:testproduct:one:1534979076817
FINEST	thread=765	[null] released read lock for product id=urn:usgs-product:us:testproduct:one:1534979076817
FINEST	thread=767	[null] releasing read lock for product id=urn:usgs-product:us:testproduct:one:1534979076817
FINEST	thread=767	[null] released read lock for product id=urn:usgs-product:us:testproduct:one:1534979076817
FINER	thread=767	[DirectoryProductSource] Product does not have any  URLContent. Scraping directory for files.
FINER	thread=765	[DirectoryProductSource] Product does not have any  URLContent. Scraping directory for files.
FINEST	thread=765	[null] acquiring write lock for product id=urn:usgs-product:us:testproduct:one:1534979076817
FINEST	thread=765	[null] acquired write lock for product id=urn:usgs-product:us:testproduct:one:1534979076817
FINEST	thread=765	[null] acquiring read lock for product id=urn:usgs-product:us:testproduct:one:1534979076817
FINEST	thread=765	[null] acquired read lock for product id=urn:usgs-product:us:testproduct:one:1534979076817
FINEST	thread=765	[null] releasing read lock for product id=urn:usgs-product:us:testproduct:one:1534979076817
FINEST	thread=765	[null] released read lock for product id=urn:usgs-product:us:testproduct:one:1534979076817
FINEST	thread=767	[null] acquiring write lock for product id=urn:usgs-product:us:testproduct:one:1534979076817
FINEST	thread=767	[null] acquired write lock for product id=urn:usgs-product:us:testproduct:one:1534979076817
FINEST	thread=767	[null] acquiring read lock for product id=urn:usgs-product:us:testproduct:one:1534979076817
FINEST	thread=767	[null] acquired read lock for product id=urn:usgs-product:us:testproduct:one:1534979076817
FINEST	thread=767	[null] releasing read lock for product id=urn:usgs-product:us:testproduct:one:1534979076817
FINEST	thread=767	[null] released read lock for product id=urn:usgs-product:us:testproduct:one:1534979076817
WARNING	thread=767	[null] exception while storing product, removing incomplete product
java.io.IOException: Unable to create directory /Users/jmfee/Documents/git/pdl/_test_storage_/testproduct/one/us/1534979076817
	at gov.usgs.util.StreamUtils.getOutputStream(StreamUtils.java:154)
	at gov.usgs.util.StreamUtils.getOutputStream(StreamUtils.java:185)
	at gov.usgs.earthquake.product.io.DirectoryProductHandler.onEndProduct(DirectoryProductHandler.java:68)
	at gov.usgs.earthquake.product.io.FilterProductHandler.onEndProduct(FilterProductHandler.java:71)
	at gov.usgs.earthquake.distribution.FileProductStorage$StorageProductOutput.onEndProduct(FileProductStorage.java:855)
	at gov.usgs.earthquake.product.io.ObjectProductSource.sendEndProduct(ObjectProductSource.java:166)
	at gov.usgs.earthquake.product.io.ObjectProductSource.streamTo(ObjectProductSource.java:62)
	at gov.usgs.earthquake.distribution.FileProductStorage.storeProductSource(FileProductStorage.java:693)
	at gov.usgs.earthquake.distribution.FileProductStorage.storeProduct(FileProductStorage.java:675)
	at gov.usgs.earthquake.indexer.ExternalIndexerListener.storeProduct(ExternalIndexerListener.java:194)
	at gov.usgs.earthquake.indexer.ExternalIndexerListener.onIndexerEvent(ExternalIndexerListener.java:129)
	at gov.usgs.earthquake.indexer.IndexerListenerCallable.call(IndexerListenerCallable.java:37)
	at gov.usgs.earthquake.indexer.IndexerListenerCallable.call(IndexerListenerCallable.java:12)
	at gov.usgs.util.ExecutorTask.run(ExecutorTask.java:183)
	at java.base/java.util.concurrent.Executors$RunnableAdapter.call(Executors.java:514)
	at java.base/java.util.concurrent.FutureTask.run(FutureTask.java:264)
	at java.base/java.util.concurrent.ThreadPoolExecutor.runWorker(ThreadPoolExecutor.java:1135)
	at java.base/java.util.concurrent.ThreadPoolExecutor$Worker.run(ThreadPoolExecutor.java:635)
	at java.base/java.lang.Thread.run(Thread.java:844)
FINEST	thread=767	[null] acquiring write lock for product id=urn:usgs-product:us:testproduct:one:1534979076817
FINEST	thread=767	[null] acquired write lock for product id=urn:usgs-product:us:testproduct:one:1534979076817
FINER	thread=765	[null] product stored id=urn:usgs-product:us:testproduct:one:1534979076817, status=UPDATE
FINEST	thread=765	[null] releasing write lock for product id=urn:usgs-product:us:testproduct:one:1534979076817
FINEST	thread=765	[null] released write lock for product id=urn:usgs-product:us:testproduct:one:1534979076817
FINEST	thread=765	[null] acquiring read lock for product id=urn:usgs-product:us:testproduct:one:1534979076817
FINEST	thread=765	[null] acquired read lock for product id=urn:usgs-product:us:testproduct:one:1534979076817
FINEST	thread=765	[null] releasing read lock for product id=urn:usgs-product:us:testproduct:one:1534979076817
FINEST	thread=765	[null] released read lock for product id=urn:usgs-product:us:testproduct:one:1534979076817
FINER	thread=767	[null] product removed, id=urn:usgs-product:us:testproduct:one:1534979076817
FINEST	thread=767	[null] releasing write lock for product id=urn:usgs-product:us:testproduct:one:1534979076817
FINEST	thread=767	[null] released write lock for product id=urn:usgs-product:us:testproduct:one:1534979076817
FINEST	thread=767	[null] releasing write lock for product id=urn:usgs-product:us:testproduct:one:1534979076817
FINEST	thread=767	[null] released write lock for product id=urn:usgs-product:us:testproduct:one:1534979076817
WARNING	thread=767	[null] listener (null) threw exception, for product id=urn:usgs-product:us:testproduct:one:1534979076817
java.io.IOException: Unable to create directory /Users/jmfee/Documents/git/pdl/_test_storage_/testproduct/one/us/1534979076817
	at gov.usgs.util.StreamUtils.getOutputStream(StreamUtils.java:154)
	at gov.usgs.util.StreamUtils.getOutputStream(StreamUtils.java:185)
	at gov.usgs.earthquake.product.io.DirectoryProductHandler.onEndProduct(DirectoryProductHandler.java:68)
	at gov.usgs.earthquake.product.io.FilterProductHandler.onEndProduct(FilterProductHandler.java:71)
	at gov.usgs.earthquake.distribution.FileProductStorage$StorageProductOutput.onEndProduct(FileProductStorage.java:855)
	at gov.usgs.earthquake.product.io.ObjectProductSource.sendEndProduct(ObjectProductSource.java:166)
	at gov.usgs.earthquake.product.io.ObjectProductSource.streamTo(ObjectProductSource.java:62)
	at gov.usgs.earthquake.distribution.FileProductStorage.storeProductSource(FileProductStorage.java:693)
	at gov.usgs.earthquake.distribution.FileProductStorage.storeProduct(FileProductStorage.java:675)
	at gov.usgs.earthquake.indexer.ExternalIndexerListener.storeProduct(ExternalIndexerListener.java:194)
	at gov.usgs.earthquake.indexer.ExternalIndexerListener.onIndexerEvent(ExternalIndexerListener.java:129)
	at gov.usgs.earthquake.indexer.IndexerListenerCallable.call(IndexerListenerCallable.java:37)
	at gov.usgs.earthquake.indexer.IndexerListenerCallable.call(IndexerListenerCallable.java:12)
	at gov.usgs.util.ExecutorTask.run(ExecutorTask.java:183)
	at java.base/java.util.concurrent.Executors$RunnableAdapter.call(Executors.java:514)
	at java.base/java.util.concurrent.FutureTask.run(FutureTask.java:264)
	at java.base/java.util.concurrent.ThreadPoolExecutor.runWorker(ThreadPoolExecutor.java:1135)
	at java.base/java.util.concurrent.ThreadPoolExecutor$Worker.run(ThreadPoolExecutor.java:635)
	at java.base/java.lang.Thread.run(Thread.java:844)
FINE	thread=767	Exception: Unable to create directory /Users/jmfee/Documents/git/pdl/_test_storage_/testproduct/one/us/1534979076817 source=us, type=testproduct, code=one, updateTime=Wed Aug 22 17:04:36 MDT 2018
FINEST	thread=767	Tracker updates disabled, not sent
INFO	thread=767	Exception executing task
java.io.IOException: Unable to create directory /Users/jmfee/Documents/git/pdl/_test_storage_/testproduct/one/us/1534979076817
	at gov.usgs.util.StreamUtils.getOutputStream(StreamUtils.java:154)
	at gov.usgs.util.StreamUtils.getOutputStream(StreamUtils.java:185)
	at gov.usgs.earthquake.product.io.DirectoryProductHandler.onEndProduct(DirectoryProductHandler.java:68)
	at gov.usgs.earthquake.product.io.FilterProductHandler.onEndProduct(FilterProductHandler.java:71)
	at gov.usgs.earthquake.distribution.FileProductStorage$StorageProductOutput.onEndProduct(FileProductStorage.java:855)
	at gov.usgs.earthquake.product.io.ObjectProductSource.sendEndProduct(ObjectProductSource.java:166)
	at gov.usgs.earthquake.product.io.ObjectProductSource.streamTo(ObjectProductSource.java:62)
	at gov.usgs.earthquake.distribution.FileProductStorage.storeProductSource(FileProductStorage.java:693)
	at gov.usgs.earthquake.distribution.FileProductStorage.storeProduct(FileProductStorage.java:675)
	at gov.usgs.earthquake.indexer.ExternalIndexerListener.storeProduct(ExternalIndexerListener.java:194)
	at gov.usgs.earthquake.indexer.ExternalIndexerListener.onIndexerEvent(ExternalIndexerListener.java:129)
	at gov.usgs.earthquake.indexer.IndexerListenerCallable.call(IndexerListenerCallable.java:37)
	at gov.usgs.earthquake.indexer.IndexerListenerCallable.call(IndexerListenerCallable.java:12)
	at gov.usgs.util.ExecutorTask.run(ExecutorTask.java:183)
	at java.base/java.util.concurrent.Executors$RunnableAdapter.call(Executors.java:514)
	at java.base/java.util.concurrent.FutureTask.run(FutureTask.java:264)
	at java.base/java.util.concurrent.ThreadPoolExecutor.runWorker(ThreadPoolExecutor.java:1135)
	at java.base/java.util.concurrent.ThreadPoolExecutor$Worker.run(ThreadPoolExecutor.java:635)
	at java.base/java.lang.Thread.run(Thread.java:844)
FINER	thread=765	[DirectoryProductSource] Product does not have any  URLContent. Scraping directory for files.
WARNING	thread=765	[null] listener (null) threw exception, for product id=urn:usgs-product:us:testproduct:one:1534979076817
java.lang.NullPointerException
	at gov.usgs.earthquake.product.FileContent.getDirectoryContents(FileContent.java:183)
	at gov.usgs.earthquake.product.FileContent.getDirectoryContents(FileContent.java:160)
	at gov.usgs.earthquake.product.io.DirectoryProductSource.streamTo(DirectoryProductSource.java:91)
	at gov.usgs.earthquake.product.io.ObjectProductHandler.getProduct(ObjectProductHandler.java:172)
	at gov.usgs.earthquake.distribution.FileProductStorage.getProduct(FileProductStorage.java:465)
	at gov.usgs.earthquake.indexer.ExternalIndexerListener.storeProduct(ExternalIndexerListener.java:195)
	at gov.usgs.earthquake.indexer.ExternalIndexerListener.onIndexerEvent(ExternalIndexerListener.java:129)
	at gov.usgs.earthquake.indexer.IndexerListenerCallable.call(IndexerListenerCallable.java:37)
	at gov.usgs.earthquake.indexer.IndexerListenerCallable.call(IndexerListenerCallable.java:12)
	at gov.usgs.util.ExecutorTask.run(ExecutorTask.java:183)
	at java.base/java.util.concurrent.Executors$RunnableAdapter.call(Executors.java:514)
	at java.base/java.util.concurrent.FutureTask.run(FutureTask.java:264)
	at java.base/java.util.concurrent.ThreadPoolExecutor.runWorker(ThreadPoolExecutor.java:1135)
	at java.base/java.util.concurrent.ThreadPoolExecutor$Worker.run(ThreadPoolExecutor.java:635)
	at java.base/java.lang.Thread.run(Thread.java:844)
FINE	thread=765	Exception: null source=us, type=testproduct, code=one, updateTime=Wed Aug 22 17:04:36 MDT 2018
FINEST	thread=765	Tracker updates disabled, not sent
INFO	thread=765	Exception executing task
java.lang.NullPointerException
	at gov.usgs.earthquake.product.FileContent.getDirectoryContents(FileContent.java:183)
	at gov.usgs.earthquake.product.FileContent.getDirectoryContents(FileContent.java:160)
	at gov.usgs.earthquake.product.io.DirectoryProductSource.streamTo(DirectoryProductSource.java:91)
	at gov.usgs.earthquake.product.io.ObjectProductHandler.getProduct(ObjectProductHandler.java:172)
	at gov.usgs.earthquake.distribution.FileProductStorage.getProduct(FileProductStorage.java:465)
	at gov.usgs.earthquake.indexer.ExternalIndexerListener.storeProduct(ExternalIndexerListener.java:195)
	at gov.usgs.earthquake.indexer.ExternalIndexerListener.onIndexerEvent(ExternalIndexerListener.java:129)
	at gov.usgs.earthquake.indexer.IndexerListenerCallable.call(IndexerListenerCallable.java:37)
	at gov.usgs.earthquake.indexer.IndexerListenerCallable.call(IndexerListenerCallable.java:12)
	at gov.usgs.util.ExecutorTask.run(ExecutorTask.java:183)
	at java.base/java.util.concurrent.Executors$RunnableAdapter.call(Executors.java:514)
	at java.base/java.util.concurrent.FutureTask.run(FutureTask.java:264)
	at java.base/java.util.concurrent.ThreadPoolExecutor.runWorker(ThreadPoolExecutor.java:1135)
	at java.base/java.util.concurrent.ThreadPoolExecutor$Worker.run(ThreadPoolExecutor.java:635)
	at java.base/java.lang.Thread.run(Thread.java:844)
FINEST	thread=13	[null] storing product id=urn:usgs-product:ci:testproduct:uno:1534979076879
FINEST	thread=13	[null] acquiring write lock for product id=urn:usgs-product:ci:testproduct:uno:1534979076879
FINEST	thread=13	[null] acquired write lock for product id=urn:usgs-product:ci:testproduct:uno:1534979076879
FINEST	thread=13	[null] acquiring read lock for product id=urn:usgs-product:ci:testproduct:uno:1534979076879
FINEST	thread=13	[null] acquired read lock for product id=urn:usgs-product:ci:testproduct:uno:1534979076879
FINEST	thread=13	[null] releasing read lock for product id=urn:usgs-product:ci:testproduct:uno:1534979076879
FINEST	thread=13	[null] released read lock for product id=urn:usgs-product:ci:testproduct:uno:1534979076879
FINER	thread=13	[null] product stored id=urn:usgs-product:ci:testproduct:uno:1534979076879, status=UPDATE
FINEST	thread=13	[null] releasing write lock for product id=urn:usgs-product:ci:testproduct:uno:1534979076879
FINEST	thread=13	[null] released write lock for product id=urn:usgs-product:ci:testproduct:uno:1534979076879
FINEST	thread=13	[null] stored product id=urn:usgs-product:ci:testproduct:uno:1534979076879
FINER	thread=13	[null] summarizing product id=urn:usgs-product:ci:testproduct:uno:1534979076879
FINEST	thread=13	[null] beginning index transaction
FINER	thread=13	[null] finding previous version
FINEST	thread=13	[null] running query 
SELECT DISTINCT id FROM productSummary p WHERE p.id IS NOT NULL AND p.id = (SELECT id FROM productSummary ps WHERE ps.source='ci' AND ps.type='testproduct' AND ps.code='uno' AND ps.status <> 'DELETE' ORDER BY ps.updateTime DESC LIMIT 1) AND source='ci' AND type='testproduct' AND code='uno'
FINEST	thread=13	[null] query complete
FINER	thread=13	[null] finding previous event
FINEST	thread=13	Product Index Query
eventSearchType=SEARCH_EVENT_PRODUCTS
resultType=RESULT_TYPE_ALL
eventSource=ci
eventSourceCode=uno
FINEST	thread=13	Product Index Query
eventSearchType=SEARCH_EVENT_PREFERRED
resultType=RESULT_TYPE_ALL
minEventTime=Wed Aug 22 17:04:20 MDT 2018
maxEventTime=Wed Aug 22 17:04:52 MDT 2018
minEventLatitude=34.10007199424046075986183268469176255166530609130859375
maxEventLatitude=35.89992800575953924013816731530823744833469390869140625
minEventLongitude=-119.098609241146021986423875205218791961669921875
maxEventLongitude=-116.901390758853978013576124794781208038330078125
FINER	thread=13	[null] adding summary to index
FINEST	thread=13	[null] Added property eventsourcecode:uno for product 2
FINEST	thread=13	[null] Added property eventtime:2018-08-22T23:04:36.817Z for product 2
FINEST	thread=13	[null] Added property eventsource:ci for product 2
FINEST	thread=13	[null] Added property latitude:35 for product 2
FINEST	thread=13	[null] Added property longitude:-118 for product 2
FINEST	thread=13	[null] Added productSummary urn:usgs-product:ci:testproduct:uno:1534979076879, indexid=2 to product index
FINER	thread=13	[null] found existing event indexid=1
FINE	thread=13	Eventindexid=1, eventid=usone, latitude=35, longitude=-118, time=Wed Aug 22 17:04:36 MDT 2018, deleted=false
FINER	thread=13	Products in event
	status=UPDATE, id=urn:usgs-product:us:testproduct:one:1534979076817, eventid=usone, latitude=35, longitude=-118, time=Wed Aug 22 17:04:36 MDT 2018
FINER	thread=13	[null] Added associations event id=1, productSummary source=ci, type=testproduct, code=uno (id=2)
FINER	thread=13	[null] checking for event splits
FINEST	thread=13	Product Index Query
eventSearchType=SEARCH_EVENT_PREFERRED
resultType=RESULT_TYPE_ALL
minEventTime=Wed Aug 22 17:04:20 MDT 2018
maxEventTime=Wed Aug 22 17:04:52 MDT 2018
minEventLatitude=34.10007199424046075986183268469176255166530609130859375
maxEventLatitude=35.89992800575953924013816731530823744833469390869140625
minEventLongitude=-119.098609241146021986423875205218791961669921875
maxEventLongitude=-116.901390758853978013576124794781208038330078125
FINER	thread=13	[null] checking for event merges
FINEST	thread=13	Product Index Query
eventSearchType=SEARCH_EVENT_PREFERRED
resultType=RESULT_TYPE_ALL
minEventTime=Wed Aug 22 17:04:20 MDT 2018
maxEventTime=Wed Aug 22 17:04:52 MDT 2018
minEventLatitude=34.10007199424046075986183268469176255166530609130859375
maxEventLatitude=35.89992800575953924013816731530823744833469390869140625
minEventLongitude=-119.098609241146021986423875205218791961669921875
maxEventLongitude=-116.901390758853978013576124794781208038330078125
FINER	thread=13	[null] searching for nearby events
FINER	thread=13	[null] search for nearby events complete
FINER	thread=13	[null] searching for unassociated products
FINER	thread=13	[null] search for unassociated products complete
FINER	thread=13	[null] updating event summary parameters
FINER	thread=13	[null] Updating event indexid=1
FINE	thread=13	Eventindexid=1, eventid=ciuno, latitude=35, longitude=-118, time=Wed Aug 22 17:04:36 MDT 2018, deleted=false
FINER	thread=13	Products in event
	status=UPDATE, id=urn:usgs-product:us:testproduct:one:1534979076817, eventid=usone, latitude=35, longitude=-118, time=Wed Aug 22 17:04:36 MDT 2018
	status=UPDATE, id=urn:usgs-product:ci:testproduct:uno:1534979076879, eventid=ciuno, latitude=35, longitude=-118, time=Wed Aug 22 17:04:36 MDT 2018
FINEST	thread=13	[null] Updated event properties in Product Index
FINER	thread=13	[null] committing transaction
FINE	thread=13	[null] notifying listeners
INFO	thread=13	[null] indexed product id=urn:usgs-product:ci:testproduct:uno:1534979076879, status=UPDATE
EVENT_UPDATED usone => ciuno
FINEST	thread=767	[null] acquiring read lock for product id=urn:usgs-product:ci:testproduct:uno:1534979076879
FINEST	thread=765	[null] acquiring read lock for product id=urn:usgs-product:ci:testproduct:uno:1534979076879
FINEST	thread=767	[null] acquired read lock for product id=urn:usgs-product:ci:testproduct:uno:1534979076879
FINEST	thread=765	[null] acquired read lock for product id=urn:usgs-product:ci:testproduct:uno:1534979076879
FINEST	thread=765	[null] releasing read lock for product id=urn:usgs-product:ci:testproduct:uno:1534979076879
FINEST	thread=767	[null] releasing read lock for product id=urn:usgs-product:ci:testproduct:uno:1534979076879
FINEST	thread=765	[null] released read lock for product id=urn:usgs-product:ci:testproduct:uno:1534979076879
FINEST	thread=767	[null] released read lock for product id=urn:usgs-product:ci:testproduct:uno:1534979076879
FINER	thread=767	[DirectoryProductSource] Product does not have any  URLContent. Scraping directory for files.
FINER	thread=765	[DirectoryProductSource] Product does not have any  URLContent. Scraping directory for files.
FINEST	thread=765	[null] acquiring write lock for product id=urn:usgs-product:ci:testproduct:uno:1534979076879
FINEST	thread=767	[null] acquiring write lock for product id=urn:usgs-product:ci:testproduct:uno:1534979076879
FINEST	thread=765	[null] acquired write lock for product id=urn:usgs-product:ci:testproduct:uno:1534979076879
FINEST	thread=767	[null] acquired write lock for product id=urn:usgs-product:ci:testproduct:uno:1534979076879
FINEST	thread=765	[null] acquiring read lock for product id=urn:usgs-product:ci:testproduct:uno:1534979076879
FINEST	thread=767	[null] acquiring read lock for product id=urn:usgs-product:ci:testproduct:uno:1534979076879
FINEST	thread=765	[null] acquired read lock for product id=urn:usgs-product:ci:testproduct:uno:1534979076879
FINEST	thread=767	[null] acquired read lock for product id=urn:usgs-product:ci:testproduct:uno:1534979076879
FINEST	thread=767	[null] releasing read lock for product id=urn:usgs-product:ci:testproduct:uno:1534979076879
FINEST	thread=767	[null] released read lock for product id=urn:usgs-product:ci:testproduct:uno:1534979076879
FINEST	thread=765	[null] releasing read lock for product id=urn:usgs-product:ci:testproduct:uno:1534979076879
FINEST	thread=765	[null] released read lock for product id=urn:usgs-product:ci:testproduct:uno:1534979076879
WARNING	thread=767	[null] exception while storing product, removing incomplete product
java.io.IOException: Unable to create directory /Users/jmfee/Documents/git/pdl/_test_storage_/testproduct/uno/ci/1534979076879
	at gov.usgs.util.StreamUtils.getOutputStream(StreamUtils.java:154)
	at gov.usgs.util.StreamUtils.getOutputStream(StreamUtils.java:185)
	at gov.usgs.earthquake.product.io.DirectoryProductHandler.onEndProduct(DirectoryProductHandler.java:68)
	at gov.usgs.earthquake.product.io.FilterProductHandler.onEndProduct(FilterProductHandler.java:71)
	at gov.usgs.earthquake.distribution.FileProductStorage$StorageProductOutput.onEndProduct(FileProductStorage.java:855)
	at gov.usgs.earthquake.product.io.ObjectProductSource.sendEndProduct(ObjectProductSource.java:166)
	at gov.usgs.earthquake.product.io.ObjectProductSource.streamTo(ObjectProductSource.java:62)
	at gov.usgs.earthquake.distribution.FileProductStorage.storeProductSource(FileProductStorage.java:693)
	at gov.usgs.earthquake.distribution.FileProductStorage.storeProduct(FileProductStorage.java:675)
	at gov.usgs.earthquake.indexer.ExternalIndexerListener.storeProduct(ExternalIndexerListener.java:194)
	at gov.usgs.earthquake.indexer.ExternalIndexerListener.onIndexerEvent(ExternalIndexerListener.java:129)
	at gov.usgs.earthquake.indexer.IndexerListenerCallable.call(IndexerListenerCallable.java:37)
	at gov.usgs.earthquake.indexer.IndexerListenerCallable.call(IndexerListenerCallable.java:12)
	at gov.usgs.util.ExecutorTask.run(ExecutorTask.java:183)
	at java.base/java.util.concurrent.Executors$RunnableAdapter.call(Executors.java:514)
	at java.base/java.util.concurrent.FutureTask.run(FutureTask.java:264)
	at java.base/java.util.concurrent.ThreadPoolExecutor.runWorker(ThreadPoolExecutor.java:1135)
	at java.base/java.util.concurrent.ThreadPoolExecutor$Worker.run(ThreadPoolExecutor.java:635)
	at java.base/java.lang.Thread.run(Thread.java:844)
FINER	thread=765	[null] product stored id=urn:usgs-product:ci:testproduct:uno:1534979076879, status=UPDATE
FINEST	thread=767	[null] acquiring write lock for product id=urn:usgs-product:ci:testproduct:uno:1534979076879
FINEST	thread=765	[null] releasing write lock for product id=urn:usgs-product:ci:testproduct:uno:1534979076879
FINEST	thread=767	[null] acquired write lock for product id=urn:usgs-product:ci:testproduct:uno:1534979076879
FINEST	thread=765	[null] released write lock for product id=urn:usgs-product:ci:testproduct:uno:1534979076879
FINEST	thread=765	[null] acquiring read lock for product id=urn:usgs-product:ci:testproduct:uno:1534979076879
FINEST	thread=765	[null] acquired read lock for product id=urn:usgs-product:ci:testproduct:uno:1534979076879
FINEST	thread=765	[null] releasing read lock for product id=urn:usgs-product:ci:testproduct:uno:1534979076879
FINEST	thread=765	[null] released read lock for product id=urn:usgs-product:ci:testproduct:uno:1534979076879
FINER	thread=767	[null] product removed, id=urn:usgs-product:ci:testproduct:uno:1534979076879
FINEST	thread=767	[null] releasing write lock for product id=urn:usgs-product:ci:testproduct:uno:1534979076879
FINEST	thread=767	[null] released write lock for product id=urn:usgs-product:ci:testproduct:uno:1534979076879
FINEST	thread=767	[null] releasing write lock for product id=urn:usgs-product:ci:testproduct:uno:1534979076879
FINEST	thread=767	[null] released write lock for product id=urn:usgs-product:ci:testproduct:uno:1534979076879
WARNING	thread=767	[null] listener (null) threw exception, for product id=urn:usgs-product:ci:testproduct:uno:1534979076879
java.io.IOException: Unable to create directory /Users/jmfee/Documents/git/pdl/_test_storage_/testproduct/uno/ci/1534979076879
	at gov.usgs.util.StreamUtils.getOutputStream(StreamUtils.java:154)
	at gov.usgs.util.StreamUtils.getOutputStream(StreamUtils.java:185)
	at gov.usgs.earthquake.product.io.DirectoryProductHandler.onEndProduct(DirectoryProductHandler.java:68)
	at gov.usgs.earthquake.product.io.FilterProductHandler.onEndProduct(FilterProductHandler.java:71)
	at gov.usgs.earthquake.distribution.FileProductStorage$StorageProductOutput.onEndProduct(FileProductStorage.java:855)
	at gov.usgs.earthquake.product.io.ObjectProductSource.sendEndProduct(ObjectProductSource.java:166)
	at gov.usgs.earthquake.product.io.ObjectProductSource.streamTo(ObjectProductSource.java:62)
	at gov.usgs.earthquake.distribution.FileProductStorage.storeProductSource(FileProductStorage.java:693)
	at gov.usgs.earthquake.distribution.FileProductStorage.storeProduct(FileProductStorage.java:675)
	at gov.usgs.earthquake.indexer.ExternalIndexerListener.storeProduct(ExternalIndexerListener.java:194)
	at gov.usgs.earthquake.indexer.ExternalIndexerListener.onIndexerEvent(ExternalIndexerListener.java:129)
	at gov.usgs.earthquake.indexer.IndexerListenerCallable.call(IndexerListenerCallable.java:37)
	at gov.usgs.earthquake.indexer.IndexerListenerCallable.call(IndexerListenerCallable.java:12)
	at gov.usgs.util.ExecutorTask.run(ExecutorTask.java:183)
	at java.base/java.util.concurrent.Executors$RunnableAdapter.call(Executors.java:514)
	at java.base/java.util.concurrent.FutureTask.run(FutureTask.java:264)
	at java.base/java.util.concurrent.ThreadPoolExecutor.runWorker(ThreadPoolExecutor.java:1135)
	at java.base/java.util.concurrent.ThreadPoolExecutor$Worker.run(ThreadPoolExecutor.java:635)
	at java.base/java.lang.Thread.run(Thread.java:844)
FINE	thread=767	Exception: Unable to create directory /Users/jmfee/Documents/git/pdl/_test_storage_/testproduct/uno/ci/1534979076879 source=ci, type=testproduct, code=uno, updateTime=Wed Aug 22 17:04:36 MDT 2018
FINEST	thread=767	Tracker updates disabled, not sent
INFO	thread=767	Exception executing task
java.io.IOException: Unable to create directory /Users/jmfee/Documents/git/pdl/_test_storage_/testproduct/uno/ci/1534979076879
	at gov.usgs.util.StreamUtils.getOutputStream(StreamUtils.java:154)
	at gov.usgs.util.StreamUtils.getOutputStream(StreamUtils.java:185)
	at gov.usgs.earthquake.product.io.DirectoryProductHandler.onEndProduct(DirectoryProductHandler.java:68)
	at gov.usgs.earthquake.product.io.FilterProductHandler.onEndProduct(FilterProductHandler.java:71)
	at gov.usgs.earthquake.distribution.FileProductStorage$StorageProductOutput.onEndProduct(FileProductStorage.java:855)
	at gov.usgs.earthquake.product.io.ObjectProductSource.sendEndProduct(ObjectProductSource.java:166)
	at gov.usgs.earthquake.product.io.ObjectProductSource.streamTo(ObjectProductSource.java:62)
	at gov.usgs.earthquake.distribution.FileProductStorage.storeProductSource(FileProductStorage.java:693)
	at gov.usgs.earthquake.distribution.FileProductStorage.storeProduct(FileProductStorage.java:675)
	at gov.usgs.earthquake.indexer.ExternalIndexerListener.storeProduct(ExternalIndexerListener.java:194)
	at gov.usgs.earthquake.indexer.ExternalIndexerListener.onIndexerEvent(ExternalIndexerListener.java:129)
	at gov.usgs.earthquake.indexer.IndexerListenerCallable.call(IndexerListenerCallable.java:37)
	at gov.usgs.earthquake.indexer.IndexerListenerCallable.call(IndexerListenerCallable.java:12)
	at gov.usgs.util.ExecutorTask.run(ExecutorTask.java:183)
	at java.base/java.util.concurrent.Executors$RunnableAdapter.call(Executors.java:514)
	at java.base/java.util.concurrent.FutureTask.run(FutureTask.java:264)
	at java.base/java.util.concurrent.ThreadPoolExecutor.runWorker(ThreadPoolExecutor.java:1135)
	at java.base/java.util.concurrent.ThreadPoolExecutor$Worker.run(ThreadPoolExecutor.java:635)
	at java.base/java.lang.Thread.run(Thread.java:844)
FINER	thread=765	[DirectoryProductSource] Product does not have any  URLContent. Scraping directory for files.
WARNING	thread=765	[null] listener (null) threw exception, for product id=urn:usgs-product:ci:testproduct:uno:1534979076879
java.lang.NullPointerException
	at gov.usgs.earthquake.product.FileContent.getDirectoryContents(FileContent.java:183)
	at gov.usgs.earthquake.product.FileContent.getDirectoryContents(FileContent.java:160)
	at gov.usgs.earthquake.product.io.DirectoryProductSource.streamTo(DirectoryProductSource.java:91)
	at gov.usgs.earthquake.product.io.ObjectProductHandler.getProduct(ObjectProductHandler.java:172)
	at gov.usgs.earthquake.distribution.FileProductStorage.getProduct(FileProductStorage.java:465)
	at gov.usgs.earthquake.indexer.ExternalIndexerListener.storeProduct(ExternalIndexerListener.java:195)
	at gov.usgs.earthquake.indexer.ExternalIndexerListener.onIndexerEvent(ExternalIndexerListener.java:129)
	at gov.usgs.earthquake.indexer.IndexerListenerCallable.call(IndexerListenerCallable.java:37)
	at gov.usgs.earthquake.indexer.IndexerListenerCallable.call(IndexerListenerCallable.java:12)
	at gov.usgs.util.ExecutorTask.run(ExecutorTask.java:183)
	at java.base/java.util.concurrent.Executors$RunnableAdapter.call(Executors.java:514)
	at java.base/java.util.concurrent.FutureTask.run(FutureTask.java:264)
	at java.base/java.util.concurrent.ThreadPoolExecutor.runWorker(ThreadPoolExecutor.java:1135)
	at java.base/java.util.concurrent.ThreadPoolExecutor$Worker.run(ThreadPoolExecutor.java:635)
	at java.base/java.lang.Thread.run(Thread.java:844)
FINE	thread=765	Exception: null source=ci, type=testproduct, code=uno, updateTime=Wed Aug 22 17:04:36 MDT 2018
FINEST	thread=765	Tracker updates disabled, not sent
INFO	thread=765	Exception executing task
java.lang.NullPointerException
	at gov.usgs.earthquake.product.FileContent.getDirectoryContents(FileContent.java:183)
	at gov.usgs.earthquake.product.FileContent.getDirectoryContents(FileContent.java:160)
	at gov.usgs.earthquake.product.io.DirectoryProductSource.streamTo(DirectoryProductSource.java:91)
	at gov.usgs.earthquake.product.io.ObjectProductHandler.getProduct(ObjectProductHandler.java:172)
	at gov.usgs.earthquake.distribution.FileProductStorage.getProduct(FileProductStorage.java:465)
	at gov.usgs.earthquake.indexer.ExternalIndexerListener.storeProduct(ExternalIndexerListener.java:195)
	at gov.usgs.earthquake.indexer.ExternalIndexerListener.onIndexerEvent(ExternalIndexerListener.java:129)
	at gov.usgs.earthquake.indexer.IndexerListenerCallable.call(IndexerListenerCallable.java:37)
	at gov.usgs.earthquake.indexer.IndexerListenerCallable.call(IndexerListenerCallable.java:12)
	at gov.usgs.util.ExecutorTask.run(ExecutorTask.java:183)
	at java.base/java.util.concurrent.Executors$RunnableAdapter.call(Executors.java:514)
	at java.base/java.util.concurrent.FutureTask.run(FutureTask.java:264)
	at java.base/java.util.concurrent.ThreadPoolExecutor.runWorker(ThreadPoolExecutor.java:1135)
	at java.base/java.util.concurrent.ThreadPoolExecutor$Worker.run(ThreadPoolExecutor.java:635)
	at java.base/java.lang.Thread.run(Thread.java:844)
FINEST	thread=13	[null] storing product id=urn:usgs-product:admin:trump-testproduct:us-testproduct-one:1534979076947
FINEST	thread=13	[null] acquiring write lock for product id=urn:usgs-product:admin:trump-testproduct:us-testproduct-one:1534979076947
FINEST	thread=13	[null] acquired write lock for product id=urn:usgs-product:admin:trump-testproduct:us-testproduct-one:1534979076947
FINEST	thread=13	[null] acquiring read lock for product id=urn:usgs-product:admin:trump-testproduct:us-testproduct-one:1534979076947
FINEST	thread=13	[null] acquired read lock for product id=urn:usgs-product:admin:trump-testproduct:us-testproduct-one:1534979076947
FINEST	thread=13	[null] releasing read lock for product id=urn:usgs-product:admin:trump-testproduct:us-testproduct-one:1534979076947
FINEST	thread=13	[null] released read lock for product id=urn:usgs-product:admin:trump-testproduct:us-testproduct-one:1534979076947
FINER	thread=13	[null] product stored id=urn:usgs-product:admin:trump-testproduct:us-testproduct-one:1534979076947, status=UPDATE
FINEST	thread=13	[null] releasing write lock for product id=urn:usgs-product:admin:trump-testproduct:us-testproduct-one:1534979076947
FINEST	thread=13	[null] released write lock for product id=urn:usgs-product:admin:trump-testproduct:us-testproduct-one:1534979076947
FINEST	thread=13	[null] stored product id=urn:usgs-product:admin:trump-testproduct:us-testproduct-one:1534979076947
FINER	thread=13	[null] summarizing product id=urn:usgs-product:admin:trump-testproduct:us-testproduct-one:1534979076947
FINEST	thread=13	[null] beginning index transaction
FINER	thread=13	[null] finding previous version
FINEST	thread=13	[null] running query 
SELECT DISTINCT id FROM productSummary p WHERE p.id IS NOT NULL AND p.id = (SELECT id FROM productSummary ps WHERE ps.source='admin' AND ps.type='trump-testproduct' AND ps.code='us-testproduct-one' AND ps.status <> 'DELETE' ORDER BY ps.updateTime DESC LIMIT 1) AND source='admin' AND type='trump-testproduct' AND code='us-testproduct-one'
FINEST	thread=13	[null] query complete
FINER	thread=13	[null] finding previous event
FINEST	thread=13	Product Index Query
eventSearchType=SEARCH_EVENT_PRODUCTS
resultType=RESULT_TYPE_ALL
eventSource=us
eventSourceCode=one
FINER	thread=13	[null] adding summary to index
FINEST	thread=13	[null] Added property trump-source:us for product 3
FINEST	thread=13	[null] Added property trump-code:one for product 3
FINEST	thread=13	[null] Added property eventsourcecode:one for product 3
FINEST	thread=13	[null] Added property eventsource:us for product 3
FINEST	thread=13	[null] Added productSummary urn:usgs-product:admin:trump-testproduct:us-testproduct-one:1534979076947, indexid=3 to product index
FINER	thread=13	[null] found existing event indexid=1
FINE	thread=13	Eventindexid=1, eventid=ciuno, latitude=35, longitude=-118, time=Wed Aug 22 17:04:36 MDT 2018, deleted=false
FINER	thread=13	Products in event
	status=UPDATE, id=urn:usgs-product:us:testproduct:one:1534979076817, eventid=usone, latitude=35, longitude=-118, time=Wed Aug 22 17:04:36 MDT 2018
	status=UPDATE, id=urn:usgs-product:ci:testproduct:uno:1534979076879, eventid=ciuno, latitude=35, longitude=-118, time=Wed Aug 22 17:04:36 MDT 2018
FINER	thread=13	[null] Added associations event id=1, productSummary source=admin, type=trump-testproduct, code=us-testproduct-one (id=3)
FINER	thread=13	[null] checking for event splits
FINEST	thread=13	Product Index Query
eventSearchType=SEARCH_EVENT_PREFERRED
resultType=RESULT_TYPE_ALL
minEventTime=Wed Aug 22 17:04:20 MDT 2018
maxEventTime=Wed Aug 22 17:04:52 MDT 2018
minEventLatitude=34.10007199424046075986183268469176255166530609130859375
maxEventLatitude=35.89992800575953924013816731530823744833469390869140625
minEventLongitude=-119.098609241146021986423875205218791961669921875
maxEventLongitude=-116.901390758853978013576124794781208038330078125
FINER	thread=13	[null] checking for event merges
FINEST	thread=13	Product Index Query
eventSearchType=SEARCH_EVENT_PREFERRED
resultType=RESULT_TYPE_ALL
minEventTime=Wed Aug 22 17:04:20 MDT 2018
maxEventTime=Wed Aug 22 17:04:52 MDT 2018
minEventLatitude=34.10007199424046075986183268469176255166530609130859375
maxEventLatitude=35.89992800575953924013816731530823744833469390869140625
minEventLongitude=-119.098609241146021986423875205218791961669921875
maxEventLongitude=-116.901390758853978013576124794781208038330078125
FINER	thread=13	[null] searching for nearby events
FINER	thread=13	[null] search for nearby events complete
FINER	thread=13	[null] searching for unassociated products
FINER	thread=13	[null] search for unassociated products complete
INFO	thread=13	Setting product preferred weight urn:usgs-product:us:testproduct:one:1534979076817, weight 6 (old) => 100000000 (new)
FINER	thread=13	[null] Removed associations event id=1, productSummary source=us, type=testproduct, code=one (id=1)
FINEST	thread=13	[null] Removed productSummary id=1
FINEST	thread=13	[null] Added property latitude:35 for product 4
FINEST	thread=13	[null] Added property eventsourcecode:one for product 4
FINEST	thread=13	[null] Added property eventtime:2018-08-22T23:04:36.817Z for product 4
FINEST	thread=13	[null] Added property eventsource:us for product 4
FINEST	thread=13	[null] Added property longitude:-118 for product 4
FINEST	thread=13	[null] Added productSummary urn:usgs-product:us:testproduct:one:1534979076817, indexid=4 to product index
FINER	thread=13	[null] Added associations event id=1, productSummary source=us, type=testproduct, code=one (id=4)
FINER	thread=13	[null] updating event summary parameters
FINER	thread=13	[null] Updating event indexid=1
FINE	thread=13	Eventindexid=1, eventid=usone, latitude=35, longitude=-118, time=Wed Aug 22 17:04:36 MDT 2018, deleted=false
FINER	thread=13	Products in event
	status=UPDATE, id=urn:usgs-product:ci:testproduct:uno:1534979076879, eventid=ciuno, latitude=35, longitude=-118, time=Wed Aug 22 17:04:36 MDT 2018
	status=UPDATE, id=urn:usgs-product:us:testproduct:one:1534979076817, eventid=usone, latitude=35, longitude=-118, time=Wed Aug 22 17:04:36 MDT 2018
	status=UPDATE, id=urn:usgs-product:admin:trump-testproduct:us-testproduct-one:1534979076947, eventid=usone, latitude=null, longitude=null, time=null
FINEST	thread=13	[null] Updated event properties in Product Index
FINER	thread=13	[null] committing transaction
FINE	thread=13	[null] notifying listeners
INFO	thread=13	[null] indexed product id=urn:usgs-product:admin:trump-testproduct:us-testproduct-one:1534979076947, status=UPDATE
EVENT_UPDATED usone => usone
FINEST	thread=767	[null] acquiring read lock for product id=urn:usgs-product:admin:trump-testproduct:us-testproduct-one:1534979076947
FINEST	thread=765	[null] acquiring read lock for product id=urn:usgs-product:admin:trump-testproduct:us-testproduct-one:1534979076947
FINEST	thread=767	[null] acquired read lock for product id=urn:usgs-product:admin:trump-testproduct:us-testproduct-one:1534979076947
FINEST	thread=765	[null] acquired read lock for product id=urn:usgs-product:admin:trump-testproduct:us-testproduct-one:1534979076947
FINEST	thread=765	[null] releasing read lock for product id=urn:usgs-product:admin:trump-testproduct:us-testproduct-one:1534979076947
FINEST	thread=767	[null] releasing read lock for product id=urn:usgs-product:admin:trump-testproduct:us-testproduct-one:1534979076947
FINEST	thread=765	[null] released read lock for product id=urn:usgs-product:admin:trump-testproduct:us-testproduct-one:1534979076947
FINEST	thread=767	[null] released read lock for product id=urn:usgs-product:admin:trump-testproduct:us-testproduct-one:1534979076947
FINER	thread=767	[DirectoryProductSource] Product does not have any  URLContent. Scraping directory for files.
FINER	thread=765	[DirectoryProductSource] Product does not have any  URLContent. Scraping directory for files.
FINEST	thread=765	[null] acquiring write lock for product id=urn:usgs-product:admin:trump-testproduct:us-testproduct-one:1534979076947
FINEST	thread=767	[null] acquiring write lock for product id=urn:usgs-product:admin:trump-testproduct:us-testproduct-one:1534979076947
FINEST	thread=765	[null] acquired write lock for product id=urn:usgs-product:admin:trump-testproduct:us-testproduct-one:1534979076947
FINEST	thread=767	[null] acquired write lock for product id=urn:usgs-product:admin:trump-testproduct:us-testproduct-one:1534979076947
FINEST	thread=765	[null] acquiring read lock for product id=urn:usgs-product:admin:trump-testproduct:us-testproduct-one:1534979076947
FINEST	thread=767	[null] acquiring read lock for product id=urn:usgs-product:admin:trump-testproduct:us-testproduct-one:1534979076947
FINEST	thread=765	[null] acquired read lock for product id=urn:usgs-product:admin:trump-testproduct:us-testproduct-one:1534979076947
FINEST	thread=767	[null] acquired read lock for product id=urn:usgs-product:admin:trump-testproduct:us-testproduct-one:1534979076947
FINEST	thread=765	[null] releasing read lock for product id=urn:usgs-product:admin:trump-testproduct:us-testproduct-one:1534979076947
FINEST	thread=767	[null] releasing read lock for product id=urn:usgs-product:admin:trump-testproduct:us-testproduct-one:1534979076947
FINEST	thread=765	[null] released read lock for product id=urn:usgs-product:admin:trump-testproduct:us-testproduct-one:1534979076947
FINEST	thread=767	[null] released read lock for product id=urn:usgs-product:admin:trump-testproduct:us-testproduct-one:1534979076947
WARNING	thread=767	[null] exception while storing product, removing incomplete product
java.io.IOException: Unable to create directory /Users/jmfee/Documents/git/pdl/_test_storage_/trump-testproduct/us-testproduct-one/admin/1534979076947
	at gov.usgs.util.StreamUtils.getOutputStream(StreamUtils.java:154)
	at gov.usgs.util.StreamUtils.getOutputStream(StreamUtils.java:185)
	at gov.usgs.earthquake.product.io.DirectoryProductHandler.onEndProduct(DirectoryProductHandler.java:68)
	at gov.usgs.earthquake.product.io.FilterProductHandler.onEndProduct(FilterProductHandler.java:71)
	at gov.usgs.earthquake.distribution.FileProductStorage$StorageProductOutput.onEndProduct(FileProductStorage.java:855)
	at gov.usgs.earthquake.product.io.ObjectProductSource.sendEndProduct(ObjectProductSource.java:166)
	at gov.usgs.earthquake.product.io.ObjectProductSource.streamTo(ObjectProductSource.java:62)
	at gov.usgs.earthquake.distribution.FileProductStorage.storeProductSource(FileProductStorage.java:693)
	at gov.usgs.earthquake.distribution.FileProductStorage.storeProduct(FileProductStorage.java:675)
	at gov.usgs.earthquake.indexer.ExternalIndexerListener.storeProduct(ExternalIndexerListener.java:194)
	at gov.usgs.earthquake.indexer.ExternalIndexerListener.onIndexerEvent(ExternalIndexerListener.java:129)
	at gov.usgs.earthquake.indexer.IndexerListenerCallable.call(IndexerListenerCallable.java:37)
	at gov.usgs.earthquake.indexer.IndexerListenerCallable.call(IndexerListenerCallable.java:12)
	at gov.usgs.util.ExecutorTask.run(ExecutorTask.java:183)
	at java.base/java.util.concurrent.Executors$RunnableAdapter.call(Executors.java:514)
	at java.base/java.util.concurrent.FutureTask.run(FutureTask.java:264)
	at java.base/java.util.concurrent.ThreadPoolExecutor.runWorker(ThreadPoolExecutor.java:1135)
	at java.base/java.util.concurrent.ThreadPoolExecutor$Worker.run(ThreadPoolExecutor.java:635)
	at java.base/java.lang.Thread.run(Thread.java:844)
FINEST	thread=767	[null] acquiring write lock for product id=urn:usgs-product:admin:trump-testproduct:us-testproduct-one:1534979076947
FINER	thread=765	[null] product stored id=urn:usgs-product:admin:trump-testproduct:us-testproduct-one:1534979076947, status=UPDATE
FINEST	thread=767	[null] acquired write lock for product id=urn:usgs-product:admin:trump-testproduct:us-testproduct-one:1534979076947
FINEST	thread=765	[null] releasing write lock for product id=urn:usgs-product:admin:trump-testproduct:us-testproduct-one:1534979076947
FINEST	thread=765	[null] released write lock for product id=urn:usgs-product:admin:trump-testproduct:us-testproduct-one:1534979076947
FINEST	thread=765	[null] acquiring read lock for product id=urn:usgs-product:admin:trump-testproduct:us-testproduct-one:1534979076947
FINEST	thread=765	[null] acquired read lock for product id=urn:usgs-product:admin:trump-testproduct:us-testproduct-one:1534979076947
FINEST	thread=765	[null] releasing read lock for product id=urn:usgs-product:admin:trump-testproduct:us-testproduct-one:1534979076947
FINEST	thread=765	[null] released read lock for product id=urn:usgs-product:admin:trump-testproduct:us-testproduct-one:1534979076947
FINER	thread=767	[null] product removed, id=urn:usgs-product:admin:trump-testproduct:us-testproduct-one:1534979076947
FINEST	thread=767	[null] releasing write lock for product id=urn:usgs-product:admin:trump-testproduct:us-testproduct-one:1534979076947
FINEST	thread=767	[null] released write lock for product id=urn:usgs-product:admin:trump-testproduct:us-testproduct-one:1534979076947
FINEST	thread=767	[null] releasing write lock for product id=urn:usgs-product:admin:trump-testproduct:us-testproduct-one:1534979076947
FINEST	thread=767	[null] released write lock for product id=urn:usgs-product:admin:trump-testproduct:us-testproduct-one:1534979076947
WARNING	thread=767	[null] listener (null) threw exception, for product id=urn:usgs-product:admin:trump-testproduct:us-testproduct-one:1534979076947
java.io.IOException: Unable to create directory /Users/jmfee/Documents/git/pdl/_test_storage_/trump-testproduct/us-testproduct-one/admin/1534979076947
	at gov.usgs.util.StreamUtils.getOutputStream(StreamUtils.java:154)
	at gov.usgs.util.StreamUtils.getOutputStream(StreamUtils.java:185)
	at gov.usgs.earthquake.product.io.DirectoryProductHandler.onEndProduct(DirectoryProductHandler.java:68)
	at gov.usgs.earthquake.product.io.FilterProductHandler.onEndProduct(FilterProductHandler.java:71)
	at gov.usgs.earthquake.distribution.FileProductStorage$StorageProductOutput.onEndProduct(FileProductStorage.java:855)
	at gov.usgs.earthquake.product.io.ObjectProductSource.sendEndProduct(ObjectProductSource.java:166)
	at gov.usgs.earthquake.product.io.ObjectProductSource.streamTo(ObjectProductSource.java:62)
	at gov.usgs.earthquake.distribution.FileProductStorage.storeProductSource(FileProductStorage.java:693)
	at gov.usgs.earthquake.distribution.FileProductStorage.storeProduct(FileProductStorage.java:675)
	at gov.usgs.earthquake.indexer.ExternalIndexerListener.storeProduct(ExternalIndexerListener.java:194)
	at gov.usgs.earthquake.indexer.ExternalIndexerListener.onIndexerEvent(ExternalIndexerListener.java:129)
	at gov.usgs.earthquake.indexer.IndexerListenerCallable.call(IndexerListenerCallable.java:37)
	at gov.usgs.earthquake.indexer.IndexerListenerCallable.call(IndexerListenerCallable.java:12)
	at gov.usgs.util.ExecutorTask.run(ExecutorTask.java:183)
	at java.base/java.util.concurrent.Executors$RunnableAdapter.call(Executors.java:514)
	at java.base/java.util.concurrent.FutureTask.run(FutureTask.java:264)
	at java.base/java.util.concurrent.ThreadPoolExecutor.runWorker(ThreadPoolExecutor.java:1135)
	at java.base/java.util.concurrent.ThreadPoolExecutor$Worker.run(ThreadPoolExecutor.java:635)
	at java.base/java.lang.Thread.run(Thread.java:844)
FINE	thread=767	Exception: Unable to create directory /Users/jmfee/Documents/git/pdl/_test_storage_/trump-testproduct/us-testproduct-one/admin/1534979076947 source=admin, type=trump-testproduct, code=us-testproduct-one, updateTime=Wed Aug 22 17:04:36 MDT 2018
FINEST	thread=767	Tracker updates disabled, not sent
INFO	thread=767	Exception executing task
java.io.IOException: Unable to create directory /Users/jmfee/Documents/git/pdl/_test_storage_/trump-testproduct/us-testproduct-one/admin/1534979076947
	at gov.usgs.util.StreamUtils.getOutputStream(StreamUtils.java:154)
	at gov.usgs.util.StreamUtils.getOutputStream(StreamUtils.java:185)
	at gov.usgs.earthquake.product.io.DirectoryProductHandler.onEndProduct(DirectoryProductHandler.java:68)
	at gov.usgs.earthquake.product.io.FilterProductHandler.onEndProduct(FilterProductHandler.java:71)
	at gov.usgs.earthquake.distribution.FileProductStorage$StorageProductOutput.onEndProduct(FileProductStorage.java:855)
	at gov.usgs.earthquake.product.io.ObjectProductSource.sendEndProduct(ObjectProductSource.java:166)
	at gov.usgs.earthquake.product.io.ObjectProductSource.streamTo(ObjectProductSource.java:62)
	at gov.usgs.earthquake.distribution.FileProductStorage.storeProductSource(FileProductStorage.java:693)
	at gov.usgs.earthquake.distribution.FileProductStorage.storeProduct(FileProductStorage.java:675)
	at gov.usgs.earthquake.indexer.ExternalIndexerListener.storeProduct(ExternalIndexerListener.java:194)
	at gov.usgs.earthquake.indexer.ExternalIndexerListener.onIndexerEvent(ExternalIndexerListener.java:129)
	at gov.usgs.earthquake.indexer.IndexerListenerCallable.call(IndexerListenerCallable.java:37)
	at gov.usgs.earthquake.indexer.IndexerListenerCallable.call(IndexerListenerCallable.java:12)
	at gov.usgs.util.ExecutorTask.run(ExecutorTask.java:183)
	at java.base/java.util.concurrent.Executors$RunnableAdapter.call(Executors.java:514)
	at java.base/java.util.concurrent.FutureTask.run(FutureTask.java:264)
	at java.base/java.util.concurrent.ThreadPoolExecutor.runWorker(ThreadPoolExecutor.java:1135)
	at java.base/java.util.concurrent.ThreadPoolExecutor$Worker.run(ThreadPoolExecutor.java:635)
	at java.base/java.lang.Thread.run(Thread.java:844)
FINER	thread=765	[DirectoryProductSource] Product does not have any  URLContent. Scraping directory for files.
WARNING	thread=765	[null] listener (null) threw exception, for product id=urn:usgs-product:admin:trump-testproduct:us-testproduct-one:1534979076947
java.lang.NullPointerException
	at gov.usgs.earthquake.product.FileContent.getDirectoryContents(FileContent.java:183)
	at gov.usgs.earthquake.product.FileContent.getDirectoryContents(FileContent.java:160)
	at gov.usgs.earthquake.product.io.DirectoryProductSource.streamTo(DirectoryProductSource.java:91)
	at gov.usgs.earthquake.product.io.ObjectProductHandler.getProduct(ObjectProductHandler.java:172)
	at gov.usgs.earthquake.distribution.FileProductStorage.getProduct(FileProductStorage.java:465)
	at gov.usgs.earthquake.indexer.ExternalIndexerListener.storeProduct(ExternalIndexerListener.java:195)
	at gov.usgs.earthquake.indexer.ExternalIndexerListener.onIndexerEvent(ExternalIndexerListener.java:129)
	at gov.usgs.earthquake.indexer.IndexerListenerCallable.call(IndexerListenerCallable.java:37)
	at gov.usgs.earthquake.indexer.IndexerListenerCallable.call(IndexerListenerCallable.java:12)
	at gov.usgs.util.ExecutorTask.run(ExecutorTask.java:183)
	at java.base/java.util.concurrent.Executors$RunnableAdapter.call(Executors.java:514)
	at java.base/java.util.concurrent.FutureTask.run(FutureTask.java:264)
	at java.base/java.util.concurrent.ThreadPoolExecutor.runWorker(ThreadPoolExecutor.java:1135)
	at java.base/java.util.concurrent.ThreadPoolExecutor$Worker.run(ThreadPoolExecutor.java:635)
	at java.base/java.lang.Thread.run(Thread.java:844)
FINE	thread=765	Exception: null source=admin, type=trump-testproduct, code=us-testproduct-one, updateTime=Wed Aug 22 17:04:36 MDT 2018
FINEST	thread=765	Tracker updates disabled, not sent
INFO	thread=765	Exception executing task
java.lang.NullPointerException
	at gov.usgs.earthquake.product.FileContent.getDirectoryContents(FileContent.java:183)
	at gov.usgs.earthquake.product.FileContent.getDirectoryContents(FileContent.java:160)
	at gov.usgs.earthquake.product.io.DirectoryProductSource.streamTo(DirectoryProductSource.java:91)
	at gov.usgs.earthquake.product.io.ObjectProductHandler.getProduct(ObjectProductHandler.java:172)
	at gov.usgs.earthquake.distribution.FileProductStorage.getProduct(FileProductStorage.java:465)
	at gov.usgs.earthquake.indexer.ExternalIndexerListener.storeProduct(ExternalIndexerListener.java:195)
	at gov.usgs.earthquake.indexer.ExternalIndexerListener.onIndexerEvent(ExternalIndexerListener.java:129)
	at gov.usgs.earthquake.indexer.IndexerListenerCallable.call(IndexerListenerCallable.java:37)
	at gov.usgs.earthquake.indexer.IndexerListenerCallable.call(IndexerListenerCallable.java:12)
	at gov.usgs.util.ExecutorTask.run(ExecutorTask.java:183)
	at java.base/java.util.concurrent.Executors$RunnableAdapter.call(Executors.java:514)
	at java.base/java.util.concurrent.FutureTask.run(FutureTask.java:264)
	at java.base/java.util.concurrent.ThreadPoolExecutor.runWorker(ThreadPoolExecutor.java:1135)
	at java.base/java.util.concurrent.ThreadPoolExecutor$Worker.run(ThreadPoolExecutor.java:635)
	at java.base/java.lang.Thread.run(Thread.java:844)
Wed Aug 22 17:04:37 MDT 2018
FINEST	thread=13	[null] storing product id=urn:usgs-product:us:testproduct:one:1534979077024
FINEST	thread=13	[null] acquiring write lock for product id=urn:usgs-product:us:testproduct:one:1534979077024
FINEST	thread=13	[null] acquired write lock for product id=urn:usgs-product:us:testproduct:one:1534979077024
FINEST	thread=13	[null] acquiring read lock for product id=urn:usgs-product:us:testproduct:one:1534979077024
FINEST	thread=13	[null] acquired read lock for product id=urn:usgs-product:us:testproduct:one:1534979077024
FINEST	thread=13	[null] releasing read lock for product id=urn:usgs-product:us:testproduct:one:1534979077024
FINEST	thread=13	[null] released read lock for product id=urn:usgs-product:us:testproduct:one:1534979077024
FINER	thread=13	[null] product stored id=urn:usgs-product:us:testproduct:one:1534979077024, status=UPDATE
FINEST	thread=13	[null] releasing write lock for product id=urn:usgs-product:us:testproduct:one:1534979077024
FINEST	thread=13	[null] released write lock for product id=urn:usgs-product:us:testproduct:one:1534979077024
FINEST	thread=13	[null] stored product id=urn:usgs-product:us:testproduct:one:1534979077024
FINER	thread=13	[null] summarizing product id=urn:usgs-product:us:testproduct:one:1534979077024
FINEST	thread=13	[null] beginning index transaction
FINER	thread=13	[null] finding previous version
FINEST	thread=13	[null] running query 
SELECT DISTINCT id FROM productSummary p WHERE p.id IS NOT NULL AND p.id = (SELECT id FROM productSummary ps WHERE ps.source='us' AND ps.type='testproduct' AND ps.code='one' AND ps.status <> 'DELETE' ORDER BY ps.updateTime DESC LIMIT 1) AND source='us' AND type='testproduct' AND code='one'
FINEST	thread=13	[null] query complete
FINER	thread=13	[null] finding previous event
FINEST	thread=13	Product Index Query
eventSearchType=SEARCH_EVENT_PRODUCTS
resultType=RESULT_TYPE_ALL
eventSource=us
eventSourceCode=one
FINEST	thread=13	Product Index Query
eventSearchType=SEARCH_EVENT_PREFERRED
resultType=RESULT_TYPE_ALL
minEventTime=Wed Aug 22 17:04:20 MDT 2018
maxEventTime=Wed Aug 22 17:04:52 MDT 2018
minEventLatitude=34.10007199424046075986183268469176255166530609130859375
maxEventLatitude=35.89992800575953924013816731530823744833469390869140625
minEventLongitude=-119.098609241146021986423875205218791961669921875
maxEventLongitude=-116.901390758853978013576124794781208038330078125
FINER	thread=13	[null] adding summary to index
FINEST	thread=13	[null] Added property eventsourcecode:one for product 5
FINEST	thread=13	[null] Added property eventtime:2018-08-22T23:04:36.817Z for product 5
FINEST	thread=13	[null] Added property eventsource:us for product 5
FINEST	thread=13	[null] Added property latitude:35 for product 5
FINEST	thread=13	[null] Added property longitude:-118 for product 5
FINEST	thread=13	[null] Added productSummary urn:usgs-product:us:testproduct:one:1534979077024, indexid=5 to product index
FINER	thread=13	[null] found existing event indexid=1
FINE	thread=13	Eventindexid=1, eventid=usone, latitude=35, longitude=-118, time=Wed Aug 22 17:04:36 MDT 2018, deleted=false
FINER	thread=13	Products in event
	status=UPDATE, id=urn:usgs-product:ci:testproduct:uno:1534979076879, eventid=ciuno, latitude=35, longitude=-118, time=Wed Aug 22 17:04:36 MDT 2018
	status=UPDATE, id=urn:usgs-product:us:testproduct:one:1534979076817, eventid=usone, latitude=35, longitude=-118, time=Wed Aug 22 17:04:36 MDT 2018
	status=UPDATE, id=urn:usgs-product:admin:trump-testproduct:us-testproduct-one:1534979076947, eventid=usone, latitude=null, longitude=null, time=null
FINER	thread=13	[null] Added associations event id=1, productSummary source=us, type=testproduct, code=one (id=5)
FINER	thread=13	[null] checking for event splits
FINEST	thread=13	Product Index Query
eventSearchType=SEARCH_EVENT_PREFERRED
resultType=RESULT_TYPE_ALL
minEventTime=Wed Aug 22 17:04:20 MDT 2018
maxEventTime=Wed Aug 22 17:04:52 MDT 2018
minEventLatitude=34.10007199424046075986183268469176255166530609130859375
maxEventLatitude=35.89992800575953924013816731530823744833469390869140625
minEventLongitude=-119.098609241146021986423875205218791961669921875
maxEventLongitude=-116.901390758853978013576124794781208038330078125
FINER	thread=13	[null] checking for event merges
FINEST	thread=13	Product Index Query
eventSearchType=SEARCH_EVENT_PREFERRED
resultType=RESULT_TYPE_ALL
minEventTime=Wed Aug 22 17:04:20 MDT 2018
maxEventTime=Wed Aug 22 17:04:52 MDT 2018
minEventLatitude=34.10007199424046075986183268469176255166530609130859375
maxEventLatitude=35.89992800575953924013816731530823744833469390869140625
minEventLongitude=-119.098609241146021986423875205218791961669921875
maxEventLongitude=-116.901390758853978013576124794781208038330078125
FINER	thread=13	[null] searching for nearby events
FINER	thread=13	[null] search for nearby events complete
FINER	thread=13	[null] searching for unassociated products
FINER	thread=13	[null] search for unassociated products complete
INFO	thread=13	Setting product preferred weight urn:usgs-product:us:testproduct:one:1534979077024, weight 6 (old) => 100000000 (new)
FINER	thread=13	[null] Removed associations event id=1, productSummary source=us, type=testproduct, code=one (id=5)
FINEST	thread=13	[null] Removed productSummary id=5
FINEST	thread=13	[null] Added property eventsourcecode:one for product 6
FINEST	thread=13	[null] Added property eventtime:2018-08-22T23:04:36.817Z for product 6
FINEST	thread=13	[null] Added property eventsource:us for product 6
FINEST	thread=13	[null] Added property latitude:35 for product 6
FINEST	thread=13	[null] Added property longitude:-118 for product 6
FINEST	thread=13	[null] Added productSummary urn:usgs-product:us:testproduct:one:1534979077024, indexid=6 to product index
FINER	thread=13	[null] Added associations event id=1, productSummary source=us, type=testproduct, code=one (id=6)
FINER	thread=13	[null] updating event summary parameters
FINER	thread=13	[null] Updating event indexid=1
FINE	thread=13	Eventindexid=1, eventid=usone, latitude=35, longitude=-118, time=Wed Aug 22 17:04:36 MDT 2018, deleted=false
FINER	thread=13	Products in event
	status=UPDATE, id=urn:usgs-product:ci:testproduct:uno:1534979076879, eventid=ciuno, latitude=35, longitude=-118, time=Wed Aug 22 17:04:36 MDT 2018
	status=UPDATE, id=urn:usgs-product:us:testproduct:one:1534979077024, eventid=usone, latitude=35, longitude=-118, time=Wed Aug 22 17:04:36 MDT 2018
	status=UPDATE, id=urn:usgs-product:admin:trump-testproduct:us-testproduct-one:1534979076947, eventid=usone, latitude=null, longitude=null, time=null
FINEST	thread=13	[null] Updated event properties in Product Index
FINER	thread=13	[null] committing transaction
FINE	thread=13	[null] notifying listeners
INFO	thread=13	[null] indexed product id=urn:usgs-product:us:testproduct:one:1534979077024, status=UPDATE
EVENT_UPDATED usone => usone
FINEST	thread=765	[null] acquiring read lock for product id=urn:usgs-product:us:testproduct:one:1534979077024
FINEST	thread=767	[null] acquiring read lock for product id=urn:usgs-product:us:testproduct:one:1534979077024
FINEST	thread=765	[null] acquired read lock for product id=urn:usgs-product:us:testproduct:one:1534979077024
FINEST	thread=767	[null] acquired read lock for product id=urn:usgs-product:us:testproduct:one:1534979077024
FINEST	thread=767	[null] releasing read lock for product id=urn:usgs-product:us:testproduct:one:1534979077024
FINEST	thread=765	[null] releasing read lock for product id=urn:usgs-product:us:testproduct:one:1534979077024
FINEST	thread=767	[null] released read lock for product id=urn:usgs-product:us:testproduct:one:1534979077024
FINEST	thread=765	[null] released read lock for product id=urn:usgs-product:us:testproduct:one:1534979077024
FINER	thread=765	[DirectoryProductSource] Product does not have any  URLContent. Scraping directory for files.
FINER	thread=767	[DirectoryProductSource] Product does not have any  URLContent. Scraping directory for files.
FINEST	thread=767	[null] acquiring write lock for product id=urn:usgs-product:us:testproduct:one:1534979077024
FINEST	thread=767	[null] acquired write lock for product id=urn:usgs-product:us:testproduct:one:1534979077024
FINEST	thread=767	[null] acquiring read lock for product id=urn:usgs-product:us:testproduct:one:1534979077024
FINEST	thread=767	[null] acquired read lock for product id=urn:usgs-product:us:testproduct:one:1534979077024
FINEST	thread=767	[null] releasing read lock for product id=urn:usgs-product:us:testproduct:one:1534979077024
FINEST	thread=767	[null] released read lock for product id=urn:usgs-product:us:testproduct:one:1534979077024
FINEST	thread=765	[null] acquiring write lock for product id=urn:usgs-product:us:testproduct:one:1534979077024
FINEST	thread=765	[null] acquired write lock for product id=urn:usgs-product:us:testproduct:one:1534979077024
FINEST	thread=765	[null] acquiring read lock for product id=urn:usgs-product:us:testproduct:one:1534979077024
FINEST	thread=765	[null] acquired read lock for product id=urn:usgs-product:us:testproduct:one:1534979077024
FINEST	thread=765	[null] acquiring read lock for product id=urn:usgs-product:us:testproduct:one:1534979077024
FINEST	thread=765	[null] acquired read lock for product id=urn:usgs-product:us:testproduct:one:1534979077024
FINEST	thread=765	[null] releasing read lock for product id=urn:usgs-product:us:testproduct:one:1534979077024
FINEST	thread=765	[null] released read lock for product id=urn:usgs-product:us:testproduct:one:1534979077024
FINEST	thread=765	[null] releasing read lock for product id=urn:usgs-product:us:testproduct:one:1534979077024
FINEST	thread=765	[null] released read lock for product id=urn:usgs-product:us:testproduct:one:1534979077024
FINEST	thread=765	[null] releasing write lock for product id=urn:usgs-product:us:testproduct:one:1534979077024
FINEST	thread=765	[null] released write lock for product id=urn:usgs-product:us:testproduct:one:1534979077024
INFO	thread=765	[null] product already in storage
FINEST	thread=765	[null] acquiring read lock for product id=urn:usgs-product:us:testproduct:one:1534979077024
FINEST	thread=765	[null] acquired read lock for product id=urn:usgs-product:us:testproduct:one:1534979077024
FINEST	thread=765	[null] releasing read lock for product id=urn:usgs-product:us:testproduct:one:1534979077024
FINEST	thread=765	[null] released read lock for product id=urn:usgs-product:us:testproduct:one:1534979077024
FINER	thread=767	[null] product stored id=urn:usgs-product:us:testproduct:one:1534979077024, status=UPDATE
FINEST	thread=767	[null] releasing write lock for product id=urn:usgs-product:us:testproduct:one:1534979077024
FINEST	thread=767	[null] released write lock for product id=urn:usgs-product:us:testproduct:one:1534979077024
FINEST	thread=767	[null] acquiring read lock for product id=urn:usgs-product:us:testproduct:one:1534979077024
FINEST	thread=767	[null] acquired read lock for product id=urn:usgs-product:us:testproduct:one:1534979077024
FINEST	thread=767	[null] releasing read lock for product id=urn:usgs-product:us:testproduct:one:1534979077024
FINEST	thread=767	[null] released read lock for product id=urn:usgs-product:us:testproduct:one:1534979077024
FINER	thread=767	[DirectoryProductSource] Product does not have any  URLContent. Scraping directory for files.
FINER	thread=765	[DirectoryProductSource] Product does not have any  URLContent. Scraping directory for files.
FINEST	thread=767	[null] acquiring read lock for product id=urn:usgs-product:us:testproduct:one:1534979077024
FINEST	thread=767	[null] acquired read lock for product id=urn:usgs-product:us:testproduct:one:1534979077024
FINEST	thread=767	[null] releasing read lock for product id=urn:usgs-product:us:testproduct:one:1534979077024
FINEST	thread=767	[null] released read lock for product id=urn:usgs-product:us:testproduct:one:1534979077024
FINER	thread=767	[DirectoryProductSource] Product does not have any  URLContent. Scraping directory for files.
INFO	thread=767	[null] running command echo --preferred-eventid=usone --preferred-eventsource=us --preferred-eventsourcecode=one --eventids=ciuno,usone --preferred-magnitude=null --preferred-latitude=35 --preferred-longitude=-118 --preferred-depth=null --preferred-eventtime=2018-08-22T23:04:36.817Z --directory=/Users/jmfee/Documents/git/pdl/_test_storage_/testproduct/one/us/1534979077024 --type=testproduct --code=one --source=us --updateTime=2018-08-22T23:04:37.024Z --status=UPDATE --trackerURL=http://localhost/tracker "--property-eventsourcecode=one" "--property-eventtime=2018-08-22T23:04:36.817Z" "--property-eventsource=us" "--property-latitude=35" "--property-longitude=-118" --action=EVENT_UPDATED
INFO	thread=767	[null] command 'echo --preferred-eventid=usone --preferred-eventsource=us --preferred-eventsourcecode=one --eventids=ciuno,usone --preferred-magnitude=null --preferred-latitude=35 --preferred-longitude=-118 --preferred-depth=null --preferred-eventtime=2018-08-22T23:04:36.817Z --directory=/Users/jmfee/Documents/git/pdl/_test_storage_/testproduct/one/us/1534979077024 --type=testproduct --code=one --source=us --updateTime=2018-08-22T23:04:37.024Z --status=UPDATE --trackerURL=http://localhost/tracker "--property-eventsourcecode=one" "--property-eventtime=2018-08-22T23:04:36.817Z" "--property-eventsource=us" "--property-latitude=35" "--property-longitude=-118" --action=EVENT_UPDATED' exited with status '0'
FINEST	thread=13	[null] storing product id=urn:usgs-product:admin:trump-testproduct:sc-testproduct-uno:1534979077111
FINEST	thread=13	[null] acquiring write lock for product id=urn:usgs-product:admin:trump-testproduct:sc-testproduct-uno:1534979077111
FINEST	thread=13	[null] acquired write lock for product id=urn:usgs-product:admin:trump-testproduct:sc-testproduct-uno:1534979077111
FINEST	thread=13	[null] acquiring read lock for product id=urn:usgs-product:admin:trump-testproduct:sc-testproduct-uno:1534979077111
FINEST	thread=13	[null] acquired read lock for product id=urn:usgs-product:admin:trump-testproduct:sc-testproduct-uno:1534979077111
FINEST	thread=13	[null] releasing read lock for product id=urn:usgs-product:admin:trump-testproduct:sc-testproduct-uno:1534979077111
FINEST	thread=13	[null] released read lock for product id=urn:usgs-product:admin:trump-testproduct:sc-testproduct-uno:1534979077111
FINER	thread=13	[null] product stored id=urn:usgs-product:admin:trump-testproduct:sc-testproduct-uno:1534979077111, status=UPDATE
FINEST	thread=13	[null] releasing write lock for product id=urn:usgs-product:admin:trump-testproduct:sc-testproduct-uno:1534979077111
FINEST	thread=13	[null] released write lock for product id=urn:usgs-product:admin:trump-testproduct:sc-testproduct-uno:1534979077111
FINEST	thread=13	[null] stored product id=urn:usgs-product:admin:trump-testproduct:sc-testproduct-uno:1534979077111
FINER	thread=13	[null] summarizing product id=urn:usgs-product:admin:trump-testproduct:sc-testproduct-uno:1534979077111
FINEST	thread=13	[null] beginning index transaction
FINER	thread=13	[null] finding previous version
FINEST	thread=13	[null] running query 
SELECT DISTINCT id FROM productSummary p WHERE p.id IS NOT NULL AND p.id = (SELECT id FROM productSummary ps WHERE ps.source='admin' AND ps.type='trump-testproduct' AND ps.code='sc-testproduct-uno' AND ps.status <> 'DELETE' ORDER BY ps.updateTime DESC LIMIT 1) AND source='admin' AND type='trump-testproduct' AND code='sc-testproduct-uno'
FINEST	thread=13	[null] query complete
FINER	thread=13	[null] finding previous event
FINEST	thread=13	Product Index Query
eventSearchType=SEARCH_EVENT_PRODUCTS
resultType=RESULT_TYPE_ALL
eventSource=ci
eventSourceCode=uno
FINER	thread=13	[null] adding summary to index
FINEST	thread=13	[null] Added property trump-source:ci for product 7
FINEST	thread=13	[null] Added property trump-code:uno for product 7
FINEST	thread=13	[null] Added property eventsourcecode:uno for product 7
FINEST	thread=13	[null] Added property eventsource:ci for product 7
FINEST	thread=13	[null] Added productSummary urn:usgs-product:admin:trump-testproduct:sc-testproduct-uno:1534979077111, indexid=7 to product index
FINER	thread=13	[null] found existing event indexid=1
FINE	thread=13	Eventindexid=1, eventid=usone, latitude=35, longitude=-118, time=Wed Aug 22 17:04:36 MDT 2018, deleted=false
FINER	thread=13	Products in event
	status=UPDATE, id=urn:usgs-product:ci:testproduct:uno:1534979076879, eventid=ciuno, latitude=35, longitude=-118, time=Wed Aug 22 17:04:36 MDT 2018
	status=UPDATE, id=urn:usgs-product:us:testproduct:one:1534979076817, eventid=usone, latitude=35, longitude=-118, time=Wed Aug 22 17:04:36 MDT 2018
	status=UPDATE, id=urn:usgs-product:us:testproduct:one:1534979077024, eventid=usone, latitude=35, longitude=-118, time=Wed Aug 22 17:04:36 MDT 2018
	status=UPDATE, id=urn:usgs-product:admin:trump-testproduct:us-testproduct-one:1534979076947, eventid=usone, latitude=null, longitude=null, time=null
FINER	thread=13	[null] Added associations event id=1, productSummary source=admin, type=trump-testproduct, code=sc-testproduct-uno (id=7)
FINER	thread=13	[null] checking for event splits
FINEST	thread=13	Product Index Query
eventSearchType=SEARCH_EVENT_PREFERRED
resultType=RESULT_TYPE_ALL
minEventTime=Wed Aug 22 17:04:20 MDT 2018
maxEventTime=Wed Aug 22 17:04:52 MDT 2018
minEventLatitude=34.10007199424046075986183268469176255166530609130859375
maxEventLatitude=35.89992800575953924013816731530823744833469390869140625
minEventLongitude=-119.098609241146021986423875205218791961669921875
maxEventLongitude=-116.901390758853978013576124794781208038330078125
FINER	thread=13	[null] checking for event merges
FINEST	thread=13	Product Index Query
eventSearchType=SEARCH_EVENT_PREFERRED
resultType=RESULT_TYPE_ALL
minEventTime=Wed Aug 22 17:04:20 MDT 2018
maxEventTime=Wed Aug 22 17:04:52 MDT 2018
minEventLatitude=34.10007199424046075986183268469176255166530609130859375
maxEventLatitude=35.89992800575953924013816731530823744833469390869140625
minEventLongitude=-119.098609241146021986423875205218791961669921875
maxEventLongitude=-116.901390758853978013576124794781208038330078125
FINER	thread=13	[null] searching for nearby events
FINER	thread=13	[null] search for nearby events complete
FINER	thread=13	[null] searching for unassociated products
FINER	thread=13	[null] search for unassociated products complete
INFO	thread=13	Setting product preferred weight urn:usgs-product:ci:testproduct:uno:1534979076879, weight 156 (old) => 100000000 (new)
FINER	thread=13	[null] Removed associations event id=1, productSummary source=ci, type=testproduct, code=uno (id=2)
FINEST	thread=13	[null] Removed productSummary id=2
FINEST	thread=13	[null] Added property latitude:35 for product 8
FINEST	thread=13	[null] Added property eventsourcecode:uno for product 8
FINEST	thread=13	[null] Added property eventtime:2018-08-22T23:04:36.817Z for product 8
FINEST	thread=13	[null] Added property eventsource:ci for product 8
FINEST	thread=13	[null] Added property longitude:-118 for product 8
FINEST	thread=13	[null] Added productSummary urn:usgs-product:ci:testproduct:uno:1534979076879, indexid=8 to product index
FINER	thread=13	[null] Added associations event id=1, productSummary source=ci, type=testproduct, code=uno (id=8)
FINER	thread=13	[null] Removed associations event id=1, productSummary source=us, type=testproduct, code=one (id=6)
FINEST	thread=13	[null] Removed productSummary id=6
FINEST	thread=13	[null] acquiring read lock for product id=urn:usgs-product:us:testproduct:one:1534979077024
FINEST	thread=13	[null] acquired read lock for product id=urn:usgs-product:us:testproduct:one:1534979077024
FINEST	thread=13	[null] releasing read lock for product id=urn:usgs-product:us:testproduct:one:1534979077024
FINEST	thread=13	[null] released read lock for product id=urn:usgs-product:us:testproduct:one:1534979077024
FINER	thread=13	[DirectoryProductSource] Product does not have any  URLContent. Scraping directory for files.
INFO	thread=13	Resummarizing product urn:usgs-product:us:testproduct:one:1534979077024, weight 100000000 (old) => 6 (new)
FINEST	thread=13	[null] Added property eventsourcecode:one for product 9
FINEST	thread=13	[null] Added property eventtime:2018-08-22T23:04:36.817Z for product 9
FINEST	thread=13	[null] Added property eventsource:us for product 9
FINEST	thread=13	[null] Added property latitude:35 for product 9
FINEST	thread=13	[null] Added property longitude:-118 for product 9
FINEST	thread=13	[null] Added productSummary urn:usgs-product:us:testproduct:one:1534979077024, indexid=9 to product index
FINER	thread=13	[null] Added associations event id=1, productSummary source=us, type=testproduct, code=one (id=9)
FINER	thread=13	[null] updating event summary parameters
FINER	thread=13	[null] Updating event indexid=1
FINE	thread=13	Eventindexid=1, eventid=ciuno, latitude=35, longitude=-118, time=Wed Aug 22 17:04:36 MDT 2018, deleted=false
FINER	thread=13	Products in event
	status=UPDATE, id=urn:usgs-product:ci:testproduct:uno:1534979076879, eventid=ciuno, latitude=35, longitude=-118, time=Wed Aug 22 17:04:36 MDT 2018
	status=UPDATE, id=urn:usgs-product:us:testproduct:one:1534979077024, eventid=usone, latitude=35, longitude=-118, time=Wed Aug 22 17:04:36 MDT 2018
	status=UPDATE, id=urn:usgs-product:admin:trump-testproduct:us-testproduct-one:1534979076947, eventid=usone, latitude=null, longitude=null, time=null
	status=UPDATE, id=urn:usgs-product:admin:trump-testproduct:sc-testproduct-uno:1534979077111, eventid=ciuno, latitude=null, longitude=null, time=null
FINEST	thread=13	[null] Updated event properties in Product Index
FINER	thread=13	[null] committing transaction
FINE	thread=13	[null] notifying listeners
INFO	thread=13	[null] indexed product id=urn:usgs-product:admin:trump-testproduct:sc-testproduct-uno:1534979077111, status=UPDATE
EVENT_UPDATED usone => ciuno
FINEST	thread=767	[null] acquiring read lock for product id=urn:usgs-product:admin:trump-testproduct:sc-testproduct-uno:1534979077111
FINEST	thread=765	[null] acquiring read lock for product id=urn:usgs-product:admin:trump-testproduct:sc-testproduct-uno:1534979077111
FINEST	thread=767	[null] acquired read lock for product id=urn:usgs-product:admin:trump-testproduct:sc-testproduct-uno:1534979077111
FINEST	thread=765	[null] acquired read lock for product id=urn:usgs-product:admin:trump-testproduct:sc-testproduct-uno:1534979077111
FINEST	thread=765	[null] releasing read lock for product id=urn:usgs-product:admin:trump-testproduct:sc-testproduct-uno:1534979077111
FINEST	thread=767	[null] releasing read lock for product id=urn:usgs-product:admin:trump-testproduct:sc-testproduct-uno:1534979077111
FINEST	thread=765	[null] released read lock for product id=urn:usgs-product:admin:trump-testproduct:sc-testproduct-uno:1534979077111
FINEST	thread=767	[null] released read lock for product id=urn:usgs-product:admin:trump-testproduct:sc-testproduct-uno:1534979077111
FINER	thread=765	[DirectoryProductSource] Product does not have any  URLContent. Scraping directory for files.
FINER	thread=767	[DirectoryProductSource] Product does not have any  URLContent. Scraping directory for files.
FINEST	thread=765	[null] acquiring write lock for product id=urn:usgs-product:admin:trump-testproduct:sc-testproduct-uno:1534979077111
FINEST	thread=767	[null] acquiring write lock for product id=urn:usgs-product:admin:trump-testproduct:sc-testproduct-uno:1534979077111
FINEST	thread=765	[null] acquired write lock for product id=urn:usgs-product:admin:trump-testproduct:sc-testproduct-uno:1534979077111
FINEST	thread=767	[null] acquired write lock for product id=urn:usgs-product:admin:trump-testproduct:sc-testproduct-uno:1534979077111
FINEST	thread=765	[null] acquiring read lock for product id=urn:usgs-product:admin:trump-testproduct:sc-testproduct-uno:1534979077111
FINEST	thread=767	[null] acquiring read lock for product id=urn:usgs-product:admin:trump-testproduct:sc-testproduct-uno:1534979077111
FINEST	thread=765	[null] acquired read lock for product id=urn:usgs-product:admin:trump-testproduct:sc-testproduct-uno:1534979077111
FINEST	thread=767	[null] acquired read lock for product id=urn:usgs-product:admin:trump-testproduct:sc-testproduct-uno:1534979077111
FINEST	thread=765	[null] releasing read lock for product id=urn:usgs-product:admin:trump-testproduct:sc-testproduct-uno:1534979077111
FINEST	thread=767	[null] releasing read lock for product id=urn:usgs-product:admin:trump-testproduct:sc-testproduct-uno:1534979077111
FINEST	thread=765	[null] released read lock for product id=urn:usgs-product:admin:trump-testproduct:sc-testproduct-uno:1534979077111
FINEST	thread=767	[null] released read lock for product id=urn:usgs-product:admin:trump-testproduct:sc-testproduct-uno:1534979077111
WARNING	thread=765	[null] exception while storing product, removing incomplete product
java.io.IOException: Unable to create directory /Users/jmfee/Documents/git/pdl/_test_storage_/trump-testproduct/sc-testproduct-uno/admin/1534979077111
	at gov.usgs.util.StreamUtils.getOutputStream(StreamUtils.java:154)
	at gov.usgs.util.StreamUtils.getOutputStream(StreamUtils.java:185)
	at gov.usgs.earthquake.product.io.DirectoryProductHandler.onEndProduct(DirectoryProductHandler.java:68)
	at gov.usgs.earthquake.product.io.FilterProductHandler.onEndProduct(FilterProductHandler.java:71)
	at gov.usgs.earthquake.distribution.FileProductStorage$StorageProductOutput.onEndProduct(FileProductStorage.java:855)
	at gov.usgs.earthquake.product.io.ObjectProductSource.sendEndProduct(ObjectProductSource.java:166)
	at gov.usgs.earthquake.product.io.ObjectProductSource.streamTo(ObjectProductSource.java:62)
	at gov.usgs.earthquake.distribution.FileProductStorage.storeProductSource(FileProductStorage.java:693)
	at gov.usgs.earthquake.distribution.FileProductStorage.storeProduct(FileProductStorage.java:675)
	at gov.usgs.earthquake.indexer.ExternalIndexerListener.storeProduct(ExternalIndexerListener.java:194)
	at gov.usgs.earthquake.indexer.ExternalIndexerListener.onIndexerEvent(ExternalIndexerListener.java:129)
	at gov.usgs.earthquake.indexer.IndexerListenerCallable.call(IndexerListenerCallable.java:37)
	at gov.usgs.earthquake.indexer.IndexerListenerCallable.call(IndexerListenerCallable.java:12)
	at gov.usgs.util.ExecutorTask.run(ExecutorTask.java:183)
	at java.base/java.util.concurrent.Executors$RunnableAdapter.call(Executors.java:514)
	at java.base/java.util.concurrent.FutureTask.run(FutureTask.java:264)
	at java.base/java.util.concurrent.ThreadPoolExecutor.runWorker(ThreadPoolExecutor.java:1135)
	at java.base/java.util.concurrent.ThreadPoolExecutor$Worker.run(ThreadPoolExecutor.java:635)
	at java.base/java.lang.Thread.run(Thread.java:844)
FINEST	thread=765	[null] acquiring write lock for product id=urn:usgs-product:admin:trump-testproduct:sc-testproduct-uno:1534979077111
FINEST	thread=765	[null] acquired write lock for product id=urn:usgs-product:admin:trump-testproduct:sc-testproduct-uno:1534979077111
FINER	thread=767	[null] product stored id=urn:usgs-product:admin:trump-testproduct:sc-testproduct-uno:1534979077111, status=UPDATE
FINEST	thread=767	[null] releasing write lock for product id=urn:usgs-product:admin:trump-testproduct:sc-testproduct-uno:1534979077111
FINEST	thread=767	[null] released write lock for product id=urn:usgs-product:admin:trump-testproduct:sc-testproduct-uno:1534979077111
FINEST	thread=767	[null] acquiring read lock for product id=urn:usgs-product:admin:trump-testproduct:sc-testproduct-uno:1534979077111
FINEST	thread=767	[null] acquired read lock for product id=urn:usgs-product:admin:trump-testproduct:sc-testproduct-uno:1534979077111
FINEST	thread=767	[null] releasing read lock for product id=urn:usgs-product:admin:trump-testproduct:sc-testproduct-uno:1534979077111
FINEST	thread=767	[null] released read lock for product id=urn:usgs-product:admin:trump-testproduct:sc-testproduct-uno:1534979077111
WARNING	thread=767	[null] listener (null) threw exception, for product id=urn:usgs-product:admin:trump-testproduct:sc-testproduct-uno:1534979077111
java.io.FileNotFoundException: _test_storage_/trump-testproduct/sc-testproduct-uno/admin/1534979077111/product.xml (No such file or directory)
	at java.base/java.io.FileInputStream.open0(Native Method)
	at java.base/java.io.FileInputStream.open(FileInputStream.java:220)
	at java.base/java.io.FileInputStream.<init>(FileInputStream.java:158)
	at gov.usgs.util.StreamUtils.getInputStream(StreamUtils.java:60)
	at gov.usgs.earthquake.product.io.DirectoryProductSource.streamTo(DirectoryProductSource.java:55)
	at gov.usgs.earthquake.product.io.ObjectProductHandler.getProduct(ObjectProductHandler.java:172)
	at gov.usgs.earthquake.distribution.FileProductStorage.getProduct(FileProductStorage.java:465)
	at gov.usgs.earthquake.indexer.ExternalIndexerListener.storeProduct(ExternalIndexerListener.java:195)
	at gov.usgs.earthquake.indexer.ExternalIndexerListener.onIndexerEvent(ExternalIndexerListener.java:129)
	at gov.usgs.earthquake.indexer.IndexerListenerCallable.call(IndexerListenerCallable.java:37)
	at gov.usgs.earthquake.indexer.IndexerListenerCallable.call(IndexerListenerCallable.java:12)
	at gov.usgs.util.ExecutorTask.run(ExecutorTask.java:183)
	at java.base/java.util.concurrent.Executors$RunnableAdapter.call(Executors.java:514)
	at java.base/java.util.concurrent.FutureTask.run(FutureTask.java:264)
	at java.base/java.util.concurrent.ThreadPoolExecutor.runWorker(ThreadPoolExecutor.java:1135)
	at java.base/java.util.concurrent.ThreadPoolExecutor$Worker.run(ThreadPoolExecutor.java:635)
	at java.base/java.lang.Thread.run(Thread.java:844)
FINER	thread=765	[null] product removed, id=urn:usgs-product:admin:trump-testproduct:sc-testproduct-uno:1534979077111
FINEST	thread=765	[null] releasing write lock for product id=urn:usgs-product:admin:trump-testproduct:sc-testproduct-uno:1534979077111
FINEST	thread=765	[null] released write lock for product id=urn:usgs-product:admin:trump-testproduct:sc-testproduct-uno:1534979077111
FINEST	thread=765	[null] releasing write lock for product id=urn:usgs-product:admin:trump-testproduct:sc-testproduct-uno:1534979077111
FINEST	thread=765	[null] released write lock for product id=urn:usgs-product:admin:trump-testproduct:sc-testproduct-uno:1534979077111
FINE	thread=767	Exception: _test_storage_/trump-testproduct/sc-testproduct-uno/admin/1534979077111/product.xml (No such file or directory) source=admin, type=trump-testproduct, code=sc-testproduct-uno, updateTime=Wed Aug 22 17:04:37 MDT 2018
WARNING	thread=765	[null] listener (null) threw exception, for product id=urn:usgs-product:admin:trump-testproduct:sc-testproduct-uno:1534979077111
java.io.IOException: Unable to create directory /Users/jmfee/Documents/git/pdl/_test_storage_/trump-testproduct/sc-testproduct-uno/admin/1534979077111
	at gov.usgs.util.StreamUtils.getOutputStream(StreamUtils.java:154)
	at gov.usgs.util.StreamUtils.getOutputStream(StreamUtils.java:185)
	at gov.usgs.earthquake.product.io.DirectoryProductHandler.onEndProduct(DirectoryProductHandler.java:68)
	at gov.usgs.earthquake.product.io.FilterProductHandler.onEndProduct(FilterProductHandler.java:71)
	at gov.usgs.earthquake.distribution.FileProductStorage$StorageProductOutput.onEndProduct(FileProductStorage.java:855)
	at gov.usgs.earthquake.product.io.ObjectProductSource.sendEndProduct(ObjectProductSource.java:166)
	at gov.usgs.earthquake.product.io.ObjectProductSource.streamTo(ObjectProductSource.java:62)
	at gov.usgs.earthquake.distribution.FileProductStorage.storeProductSource(FileProductStorage.java:693)
	at gov.usgs.earthquake.distribution.FileProductStorage.storeProduct(FileProductStorage.java:675)
	at gov.usgs.earthquake.indexer.ExternalIndexerListener.storeProduct(ExternalIndexerListener.java:194)
	at gov.usgs.earthquake.indexer.ExternalIndexerListener.onIndexerEvent(ExternalIndexerListener.java:129)
	at gov.usgs.earthquake.indexer.IndexerListenerCallable.call(IndexerListenerCallable.java:37)
	at gov.usgs.earthquake.indexer.IndexerListenerCallable.call(IndexerListenerCallable.java:12)
	at gov.usgs.util.ExecutorTask.run(ExecutorTask.java:183)
	at java.base/java.util.concurrent.Executors$RunnableAdapter.call(Executors.java:514)
	at java.base/java.util.concurrent.FutureTask.run(FutureTask.java:264)
	at java.base/java.util.concurrent.ThreadPoolExecutor.runWorker(ThreadPoolExecutor.java:1135)
	at java.base/java.util.concurrent.ThreadPoolExecutor$Worker.run(ThreadPoolExecutor.java:635)
	at java.base/java.lang.Thread.run(Thread.java:844)
FINEST	thread=767	Tracker updates disabled, not sent
FINE	thread=765	Exception: Unable to create directory /Users/jmfee/Documents/git/pdl/_test_storage_/trump-testproduct/sc-testproduct-uno/admin/1534979077111 source=admin, type=trump-testproduct, code=sc-testproduct-uno, updateTime=Wed Aug 22 17:04:37 MDT 2018
INFO	thread=767	Exception executing task
java.io.FileNotFoundException: _test_storage_/trump-testproduct/sc-testproduct-uno/admin/1534979077111/product.xml (No such file or directory)
	at java.base/java.io.FileInputStream.open0(Native Method)
	at java.base/java.io.FileInputStream.open(FileInputStream.java:220)
	at java.base/java.io.FileInputStream.<init>(FileInputStream.java:158)
	at gov.usgs.util.StreamUtils.getInputStream(StreamUtils.java:60)
	at gov.usgs.earthquake.product.io.DirectoryProductSource.streamTo(DirectoryProductSource.java:55)
	at gov.usgs.earthquake.product.io.ObjectProductHandler.getProduct(ObjectProductHandler.java:172)
	at gov.usgs.earthquake.distribution.FileProductStorage.getProduct(FileProductStorage.java:465)
	at gov.usgs.earthquake.indexer.ExternalIndexerListener.storeProduct(ExternalIndexerListener.java:195)
	at gov.usgs.earthquake.indexer.ExternalIndexerListener.onIndexerEvent(ExternalIndexerListener.java:129)
	at gov.usgs.earthquake.indexer.IndexerListenerCallable.call(IndexerListenerCallable.java:37)
	at gov.usgs.earthquake.indexer.IndexerListenerCallable.call(IndexerListenerCallable.java:12)
	at gov.usgs.util.ExecutorTask.run(ExecutorTask.java:183)
	at java.base/java.util.concurrent.Executors$RunnableAdapter.call(Executors.java:514)
	at java.base/java.util.concurrent.FutureTask.run(FutureTask.java:264)
	at java.base/java.util.concurrent.ThreadPoolExecutor.runWorker(ThreadPoolExecutor.java:1135)
	at java.base/java.util.concurrent.ThreadPoolExecutor$Worker.run(ThreadPoolExecutor.java:635)
	at java.base/java.lang.Thread.run(Thread.java:844)
FINEST	thread=765	Tracker updates disabled, not sent
INFO	thread=765	Exception executing task
java.io.IOException: Unable to create directory /Users/jmfee/Documents/git/pdl/_test_storage_/trump-testproduct/sc-testproduct-uno/admin/1534979077111
	at gov.usgs.util.StreamUtils.getOutputStream(StreamUtils.java:154)
	at gov.usgs.util.StreamUtils.getOutputStream(StreamUtils.java:185)
	at gov.usgs.earthquake.product.io.DirectoryProductHandler.onEndProduct(DirectoryProductHandler.java:68)
	at gov.usgs.earthquake.product.io.FilterProductHandler.onEndProduct(FilterProductHandler.java:71)
	at gov.usgs.earthquake.distribution.FileProductStorage$StorageProductOutput.onEndProduct(FileProductStorage.java:855)
	at gov.usgs.earthquake.product.io.ObjectProductSource.sendEndProduct(ObjectProductSource.java:166)
	at gov.usgs.earthquake.product.io.ObjectProductSource.streamTo(ObjectProductSource.java:62)
	at gov.usgs.earthquake.distribution.FileProductStorage.storeProductSource(FileProductStorage.java:693)
	at gov.usgs.earthquake.distribution.FileProductStorage.storeProduct(FileProductStorage.java:675)
	at gov.usgs.earthquake.indexer.ExternalIndexerListener.storeProduct(ExternalIndexerListener.java:194)
	at gov.usgs.earthquake.indexer.ExternalIndexerListener.onIndexerEvent(ExternalIndexerListener.java:129)
	at gov.usgs.earthquake.indexer.IndexerListenerCallable.call(IndexerListenerCallable.java:37)
	at gov.usgs.earthquake.indexer.IndexerListenerCallable.call(IndexerListenerCallable.java:12)
	at gov.usgs.util.ExecutorTask.run(ExecutorTask.java:183)
	at java.base/java.util.concurrent.Executors$RunnableAdapter.call(Executors.java:514)
	at java.base/java.util.concurrent.FutureTask.run(FutureTask.java:264)
	at java.base/java.util.concurrent.ThreadPoolExecutor.runWorker(ThreadPoolExecutor.java:1135)
	at java.base/java.util.concurrent.ThreadPoolExecutor$Worker.run(ThreadPoolExecutor.java:635)
	at java.base/java.lang.Thread.run(Thread.java:844)
FINEST	thread=13	[null] storing product id=urn:usgs-product:admin:trump-testproduct:sc-testproduct-uno:1534979077185
FINEST	thread=13	[null] acquiring write lock for product id=urn:usgs-product:admin:trump-testproduct:sc-testproduct-uno:1534979077185
FINEST	thread=13	[null] acquired write lock for product id=urn:usgs-product:admin:trump-testproduct:sc-testproduct-uno:1534979077185
FINEST	thread=13	[null] acquiring read lock for product id=urn:usgs-product:admin:trump-testproduct:sc-testproduct-uno:1534979077185
FINEST	thread=13	[null] acquired read lock for product id=urn:usgs-product:admin:trump-testproduct:sc-testproduct-uno:1534979077185
FINEST	thread=13	[null] releasing read lock for product id=urn:usgs-product:admin:trump-testproduct:sc-testproduct-uno:1534979077185
FINEST	thread=13	[null] released read lock for product id=urn:usgs-product:admin:trump-testproduct:sc-testproduct-uno:1534979077185
FINER	thread=13	[null] product stored id=urn:usgs-product:admin:trump-testproduct:sc-testproduct-uno:1534979077185, status=DELETE
FINEST	thread=13	[null] releasing write lock for product id=urn:usgs-product:admin:trump-testproduct:sc-testproduct-uno:1534979077185
FINEST	thread=13	[null] released write lock for product id=urn:usgs-product:admin:trump-testproduct:sc-testproduct-uno:1534979077185
FINEST	thread=13	[null] stored product id=urn:usgs-product:admin:trump-testproduct:sc-testproduct-uno:1534979077185
FINER	thread=13	[null] summarizing product id=urn:usgs-product:admin:trump-testproduct:sc-testproduct-uno:1534979077185
FINEST	thread=13	[null] beginning index transaction
FINER	thread=13	[null] finding previous version
FINEST	thread=13	[null] running query 
SELECT DISTINCT id FROM productSummary p WHERE p.id IS NOT NULL AND p.id = (SELECT id FROM productSummary ps WHERE ps.source='admin' AND ps.type='trump-testproduct' AND ps.code='sc-testproduct-uno' AND ps.status <> 'DELETE' ORDER BY ps.updateTime DESC LIMIT 1) AND source='admin' AND type='trump-testproduct' AND code='sc-testproduct-uno'
FINEST	thread=13	[null] query complete
FINER	thread=13	[null] finding previous event
FINEST	thread=13	Product Index Query
eventSearchType=SEARCH_EVENT_PRODUCTS
resultType=RESULT_TYPE_ALL
eventSource=ci
eventSourceCode=uno
FINER	thread=13	[null] adding summary to index
FINEST	thread=13	[null] Added property trump-source:ci for product 10
FINEST	thread=13	[null] Added property trump-code:uno for product 10
FINEST	thread=13	[null] Added property eventsourcecode:uno for product 10
FINEST	thread=13	[null] Added property eventsource:ci for product 10
FINEST	thread=13	[null] Added productSummary urn:usgs-product:admin:trump-testproduct:sc-testproduct-uno:1534979077185, indexid=10 to product index
FINER	thread=13	[null] found existing event indexid=1
FINE	thread=13	Eventindexid=1, eventid=ciuno, latitude=35, longitude=-118, time=Wed Aug 22 17:04:36 MDT 2018, deleted=false
FINER	thread=13	Products in event
	status=UPDATE, id=urn:usgs-product:us:testproduct:one:1534979077024, eventid=usone, latitude=35, longitude=-118, time=Wed Aug 22 17:04:36 MDT 2018
	status=UPDATE, id=urn:usgs-product:us:testproduct:one:1534979076817, eventid=usone, latitude=35, longitude=-118, time=Wed Aug 22 17:04:36 MDT 2018
	status=UPDATE, id=urn:usgs-product:ci:testproduct:uno:1534979076879, eventid=ciuno, latitude=35, longitude=-118, time=Wed Aug 22 17:04:36 MDT 2018
	status=UPDATE, id=urn:usgs-product:admin:trump-testproduct:us-testproduct-one:1534979076947, eventid=usone, latitude=null, longitude=null, time=null
	status=UPDATE, id=urn:usgs-product:admin:trump-testproduct:sc-testproduct-uno:1534979077111, eventid=ciuno, latitude=null, longitude=null, time=null
FINER	thread=13	[null] Added associations event id=1, productSummary source=admin, type=trump-testproduct, code=sc-testproduct-uno (id=10)
FINER	thread=13	[null] checking for event splits
FINEST	thread=13	Product Index Query
eventSearchType=SEARCH_EVENT_PREFERRED
resultType=RESULT_TYPE_ALL
minEventTime=Wed Aug 22 17:04:20 MDT 2018
maxEventTime=Wed Aug 22 17:04:52 MDT 2018
minEventLatitude=34.10007199424046075986183268469176255166530609130859375
maxEventLatitude=35.89992800575953924013816731530823744833469390869140625
minEventLongitude=-119.098609241146021986423875205218791961669921875
maxEventLongitude=-116.901390758853978013576124794781208038330078125
FINER	thread=13	[null] checking for event merges
FINEST	thread=13	Product Index Query
eventSearchType=SEARCH_EVENT_PREFERRED
resultType=RESULT_TYPE_ALL
minEventTime=Wed Aug 22 17:04:20 MDT 2018
maxEventTime=Wed Aug 22 17:04:52 MDT 2018
minEventLatitude=34.10007199424046075986183268469176255166530609130859375
maxEventLatitude=35.89992800575953924013816731530823744833469390869140625
minEventLongitude=-119.098609241146021986423875205218791961669921875
maxEventLongitude=-116.901390758853978013576124794781208038330078125
FINER	thread=13	[null] searching for nearby events
FINER	thread=13	[null] search for nearby events complete
FINER	thread=13	[null] searching for unassociated products
FINER	thread=13	[null] search for unassociated products complete
FINER	thread=13	[null] Removed associations event id=1, productSummary source=ci, type=testproduct, code=uno (id=8)
FINEST	thread=13	[null] Removed productSummary id=8
FINEST	thread=13	[null] acquiring read lock for product id=urn:usgs-product:ci:testproduct:uno:1534979076879
FINEST	thread=13	[null] acquired read lock for product id=urn:usgs-product:ci:testproduct:uno:1534979076879
FINEST	thread=13	[null] releasing read lock for product id=urn:usgs-product:ci:testproduct:uno:1534979076879
FINEST	thread=13	[null] released read lock for product id=urn:usgs-product:ci:testproduct:uno:1534979076879
FINER	thread=13	[DirectoryProductSource] Product does not have any  URLContent. Scraping directory for files.
INFO	thread=13	Resummarizing product urn:usgs-product:ci:testproduct:uno:1534979076879, weight 100000000 (old) => 156 (new)
FINEST	thread=13	[null] Added property eventsourcecode:uno for product 11
FINEST	thread=13	[null] Added property eventtime:2018-08-22T23:04:36.817Z for product 11
FINEST	thread=13	[null] Added property eventsource:ci for product 11
FINEST	thread=13	[null] Added property latitude:35 for product 11
FINEST	thread=13	[null] Added property longitude:-118 for product 11
FINEST	thread=13	[null] Added productSummary urn:usgs-product:ci:testproduct:uno:1534979076879, indexid=11 to product index
FINER	thread=13	[null] Added associations event id=1, productSummary source=ci, type=testproduct, code=uno (id=11)
INFO	thread=13	Setting product preferred weight urn:usgs-product:us:testproduct:one:1534979077024, weight 6 (old) => 100000000 (new)
FINER	thread=13	[null] Removed associations event id=1, productSummary source=us, type=testproduct, code=one (id=9)
FINEST	thread=13	[null] Removed productSummary id=9
FINEST	thread=13	[null] Added property latitude:35 for product 12
FINEST	thread=13	[null] Added property eventsourcecode:one for product 12
FINEST	thread=13	[null] Added property eventtime:2018-08-22T23:04:36.817Z for product 12
FINEST	thread=13	[null] Added property eventsource:us for product 12
FINEST	thread=13	[null] Added property longitude:-118 for product 12
FINEST	thread=13	[null] Added productSummary urn:usgs-product:us:testproduct:one:1534979077024, indexid=12 to product index
FINER	thread=13	[null] Added associations event id=1, productSummary source=us, type=testproduct, code=one (id=12)
FINER	thread=13	[null] updating event summary parameters
FINER	thread=13	[null] Updating event indexid=1
FINE	thread=13	Eventindexid=1, eventid=usone, latitude=35, longitude=-118, time=Wed Aug 22 17:04:36 MDT 2018, deleted=false
FINER	thread=13	Products in event
	status=UPDATE, id=urn:usgs-product:ci:testproduct:uno:1534979076879, eventid=ciuno, latitude=35, longitude=-118, time=Wed Aug 22 17:04:36 MDT 2018
	status=UPDATE, id=urn:usgs-product:us:testproduct:one:1534979077024, eventid=usone, latitude=35, longitude=-118, time=Wed Aug 22 17:04:36 MDT 2018
	status=UPDATE, id=urn:usgs-product:admin:trump-testproduct:us-testproduct-one:1534979076947, eventid=usone, latitude=null, longitude=null, time=null
	status=UPDATE, id=urn:usgs-product:admin:trump-testproduct:sc-testproduct-uno:1534979077111, eventid=ciuno, latitude=null, longitude=null, time=null
	status=DELETE, id=urn:usgs-product:admin:trump-testproduct:sc-testproduct-uno:1534979077185, eventid=ciuno, latitude=null, longitude=null, time=null
FINEST	thread=13	[null] Updated event properties in Product Index
FINER	thread=13	[null] committing transaction
FINE	thread=13	[null] notifying listeners
INFO	thread=13	[null] indexed product id=urn:usgs-product:admin:trump-testproduct:sc-testproduct-uno:1534979077185, status=DELETE
EVENT_UPDATED usone => usone
FINEST	thread=765	[null] acquiring read lock for product id=urn:usgs-product:admin:trump-testproduct:sc-testproduct-uno:1534979077185
FINEST	thread=765	[null] acquired read lock for product id=urn:usgs-product:admin:trump-testproduct:sc-testproduct-uno:1534979077185
FINEST	thread=765	[null] releasing read lock for product id=urn:usgs-product:admin:trump-testproduct:sc-testproduct-uno:1534979077185
FINEST	thread=765	[null] released read lock for product id=urn:usgs-product:admin:trump-testproduct:sc-testproduct-uno:1534979077185
FINEST	thread=767	[null] acquiring read lock for product id=urn:usgs-product:admin:trump-testproduct:sc-testproduct-uno:1534979077185
FINEST	thread=767	[null] acquired read lock for product id=urn:usgs-product:admin:trump-testproduct:sc-testproduct-uno:1534979077185
FINEST	thread=767	[null] releasing read lock for product id=urn:usgs-product:admin:trump-testproduct:sc-testproduct-uno:1534979077185
FINEST	thread=767	[null] released read lock for product id=urn:usgs-product:admin:trump-testproduct:sc-testproduct-uno:1534979077185
FINER	thread=765	[DirectoryProductSource] Product does not have any  URLContent. Scraping directory for files.
FINER	thread=767	[DirectoryProductSource] Product does not have any  URLContent. Scraping directory for files.
FINEST	thread=767	[null] acquiring write lock for product id=urn:usgs-product:admin:trump-testproduct:sc-testproduct-uno:1534979077185
FINEST	thread=767	[null] acquired write lock for product id=urn:usgs-product:admin:trump-testproduct:sc-testproduct-uno:1534979077185
FINEST	thread=767	[null] acquiring read lock for product id=urn:usgs-product:admin:trump-testproduct:sc-testproduct-uno:1534979077185
FINEST	thread=767	[null] acquired read lock for product id=urn:usgs-product:admin:trump-testproduct:sc-testproduct-uno:1534979077185
FINEST	thread=765	[null] acquiring write lock for product id=urn:usgs-product:admin:trump-testproduct:sc-testproduct-uno:1534979077185
FINEST	thread=767	[null] releasing read lock for product id=urn:usgs-product:admin:trump-testproduct:sc-testproduct-uno:1534979077185
FINEST	thread=765	[null] acquired write lock for product id=urn:usgs-product:admin:trump-testproduct:sc-testproduct-uno:1534979077185
FINEST	thread=767	[null] released read lock for product id=urn:usgs-product:admin:trump-testproduct:sc-testproduct-uno:1534979077185
FINEST	thread=765	[null] acquiring read lock for product id=urn:usgs-product:admin:trump-testproduct:sc-testproduct-uno:1534979077185
FINEST	thread=765	[null] acquired read lock for product id=urn:usgs-product:admin:trump-testproduct:sc-testproduct-uno:1534979077185
FINEST	thread=765	[null] releasing read lock for product id=urn:usgs-product:admin:trump-testproduct:sc-testproduct-uno:1534979077185
FINEST	thread=765	[null] released read lock for product id=urn:usgs-product:admin:trump-testproduct:sc-testproduct-uno:1534979077185
WARNING	thread=767	[null] exception while storing product, removing incomplete product
java.io.IOException: Unable to create directory /Users/jmfee/Documents/git/pdl/_test_storage_/trump-testproduct/sc-testproduct-uno/admin/1534979077185
	at gov.usgs.util.StreamUtils.getOutputStream(StreamUtils.java:154)
	at gov.usgs.util.StreamUtils.getOutputStream(StreamUtils.java:185)
	at gov.usgs.earthquake.product.io.DirectoryProductHandler.onEndProduct(DirectoryProductHandler.java:68)
	at gov.usgs.earthquake.product.io.FilterProductHandler.onEndProduct(FilterProductHandler.java:71)
	at gov.usgs.earthquake.distribution.FileProductStorage$StorageProductOutput.onEndProduct(FileProductStorage.java:855)
	at gov.usgs.earthquake.product.io.ObjectProductSource.sendEndProduct(ObjectProductSource.java:166)
	at gov.usgs.earthquake.product.io.ObjectProductSource.streamTo(ObjectProductSource.java:62)
	at gov.usgs.earthquake.distribution.FileProductStorage.storeProductSource(FileProductStorage.java:693)
	at gov.usgs.earthquake.distribution.FileProductStorage.storeProduct(FileProductStorage.java:675)
	at gov.usgs.earthquake.indexer.ExternalIndexerListener.storeProduct(ExternalIndexerListener.java:194)
	at gov.usgs.earthquake.indexer.ExternalIndexerListener.onIndexerEvent(ExternalIndexerListener.java:129)
	at gov.usgs.earthquake.indexer.IndexerListenerCallable.call(IndexerListenerCallable.java:37)
	at gov.usgs.earthquake.indexer.IndexerListenerCallable.call(IndexerListenerCallable.java:12)
	at gov.usgs.util.ExecutorTask.run(ExecutorTask.java:183)
	at java.base/java.util.concurrent.Executors$RunnableAdapter.call(Executors.java:514)
	at java.base/java.util.concurrent.FutureTask.run(FutureTask.java:264)
	at java.base/java.util.concurrent.ThreadPoolExecutor.runWorker(ThreadPoolExecutor.java:1135)
	at java.base/java.util.concurrent.ThreadPoolExecutor$Worker.run(ThreadPoolExecutor.java:635)
	at java.base/java.lang.Thread.run(Thread.java:844)
FINER	thread=765	[null] product stored id=urn:usgs-product:admin:trump-testproduct:sc-testproduct-uno:1534979077185, status=DELETE
FINEST	thread=767	[null] acquiring write lock for product id=urn:usgs-product:admin:trump-testproduct:sc-testproduct-uno:1534979077185
FINEST	thread=765	[null] releasing write lock for product id=urn:usgs-product:admin:trump-testproduct:sc-testproduct-uno:1534979077185
FINEST	thread=765	[null] released write lock for product id=urn:usgs-product:admin:trump-testproduct:sc-testproduct-uno:1534979077185
FINEST	thread=765	[null] acquiring read lock for product id=urn:usgs-product:admin:trump-testproduct:sc-testproduct-uno:1534979077185
FINEST	thread=765	[null] acquired read lock for product id=urn:usgs-product:admin:trump-testproduct:sc-testproduct-uno:1534979077185
FINEST	thread=765	[null] releasing read lock for product id=urn:usgs-product:admin:trump-testproduct:sc-testproduct-uno:1534979077185
FINEST	thread=765	[null] released read lock for product id=urn:usgs-product:admin:trump-testproduct:sc-testproduct-uno:1534979077185
FINEST	thread=767	[null] acquired write lock for product id=urn:usgs-product:admin:trump-testproduct:sc-testproduct-uno:1534979077185
FINER	thread=767	[null] product removed, id=urn:usgs-product:admin:trump-testproduct:sc-testproduct-uno:1534979077185
FINEST	thread=767	[null] releasing write lock for product id=urn:usgs-product:admin:trump-testproduct:sc-testproduct-uno:1534979077185
FINEST	thread=767	[null] released write lock for product id=urn:usgs-product:admin:trump-testproduct:sc-testproduct-uno:1534979077185
FINEST	thread=767	[null] releasing write lock for product id=urn:usgs-product:admin:trump-testproduct:sc-testproduct-uno:1534979077185
FINEST	thread=767	[null] released write lock for product id=urn:usgs-product:admin:trump-testproduct:sc-testproduct-uno:1534979077185
WARNING	thread=767	[null] listener (null) threw exception, for product id=urn:usgs-product:admin:trump-testproduct:sc-testproduct-uno:1534979077185
java.io.IOException: Unable to create directory /Users/jmfee/Documents/git/pdl/_test_storage_/trump-testproduct/sc-testproduct-uno/admin/1534979077185
	at gov.usgs.util.StreamUtils.getOutputStream(StreamUtils.java:154)
	at gov.usgs.util.StreamUtils.getOutputStream(StreamUtils.java:185)
	at gov.usgs.earthquake.product.io.DirectoryProductHandler.onEndProduct(DirectoryProductHandler.java:68)
	at gov.usgs.earthquake.product.io.FilterProductHandler.onEndProduct(FilterProductHandler.java:71)
	at gov.usgs.earthquake.distribution.FileProductStorage$StorageProductOutput.onEndProduct(FileProductStorage.java:855)
	at gov.usgs.earthquake.product.io.ObjectProductSource.sendEndProduct(ObjectProductSource.java:166)
	at gov.usgs.earthquake.product.io.ObjectProductSource.streamTo(ObjectProductSource.java:62)
	at gov.usgs.earthquake.distribution.FileProductStorage.storeProductSource(FileProductStorage.java:693)
	at gov.usgs.earthquake.distribution.FileProductStorage.storeProduct(FileProductStorage.java:675)
	at gov.usgs.earthquake.indexer.ExternalIndexerListener.storeProduct(ExternalIndexerListener.java:194)
	at gov.usgs.earthquake.indexer.ExternalIndexerListener.onIndexerEvent(ExternalIndexerListener.java:129)
	at gov.usgs.earthquake.indexer.IndexerListenerCallable.call(IndexerListenerCallable.java:37)
	at gov.usgs.earthquake.indexer.IndexerListenerCallable.call(IndexerListenerCallable.java:12)
	at gov.usgs.util.ExecutorTask.run(ExecutorTask.java:183)
	at java.base/java.util.concurrent.Executors$RunnableAdapter.call(Executors.java:514)
	at java.base/java.util.concurrent.FutureTask.run(FutureTask.java:264)
	at java.base/java.util.concurrent.ThreadPoolExecutor.runWorker(ThreadPoolExecutor.java:1135)
	at java.base/java.util.concurrent.ThreadPoolExecutor$Worker.run(ThreadPoolExecutor.java:635)
	at java.base/java.lang.Thread.run(Thread.java:844)
FINER	thread=765	[DirectoryProductSource] Product does not have any  URLContent. Scraping directory for files.
FINE	thread=767	Exception: Unable to create directory /Users/jmfee/Documents/git/pdl/_test_storage_/trump-testproduct/sc-testproduct-uno/admin/1534979077185 source=admin, type=trump-testproduct, code=sc-testproduct-uno, updateTime=Wed Aug 22 17:04:37 MDT 2018
FINEST	thread=767	Tracker updates disabled, not sent
INFO	thread=767	Exception executing task
java.io.IOException: Unable to create directory /Users/jmfee/Documents/git/pdl/_test_storage_/trump-testproduct/sc-testproduct-uno/admin/1534979077185
	at gov.usgs.util.StreamUtils.getOutputStream(StreamUtils.java:154)
	at gov.usgs.util.StreamUtils.getOutputStream(StreamUtils.java:185)
	at gov.usgs.earthquake.product.io.DirectoryProductHandler.onEndProduct(DirectoryProductHandler.java:68)
	at gov.usgs.earthquake.product.io.FilterProductHandler.onEndProduct(FilterProductHandler.java:71)
	at gov.usgs.earthquake.distribution.FileProductStorage$StorageProductOutput.onEndProduct(FileProductStorage.java:855)
	at gov.usgs.earthquake.product.io.ObjectProductSource.sendEndProduct(ObjectProductSource.java:166)
	at gov.usgs.earthquake.product.io.ObjectProductSource.streamTo(ObjectProductSource.java:62)
	at gov.usgs.earthquake.distribution.FileProductStorage.storeProductSource(FileProductStorage.java:693)
	at gov.usgs.earthquake.distribution.FileProductStorage.storeProduct(FileProductStorage.java:675)
	at gov.usgs.earthquake.indexer.ExternalIndexerListener.storeProduct(ExternalIndexerListener.java:194)
	at gov.usgs.earthquake.indexer.ExternalIndexerListener.onIndexerEvent(ExternalIndexerListener.java:129)
	at gov.usgs.earthquake.indexer.IndexerListenerCallable.call(IndexerListenerCallable.java:37)
	at gov.usgs.earthquake.indexer.IndexerListenerCallable.call(IndexerListenerCallable.java:12)
	at gov.usgs.util.ExecutorTask.run(ExecutorTask.java:183)
	at java.base/java.util.concurrent.Executors$RunnableAdapter.call(Executors.java:514)
	at java.base/java.util.concurrent.FutureTask.run(FutureTask.java:264)
	at java.base/java.util.concurrent.ThreadPoolExecutor.runWorker(ThreadPoolExecutor.java:1135)
	at java.base/java.util.concurrent.ThreadPoolExecutor$Worker.run(ThreadPoolExecutor.java:635)
	at java.base/java.lang.Thread.run(Thread.java:844)
WARNING	thread=765	[null] listener (null) threw exception, for product id=urn:usgs-product:admin:trump-testproduct:sc-testproduct-uno:1534979077185
java.lang.NullPointerException
	at gov.usgs.earthquake.product.FileContent.getDirectoryContents(FileContent.java:183)
	at gov.usgs.earthquake.product.FileContent.getDirectoryContents(FileContent.java:160)
	at gov.usgs.earthquake.product.io.DirectoryProductSource.streamTo(DirectoryProductSource.java:91)
	at gov.usgs.earthquake.product.io.ObjectProductHandler.getProduct(ObjectProductHandler.java:172)
	at gov.usgs.earthquake.distribution.FileProductStorage.getProduct(FileProductStorage.java:465)
	at gov.usgs.earthquake.indexer.ExternalIndexerListener.storeProduct(ExternalIndexerListener.java:195)
	at gov.usgs.earthquake.indexer.ExternalIndexerListener.onIndexerEvent(ExternalIndexerListener.java:129)
	at gov.usgs.earthquake.indexer.IndexerListenerCallable.call(IndexerListenerCallable.java:37)
	at gov.usgs.earthquake.indexer.IndexerListenerCallable.call(IndexerListenerCallable.java:12)
	at gov.usgs.util.ExecutorTask.run(ExecutorTask.java:183)
	at java.base/java.util.concurrent.Executors$RunnableAdapter.call(Executors.java:514)
	at java.base/java.util.concurrent.FutureTask.run(FutureTask.java:264)
	at java.base/java.util.concurrent.ThreadPoolExecutor.runWorker(ThreadPoolExecutor.java:1135)
	at java.base/java.util.concurrent.ThreadPoolExecutor$Worker.run(ThreadPoolExecutor.java:635)
	at java.base/java.lang.Thread.run(Thread.java:844)
FINE	thread=765	Exception: null source=admin, type=trump-testproduct, code=sc-testproduct-uno, updateTime=Wed Aug 22 17:04:37 MDT 2018
FINEST	thread=765	Tracker updates disabled, not sent
INFO	thread=765	Exception executing task
java.lang.NullPointerException
	at gov.usgs.earthquake.product.FileContent.getDirectoryContents(FileContent.java:183)
	at gov.usgs.earthquake.product.FileContent.getDirectoryContents(FileContent.java:160)
	at gov.usgs.earthquake.product.io.DirectoryProductSource.streamTo(DirectoryProductSource.java:91)
	at gov.usgs.earthquake.product.io.ObjectProductHandler.getProduct(ObjectProductHandler.java:172)
	at gov.usgs.earthquake.distribution.FileProductStorage.getProduct(FileProductStorage.java:465)
	at gov.usgs.earthquake.indexer.ExternalIndexerListener.storeProduct(ExternalIndexerListener.java:195)
	at gov.usgs.earthquake.indexer.ExternalIndexerListener.onIndexerEvent(ExternalIndexerListener.java:129)
	at gov.usgs.earthquake.indexer.IndexerListenerCallable.call(IndexerListenerCallable.java:37)
	at gov.usgs.earthquake.indexer.IndexerListenerCallable.call(IndexerListenerCallable.java:12)
	at gov.usgs.util.ExecutorTask.run(ExecutorTask.java:183)
	at java.base/java.util.concurrent.Executors$RunnableAdapter.call(Executors.java:514)
	at java.base/java.util.concurrent.FutureTask.run(FutureTask.java:264)
	at java.base/java.util.concurrent.ThreadPoolExecutor.runWorker(ThreadPoolExecutor.java:1135)
	at java.base/java.util.concurrent.ThreadPoolExecutor$Worker.run(ThreadPoolExecutor.java:635)
	at java.base/java.lang.Thread.run(Thread.java:844)
FINEST	thread=13	[null] storing product id=urn:usgs-product:admin:trump-testproduct:us-testproduct-one:1534979077260
FINEST	thread=13	[null] acquiring write lock for product id=urn:usgs-product:admin:trump-testproduct:us-testproduct-one:1534979077260
FINEST	thread=13	[null] acquired write lock for product id=urn:usgs-product:admin:trump-testproduct:us-testproduct-one:1534979077260
FINEST	thread=13	[null] acquiring read lock for product id=urn:usgs-product:admin:trump-testproduct:us-testproduct-one:1534979077260
FINEST	thread=13	[null] acquired read lock for product id=urn:usgs-product:admin:trump-testproduct:us-testproduct-one:1534979077260
FINEST	thread=13	[null] releasing read lock for product id=urn:usgs-product:admin:trump-testproduct:us-testproduct-one:1534979077260
FINEST	thread=13	[null] released read lock for product id=urn:usgs-product:admin:trump-testproduct:us-testproduct-one:1534979077260
FINER	thread=13	[null] product stored id=urn:usgs-product:admin:trump-testproduct:us-testproduct-one:1534979077260, status=DELETE
FINEST	thread=13	[null] releasing write lock for product id=urn:usgs-product:admin:trump-testproduct:us-testproduct-one:1534979077260
FINEST	thread=13	[null] released write lock for product id=urn:usgs-product:admin:trump-testproduct:us-testproduct-one:1534979077260
FINEST	thread=13	[null] stored product id=urn:usgs-product:admin:trump-testproduct:us-testproduct-one:1534979077260
FINER	thread=13	[null] summarizing product id=urn:usgs-product:admin:trump-testproduct:us-testproduct-one:1534979077260
FINEST	thread=13	[null] beginning index transaction
FINER	thread=13	[null] finding previous version
FINEST	thread=13	[null] running query 
SELECT DISTINCT id FROM productSummary p WHERE p.id IS NOT NULL AND p.id = (SELECT id FROM productSummary ps WHERE ps.source='admin' AND ps.type='trump-testproduct' AND ps.code='us-testproduct-one' AND ps.status <> 'DELETE' ORDER BY ps.updateTime DESC LIMIT 1) AND source='admin' AND type='trump-testproduct' AND code='us-testproduct-one'
FINEST	thread=13	[null] query complete
FINER	thread=13	[null] finding previous event
FINEST	thread=13	Product Index Query
eventSearchType=SEARCH_EVENT_PRODUCTS
resultType=RESULT_TYPE_ALL
eventSource=us
eventSourceCode=one
FINER	thread=13	[null] adding summary to index
FINEST	thread=13	[null] Added property trump-source:us for product 13
FINEST	thread=13	[null] Added property trump-code:one for product 13
FINEST	thread=13	[null] Added property eventsourcecode:one for product 13
FINEST	thread=13	[null] Added property eventsource:us for product 13
FINEST	thread=13	[null] Added productSummary urn:usgs-product:admin:trump-testproduct:us-testproduct-one:1534979077260, indexid=13 to product index
FINER	thread=13	[null] found existing event indexid=1
FINE	thread=13	Eventindexid=1, eventid=usone, latitude=35, longitude=-118, time=Wed Aug 22 17:04:36 MDT 2018, deleted=false
FINER	thread=13	Products in event
	status=UPDATE, id=urn:usgs-product:ci:testproduct:uno:1534979076879, eventid=ciuno, latitude=35, longitude=-118, time=Wed Aug 22 17:04:36 MDT 2018
	status=UPDATE, id=urn:usgs-product:us:testproduct:one:1534979076817, eventid=usone, latitude=35, longitude=-118, time=Wed Aug 22 17:04:36 MDT 2018
	status=UPDATE, id=urn:usgs-product:us:testproduct:one:1534979077024, eventid=usone, latitude=35, longitude=-118, time=Wed Aug 22 17:04:36 MDT 2018
	status=UPDATE, id=urn:usgs-product:admin:trump-testproduct:us-testproduct-one:1534979076947, eventid=usone, latitude=null, longitude=null, time=null
	status=UPDATE, id=urn:usgs-product:admin:trump-testproduct:sc-testproduct-uno:1534979077111, eventid=ciuno, latitude=null, longitude=null, time=null
	status=DELETE, id=urn:usgs-product:admin:trump-testproduct:sc-testproduct-uno:1534979077185, eventid=ciuno, latitude=null, longitude=null, time=null
FINER	thread=13	[null] Added associations event id=1, productSummary source=admin, type=trump-testproduct, code=us-testproduct-one (id=13)
FINER	thread=13	[null] checking for event splits
FINEST	thread=13	Product Index Query
eventSearchType=SEARCH_EVENT_PREFERRED
resultType=RESULT_TYPE_ALL
minEventTime=Wed Aug 22 17:04:20 MDT 2018
maxEventTime=Wed Aug 22 17:04:52 MDT 2018
minEventLatitude=34.10007199424046075986183268469176255166530609130859375
maxEventLatitude=35.89992800575953924013816731530823744833469390869140625
minEventLongitude=-119.098609241146021986423875205218791961669921875
maxEventLongitude=-116.901390758853978013576124794781208038330078125
FINER	thread=13	[null] checking for event merges
FINEST	thread=13	Product Index Query
eventSearchType=SEARCH_EVENT_PREFERRED
resultType=RESULT_TYPE_ALL
minEventTime=Wed Aug 22 17:04:20 MDT 2018
maxEventTime=Wed Aug 22 17:04:52 MDT 2018
minEventLatitude=34.10007199424046075986183268469176255166530609130859375
maxEventLatitude=35.89992800575953924013816731530823744833469390869140625
minEventLongitude=-119.098609241146021986423875205218791961669921875
maxEventLongitude=-116.901390758853978013576124794781208038330078125
FINER	thread=13	[null] searching for nearby events
FINER	thread=13	[null] search for nearby events complete
FINER	thread=13	[null] searching for unassociated products
FINER	thread=13	[null] search for unassociated products complete
FINER	thread=13	[null] Removed associations event id=1, productSummary source=us, type=testproduct, code=one (id=12)
FINEST	thread=13	[null] Removed productSummary id=12
FINEST	thread=13	[null] acquiring read lock for product id=urn:usgs-product:us:testproduct:one:1534979077024
FINEST	thread=13	[null] acquired read lock for product id=urn:usgs-product:us:testproduct:one:1534979077024
FINEST	thread=13	[null] releasing read lock for product id=urn:usgs-product:us:testproduct:one:1534979077024
FINEST	thread=13	[null] released read lock for product id=urn:usgs-product:us:testproduct:one:1534979077024
FINER	thread=13	[DirectoryProductSource] Product does not have any  URLContent. Scraping directory for files.
INFO	thread=13	Resummarizing product urn:usgs-product:us:testproduct:one:1534979077024, weight 100000000 (old) => 6 (new)
FINEST	thread=13	[null] Added property eventsourcecode:one for product 14
FINEST	thread=13	[null] Added property eventtime:2018-08-22T23:04:36.817Z for product 14
FINEST	thread=13	[null] Added property eventsource:us for product 14
FINEST	thread=13	[null] Added property latitude:35 for product 14
FINEST	thread=13	[null] Added property longitude:-118 for product 14
FINEST	thread=13	[null] Added productSummary urn:usgs-product:us:testproduct:one:1534979077024, indexid=14 to product index
FINER	thread=13	[null] Added associations event id=1, productSummary source=us, type=testproduct, code=one (id=14)
FINER	thread=13	[null] updating event summary parameters
FINER	thread=13	[null] Updating event indexid=1
FINE	thread=13	Eventindexid=1, eventid=ciuno, latitude=35, longitude=-118, time=Wed Aug 22 17:04:36 MDT 2018, deleted=false
FINER	thread=13	Products in event
	status=UPDATE, id=urn:usgs-product:ci:testproduct:uno:1534979076879, eventid=ciuno, latitude=35, longitude=-118, time=Wed Aug 22 17:04:36 MDT 2018
	status=UPDATE, id=urn:usgs-product:us:testproduct:one:1534979077024, eventid=usone, latitude=35, longitude=-118, time=Wed Aug 22 17:04:36 MDT 2018
	status=UPDATE, id=urn:usgs-product:admin:trump-testproduct:us-testproduct-one:1534979076947, eventid=usone, latitude=null, longitude=null, time=null
	status=UPDATE, id=urn:usgs-product:admin:trump-testproduct:sc-testproduct-uno:1534979077111, eventid=ciuno, latitude=null, longitude=null, time=null
	status=DELETE, id=urn:usgs-product:admin:trump-testproduct:sc-testproduct-uno:1534979077185, eventid=ciuno, latitude=null, longitude=null, time=null
	status=DELETE, id=urn:usgs-product:admin:trump-testproduct:us-testproduct-one:1534979077260, eventid=usone, latitude=null, longitude=null, time=null
FINEST	thread=13	[null] Updated event properties in Product Index
FINER	thread=13	[null] committing transaction
FINE	thread=13	[null] notifying listeners
INFO	thread=13	[null] indexed product id=urn:usgs-product:admin:trump-testproduct:us-testproduct-one:1534979077260, status=DELETE
EVENT_UPDATED usone => ciuno
FINEST	thread=765	[null] acquiring read lock for product id=urn:usgs-product:admin:trump-testproduct:us-testproduct-one:1534979077260
FINEST	thread=765	[null] acquired read lock for product id=urn:usgs-product:admin:trump-testproduct:us-testproduct-one:1534979077260
FINEST	thread=765	[null] releasing read lock for product id=urn:usgs-product:admin:trump-testproduct:us-testproduct-one:1534979077260
FINEST	thread=765	[null] released read lock for product id=urn:usgs-product:admin:trump-testproduct:us-testproduct-one:1534979077260
FINEST	thread=767	[null] acquiring read lock for product id=urn:usgs-product:admin:trump-testproduct:us-testproduct-one:1534979077260
FINEST	thread=767	[null] acquired read lock for product id=urn:usgs-product:admin:trump-testproduct:us-testproduct-one:1534979077260
FINEST	thread=767	[null] releasing read lock for product id=urn:usgs-product:admin:trump-testproduct:us-testproduct-one:1534979077260
FINEST	thread=767	[null] released read lock for product id=urn:usgs-product:admin:trump-testproduct:us-testproduct-one:1534979077260
FINER	thread=765	[DirectoryProductSource] Product does not have any  URLContent. Scraping directory for files.
FINEST	thread=765	[null] acquiring write lock for product id=urn:usgs-product:admin:trump-testproduct:us-testproduct-one:1534979077260
FINEST	thread=765	[null] acquired write lock for product id=urn:usgs-product:admin:trump-testproduct:us-testproduct-one:1534979077260
FINEST	thread=765	[null] acquiring read lock for product id=urn:usgs-product:admin:trump-testproduct:us-testproduct-one:1534979077260
FINEST	thread=765	[null] acquired read lock for product id=urn:usgs-product:admin:trump-testproduct:us-testproduct-one:1534979077260
FINEST	thread=765	[null] releasing read lock for product id=urn:usgs-product:admin:trump-testproduct:us-testproduct-one:1534979077260
FINEST	thread=765	[null] released read lock for product id=urn:usgs-product:admin:trump-testproduct:us-testproduct-one:1534979077260
FINER	thread=767	[DirectoryProductSource] Product does not have any  URLContent. Scraping directory for files.
FINEST	thread=767	[null] acquiring write lock for product id=urn:usgs-product:admin:trump-testproduct:us-testproduct-one:1534979077260
FINEST	thread=767	[null] acquired write lock for product id=urn:usgs-product:admin:trump-testproduct:us-testproduct-one:1534979077260
FINEST	thread=767	[null] acquiring read lock for product id=urn:usgs-product:admin:trump-testproduct:us-testproduct-one:1534979077260
FINEST	thread=767	[null] acquired read lock for product id=urn:usgs-product:admin:trump-testproduct:us-testproduct-one:1534979077260
FINEST	thread=767	[null] releasing read lock for product id=urn:usgs-product:admin:trump-testproduct:us-testproduct-one:1534979077260
FINEST	thread=767	[null] released read lock for product id=urn:usgs-product:admin:trump-testproduct:us-testproduct-one:1534979077260
FINER	thread=765	[null] product stored id=urn:usgs-product:admin:trump-testproduct:us-testproduct-one:1534979077260, status=DELETE
FINEST	thread=765	[null] releasing write lock for product id=urn:usgs-product:admin:trump-testproduct:us-testproduct-one:1534979077260
FINEST	thread=765	[null] released write lock for product id=urn:usgs-product:admin:trump-testproduct:us-testproduct-one:1534979077260
FINEST	thread=765	[null] acquiring read lock for product id=urn:usgs-product:admin:trump-testproduct:us-testproduct-one:1534979077260
FINEST	thread=765	[null] acquired read lock for product id=urn:usgs-product:admin:trump-testproduct:us-testproduct-one:1534979077260
FINEST	thread=765	[null] releasing read lock for product id=urn:usgs-product:admin:trump-testproduct:us-testproduct-one:1534979077260
FINEST	thread=765	[null] released read lock for product id=urn:usgs-product:admin:trump-testproduct:us-testproduct-one:1534979077260
FINER	thread=767	[null] product stored id=urn:usgs-product:admin:trump-testproduct:us-testproduct-one:1534979077260, status=DELETE
FINEST	thread=767	[null] releasing write lock for product id=urn:usgs-product:admin:trump-testproduct:us-testproduct-one:1534979077260
FINEST	thread=767	[null] released write lock for product id=urn:usgs-product:admin:trump-testproduct:us-testproduct-one:1534979077260
FINEST	thread=767	[null] acquiring read lock for product id=urn:usgs-product:admin:trump-testproduct:us-testproduct-one:1534979077260
FINEST	thread=767	[null] acquired read lock for product id=urn:usgs-product:admin:trump-testproduct:us-testproduct-one:1534979077260
FINEST	thread=767	[null] releasing read lock for product id=urn:usgs-product:admin:trump-testproduct:us-testproduct-one:1534979077260
FINEST	thread=767	[null] released read lock for product id=urn:usgs-product:admin:trump-testproduct:us-testproduct-one:1534979077260
WARNING	thread=765	[null] listener (null) threw exception, for product id=urn:usgs-product:admin:trump-testproduct:us-testproduct-one:1534979077260
org.xml.sax.SAXParseException; lineNumber: 1; columnNumber: 1; Premature end of file.
	at java.xml/com.sun.org.apache.xerces.internal.util.ErrorHandlerWrapper.createSAXParseException(ErrorHandlerWrapper.java:204)
	at java.xml/com.sun.org.apache.xerces.internal.util.ErrorHandlerWrapper.fatalError(ErrorHandlerWrapper.java:178)
	at java.xml/com.sun.org.apache.xerces.internal.impl.XMLErrorReporter.reportError(XMLErrorReporter.java:400)
	at java.xml/com.sun.org.apache.xerces.internal.impl.XMLErrorReporter.reportError(XMLErrorReporter.java:327)
	at java.xml/com.sun.org.apache.xerces.internal.impl.XMLScanner.reportFatalError(XMLScanner.java:1471)
	at java.xml/com.sun.org.apache.xerces.internal.impl.XMLDocumentScannerImpl$PrologDriver.next(XMLDocumentScannerImpl.java:985)
	at java.xml/com.sun.org.apache.xerces.internal.impl.XMLDocumentScannerImpl.next(XMLDocumentScannerImpl.java:602)
	at java.xml/com.sun.org.apache.xerces.internal.impl.XMLNSDocumentScannerImpl.next(XMLNSDocumentScannerImpl.java:112)
	at java.xml/com.sun.org.apache.xerces.internal.impl.XMLDocumentFragmentScannerImpl.scanDocument(XMLDocumentFragmentScannerImpl.java:532)
	at java.xml/com.sun.org.apache.xerces.internal.parsers.XML11Configuration.parse(XML11Configuration.java:888)
	at java.xml/com.sun.org.apache.xerces.internal.parsers.XML11Configuration.parse(XML11Configuration.java:824)
	at java.xml/com.sun.org.apache.xerces.internal.parsers.XMLParser.parse(XMLParser.java:141)
	at java.xml/com.sun.org.apache.xerces.internal.parsers.AbstractSAXParser.parse(AbstractSAXParser.java:1213)
	at java.xml/com.sun.org.apache.xerces.internal.jaxp.SAXParserImpl$JAXPSAXParser.parse(SAXParserImpl.java:635)
	at gov.usgs.util.XmlUtils.parse(XmlUtils.java:184)
	at gov.usgs.earthquake.product.io.XmlProductSource.streamTo(XmlProductSource.java:81)
	at gov.usgs.earthquake.product.io.ObjectProductHandler.getProduct(ObjectProductHandler.java:172)
	at gov.usgs.earthquake.product.io.DirectoryProductSource.streamTo(DirectoryProductSource.java:60)
	at gov.usgs.earthquake.product.io.ObjectProductHandler.getProduct(ObjectProductHandler.java:172)
	at gov.usgs.earthquake.distribution.FileProductStorage.getProduct(FileProductStorage.java:465)
	at gov.usgs.earthquake.indexer.ExternalIndexerListener.storeProduct(ExternalIndexerListener.java:195)
	at gov.usgs.earthquake.indexer.ExternalIndexerListener.onIndexerEvent(ExternalIndexerListener.java:129)
	at gov.usgs.earthquake.indexer.IndexerListenerCallable.call(IndexerListenerCallable.java:37)
	at gov.usgs.earthquake.indexer.IndexerListenerCallable.call(IndexerListenerCallable.java:12)
	at gov.usgs.util.ExecutorTask.run(ExecutorTask.java:183)
	at java.base/java.util.concurrent.Executors$RunnableAdapter.call(Executors.java:514)
	at java.base/java.util.concurrent.FutureTask.run(FutureTask.java:264)
	at java.base/java.util.concurrent.ThreadPoolExecutor.runWorker(ThreadPoolExecutor.java:1135)
	at java.base/java.util.concurrent.ThreadPoolExecutor$Worker.run(ThreadPoolExecutor.java:635)
	at java.base/java.lang.Thread.run(Thread.java:844)
FINER	thread=767	[DirectoryProductSource] Product does not have any  URLContent. Scraping directory for files.
FINE	thread=765	Exception: Premature end of file. source=admin, type=trump-testproduct, code=us-testproduct-one, updateTime=Wed Aug 22 17:04:37 MDT 2018
FINEST	thread=765	Tracker updates disabled, not sent
INFO	thread=765	Exception executing task
org.xml.sax.SAXParseException; lineNumber: 1; columnNumber: 1; Premature end of file.
	at java.xml/com.sun.org.apache.xerces.internal.util.ErrorHandlerWrapper.createSAXParseException(ErrorHandlerWrapper.java:204)
	at java.xml/com.sun.org.apache.xerces.internal.util.ErrorHandlerWrapper.fatalError(ErrorHandlerWrapper.java:178)
	at java.xml/com.sun.org.apache.xerces.internal.impl.XMLErrorReporter.reportError(XMLErrorReporter.java:400)
	at java.xml/com.sun.org.apache.xerces.internal.impl.XMLErrorReporter.reportError(XMLErrorReporter.java:327)
	at java.xml/com.sun.org.apache.xerces.internal.impl.XMLScanner.reportFatalError(XMLScanner.java:1471)
	at java.xml/com.sun.org.apache.xerces.internal.impl.XMLDocumentScannerImpl$PrologDriver.next(XMLDocumentScannerImpl.java:985)
	at java.xml/com.sun.org.apache.xerces.internal.impl.XMLDocumentScannerImpl.next(XMLDocumentScannerImpl.java:602)
	at java.xml/com.sun.org.apache.xerces.internal.impl.XMLNSDocumentScannerImpl.next(XMLNSDocumentScannerImpl.java:112)
	at java.xml/com.sun.org.apache.xerces.internal.impl.XMLDocumentFragmentScannerImpl.scanDocument(XMLDocumentFragmentScannerImpl.java:532)
	at java.xml/com.sun.org.apache.xerces.internal.parsers.XML11Configuration.parse(XML11Configuration.java:888)
	at java.xml/com.sun.org.apache.xerces.internal.parsers.XML11Configuration.parse(XML11Configuration.java:824)
	at java.xml/com.sun.org.apache.xerces.internal.parsers.XMLParser.parse(XMLParser.java:141)
	at java.xml/com.sun.org.apache.xerces.internal.parsers.AbstractSAXParser.parse(AbstractSAXParser.java:1213)
	at java.xml/com.sun.org.apache.xerces.internal.jaxp.SAXParserImpl$JAXPSAXParser.parse(SAXParserImpl.java:635)
	at gov.usgs.util.XmlUtils.parse(XmlUtils.java:184)
	at gov.usgs.earthquake.product.io.XmlProductSource.streamTo(XmlProductSource.java:81)
	at gov.usgs.earthquake.product.io.ObjectProductHandler.getProduct(ObjectProductHandler.java:172)
	at gov.usgs.earthquake.product.io.DirectoryProductSource.streamTo(DirectoryProductSource.java:60)
	at gov.usgs.earthquake.product.io.ObjectProductHandler.getProduct(ObjectProductHandler.java:172)
	at gov.usgs.earthquake.distribution.FileProductStorage.getProduct(FileProductStorage.java:465)
	at gov.usgs.earthquake.indexer.ExternalIndexerListener.storeProduct(ExternalIndexerListener.java:195)
	at gov.usgs.earthquake.indexer.ExternalIndexerListener.onIndexerEvent(ExternalIndexerListener.java:129)
	at gov.usgs.earthquake.indexer.IndexerListenerCallable.call(IndexerListenerCallable.java:37)
	at gov.usgs.earthquake.indexer.IndexerListenerCallable.call(IndexerListenerCallable.java:12)
	at gov.usgs.util.ExecutorTask.run(ExecutorTask.java:183)
	at java.base/java.util.concurrent.Executors$RunnableAdapter.call(Executors.java:514)
	at java.base/java.util.concurrent.FutureTask.run(FutureTask.java:264)
	at java.base/java.util.concurrent.ThreadPoolExecutor.runWorker(ThreadPoolExecutor.java:1135)
	at java.base/java.util.concurrent.ThreadPoolExecutor$Worker.run(ThreadPoolExecutor.java:635)
	at java.base/java.lang.Thread.run(Thread.java:844)
FINEST	thread=767	[null] acquiring read lock for product id=urn:usgs-product:admin:trump-testproduct:us-testproduct-one:1534979077260
FINEST	thread=767	[null] acquired read lock for product id=urn:usgs-product:admin:trump-testproduct:us-testproduct-one:1534979077260
FINEST	thread=767	[null] releasing read lock for product id=urn:usgs-product:admin:trump-testproduct:us-testproduct-one:1534979077260
FINEST	thread=767	[null] released read lock for product id=urn:usgs-product:admin:trump-testproduct:us-testproduct-one:1534979077260
FINER	thread=767	[DirectoryProductSource] Product does not have any  URLContent. Scraping directory for files.
INFO	thread=767	[null] running command echo --preferred-eventid=ciuno --preferred-eventsource=ci --preferred-eventsourcecode=uno --eventids=ciuno,usone --preferred-magnitude=null --preferred-latitude=35 --preferred-longitude=-118 --preferred-depth=null --preferred-eventtime=2018-08-22T23:04:36.817Z --directory=/Users/jmfee/Documents/git/pdl/_test_storage_/trump-testproduct/us-testproduct-one/admin/1534979077260 --type=trump-testproduct --code=us-testproduct-one --source=admin --updateTime=2018-08-22T23:04:37.260Z --status=DELETE --delete --trackerURL=http://localhost/tracker "--property-trump-source=us" "--property-trump-code=one" "--property-eventsourcecode=one" "--property-eventsource=us" --action=EVENT_UPDATED
INFO	thread=767	[null] command 'echo --preferred-eventid=ciuno --preferred-eventsource=ci --preferred-eventsourcecode=uno --eventids=ciuno,usone --preferred-magnitude=null --preferred-latitude=35 --preferred-longitude=-118 --preferred-depth=null --preferred-eventtime=2018-08-22T23:04:36.817Z --directory=/Users/jmfee/Documents/git/pdl/_test_storage_/trump-testproduct/us-testproduct-one/admin/1534979077260 --type=trump-testproduct --code=us-testproduct-one --source=admin --updateTime=2018-08-22T23:04:37.260Z --status=DELETE --delete --trackerURL=http://localhost/tracker "--property-trump-source=us" "--property-trump-code=one" "--property-eventsourcecode=one" "--property-eventsource=us" --action=EVENT_UPDATED' exited with status '0'
INFO	thread=763	Archiving disabled
INFO	thread=763	[null] purged 0 expired events and 0 expired unassociated products.
CONFIG	thread=13	[null] maxTries = 1
CONFIG	thread=13	[null] maxTries = 1
CONFIG	thread=13	[null] timeout = 0ms
CONFIG	thread=13	[null] retry delay = 300000ms
CONFIG	thread=13	[null] process duplicates = false
CONFIG	thread=13	[null] include paths = []
CONFIG	thread=13	[null] exclude paths = []
CONFIG	thread=13	[null] using storage directory /Users/jmfee/Documents/git/pdl/storage
CONFIG	thread=13	[null] loading ArchivePolicy 'testPolicy'
CONFIG	thread=13	[null] archive interval is '500'
CONFIG	thread=13	[null] no indexer modules configured.
CONFIG	thread=13	[null] no indexer listeners configured.
CONFIG	thread=13	[null] associateUsingCurrentProducts = false
INFO	thread=791	Archiving disabled
INFO	thread=791	[null] purged 0 expired events and 0 expired unassociated products.
FINE	thread=13	Digest='Ukk7Eol79syr82vU7GtTV2tfPlw=' , 2ms
FINE	thread=13	Eventindexid=1, eventid=usabcd1234, latitude=0, longitude=0, time=Wed Aug 22 17:04:37 MDT 2018, deleted=false
FINE	thread=13	Eventindexid=1, eventid=usabcd1234, latitude=0, longitude=0, time=Wed Aug 22 17:04:37 MDT 2018, deleted=false
FINE	thread=13	[null] notifying listeners
INFO	thread=13	[null] indexed product id=urn:usgs-product:us:shakemap:abcd1234:1534979077348, status=UPDATE
EVENT_ADDED null => usabcd1234
INFO	thread=793	[null] running command echo --preferred-eventid=usabcd1234 --preferred-eventsource=us --preferred-eventsourcecode=abcd1234 --eventids=usabcd1234 --preferred-magnitude=null --preferred-latitude=0 --preferred-longitude=0 --preferred-depth=null --preferred-eventtime=2018-08-22T23:04:37.352Z --directory=/Users/jmfee/Documents/git/pdl/_test_storage_/shakemap/abcd1234/us/1534979077348 --type=shakemap --code=abcd1234 --source=us --updateTime=2018-08-22T23:04:37.348Z --status=UPDATE --trackerURL=http://localhost/tracker "--property-testprop=testvalue" "--property-latitude=0" "--property-eventsourcecode=abcd1234" "--property-eventtime=2018-08-22T23:04:37.352Z" "--property-eventsource=us" "--property-longitude=0" --link-testrelation=http://google.com/ --content --contentType=text/html --signature=MCwCFGDm6i+IMBs0M2QJE+cFddGHENWbAhRk2yUdeFOt9CE0FewvPu2IhG0bBw== --action=EVENT_ADDED
INFO	thread=792	[null] running command echo --preferred-eventid=usabcd1234 --preferred-eventsource=us --preferred-eventsourcecode=abcd1234 --eventids=usabcd1234 --preferred-magnitude=null --preferred-latitude=0 --preferred-longitude=0 --preferred-depth=null --preferred-eventtime=2018-08-22T23:04:37.352Z --directory=/Users/jmfee/Documents/git/pdl/_test_storage_/shakemap/abcd1234/us/1534979077348 --type=shakemap --code=abcd1234 --source=us --updateTime=2018-08-22T23:04:37.348Z --status=UPDATE --trackerURL=http://localhost/tracker "--property-testprop=testvalue" "--property-latitude=0" "--property-eventsourcecode=abcd1234" "--property-eventtime=2018-08-22T23:04:37.352Z" "--property-eventsource=us" "--property-longitude=0" --link-testrelation=http://google.com/ --content --contentType=text/html --signature=MCwCFGDm6i+IMBs0M2QJE+cFddGHENWbAhRk2yUdeFOt9CE0FewvPu2IhG0bBw== --action=EVENT_ADDED
INFO	thread=793	[null] command 'echo --preferred-eventid=usabcd1234 --preferred-eventsource=us --preferred-eventsourcecode=abcd1234 --eventids=usabcd1234 --preferred-magnitude=null --preferred-latitude=0 --preferred-longitude=0 --preferred-depth=null --preferred-eventtime=2018-08-22T23:04:37.352Z --directory=/Users/jmfee/Documents/git/pdl/_test_storage_/shakemap/abcd1234/us/1534979077348 --type=shakemap --code=abcd1234 --source=us --updateTime=2018-08-22T23:04:37.348Z --status=UPDATE --trackerURL=http://localhost/tracker "--property-testprop=testvalue" "--property-latitude=0" "--property-eventsourcecode=abcd1234" "--property-eventtime=2018-08-22T23:04:37.352Z" "--property-eventsource=us" "--property-longitude=0" --link-testrelation=http://google.com/ --content --contentType=text/html --signature=MCwCFGDm6i+IMBs0M2QJE+cFddGHENWbAhRk2yUdeFOt9CE0FewvPu2IhG0bBw== --action=EVENT_ADDED' exited with status '0'
INFO	thread=792	[null] command 'echo --preferred-eventid=usabcd1234 --preferred-eventsource=us --preferred-eventsourcecode=abcd1234 --eventids=usabcd1234 --preferred-magnitude=null --preferred-latitude=0 --preferred-longitude=0 --preferred-depth=null --preferred-eventtime=2018-08-22T23:04:37.352Z --directory=/Users/jmfee/Documents/git/pdl/_test_storage_/shakemap/abcd1234/us/1534979077348 --type=shakemap --code=abcd1234 --source=us --updateTime=2018-08-22T23:04:37.348Z --status=UPDATE --trackerURL=http://localhost/tracker "--property-testprop=testvalue" "--property-latitude=0" "--property-eventsourcecode=abcd1234" "--property-eventtime=2018-08-22T23:04:37.352Z" "--property-eventsource=us" "--property-longitude=0" --link-testrelation=http://google.com/ --content --contentType=text/html --signature=MCwCFGDm6i+IMBs0M2QJE+cFddGHENWbAhRk2yUdeFOt9CE0FewvPu2IhG0bBw== --action=EVENT_ADDED' exited with status '0'
FINE	thread=13	Digest='VMdmh4pxhZLVGN80LCqsKLUXnZA=' , 2ms
FINE	thread=13	Eventindexid=1, eventid=usabcd1234, latitude=0, longitude=0, time=Wed Aug 22 17:04:37 MDT 2018, deleted=false
FINE	thread=13	Eventindexid=1, eventid=usabcd1234, latitude=0, longitude=0, time=Wed Aug 22 17:04:37 MDT 2018, deleted=false
FINE	thread=13	[null] notifying listeners
INFO	thread=13	[null] indexed product id=urn:usgs-product:us:pager:abcd1234:1534979077419, status=UPDATE
EVENT_UPDATED usabcd1234 => usabcd1234
WARNING	thread=792	[null] exception while storing product, removing incomplete product
java.io.IOException: Written file length (90) does not match non-zero content length (90)
	at gov.usgs.earthquake.product.FileContent.<init>(FileContent.java:124)
	at gov.usgs.earthquake.product.io.DirectoryProductHandler.onContent(DirectoryProductHandler.java:51)
	at gov.usgs.earthquake.product.io.FilterProductHandler.onContent(FilterProductHandler.java:64)
	at gov.usgs.earthquake.product.io.ObjectProductSource.sendContents(ObjectProductSource.java:141)
	at gov.usgs.earthquake.product.io.ObjectProductSource.streamTo(ObjectProductSource.java:60)
	at gov.usgs.earthquake.distribution.FileProductStorage.storeProductSource(FileProductStorage.java:693)
	at gov.usgs.earthquake.distribution.FileProductStorage.storeProduct(FileProductStorage.java:675)
	at gov.usgs.earthquake.indexer.ExternalIndexerListener.storeProduct(ExternalIndexerListener.java:194)
	at gov.usgs.earthquake.indexer.ExternalIndexerListener.onIndexerEvent(ExternalIndexerListener.java:129)
	at gov.usgs.earthquake.indexer.IndexerListenerCallable.call(IndexerListenerCallable.java:37)
	at gov.usgs.earthquake.indexer.IndexerListenerCallable.call(IndexerListenerCallable.java:12)
	at gov.usgs.util.ExecutorTask.run(ExecutorTask.java:183)
	at java.base/java.util.concurrent.Executors$RunnableAdapter.call(Executors.java:514)
	at java.base/java.util.concurrent.FutureTask.run(FutureTask.java:264)
	at java.base/java.util.concurrent.ThreadPoolExecutor.runWorker(ThreadPoolExecutor.java:1135)
	at java.base/java.util.concurrent.ThreadPoolExecutor$Worker.run(ThreadPoolExecutor.java:635)
	at java.base/java.lang.Thread.run(Thread.java:844)
WARNING	thread=792	[null] listener (null) threw exception, for product id=urn:usgs-product:us:pager:abcd1234:1534979077419
java.io.IOException: Written file length (90) does not match non-zero content length (90)
	at gov.usgs.earthquake.product.FileContent.<init>(FileContent.java:124)
	at gov.usgs.earthquake.product.io.DirectoryProductHandler.onContent(DirectoryProductHandler.java:51)
	at gov.usgs.earthquake.product.io.FilterProductHandler.onContent(FilterProductHandler.java:64)
	at gov.usgs.earthquake.product.io.ObjectProductSource.sendContents(ObjectProductSource.java:141)
	at gov.usgs.earthquake.product.io.ObjectProductSource.streamTo(ObjectProductSource.java:60)
	at gov.usgs.earthquake.distribution.FileProductStorage.storeProductSource(FileProductStorage.java:693)
	at gov.usgs.earthquake.distribution.FileProductStorage.storeProduct(FileProductStorage.java:675)
	at gov.usgs.earthquake.indexer.ExternalIndexerListener.storeProduct(ExternalIndexerListener.java:194)
	at gov.usgs.earthquake.indexer.ExternalIndexerListener.onIndexerEvent(ExternalIndexerListener.java:129)
	at gov.usgs.earthquake.indexer.IndexerListenerCallable.call(IndexerListenerCallable.java:37)
	at gov.usgs.earthquake.indexer.IndexerListenerCallable.call(IndexerListenerCallable.java:12)
	at gov.usgs.util.ExecutorTask.run(ExecutorTask.java:183)
	at java.base/java.util.concurrent.Executors$RunnableAdapter.call(Executors.java:514)
	at java.base/java.util.concurrent.FutureTask.run(FutureTask.java:264)
	at java.base/java.util.concurrent.ThreadPoolExecutor.runWorker(ThreadPoolExecutor.java:1135)
	at java.base/java.util.concurrent.ThreadPoolExecutor$Worker.run(ThreadPoolExecutor.java:635)
	at java.base/java.lang.Thread.run(Thread.java:844)
WARNING	thread=793	[null] listener (null) threw exception, for product id=urn:usgs-product:us:pager:abcd1234:1534979077419
java.io.FileNotFoundException: _test_storage_/pager/abcd1234/us/1534979077419/product.xml (No such file or directory)
	at java.base/java.io.FileInputStream.open0(Native Method)
	at java.base/java.io.FileInputStream.open(FileInputStream.java:220)
	at java.base/java.io.FileInputStream.<init>(FileInputStream.java:158)
	at gov.usgs.util.StreamUtils.getInputStream(StreamUtils.java:60)
	at gov.usgs.earthquake.product.io.DirectoryProductSource.streamTo(DirectoryProductSource.java:55)
	at gov.usgs.earthquake.product.io.ObjectProductHandler.getProduct(ObjectProductHandler.java:172)
	at gov.usgs.earthquake.distribution.FileProductStorage.getProduct(FileProductStorage.java:465)
	at gov.usgs.earthquake.indexer.ExternalIndexerListener.storeProduct(ExternalIndexerListener.java:195)
	at gov.usgs.earthquake.indexer.ExternalIndexerListener.onIndexerEvent(ExternalIndexerListener.java:129)
	at gov.usgs.earthquake.indexer.IndexerListenerCallable.call(IndexerListenerCallable.java:37)
	at gov.usgs.earthquake.indexer.IndexerListenerCallable.call(IndexerListenerCallable.java:12)
	at gov.usgs.util.ExecutorTask.run(ExecutorTask.java:183)
	at java.base/java.util.concurrent.Executors$RunnableAdapter.call(Executors.java:514)
	at java.base/java.util.concurrent.FutureTask.run(FutureTask.java:264)
	at java.base/java.util.concurrent.ThreadPoolExecutor.runWorker(ThreadPoolExecutor.java:1135)
	at java.base/java.util.concurrent.ThreadPoolExecutor$Worker.run(ThreadPoolExecutor.java:635)
	at java.base/java.lang.Thread.run(Thread.java:844)
FINE	thread=792	Exception: Written file length (90) does not match non-zero content length (90) source=us, type=pager, code=abcd1234, updateTime=Wed Aug 22 17:04:37 MDT 2018
FINE	thread=793	Exception: _test_storage_/pager/abcd1234/us/1534979077419/product.xml (No such file or directory) source=us, type=pager, code=abcd1234, updateTime=Wed Aug 22 17:04:37 MDT 2018
INFO	thread=793	Exception executing task
java.io.FileNotFoundException: _test_storage_/pager/abcd1234/us/1534979077419/product.xml (No such file or directory)
	at java.base/java.io.FileInputStream.open0(Native Method)
	at java.base/java.io.FileInputStream.open(FileInputStream.java:220)
	at java.base/java.io.FileInputStream.<init>(FileInputStream.java:158)
	at gov.usgs.util.StreamUtils.getInputStream(StreamUtils.java:60)
	at gov.usgs.earthquake.product.io.DirectoryProductSource.streamTo(DirectoryProductSource.java:55)
	at gov.usgs.earthquake.product.io.ObjectProductHandler.getProduct(ObjectProductHandler.java:172)
	at gov.usgs.earthquake.distribution.FileProductStorage.getProduct(FileProductStorage.java:465)
	at gov.usgs.earthquake.indexer.ExternalIndexerListener.storeProduct(ExternalIndexerListener.java:195)
	at gov.usgs.earthquake.indexer.ExternalIndexerListener.onIndexerEvent(ExternalIndexerListener.java:129)
	at gov.usgs.earthquake.indexer.IndexerListenerCallable.call(IndexerListenerCallable.java:37)
	at gov.usgs.earthquake.indexer.IndexerListenerCallable.call(IndexerListenerCallable.java:12)
	at gov.usgs.util.ExecutorTask.run(ExecutorTask.java:183)
	at java.base/java.util.concurrent.Executors$RunnableAdapter.call(Executors.java:514)
	at java.base/java.util.concurrent.FutureTask.run(FutureTask.java:264)
	at java.base/java.util.concurrent.ThreadPoolExecutor.runWorker(ThreadPoolExecutor.java:1135)
	at java.base/java.util.concurrent.ThreadPoolExecutor$Worker.run(ThreadPoolExecutor.java:635)
	at java.base/java.lang.Thread.run(Thread.java:844)
INFO	thread=792	Exception executing task
java.io.IOException: Written file length (90) does not match non-zero content length (90)
	at gov.usgs.earthquake.product.FileContent.<init>(FileContent.java:124)
	at gov.usgs.earthquake.product.io.DirectoryProductHandler.onContent(DirectoryProductHandler.java:51)
	at gov.usgs.earthquake.product.io.FilterProductHandler.onContent(FilterProductHandler.java:64)
	at gov.usgs.earthquake.product.io.ObjectProductSource.sendContents(ObjectProductSource.java:141)
	at gov.usgs.earthquake.product.io.ObjectProductSource.streamTo(ObjectProductSource.java:60)
	at gov.usgs.earthquake.distribution.FileProductStorage.storeProductSource(FileProductStorage.java:693)
	at gov.usgs.earthquake.distribution.FileProductStorage.storeProduct(FileProductStorage.java:675)
	at gov.usgs.earthquake.indexer.ExternalIndexerListener.storeProduct(ExternalIndexerListener.java:194)
	at gov.usgs.earthquake.indexer.ExternalIndexerListener.onIndexerEvent(ExternalIndexerListener.java:129)
	at gov.usgs.earthquake.indexer.IndexerListenerCallable.call(IndexerListenerCallable.java:37)
	at gov.usgs.earthquake.indexer.IndexerListenerCallable.call(IndexerListenerCallable.java:12)
	at gov.usgs.util.ExecutorTask.run(ExecutorTask.java:183)
	at java.base/java.util.concurrent.Executors$RunnableAdapter.call(Executors.java:514)
	at java.base/java.util.concurrent.FutureTask.run(FutureTask.java:264)
	at java.base/java.util.concurrent.ThreadPoolExecutor.runWorker(ThreadPoolExecutor.java:1135)
	at java.base/java.util.concurrent.ThreadPoolExecutor$Worker.run(ThreadPoolExecutor.java:635)
	at java.base/java.lang.Thread.run(Thread.java:844)
CONFIG	thread=13	[null] maxTries = 1
CONFIG	thread=13	[null] maxTries = 1
CONFIG	thread=13	[null] timeout = 0ms
CONFIG	thread=13	[null] retry delay = 300000ms
CONFIG	thread=13	[null] process duplicates = false
CONFIG	thread=13	[null] include paths = []
CONFIG	thread=13	[null] exclude paths = []
CONFIG	thread=13	[null] using storage directory /Users/jmfee/Documents/git/pdl/storage
CONFIG	thread=13	[null] loading ArchivePolicy 'testPolicy'
CONFIG	thread=13	[null] archive interval is '500'
CONFIG	thread=13	[null] no indexer modules configured.
CONFIG	thread=13	[null] no indexer listeners configured.
CONFIG	thread=13	[null] associateUsingCurrentProducts = false

###
Wed Aug 22 17:04:37 MDT 2018
FINEST	thread=13	[null] storing product id=urn:usgs-product:us:testproduct:one:1534979077495
FINEST	thread=13	[null] acquiring write lock for product id=urn:usgs-product:us:testproduct:one:1534979077495
FINEST	thread=13	[null] acquired write lock for product id=urn:usgs-product:us:testproduct:one:1534979077495
FINEST	thread=13	[null] acquiring read lock for product id=urn:usgs-product:us:testproduct:one:1534979077495
FINEST	thread=13	[null] acquired read lock for product id=urn:usgs-product:us:testproduct:one:1534979077495
FINEST	thread=13	[null] releasing read lock for product id=urn:usgs-product:us:testproduct:one:1534979077495
FINEST	thread=13	[null] released read lock for product id=urn:usgs-product:us:testproduct:one:1534979077495
FINER	thread=13	[null] product stored id=urn:usgs-product:us:testproduct:one:1534979077495, status=UPDATE
FINEST	thread=13	[null] releasing write lock for product id=urn:usgs-product:us:testproduct:one:1534979077495
FINEST	thread=13	[null] released write lock for product id=urn:usgs-product:us:testproduct:one:1534979077495
FINEST	thread=13	[null] stored product id=urn:usgs-product:us:testproduct:one:1534979077495
FINER	thread=13	[null] summarizing product id=urn:usgs-product:us:testproduct:one:1534979077495
FINEST	thread=13	[null] beginning index transaction
FINER	thread=13	[null] finding previous version
FINEST	thread=13	[null] running query 
SELECT DISTINCT id FROM productSummary p WHERE p.id IS NOT NULL AND p.id = (SELECT id FROM productSummary ps WHERE ps.source='us' AND ps.type='testproduct' AND ps.code='one' AND ps.status <> 'DELETE' ORDER BY ps.updateTime DESC LIMIT 1) AND source='us' AND type='testproduct' AND code='one'
FINEST	thread=13	[null] query complete
FINER	thread=13	[null] finding previous event
FINEST	thread=13	Product Index Query
eventSearchType=SEARCH_EVENT_PRODUCTS
resultType=RESULT_TYPE_ALL
eventSource=us
eventSourceCode=one
FINEST	thread=13	Product Index Query
eventSearchType=SEARCH_EVENT_PREFERRED
resultType=RESULT_TYPE_ALL
minEventTime=Wed Aug 22 17:04:21 MDT 2018
maxEventTime=Wed Aug 22 17:04:53 MDT 2018
minEventLatitude=34.10007199424046075986183268469176255166530609130859375
maxEventLatitude=35.89992800575953924013816731530823744833469390869140625
minEventLongitude=-119.098609241146021986423875205218791961669921875
maxEventLongitude=-116.901390758853978013576124794781208038330078125
FINER	thread=13	[null] adding summary to index
FINEST	thread=13	[null] Added property eventsourcecode:one for product 1
FINEST	thread=13	[null] Added property eventtime:2018-08-22T23:04:37.495Z for product 1
FINEST	thread=13	[null] Added property eventsource:us for product 1
FINEST	thread=13	[null] Added property latitude:35 for product 1
FINEST	thread=13	[null] Added property longitude:-118 for product 1
FINEST	thread=13	[null] Added productSummary urn:usgs-product:us:testproduct:one:1534979077495, indexid=1 to product index
FINEST	thread=13	Added event id=1
FINEST	thread=13	[null] Added event to Product Index
FINER	thread=13	[null] Added associations event id=1, productSummary source=us, type=testproduct, code=one (id=1)
FINER	thread=13	[null] created event indexid=1
FINE	thread=13	Eventindexid=1, eventid=usone, latitude=35, longitude=-118, time=Wed Aug 22 17:04:37 MDT 2018, deleted=false
FINER	thread=13	Products in event
	status=UPDATE, id=urn:usgs-product:us:testproduct:one:1534979077495, eventid=usone, latitude=35, longitude=-118, time=Wed Aug 22 17:04:37 MDT 2018
FINER	thread=13	[null] checking for event merges
FINER	thread=13	[null] searching for unassociated products
FINER	thread=13	[null] search for unassociated products complete
FINER	thread=13	[null] updating event summary parameters
FINER	thread=13	[null] Updating event indexid=1
FINE	thread=13	Eventindexid=1, eventid=usone, latitude=35, longitude=-118, time=Wed Aug 22 17:04:37 MDT 2018, deleted=false
FINER	thread=13	Products in event
	status=UPDATE, id=urn:usgs-product:us:testproduct:one:1534979077495, eventid=usone, latitude=35, longitude=-118, time=Wed Aug 22 17:04:37 MDT 2018
FINEST	thread=13	[null] Updated event properties in Product Index
FINER	thread=13	[null] committing transaction
FINE	thread=13	[null] notifying listeners
INFO	thread=13	[null] indexed product id=urn:usgs-product:us:testproduct:one:1534979077495, status=UPDATE
EVENT_ADDED null => usone
FINEST	thread=815	[null] acquiring read lock for product id=urn:usgs-product:us:testproduct:one:1534979077495
FINEST	thread=815	[null] acquired read lock for product id=urn:usgs-product:us:testproduct:one:1534979077495
FINEST	thread=817	[null] acquiring read lock for product id=urn:usgs-product:us:testproduct:one:1534979077495
FINEST	thread=815	[null] releasing read lock for product id=urn:usgs-product:us:testproduct:one:1534979077495
FINEST	thread=817	[null] acquired read lock for product id=urn:usgs-product:us:testproduct:one:1534979077495
FINEST	thread=815	[null] released read lock for product id=urn:usgs-product:us:testproduct:one:1534979077495
FINEST	thread=817	[null] releasing read lock for product id=urn:usgs-product:us:testproduct:one:1534979077495
FINEST	thread=817	[null] released read lock for product id=urn:usgs-product:us:testproduct:one:1534979077495
FINER	thread=815	[DirectoryProductSource] Product does not have any  URLContent. Scraping directory for files.
FINER	thread=817	[DirectoryProductSource] Product does not have any  URLContent. Scraping directory for files.
FINEST	thread=817	[null] acquiring write lock for product id=urn:usgs-product:us:testproduct:one:1534979077495
FINEST	thread=817	[null] acquired write lock for product id=urn:usgs-product:us:testproduct:one:1534979077495
FINEST	thread=817	[null] acquiring read lock for product id=urn:usgs-product:us:testproduct:one:1534979077495
FINEST	thread=817	[null] acquired read lock for product id=urn:usgs-product:us:testproduct:one:1534979077495
FINEST	thread=817	[null] releasing read lock for product id=urn:usgs-product:us:testproduct:one:1534979077495
FINEST	thread=817	[null] released read lock for product id=urn:usgs-product:us:testproduct:one:1534979077495
FINEST	thread=815	[null] acquiring write lock for product id=urn:usgs-product:us:testproduct:one:1534979077495
FINEST	thread=815	[null] acquired write lock for product id=urn:usgs-product:us:testproduct:one:1534979077495
FINEST	thread=815	[null] acquiring read lock for product id=urn:usgs-product:us:testproduct:one:1534979077495
FINEST	thread=815	[null] acquired read lock for product id=urn:usgs-product:us:testproduct:one:1534979077495
FINEST	thread=815	[null] releasing read lock for product id=urn:usgs-product:us:testproduct:one:1534979077495
FINEST	thread=815	[null] released read lock for product id=urn:usgs-product:us:testproduct:one:1534979077495
WARNING	thread=815	[null] exception while storing product, removing incomplete product
java.io.IOException: Unable to create directory /Users/jmfee/Documents/git/pdl/_test_storage_/testproduct/one/us/1534979077495
	at gov.usgs.util.StreamUtils.getOutputStream(StreamUtils.java:154)
	at gov.usgs.util.StreamUtils.getOutputStream(StreamUtils.java:185)
	at gov.usgs.earthquake.product.io.DirectoryProductHandler.onEndProduct(DirectoryProductHandler.java:68)
	at gov.usgs.earthquake.product.io.FilterProductHandler.onEndProduct(FilterProductHandler.java:71)
	at gov.usgs.earthquake.distribution.FileProductStorage$StorageProductOutput.onEndProduct(FileProductStorage.java:855)
	at gov.usgs.earthquake.product.io.ObjectProductSource.sendEndProduct(ObjectProductSource.java:166)
	at gov.usgs.earthquake.product.io.ObjectProductSource.streamTo(ObjectProductSource.java:62)
	at gov.usgs.earthquake.distribution.FileProductStorage.storeProductSource(FileProductStorage.java:693)
	at gov.usgs.earthquake.distribution.FileProductStorage.storeProduct(FileProductStorage.java:675)
	at gov.usgs.earthquake.indexer.ExternalIndexerListener.storeProduct(ExternalIndexerListener.java:194)
	at gov.usgs.earthquake.indexer.ExternalIndexerListener.onIndexerEvent(ExternalIndexerListener.java:129)
	at gov.usgs.earthquake.indexer.IndexerListenerCallable.call(IndexerListenerCallable.java:37)
	at gov.usgs.earthquake.indexer.IndexerListenerCallable.call(IndexerListenerCallable.java:12)
	at gov.usgs.util.ExecutorTask.run(ExecutorTask.java:183)
	at java.base/java.util.concurrent.Executors$RunnableAdapter.call(Executors.java:514)
	at java.base/java.util.concurrent.FutureTask.run(FutureTask.java:264)
	at java.base/java.util.concurrent.ThreadPoolExecutor.runWorker(ThreadPoolExecutor.java:1135)
	at java.base/java.util.concurrent.ThreadPoolExecutor$Worker.run(ThreadPoolExecutor.java:635)
	at java.base/java.lang.Thread.run(Thread.java:844)
FINEST	thread=815	[null] acquiring write lock for product id=urn:usgs-product:us:testproduct:one:1534979077495
FINEST	thread=815	[null] acquired write lock for product id=urn:usgs-product:us:testproduct:one:1534979077495
FINER	thread=817	[null] product stored id=urn:usgs-product:us:testproduct:one:1534979077495, status=UPDATE
FINEST	thread=817	[null] releasing write lock for product id=urn:usgs-product:us:testproduct:one:1534979077495
FINEST	thread=817	[null] released write lock for product id=urn:usgs-product:us:testproduct:one:1534979077495
FINEST	thread=817	[null] acquiring read lock for product id=urn:usgs-product:us:testproduct:one:1534979077495
FINEST	thread=817	[null] acquired read lock for product id=urn:usgs-product:us:testproduct:one:1534979077495
FINEST	thread=817	[null] releasing read lock for product id=urn:usgs-product:us:testproduct:one:1534979077495
FINEST	thread=817	[null] released read lock for product id=urn:usgs-product:us:testproduct:one:1534979077495
FINER	thread=815	[null] product removed, id=urn:usgs-product:us:testproduct:one:1534979077495
FINEST	thread=815	[null] releasing write lock for product id=urn:usgs-product:us:testproduct:one:1534979077495
FINEST	thread=817	[null] acquiring read lock for product id=urn:usgs-product:us:testproduct:one:1534979077495
FINEST	thread=815	[null] released write lock for product id=urn:usgs-product:us:testproduct:one:1534979077495
FINEST	thread=817	[null] acquired read lock for product id=urn:usgs-product:us:testproduct:one:1534979077495
FINEST	thread=815	[null] releasing write lock for product id=urn:usgs-product:us:testproduct:one:1534979077495
FINEST	thread=817	[null] releasing read lock for product id=urn:usgs-product:us:testproduct:one:1534979077495
FINEST	thread=815	[null] released write lock for product id=urn:usgs-product:us:testproduct:one:1534979077495
FINEST	thread=817	[null] released read lock for product id=urn:usgs-product:us:testproduct:one:1534979077495
INFO	thread=817	[null] running command echo --preferred-eventid=usone --preferred-eventsource=us --preferred-eventsourcecode=one --eventids=usone --preferred-magnitude=null --preferred-latitude=35 --preferred-longitude=-118 --preferred-depth=null --preferred-eventtime=2018-08-22T23:04:37.495Z --type=testproduct --code=one --source=us --updateTime=2018-08-22T23:04:37.495Z --status=UPDATE --trackerURL=http://localhost/tracker "--property-eventsourcecode=one" "--property-eventtime=2018-08-22T23:04:37.495Z" "--property-eventsource=us" "--property-latitude=35" "--property-longitude=-118" --action=EVENT_ADDED
WARNING	thread=815	[null] listener (null) threw exception, for product id=urn:usgs-product:us:testproduct:one:1534979077495
java.io.IOException: Unable to create directory /Users/jmfee/Documents/git/pdl/_test_storage_/testproduct/one/us/1534979077495
	at gov.usgs.util.StreamUtils.getOutputStream(StreamUtils.java:154)
	at gov.usgs.util.StreamUtils.getOutputStream(StreamUtils.java:185)
	at gov.usgs.earthquake.product.io.DirectoryProductHandler.onEndProduct(DirectoryProductHandler.java:68)
	at gov.usgs.earthquake.product.io.FilterProductHandler.onEndProduct(FilterProductHandler.java:71)
	at gov.usgs.earthquake.distribution.FileProductStorage$StorageProductOutput.onEndProduct(FileProductStorage.java:855)
	at gov.usgs.earthquake.product.io.ObjectProductSource.sendEndProduct(ObjectProductSource.java:166)
	at gov.usgs.earthquake.product.io.ObjectProductSource.streamTo(ObjectProductSource.java:62)
	at gov.usgs.earthquake.distribution.FileProductStorage.storeProductSource(FileProductStorage.java:693)
	at gov.usgs.earthquake.distribution.FileProductStorage.storeProduct(FileProductStorage.java:675)
	at gov.usgs.earthquake.indexer.ExternalIndexerListener.storeProduct(ExternalIndexerListener.java:194)
	at gov.usgs.earthquake.indexer.ExternalIndexerListener.onIndexerEvent(ExternalIndexerListener.java:129)
	at gov.usgs.earthquake.indexer.IndexerListenerCallable.call(IndexerListenerCallable.java:37)
	at gov.usgs.earthquake.indexer.IndexerListenerCallable.call(IndexerListenerCallable.java:12)
	at gov.usgs.util.ExecutorTask.run(ExecutorTask.java:183)
	at java.base/java.util.concurrent.Executors$RunnableAdapter.call(Executors.java:514)
	at java.base/java.util.concurrent.FutureTask.run(FutureTask.java:264)
	at java.base/java.util.concurrent.ThreadPoolExecutor.runWorker(ThreadPoolExecutor.java:1135)
	at java.base/java.util.concurrent.ThreadPoolExecutor$Worker.run(ThreadPoolExecutor.java:635)
	at java.base/java.lang.Thread.run(Thread.java:844)
FINE	thread=815	Exception: Unable to create directory /Users/jmfee/Documents/git/pdl/_test_storage_/testproduct/one/us/1534979077495 source=us, type=testproduct, code=one, updateTime=Wed Aug 22 17:04:37 MDT 2018
FINEST	thread=815	Tracker updates disabled, not sent
INFO	thread=815	Exception executing task
java.io.IOException: Unable to create directory /Users/jmfee/Documents/git/pdl/_test_storage_/testproduct/one/us/1534979077495
	at gov.usgs.util.StreamUtils.getOutputStream(StreamUtils.java:154)
	at gov.usgs.util.StreamUtils.getOutputStream(StreamUtils.java:185)
	at gov.usgs.earthquake.product.io.DirectoryProductHandler.onEndProduct(DirectoryProductHandler.java:68)
	at gov.usgs.earthquake.product.io.FilterProductHandler.onEndProduct(FilterProductHandler.java:71)
	at gov.usgs.earthquake.distribution.FileProductStorage$StorageProductOutput.onEndProduct(FileProductStorage.java:855)
	at gov.usgs.earthquake.product.io.ObjectProductSource.sendEndProduct(ObjectProductSource.java:166)
	at gov.usgs.earthquake.product.io.ObjectProductSource.streamTo(ObjectProductSource.java:62)
	at gov.usgs.earthquake.distribution.FileProductStorage.storeProductSource(FileProductStorage.java:693)
	at gov.usgs.earthquake.distribution.FileProductStorage.storeProduct(FileProductStorage.java:675)
	at gov.usgs.earthquake.indexer.ExternalIndexerListener.storeProduct(ExternalIndexerListener.java:194)
	at gov.usgs.earthquake.indexer.ExternalIndexerListener.onIndexerEvent(ExternalIndexerListener.java:129)
	at gov.usgs.earthquake.indexer.IndexerListenerCallable.call(IndexerListenerCallable.java:37)
	at gov.usgs.earthquake.indexer.IndexerListenerCallable.call(IndexerListenerCallable.java:12)
	at gov.usgs.util.ExecutorTask.run(ExecutorTask.java:183)
	at java.base/java.util.concurrent.Executors$RunnableAdapter.call(Executors.java:514)
	at java.base/java.util.concurrent.FutureTask.run(FutureTask.java:264)
	at java.base/java.util.concurrent.ThreadPoolExecutor.runWorker(ThreadPoolExecutor.java:1135)
	at java.base/java.util.concurrent.ThreadPoolExecutor$Worker.run(ThreadPoolExecutor.java:635)
	at java.base/java.lang.Thread.run(Thread.java:844)
INFO	thread=817	[null] command 'echo --preferred-eventid=usone --preferred-eventsource=us --preferred-eventsourcecode=one --eventids=usone --preferred-magnitude=null --preferred-latitude=35 --preferred-longitude=-118 --preferred-depth=null --preferred-eventtime=2018-08-22T23:04:37.495Z --type=testproduct --code=one --source=us --updateTime=2018-08-22T23:04:37.495Z --status=UPDATE --trackerURL=http://localhost/tracker "--property-eventsourcecode=one" "--property-eventtime=2018-08-22T23:04:37.495Z" "--property-eventsource=us" "--property-latitude=35" "--property-longitude=-118" --action=EVENT_ADDED' exited with status '0'
FINEST	thread=13	[null] storing product id=urn:usgs-product:sc:testproduct:uno:1534979077559
FINEST	thread=13	[null] acquiring write lock for product id=urn:usgs-product:sc:testproduct:uno:1534979077559
FINEST	thread=13	[null] acquired write lock for product id=urn:usgs-product:sc:testproduct:uno:1534979077559
FINEST	thread=13	[null] acquiring read lock for product id=urn:usgs-product:sc:testproduct:uno:1534979077559
FINEST	thread=13	[null] acquired read lock for product id=urn:usgs-product:sc:testproduct:uno:1534979077559
FINEST	thread=13	[null] releasing read lock for product id=urn:usgs-product:sc:testproduct:uno:1534979077559
FINEST	thread=13	[null] released read lock for product id=urn:usgs-product:sc:testproduct:uno:1534979077559
FINER	thread=13	[null] product stored id=urn:usgs-product:sc:testproduct:uno:1534979077559, status=UPDATE
FINEST	thread=13	[null] releasing write lock for product id=urn:usgs-product:sc:testproduct:uno:1534979077559
FINEST	thread=13	[null] released write lock for product id=urn:usgs-product:sc:testproduct:uno:1534979077559
FINEST	thread=13	[null] stored product id=urn:usgs-product:sc:testproduct:uno:1534979077559
FINER	thread=13	[null] summarizing product id=urn:usgs-product:sc:testproduct:uno:1534979077559
FINEST	thread=13	[null] beginning index transaction
FINER	thread=13	[null] finding previous version
FINEST	thread=13	[null] running query 
SELECT DISTINCT id FROM productSummary p WHERE p.id IS NOT NULL AND p.id = (SELECT id FROM productSummary ps WHERE ps.source='sc' AND ps.type='testproduct' AND ps.code='uno' AND ps.status <> 'DELETE' ORDER BY ps.updateTime DESC LIMIT 1) AND source='sc' AND type='testproduct' AND code='uno'
FINEST	thread=13	[null] query complete
FINER	thread=13	[null] finding previous event
FINEST	thread=13	Product Index Query
eventSearchType=SEARCH_EVENT_PRODUCTS
resultType=RESULT_TYPE_ALL
eventSource=sc
eventSourceCode=uno
FINEST	thread=13	Product Index Query
eventSearchType=SEARCH_EVENT_PREFERRED
resultType=RESULT_TYPE_ALL
minEventTime=Wed Aug 22 17:04:21 MDT 2018
maxEventTime=Wed Aug 22 17:04:53 MDT 2018
minEventLatitude=34.10007199424046075986183268469176255166530609130859375
maxEventLatitude=35.89992800575953924013816731530823744833469390869140625
minEventLongitude=-119.098609241146021986423875205218791961669921875
maxEventLongitude=-116.901390758853978013576124794781208038330078125
FINER	thread=13	[null] adding summary to index
FINEST	thread=13	[null] Added property eventsourcecode:uno for product 2
FINEST	thread=13	[null] Added property eventtime:2018-08-22T23:04:37.495Z for product 2
FINEST	thread=13	[null] Added property eventsource:sc for product 2
FINEST	thread=13	[null] Added property latitude:35 for product 2
FINEST	thread=13	[null] Added property longitude:-118 for product 2
FINEST	thread=13	[null] Added productSummary urn:usgs-product:sc:testproduct:uno:1534979077559, indexid=2 to product index
FINER	thread=13	[null] found existing event indexid=1
FINE	thread=13	Eventindexid=1, eventid=usone, latitude=35, longitude=-118, time=Wed Aug 22 17:04:37 MDT 2018, deleted=false
FINER	thread=13	Products in event
	status=UPDATE, id=urn:usgs-product:us:testproduct:one:1534979077495, eventid=usone, latitude=35, longitude=-118, time=Wed Aug 22 17:04:37 MDT 2018
FINER	thread=13	[null] Added associations event id=1, productSummary source=sc, type=testproduct, code=uno (id=2)
FINER	thread=13	[null] checking for event splits
FINEST	thread=13	Product Index Query
eventSearchType=SEARCH_EVENT_PREFERRED
resultType=RESULT_TYPE_ALL
minEventTime=Wed Aug 22 17:04:21 MDT 2018
maxEventTime=Wed Aug 22 17:04:53 MDT 2018
minEventLatitude=34.10007199424046075986183268469176255166530609130859375
maxEventLatitude=35.89992800575953924013816731530823744833469390869140625
minEventLongitude=-119.098609241146021986423875205218791961669921875
maxEventLongitude=-116.901390758853978013576124794781208038330078125
FINER	thread=13	[null] checking for event merges
FINEST	thread=13	Product Index Query
eventSearchType=SEARCH_EVENT_PREFERRED
resultType=RESULT_TYPE_ALL
minEventTime=Wed Aug 22 17:04:21 MDT 2018
maxEventTime=Wed Aug 22 17:04:53 MDT 2018
minEventLatitude=34.10007199424046075986183268469176255166530609130859375
maxEventLatitude=35.89992800575953924013816731530823744833469390869140625
minEventLongitude=-119.098609241146021986423875205218791961669921875
maxEventLongitude=-116.901390758853978013576124794781208038330078125
FINER	thread=13	[null] searching for nearby events
FINER	thread=13	[null] search for nearby events complete
FINER	thread=13	[null] searching for unassociated products
FINER	thread=13	[null] search for unassociated products complete
FINER	thread=13	[null] updating event summary parameters
FINER	thread=13	[null] Updating event indexid=1
FINE	thread=13	Eventindexid=1, eventid=scuno, latitude=35, longitude=-118, time=Wed Aug 22 17:04:37 MDT 2018, deleted=false
FINER	thread=13	Products in event
	status=UPDATE, id=urn:usgs-product:us:testproduct:one:1534979077495, eventid=usone, latitude=35, longitude=-118, time=Wed Aug 22 17:04:37 MDT 2018
	status=UPDATE, id=urn:usgs-product:sc:testproduct:uno:1534979077559, eventid=scuno, latitude=35, longitude=-118, time=Wed Aug 22 17:04:37 MDT 2018
FINEST	thread=13	[null] Updated event properties in Product Index
FINER	thread=13	[null] committing transaction
FINE	thread=13	[null] notifying listeners
INFO	thread=13	[null] indexed product id=urn:usgs-product:sc:testproduct:uno:1534979077559, status=UPDATE
EVENT_UPDATED usone => scuno
FINEST	thread=817	[null] acquiring read lock for product id=urn:usgs-product:sc:testproduct:uno:1534979077559
FINEST	thread=815	[null] acquiring read lock for product id=urn:usgs-product:sc:testproduct:uno:1534979077559
FINEST	thread=817	[null] acquired read lock for product id=urn:usgs-product:sc:testproduct:uno:1534979077559
FINEST	thread=815	[null] acquired read lock for product id=urn:usgs-product:sc:testproduct:uno:1534979077559
FINEST	thread=815	[null] releasing read lock for product id=urn:usgs-product:sc:testproduct:uno:1534979077559
FINEST	thread=817	[null] releasing read lock for product id=urn:usgs-product:sc:testproduct:uno:1534979077559
FINEST	thread=815	[null] released read lock for product id=urn:usgs-product:sc:testproduct:uno:1534979077559
FINEST	thread=817	[null] released read lock for product id=urn:usgs-product:sc:testproduct:uno:1534979077559
FINER	thread=815	[DirectoryProductSource] Product does not have any  URLContent. Scraping directory for files.
FINER	thread=817	[DirectoryProductSource] Product does not have any  URLContent. Scraping directory for files.
FINEST	thread=817	[null] acquiring write lock for product id=urn:usgs-product:sc:testproduct:uno:1534979077559
FINEST	thread=815	[null] acquiring write lock for product id=urn:usgs-product:sc:testproduct:uno:1534979077559
FINEST	thread=817	[null] acquired write lock for product id=urn:usgs-product:sc:testproduct:uno:1534979077559
FINEST	thread=815	[null] acquired write lock for product id=urn:usgs-product:sc:testproduct:uno:1534979077559
FINEST	thread=817	[null] acquiring read lock for product id=urn:usgs-product:sc:testproduct:uno:1534979077559
FINEST	thread=815	[null] acquiring read lock for product id=urn:usgs-product:sc:testproduct:uno:1534979077559
FINEST	thread=817	[null] acquired read lock for product id=urn:usgs-product:sc:testproduct:uno:1534979077559
FINEST	thread=815	[null] acquired read lock for product id=urn:usgs-product:sc:testproduct:uno:1534979077559
FINEST	thread=815	[null] releasing read lock for product id=urn:usgs-product:sc:testproduct:uno:1534979077559
FINEST	thread=817	[null] releasing read lock for product id=urn:usgs-product:sc:testproduct:uno:1534979077559
FINEST	thread=815	[null] released read lock for product id=urn:usgs-product:sc:testproduct:uno:1534979077559
FINEST	thread=817	[null] released read lock for product id=urn:usgs-product:sc:testproduct:uno:1534979077559
WARNING	thread=817	[null] exception while storing product, removing incomplete product
java.io.IOException: Unable to create directory /Users/jmfee/Documents/git/pdl/_test_storage_/testproduct/uno/sc/1534979077559
	at gov.usgs.util.StreamUtils.getOutputStream(StreamUtils.java:154)
	at gov.usgs.util.StreamUtils.getOutputStream(StreamUtils.java:185)
	at gov.usgs.earthquake.product.io.DirectoryProductHandler.onEndProduct(DirectoryProductHandler.java:68)
	at gov.usgs.earthquake.product.io.FilterProductHandler.onEndProduct(FilterProductHandler.java:71)
	at gov.usgs.earthquake.distribution.FileProductStorage$StorageProductOutput.onEndProduct(FileProductStorage.java:855)
	at gov.usgs.earthquake.product.io.ObjectProductSource.sendEndProduct(ObjectProductSource.java:166)
	at gov.usgs.earthquake.product.io.ObjectProductSource.streamTo(ObjectProductSource.java:62)
	at gov.usgs.earthquake.distribution.FileProductStorage.storeProductSource(FileProductStorage.java:693)
	at gov.usgs.earthquake.distribution.FileProductStorage.storeProduct(FileProductStorage.java:675)
	at gov.usgs.earthquake.indexer.ExternalIndexerListener.storeProduct(ExternalIndexerListener.java:194)
	at gov.usgs.earthquake.indexer.ExternalIndexerListener.onIndexerEvent(ExternalIndexerListener.java:129)
	at gov.usgs.earthquake.indexer.IndexerListenerCallable.call(IndexerListenerCallable.java:37)
	at gov.usgs.earthquake.indexer.IndexerListenerCallable.call(IndexerListenerCallable.java:12)
	at gov.usgs.util.ExecutorTask.run(ExecutorTask.java:183)
	at java.base/java.util.concurrent.Executors$RunnableAdapter.call(Executors.java:514)
	at java.base/java.util.concurrent.FutureTask.run(FutureTask.java:264)
	at java.base/java.util.concurrent.ThreadPoolExecutor.runWorker(ThreadPoolExecutor.java:1135)
	at java.base/java.util.concurrent.ThreadPoolExecutor$Worker.run(ThreadPoolExecutor.java:635)
	at java.base/java.lang.Thread.run(Thread.java:844)
FINER	thread=815	[null] product stored id=urn:usgs-product:sc:testproduct:uno:1534979077559, status=UPDATE
FINEST	thread=817	[null] acquiring write lock for product id=urn:usgs-product:sc:testproduct:uno:1534979077559
FINEST	thread=815	[null] releasing write lock for product id=urn:usgs-product:sc:testproduct:uno:1534979077559
FINEST	thread=817	[null] acquired write lock for product id=urn:usgs-product:sc:testproduct:uno:1534979077559
FINEST	thread=815	[null] released write lock for product id=urn:usgs-product:sc:testproduct:uno:1534979077559
FINEST	thread=815	[null] acquiring read lock for product id=urn:usgs-product:sc:testproduct:uno:1534979077559
FINEST	thread=815	[null] acquired read lock for product id=urn:usgs-product:sc:testproduct:uno:1534979077559
FINEST	thread=815	[null] releasing read lock for product id=urn:usgs-product:sc:testproduct:uno:1534979077559
FINEST	thread=815	[null] released read lock for product id=urn:usgs-product:sc:testproduct:uno:1534979077559
FINER	thread=817	[null] product removed, id=urn:usgs-product:sc:testproduct:uno:1534979077559
FINEST	thread=817	[null] releasing write lock for product id=urn:usgs-product:sc:testproduct:uno:1534979077559
FINEST	thread=817	[null] released write lock for product id=urn:usgs-product:sc:testproduct:uno:1534979077559
FINEST	thread=817	[null] releasing write lock for product id=urn:usgs-product:sc:testproduct:uno:1534979077559
FINEST	thread=817	[null] released write lock for product id=urn:usgs-product:sc:testproduct:uno:1534979077559
WARNING	thread=817	[null] listener (null) threw exception, for product id=urn:usgs-product:sc:testproduct:uno:1534979077559
java.io.IOException: Unable to create directory /Users/jmfee/Documents/git/pdl/_test_storage_/testproduct/uno/sc/1534979077559
	at gov.usgs.util.StreamUtils.getOutputStream(StreamUtils.java:154)
	at gov.usgs.util.StreamUtils.getOutputStream(StreamUtils.java:185)
	at gov.usgs.earthquake.product.io.DirectoryProductHandler.onEndProduct(DirectoryProductHandler.java:68)
	at gov.usgs.earthquake.product.io.FilterProductHandler.onEndProduct(FilterProductHandler.java:71)
	at gov.usgs.earthquake.distribution.FileProductStorage$StorageProductOutput.onEndProduct(FileProductStorage.java:855)
	at gov.usgs.earthquake.product.io.ObjectProductSource.sendEndProduct(ObjectProductSource.java:166)
	at gov.usgs.earthquake.product.io.ObjectProductSource.streamTo(ObjectProductSource.java:62)
	at gov.usgs.earthquake.distribution.FileProductStorage.storeProductSource(FileProductStorage.java:693)
	at gov.usgs.earthquake.distribution.FileProductStorage.storeProduct(FileProductStorage.java:675)
	at gov.usgs.earthquake.indexer.ExternalIndexerListener.storeProduct(ExternalIndexerListener.java:194)
	at gov.usgs.earthquake.indexer.ExternalIndexerListener.onIndexerEvent(ExternalIndexerListener.java:129)
	at gov.usgs.earthquake.indexer.IndexerListenerCallable.call(IndexerListenerCallable.java:37)
	at gov.usgs.earthquake.indexer.IndexerListenerCallable.call(IndexerListenerCallable.java:12)
	at gov.usgs.util.ExecutorTask.run(ExecutorTask.java:183)
	at java.base/java.util.concurrent.Executors$RunnableAdapter.call(Executors.java:514)
	at java.base/java.util.concurrent.FutureTask.run(FutureTask.java:264)
	at java.base/java.util.concurrent.ThreadPoolExecutor.runWorker(ThreadPoolExecutor.java:1135)
	at java.base/java.util.concurrent.ThreadPoolExecutor$Worker.run(ThreadPoolExecutor.java:635)
	at java.base/java.lang.Thread.run(Thread.java:844)
FINE	thread=817	Exception: Unable to create directory /Users/jmfee/Documents/git/pdl/_test_storage_/testproduct/uno/sc/1534979077559 source=sc, type=testproduct, code=uno, updateTime=Wed Aug 22 17:04:37 MDT 2018
FINEST	thread=817	Tracker updates disabled, not sent
INFO	thread=817	Exception executing task
java.io.IOException: Unable to create directory /Users/jmfee/Documents/git/pdl/_test_storage_/testproduct/uno/sc/1534979077559
	at gov.usgs.util.StreamUtils.getOutputStream(StreamUtils.java:154)
	at gov.usgs.util.StreamUtils.getOutputStream(StreamUtils.java:185)
	at gov.usgs.earthquake.product.io.DirectoryProductHandler.onEndProduct(DirectoryProductHandler.java:68)
	at gov.usgs.earthquake.product.io.FilterProductHandler.onEndProduct(FilterProductHandler.java:71)
	at gov.usgs.earthquake.distribution.FileProductStorage$StorageProductOutput.onEndProduct(FileProductStorage.java:855)
	at gov.usgs.earthquake.product.io.ObjectProductSource.sendEndProduct(ObjectProductSource.java:166)
	at gov.usgs.earthquake.product.io.ObjectProductSource.streamTo(ObjectProductSource.java:62)
	at gov.usgs.earthquake.distribution.FileProductStorage.storeProductSource(FileProductStorage.java:693)
	at gov.usgs.earthquake.distribution.FileProductStorage.storeProduct(FileProductStorage.java:675)
	at gov.usgs.earthquake.indexer.ExternalIndexerListener.storeProduct(ExternalIndexerListener.java:194)
	at gov.usgs.earthquake.indexer.ExternalIndexerListener.onIndexerEvent(ExternalIndexerListener.java:129)
	at gov.usgs.earthquake.indexer.IndexerListenerCallable.call(IndexerListenerCallable.java:37)
	at gov.usgs.earthquake.indexer.IndexerListenerCallable.call(IndexerListenerCallable.java:12)
	at gov.usgs.util.ExecutorTask.run(ExecutorTask.java:183)
	at java.base/java.util.concurrent.Executors$RunnableAdapter.call(Executors.java:514)
	at java.base/java.util.concurrent.FutureTask.run(FutureTask.java:264)
	at java.base/java.util.concurrent.ThreadPoolExecutor.runWorker(ThreadPoolExecutor.java:1135)
	at java.base/java.util.concurrent.ThreadPoolExecutor$Worker.run(ThreadPoolExecutor.java:635)
	at java.base/java.lang.Thread.run(Thread.java:844)
FINER	thread=815	[DirectoryProductSource] Product does not have any  URLContent. Scraping directory for files.
WARNING	thread=815	[null] listener (null) threw exception, for product id=urn:usgs-product:sc:testproduct:uno:1534979077559
java.lang.NullPointerException
	at gov.usgs.earthquake.product.FileContent.getDirectoryContents(FileContent.java:183)
	at gov.usgs.earthquake.product.FileContent.getDirectoryContents(FileContent.java:160)
	at gov.usgs.earthquake.product.io.DirectoryProductSource.streamTo(DirectoryProductSource.java:91)
	at gov.usgs.earthquake.product.io.ObjectProductHandler.getProduct(ObjectProductHandler.java:172)
	at gov.usgs.earthquake.distribution.FileProductStorage.getProduct(FileProductStorage.java:465)
	at gov.usgs.earthquake.indexer.ExternalIndexerListener.storeProduct(ExternalIndexerListener.java:195)
	at gov.usgs.earthquake.indexer.ExternalIndexerListener.onIndexerEvent(ExternalIndexerListener.java:129)
	at gov.usgs.earthquake.indexer.IndexerListenerCallable.call(IndexerListenerCallable.java:37)
	at gov.usgs.earthquake.indexer.IndexerListenerCallable.call(IndexerListenerCallable.java:12)
	at gov.usgs.util.ExecutorTask.run(ExecutorTask.java:183)
	at java.base/java.util.concurrent.Executors$RunnableAdapter.call(Executors.java:514)
	at java.base/java.util.concurrent.FutureTask.run(FutureTask.java:264)
	at java.base/java.util.concurrent.ThreadPoolExecutor.runWorker(ThreadPoolExecutor.java:1135)
	at java.base/java.util.concurrent.ThreadPoolExecutor$Worker.run(ThreadPoolExecutor.java:635)
	at java.base/java.lang.Thread.run(Thread.java:844)
FINE	thread=815	Exception: null source=sc, type=testproduct, code=uno, updateTime=Wed Aug 22 17:04:37 MDT 2018
FINEST	thread=815	Tracker updates disabled, not sent
INFO	thread=815	Exception executing task
java.lang.NullPointerException
	at gov.usgs.earthquake.product.FileContent.getDirectoryContents(FileContent.java:183)
	at gov.usgs.earthquake.product.FileContent.getDirectoryContents(FileContent.java:160)
	at gov.usgs.earthquake.product.io.DirectoryProductSource.streamTo(DirectoryProductSource.java:91)
	at gov.usgs.earthquake.product.io.ObjectProductHandler.getProduct(ObjectProductHandler.java:172)
	at gov.usgs.earthquake.distribution.FileProductStorage.getProduct(FileProductStorage.java:465)
	at gov.usgs.earthquake.indexer.ExternalIndexerListener.storeProduct(ExternalIndexerListener.java:195)
	at gov.usgs.earthquake.indexer.ExternalIndexerListener.onIndexerEvent(ExternalIndexerListener.java:129)
	at gov.usgs.earthquake.indexer.IndexerListenerCallable.call(IndexerListenerCallable.java:37)
	at gov.usgs.earthquake.indexer.IndexerListenerCallable.call(IndexerListenerCallable.java:12)
	at gov.usgs.util.ExecutorTask.run(ExecutorTask.java:183)
	at java.base/java.util.concurrent.Executors$RunnableAdapter.call(Executors.java:514)
	at java.base/java.util.concurrent.FutureTask.run(FutureTask.java:264)
	at java.base/java.util.concurrent.ThreadPoolExecutor.runWorker(ThreadPoolExecutor.java:1135)
	at java.base/java.util.concurrent.ThreadPoolExecutor$Worker.run(ThreadPoolExecutor.java:635)
	at java.base/java.lang.Thread.run(Thread.java:844)
FINEST	thread=13	[null] storing product id=urn:usgs-product:admin:trump:us-testproduct-one:1534979077628
FINEST	thread=13	[null] acquiring write lock for product id=urn:usgs-product:admin:trump:us-testproduct-one:1534979077628
FINEST	thread=13	[null] acquired write lock for product id=urn:usgs-product:admin:trump:us-testproduct-one:1534979077628
FINEST	thread=13	[null] acquiring read lock for product id=urn:usgs-product:admin:trump:us-testproduct-one:1534979077628
FINEST	thread=13	[null] acquired read lock for product id=urn:usgs-product:admin:trump:us-testproduct-one:1534979077628
FINEST	thread=13	[null] releasing read lock for product id=urn:usgs-product:admin:trump:us-testproduct-one:1534979077628
FINEST	thread=13	[null] released read lock for product id=urn:usgs-product:admin:trump:us-testproduct-one:1534979077628
FINER	thread=13	[null] product stored id=urn:usgs-product:admin:trump:us-testproduct-one:1534979077628, status=UPDATE
FINEST	thread=13	[null] releasing write lock for product id=urn:usgs-product:admin:trump:us-testproduct-one:1534979077628
FINEST	thread=13	[null] released write lock for product id=urn:usgs-product:admin:trump:us-testproduct-one:1534979077628
FINEST	thread=13	[null] stored product id=urn:usgs-product:admin:trump:us-testproduct-one:1534979077628
FINER	thread=13	[null] summarizing product id=urn:usgs-product:admin:trump:us-testproduct-one:1534979077628
FINEST	thread=13	[null] beginning index transaction
FINER	thread=13	[null] finding previous version
FINEST	thread=13	[null] running query 
SELECT DISTINCT id FROM productSummary p WHERE p.id IS NOT NULL AND p.id = (SELECT id FROM productSummary ps WHERE ps.source='admin' AND ps.type='trump' AND ps.code='us-testproduct-one' AND ps.status <> 'DELETE' ORDER BY ps.updateTime DESC LIMIT 1) AND source='admin' AND type='trump' AND code='us-testproduct-one'
FINEST	thread=13	[null] query complete
FINER	thread=13	[null] finding previous event
FINER	thread=13	[null] adding summary to index
FINEST	thread=13	[null] Added property weight:1000 for product 3
FINEST	thread=13	[null] Added link product:urn:usgs-product:us:testproduct:one:1534979077495 for product 3
FINEST	thread=13	[null] Added productSummary urn:usgs-product:admin:trump:us-testproduct-one:1534979077628, indexid=3 to product index
FINER	thread=13	[null] found existing event indexid=1
FINE	thread=13	Eventindexid=1, eventid=scuno, latitude=35, longitude=-118, time=Wed Aug 22 17:04:37 MDT 2018, deleted=false
FINER	thread=13	Products in event
	status=UPDATE, id=urn:usgs-product:us:testproduct:one:1534979077495, eventid=usone, latitude=35, longitude=-118, time=Wed Aug 22 17:04:37 MDT 2018
	status=UPDATE, id=urn:usgs-product:sc:testproduct:uno:1534979077559, eventid=scuno, latitude=35, longitude=-118, time=Wed Aug 22 17:04:37 MDT 2018
FINER	thread=13	[null] Added associations event id=1, productSummary source=admin, type=trump, code=us-testproduct-one (id=3)
FINER	thread=13	[null] checking for event splits
FINEST	thread=13	Product Index Query
eventSearchType=SEARCH_EVENT_PREFERRED
resultType=RESULT_TYPE_ALL
minEventTime=Wed Aug 22 17:04:21 MDT 2018
maxEventTime=Wed Aug 22 17:04:53 MDT 2018
minEventLatitude=34.10007199424046075986183268469176255166530609130859375
maxEventLatitude=35.89992800575953924013816731530823744833469390869140625
minEventLongitude=-119.098609241146021986423875205218791961669921875
maxEventLongitude=-116.901390758853978013576124794781208038330078125
FINER	thread=13	[null] checking for event merges
FINEST	thread=13	Product Index Query
eventSearchType=SEARCH_EVENT_PREFERRED
resultType=RESULT_TYPE_ALL
minEventTime=Wed Aug 22 17:04:21 MDT 2018
maxEventTime=Wed Aug 22 17:04:53 MDT 2018
minEventLatitude=34.10007199424046075986183268469176255166530609130859375
maxEventLatitude=35.89992800575953924013816731530823744833469390869140625
minEventLongitude=-119.098609241146021986423875205218791961669921875
maxEventLongitude=-116.901390758853978013576124794781208038330078125
FINER	thread=13	[null] searching for nearby events
FINER	thread=13	[null] search for nearby events complete
FINEST	thread=13	[null] running query 
SELECT DISTINCT id FROM productSummary p WHERE p.id IS NOT NULL AND NOT EXISTS (SELECT id FROM productSummary ps WHERE ps.type=p.type AND ps.source=p.source AND ps.code=p.code AND ps.updateTime > p.updateTime AND ps.status <> 'DELETE') AND p.productId IN ('urn:usgs-product:us:testproduct:one:1534979077495')
FINEST	thread=13	[null] query complete
INFO	thread=13	Setting product preferred weight urn:usgs-product:us:testproduct:one:1534979077495, weight 6 (old) => 1000 (new)
FINER	thread=13	[null] Removed associations event id=1, productSummary source=us, type=testproduct, code=one (id=1)
FINEST	thread=13	[null] Removed productSummary id=1
FINEST	thread=13	[null] Added property latitude:35 for product 4
FINEST	thread=13	[null] Added property eventsourcecode:one for product 4
FINEST	thread=13	[null] Added property eventtime:2018-08-22T23:04:37.495Z for product 4
FINEST	thread=13	[null] Added property eventsource:us for product 4
FINEST	thread=13	[null] Added property longitude:-118 for product 4
FINEST	thread=13	[null] Added productSummary urn:usgs-product:us:testproduct:one:1534979077495, indexid=4 to product index
FINER	thread=13	[null] Added associations event id=1, productSummary source=us, type=testproduct, code=one (id=4)
FINER	thread=13	[null] updating event summary parameters
FINER	thread=13	[null] Updating event indexid=1
FINE	thread=13	Eventindexid=1, eventid=usone, latitude=35, longitude=-118, time=Wed Aug 22 17:04:37 MDT 2018, deleted=false
FINER	thread=13	Products in event
	status=UPDATE, id=urn:usgs-product:admin:trump:us-testproduct-one:1534979077628, eventid=null, latitude=null, longitude=null, time=null
	status=UPDATE, id=urn:usgs-product:sc:testproduct:uno:1534979077559, eventid=scuno, latitude=35, longitude=-118, time=Wed Aug 22 17:04:37 MDT 2018
	status=UPDATE, id=urn:usgs-product:us:testproduct:one:1534979077495, eventid=usone, latitude=35, longitude=-118, time=Wed Aug 22 17:04:37 MDT 2018
FINEST	thread=13	[null] Updated event properties in Product Index
FINER	thread=13	[null] committing transaction
FINE	thread=13	[null] notifying listeners
INFO	thread=13	[null] indexed product id=urn:usgs-product:admin:trump:us-testproduct-one:1534979077628, status=UPDATE
EVENT_UPDATED scuno => usone
FINEST	thread=817	[null] acquiring read lock for product id=urn:usgs-product:admin:trump:us-testproduct-one:1534979077628
FINEST	thread=815	[null] acquiring read lock for product id=urn:usgs-product:admin:trump:us-testproduct-one:1534979077628
FINEST	thread=817	[null] acquired read lock for product id=urn:usgs-product:admin:trump:us-testproduct-one:1534979077628
FINEST	thread=815	[null] acquired read lock for product id=urn:usgs-product:admin:trump:us-testproduct-one:1534979077628
FINEST	thread=817	[null] releasing read lock for product id=urn:usgs-product:admin:trump:us-testproduct-one:1534979077628
FINEST	thread=815	[null] releasing read lock for product id=urn:usgs-product:admin:trump:us-testproduct-one:1534979077628
FINEST	thread=817	[null] released read lock for product id=urn:usgs-product:admin:trump:us-testproduct-one:1534979077628
FINEST	thread=815	[null] released read lock for product id=urn:usgs-product:admin:trump:us-testproduct-one:1534979077628
FINER	thread=817	[DirectoryProductSource] Product does not have any  URLContent. Scraping directory for files.
FINER	thread=815	[DirectoryProductSource] Product does not have any  URLContent. Scraping directory for files.
FINEST	thread=815	[null] acquiring write lock for product id=urn:usgs-product:admin:trump:us-testproduct-one:1534979077628
FINEST	thread=815	[null] acquired write lock for product id=urn:usgs-product:admin:trump:us-testproduct-one:1534979077628
FINEST	thread=815	[null] acquiring read lock for product id=urn:usgs-product:admin:trump:us-testproduct-one:1534979077628
FINEST	thread=815	[null] acquired read lock for product id=urn:usgs-product:admin:trump:us-testproduct-one:1534979077628
FINEST	thread=817	[null] acquiring write lock for product id=urn:usgs-product:admin:trump:us-testproduct-one:1534979077628
FINEST	thread=815	[null] releasing read lock for product id=urn:usgs-product:admin:trump:us-testproduct-one:1534979077628
FINEST	thread=817	[null] acquired write lock for product id=urn:usgs-product:admin:trump:us-testproduct-one:1534979077628
FINEST	thread=815	[null] released read lock for product id=urn:usgs-product:admin:trump:us-testproduct-one:1534979077628
FINEST	thread=817	[null] acquiring read lock for product id=urn:usgs-product:admin:trump:us-testproduct-one:1534979077628
FINEST	thread=817	[null] acquired read lock for product id=urn:usgs-product:admin:trump:us-testproduct-one:1534979077628
FINEST	thread=817	[null] releasing read lock for product id=urn:usgs-product:admin:trump:us-testproduct-one:1534979077628
FINEST	thread=817	[null] released read lock for product id=urn:usgs-product:admin:trump:us-testproduct-one:1534979077628
WARNING	thread=815	[null] exception while storing product, removing incomplete product
java.io.IOException: Unable to create directory /Users/jmfee/Documents/git/pdl/_test_storage_/trump/us-testproduct-one/admin/1534979077628
	at gov.usgs.util.StreamUtils.getOutputStream(StreamUtils.java:154)
	at gov.usgs.util.StreamUtils.getOutputStream(StreamUtils.java:185)
	at gov.usgs.earthquake.product.io.DirectoryProductHandler.onEndProduct(DirectoryProductHandler.java:68)
	at gov.usgs.earthquake.product.io.FilterProductHandler.onEndProduct(FilterProductHandler.java:71)
	at gov.usgs.earthquake.distribution.FileProductStorage$StorageProductOutput.onEndProduct(FileProductStorage.java:855)
	at gov.usgs.earthquake.product.io.ObjectProductSource.sendEndProduct(ObjectProductSource.java:166)
	at gov.usgs.earthquake.product.io.ObjectProductSource.streamTo(ObjectProductSource.java:62)
	at gov.usgs.earthquake.distribution.FileProductStorage.storeProductSource(FileProductStorage.java:693)
	at gov.usgs.earthquake.distribution.FileProductStorage.storeProduct(FileProductStorage.java:675)
	at gov.usgs.earthquake.indexer.ExternalIndexerListener.storeProduct(ExternalIndexerListener.java:194)
	at gov.usgs.earthquake.indexer.ExternalIndexerListener.onIndexerEvent(ExternalIndexerListener.java:129)
	at gov.usgs.earthquake.indexer.IndexerListenerCallable.call(IndexerListenerCallable.java:37)
	at gov.usgs.earthquake.indexer.IndexerListenerCallable.call(IndexerListenerCallable.java:12)
	at gov.usgs.util.ExecutorTask.run(ExecutorTask.java:183)
	at java.base/java.util.concurrent.Executors$RunnableAdapter.call(Executors.java:514)
	at java.base/java.util.concurrent.FutureTask.run(FutureTask.java:264)
	at java.base/java.util.concurrent.ThreadPoolExecutor.runWorker(ThreadPoolExecutor.java:1135)
	at java.base/java.util.concurrent.ThreadPoolExecutor$Worker.run(ThreadPoolExecutor.java:635)
	at java.base/java.lang.Thread.run(Thread.java:844)
FINEST	thread=815	[null] acquiring write lock for product id=urn:usgs-product:admin:trump:us-testproduct-one:1534979077628
FINEST	thread=815	[null] acquired write lock for product id=urn:usgs-product:admin:trump:us-testproduct-one:1534979077628
FINER	thread=817	[null] product stored id=urn:usgs-product:admin:trump:us-testproduct-one:1534979077628, status=UPDATE
FINEST	thread=817	[null] releasing write lock for product id=urn:usgs-product:admin:trump:us-testproduct-one:1534979077628
FINEST	thread=817	[null] released write lock for product id=urn:usgs-product:admin:trump:us-testproduct-one:1534979077628
FINEST	thread=817	[null] acquiring read lock for product id=urn:usgs-product:admin:trump:us-testproduct-one:1534979077628
FINEST	thread=817	[null] acquired read lock for product id=urn:usgs-product:admin:trump:us-testproduct-one:1534979077628
FINEST	thread=817	[null] releasing read lock for product id=urn:usgs-product:admin:trump:us-testproduct-one:1534979077628
FINEST	thread=817	[null] released read lock for product id=urn:usgs-product:admin:trump:us-testproduct-one:1534979077628
WARNING	thread=817	[null] listener (null) threw exception, for product id=urn:usgs-product:admin:trump:us-testproduct-one:1534979077628
java.io.FileNotFoundException: _test_storage_/trump/us-testproduct-one/admin/1534979077628/product.xml (No such file or directory)
	at java.base/java.io.FileInputStream.open0(Native Method)
	at java.base/java.io.FileInputStream.open(FileInputStream.java:220)
	at java.base/java.io.FileInputStream.<init>(FileInputStream.java:158)
	at gov.usgs.util.StreamUtils.getInputStream(StreamUtils.java:60)
	at gov.usgs.earthquake.product.io.DirectoryProductSource.streamTo(DirectoryProductSource.java:55)
	at gov.usgs.earthquake.product.io.ObjectProductHandler.getProduct(ObjectProductHandler.java:172)
	at gov.usgs.earthquake.distribution.FileProductStorage.getProduct(FileProductStorage.java:465)
	at gov.usgs.earthquake.indexer.ExternalIndexerListener.storeProduct(ExternalIndexerListener.java:195)
	at gov.usgs.earthquake.indexer.ExternalIndexerListener.onIndexerEvent(ExternalIndexerListener.java:129)
	at gov.usgs.earthquake.indexer.IndexerListenerCallable.call(IndexerListenerCallable.java:37)
	at gov.usgs.earthquake.indexer.IndexerListenerCallable.call(IndexerListenerCallable.java:12)
	at gov.usgs.util.ExecutorTask.run(ExecutorTask.java:183)
	at java.base/java.util.concurrent.Executors$RunnableAdapter.call(Executors.java:514)
	at java.base/java.util.concurrent.FutureTask.run(FutureTask.java:264)
	at java.base/java.util.concurrent.ThreadPoolExecutor.runWorker(ThreadPoolExecutor.java:1135)
	at java.base/java.util.concurrent.ThreadPoolExecutor$Worker.run(ThreadPoolExecutor.java:635)
	at java.base/java.lang.Thread.run(Thread.java:844)
FINER	thread=815	[null] product removed, id=urn:usgs-product:admin:trump:us-testproduct-one:1534979077628
FINEST	thread=815	[null] releasing write lock for product id=urn:usgs-product:admin:trump:us-testproduct-one:1534979077628
FINEST	thread=815	[null] released write lock for product id=urn:usgs-product:admin:trump:us-testproduct-one:1534979077628
FINEST	thread=815	[null] releasing write lock for product id=urn:usgs-product:admin:trump:us-testproduct-one:1534979077628
FINEST	thread=815	[null] released write lock for product id=urn:usgs-product:admin:trump:us-testproduct-one:1534979077628
FINE	thread=817	Exception: _test_storage_/trump/us-testproduct-one/admin/1534979077628/product.xml (No such file or directory) source=admin, type=trump, code=us-testproduct-one, updateTime=Wed Aug 22 17:04:37 MDT 2018
FINEST	thread=817	Tracker updates disabled, not sent
WARNING	thread=815	[null] listener (null) threw exception, for product id=urn:usgs-product:admin:trump:us-testproduct-one:1534979077628
java.io.IOException: Unable to create directory /Users/jmfee/Documents/git/pdl/_test_storage_/trump/us-testproduct-one/admin/1534979077628
	at gov.usgs.util.StreamUtils.getOutputStream(StreamUtils.java:154)
	at gov.usgs.util.StreamUtils.getOutputStream(StreamUtils.java:185)
	at gov.usgs.earthquake.product.io.DirectoryProductHandler.onEndProduct(DirectoryProductHandler.java:68)
	at gov.usgs.earthquake.product.io.FilterProductHandler.onEndProduct(FilterProductHandler.java:71)
	at gov.usgs.earthquake.distribution.FileProductStorage$StorageProductOutput.onEndProduct(FileProductStorage.java:855)
	at gov.usgs.earthquake.product.io.ObjectProductSource.sendEndProduct(ObjectProductSource.java:166)
	at gov.usgs.earthquake.product.io.ObjectProductSource.streamTo(ObjectProductSource.java:62)
	at gov.usgs.earthquake.distribution.FileProductStorage.storeProductSource(FileProductStorage.java:693)
	at gov.usgs.earthquake.distribution.FileProductStorage.storeProduct(FileProductStorage.java:675)
	at gov.usgs.earthquake.indexer.ExternalIndexerListener.storeProduct(ExternalIndexerListener.java:194)
	at gov.usgs.earthquake.indexer.ExternalIndexerListener.onIndexerEvent(ExternalIndexerListener.java:129)
	at gov.usgs.earthquake.indexer.IndexerListenerCallable.call(IndexerListenerCallable.java:37)
	at gov.usgs.earthquake.indexer.IndexerListenerCallable.call(IndexerListenerCallable.java:12)
	at gov.usgs.util.ExecutorTask.run(ExecutorTask.java:183)
	at java.base/java.util.concurrent.Executors$RunnableAdapter.call(Executors.java:514)
	at java.base/java.util.concurrent.FutureTask.run(FutureTask.java:264)
	at java.base/java.util.concurrent.ThreadPoolExecutor.runWorker(ThreadPoolExecutor.java:1135)
	at java.base/java.util.concurrent.ThreadPoolExecutor$Worker.run(ThreadPoolExecutor.java:635)
	at java.base/java.lang.Thread.run(Thread.java:844)
INFO	thread=817	Exception executing task
java.io.FileNotFoundException: _test_storage_/trump/us-testproduct-one/admin/1534979077628/product.xml (No such file or directory)
	at java.base/java.io.FileInputStream.open0(Native Method)
	at java.base/java.io.FileInputStream.open(FileInputStream.java:220)
	at java.base/java.io.FileInputStream.<init>(FileInputStream.java:158)
	at gov.usgs.util.StreamUtils.getInputStream(StreamUtils.java:60)
	at gov.usgs.earthquake.product.io.DirectoryProductSource.streamTo(DirectoryProductSource.java:55)
	at gov.usgs.earthquake.product.io.ObjectProductHandler.getProduct(ObjectProductHandler.java:172)
	at gov.usgs.earthquake.distribution.FileProductStorage.getProduct(FileProductStorage.java:465)
	at gov.usgs.earthquake.indexer.ExternalIndexerListener.storeProduct(ExternalIndexerListener.java:195)
	at gov.usgs.earthquake.indexer.ExternalIndexerListener.onIndexerEvent(ExternalIndexerListener.java:129)
	at gov.usgs.earthquake.indexer.IndexerListenerCallable.call(IndexerListenerCallable.java:37)
	at gov.usgs.earthquake.indexer.IndexerListenerCallable.call(IndexerListenerCallable.java:12)
	at gov.usgs.util.ExecutorTask.run(ExecutorTask.java:183)
	at java.base/java.util.concurrent.Executors$RunnableAdapter.call(Executors.java:514)
	at java.base/java.util.concurrent.FutureTask.run(FutureTask.java:264)
	at java.base/java.util.concurrent.ThreadPoolExecutor.runWorker(ThreadPoolExecutor.java:1135)
	at java.base/java.util.concurrent.ThreadPoolExecutor$Worker.run(ThreadPoolExecutor.java:635)
	at java.base/java.lang.Thread.run(Thread.java:844)
FINE	thread=815	Exception: Unable to create directory /Users/jmfee/Documents/git/pdl/_test_storage_/trump/us-testproduct-one/admin/1534979077628 source=admin, type=trump, code=us-testproduct-one, updateTime=Wed Aug 22 17:04:37 MDT 2018
FINEST	thread=815	Tracker updates disabled, not sent
INFO	thread=815	Exception executing task
java.io.IOException: Unable to create directory /Users/jmfee/Documents/git/pdl/_test_storage_/trump/us-testproduct-one/admin/1534979077628
	at gov.usgs.util.StreamUtils.getOutputStream(StreamUtils.java:154)
	at gov.usgs.util.StreamUtils.getOutputStream(StreamUtils.java:185)
	at gov.usgs.earthquake.product.io.DirectoryProductHandler.onEndProduct(DirectoryProductHandler.java:68)
	at gov.usgs.earthquake.product.io.FilterProductHandler.onEndProduct(FilterProductHandler.java:71)
	at gov.usgs.earthquake.distribution.FileProductStorage$StorageProductOutput.onEndProduct(FileProductStorage.java:855)
	at gov.usgs.earthquake.product.io.ObjectProductSource.sendEndProduct(ObjectProductSource.java:166)
	at gov.usgs.earthquake.product.io.ObjectProductSource.streamTo(ObjectProductSource.java:62)
	at gov.usgs.earthquake.distribution.FileProductStorage.storeProductSource(FileProductStorage.java:693)
	at gov.usgs.earthquake.distribution.FileProductStorage.storeProduct(FileProductStorage.java:675)
	at gov.usgs.earthquake.indexer.ExternalIndexerListener.storeProduct(ExternalIndexerListener.java:194)
	at gov.usgs.earthquake.indexer.ExternalIndexerListener.onIndexerEvent(ExternalIndexerListener.java:129)
	at gov.usgs.earthquake.indexer.IndexerListenerCallable.call(IndexerListenerCallable.java:37)
	at gov.usgs.earthquake.indexer.IndexerListenerCallable.call(IndexerListenerCallable.java:12)
	at gov.usgs.util.ExecutorTask.run(ExecutorTask.java:183)
	at java.base/java.util.concurrent.Executors$RunnableAdapter.call(Executors.java:514)
	at java.base/java.util.concurrent.FutureTask.run(FutureTask.java:264)
	at java.base/java.util.concurrent.ThreadPoolExecutor.runWorker(ThreadPoolExecutor.java:1135)
	at java.base/java.util.concurrent.ThreadPoolExecutor$Worker.run(ThreadPoolExecutor.java:635)
	at java.base/java.lang.Thread.run(Thread.java:844)
FINER	thread=287	[null] running listener cleanup
FINEST	thread=13	[null] storing product id=urn:usgs-product:admin:trump:us-testproduct-one:1534979077715
FINEST	thread=13	[null] acquiring write lock for product id=urn:usgs-product:admin:trump:us-testproduct-one:1534979077715
FINEST	thread=13	[null] acquired write lock for product id=urn:usgs-product:admin:trump:us-testproduct-one:1534979077715
FINEST	thread=13	[null] acquiring read lock for product id=urn:usgs-product:admin:trump:us-testproduct-one:1534979077715
FINEST	thread=13	[null] acquired read lock for product id=urn:usgs-product:admin:trump:us-testproduct-one:1534979077715
FINEST	thread=13	[null] releasing read lock for product id=urn:usgs-product:admin:trump:us-testproduct-one:1534979077715
FINEST	thread=13	[null] released read lock for product id=urn:usgs-product:admin:trump:us-testproduct-one:1534979077715
FINER	thread=13	[null] product stored id=urn:usgs-product:admin:trump:us-testproduct-one:1534979077715, status=DELETE
FINEST	thread=13	[null] releasing write lock for product id=urn:usgs-product:admin:trump:us-testproduct-one:1534979077715
FINEST	thread=13	[null] released write lock for product id=urn:usgs-product:admin:trump:us-testproduct-one:1534979077715
FINEST	thread=13	[null] stored product id=urn:usgs-product:admin:trump:us-testproduct-one:1534979077715
FINER	thread=13	[null] summarizing product id=urn:usgs-product:admin:trump:us-testproduct-one:1534979077715
FINEST	thread=13	[null] beginning index transaction
FINER	thread=13	[null] finding previous version
FINEST	thread=13	[null] running query 
SELECT DISTINCT id FROM productSummary p WHERE p.id IS NOT NULL AND p.id = (SELECT id FROM productSummary ps WHERE ps.source='admin' AND ps.type='trump' AND ps.code='us-testproduct-one' AND ps.status <> 'DELETE' ORDER BY ps.updateTime DESC LIMIT 1) AND source='admin' AND type='trump' AND code='us-testproduct-one'
FINEST	thread=13	[null] query complete
FINER	thread=13	[null] finding previous event
FINER	thread=13	[null] adding summary to index
FINEST	thread=13	[null] Added productSummary urn:usgs-product:admin:trump:us-testproduct-one:1534979077715, indexid=5 to product index
FINER	thread=13	[null] found existing event indexid=1
FINE	thread=13	Eventindexid=1, eventid=usone, latitude=35, longitude=-118, time=Wed Aug 22 17:04:37 MDT 2018, deleted=false
FINER	thread=13	Products in event
	status=UPDATE, id=urn:usgs-product:admin:trump:us-testproduct-one:1534979077628, eventid=null, latitude=null, longitude=null, time=null
	status=UPDATE, id=urn:usgs-product:sc:testproduct:uno:1534979077559, eventid=scuno, latitude=35, longitude=-118, time=Wed Aug 22 17:04:37 MDT 2018
	status=UPDATE, id=urn:usgs-product:us:testproduct:one:1534979077495, eventid=usone, latitude=35, longitude=-118, time=Wed Aug 22 17:04:37 MDT 2018
FINER	thread=13	[null] Added associations event id=1, productSummary source=admin, type=trump, code=us-testproduct-one (id=5)
FINER	thread=13	[null] checking for event splits
FINEST	thread=13	Product Index Query
eventSearchType=SEARCH_EVENT_PREFERRED
resultType=RESULT_TYPE_ALL
minEventTime=Wed Aug 22 17:04:21 MDT 2018
maxEventTime=Wed Aug 22 17:04:53 MDT 2018
minEventLatitude=34.10007199424046075986183268469176255166530609130859375
maxEventLatitude=35.89992800575953924013816731530823744833469390869140625
minEventLongitude=-119.098609241146021986423875205218791961669921875
maxEventLongitude=-116.901390758853978013576124794781208038330078125
FINER	thread=13	[null] checking for event merges
FINEST	thread=13	Product Index Query
eventSearchType=SEARCH_EVENT_PREFERRED
resultType=RESULT_TYPE_ALL
minEventTime=Wed Aug 22 17:04:21 MDT 2018
maxEventTime=Wed Aug 22 17:04:53 MDT 2018
minEventLatitude=34.10007199424046075986183268469176255166530609130859375
maxEventLatitude=35.89992800575953924013816731530823744833469390869140625
minEventLongitude=-119.098609241146021986423875205218791961669921875
maxEventLongitude=-116.901390758853978013576124794781208038330078125
FINER	thread=13	[null] searching for nearby events
FINER	thread=13	[null] search for nearby events complete
FINEST	thread=13	[null] running query 
SELECT DISTINCT id FROM productSummary p WHERE p.id IS NOT NULL AND NOT EXISTS (SELECT id FROM productSummary ps WHERE ps.type=p.type AND ps.source=p.source AND ps.code=p.code AND ps.updateTime > p.updateTime AND ps.status <> 'DELETE') AND p.productId IN ('urn:usgs-product:us:testproduct:one:1534979077495')
FINEST	thread=13	[null] query complete
FINER	thread=13	[null] Removed associations event id=1, productSummary source=us, type=testproduct, code=one (id=4)
FINEST	thread=13	[null] Removed productSummary id=4
FINEST	thread=13	[null] acquiring read lock for product id=urn:usgs-product:us:testproduct:one:1534979077495
FINEST	thread=13	[null] acquired read lock for product id=urn:usgs-product:us:testproduct:one:1534979077495
FINEST	thread=13	[null] releasing read lock for product id=urn:usgs-product:us:testproduct:one:1534979077495
FINEST	thread=13	[null] released read lock for product id=urn:usgs-product:us:testproduct:one:1534979077495
FINER	thread=13	[DirectoryProductSource] Product does not have any  URLContent. Scraping directory for files.
INFO	thread=13	Resummarizing product urn:usgs-product:us:testproduct:one:1534979077495, weight 1000 (old) => 6 (new)
FINEST	thread=13	[null] Added property eventsourcecode:one for product 6
FINEST	thread=13	[null] Added property eventtime:2018-08-22T23:04:37.495Z for product 6
FINEST	thread=13	[null] Added property eventsource:us for product 6
FINEST	thread=13	[null] Added property latitude:35 for product 6
FINEST	thread=13	[null] Added property longitude:-118 for product 6
FINEST	thread=13	[null] Added productSummary urn:usgs-product:us:testproduct:one:1534979077495, indexid=6 to product index
FINER	thread=13	[null] Added associations event id=1, productSummary source=us, type=testproduct, code=one (id=6)
FINER	thread=13	[null] updating event summary parameters
FINER	thread=13	[null] Updating event indexid=1
FINE	thread=13	Eventindexid=1, eventid=scuno, latitude=35, longitude=-118, time=Wed Aug 22 17:04:37 MDT 2018, deleted=false
FINER	thread=13	Products in event
	status=UPDATE, id=urn:usgs-product:admin:trump:us-testproduct-one:1534979077628, eventid=null, latitude=null, longitude=null, time=null
	status=DELETE, id=urn:usgs-product:admin:trump:us-testproduct-one:1534979077715, eventid=null, latitude=null, longitude=null, time=null
	status=UPDATE, id=urn:usgs-product:sc:testproduct:uno:1534979077559, eventid=scuno, latitude=35, longitude=-118, time=Wed Aug 22 17:04:37 MDT 2018
	status=UPDATE, id=urn:usgs-product:us:testproduct:one:1534979077495, eventid=usone, latitude=35, longitude=-118, time=Wed Aug 22 17:04:37 MDT 2018
FINEST	thread=13	[null] Updated event properties in Product Index
FINER	thread=13	[null] committing transaction
FINE	thread=13	[null] notifying listeners
INFO	thread=13	[null] indexed product id=urn:usgs-product:admin:trump:us-testproduct-one:1534979077715, status=DELETE
EVENT_UPDATED usone => scuno
FINEST	thread=815	[null] acquiring read lock for product id=urn:usgs-product:admin:trump:us-testproduct-one:1534979077715
FINEST	thread=815	[null] acquired read lock for product id=urn:usgs-product:admin:trump:us-testproduct-one:1534979077715
FINEST	thread=815	[null] releasing read lock for product id=urn:usgs-product:admin:trump:us-testproduct-one:1534979077715
FINEST	thread=815	[null] released read lock for product id=urn:usgs-product:admin:trump:us-testproduct-one:1534979077715
FINEST	thread=817	[null] acquiring read lock for product id=urn:usgs-product:admin:trump:us-testproduct-one:1534979077715
FINEST	thread=817	[null] acquired read lock for product id=urn:usgs-product:admin:trump:us-testproduct-one:1534979077715
FINEST	thread=817	[null] releasing read lock for product id=urn:usgs-product:admin:trump:us-testproduct-one:1534979077715
FINEST	thread=817	[null] released read lock for product id=urn:usgs-product:admin:trump:us-testproduct-one:1534979077715
FINER	thread=817	[DirectoryProductSource] Product does not have any  URLContent. Scraping directory for files.
FINER	thread=815	[DirectoryProductSource] Product does not have any  URLContent. Scraping directory for files.
FINEST	thread=817	[null] acquiring write lock for product id=urn:usgs-product:admin:trump:us-testproduct-one:1534979077715
FINEST	thread=815	[null] acquiring write lock for product id=urn:usgs-product:admin:trump:us-testproduct-one:1534979077715
FINEST	thread=817	[null] acquired write lock for product id=urn:usgs-product:admin:trump:us-testproduct-one:1534979077715
FINEST	thread=815	[null] acquired write lock for product id=urn:usgs-product:admin:trump:us-testproduct-one:1534979077715
FINEST	thread=817	[null] acquiring read lock for product id=urn:usgs-product:admin:trump:us-testproduct-one:1534979077715
FINEST	thread=815	[null] acquiring read lock for product id=urn:usgs-product:admin:trump:us-testproduct-one:1534979077715
FINEST	thread=817	[null] acquired read lock for product id=urn:usgs-product:admin:trump:us-testproduct-one:1534979077715
FINEST	thread=815	[null] acquired read lock for product id=urn:usgs-product:admin:trump:us-testproduct-one:1534979077715
FINEST	thread=815	[null] releasing read lock for product id=urn:usgs-product:admin:trump:us-testproduct-one:1534979077715
FINEST	thread=817	[null] releasing read lock for product id=urn:usgs-product:admin:trump:us-testproduct-one:1534979077715
FINEST	thread=815	[null] released read lock for product id=urn:usgs-product:admin:trump:us-testproduct-one:1534979077715
FINEST	thread=817	[null] released read lock for product id=urn:usgs-product:admin:trump:us-testproduct-one:1534979077715
WARNING	thread=817	[null] exception while storing product, removing incomplete product
java.io.IOException: Unable to create directory /Users/jmfee/Documents/git/pdl/_test_storage_/trump/us-testproduct-one/admin/1534979077715
	at gov.usgs.util.StreamUtils.getOutputStream(StreamUtils.java:154)
	at gov.usgs.util.StreamUtils.getOutputStream(StreamUtils.java:185)
	at gov.usgs.earthquake.product.io.DirectoryProductHandler.onEndProduct(DirectoryProductHandler.java:68)
	at gov.usgs.earthquake.product.io.FilterProductHandler.onEndProduct(FilterProductHandler.java:71)
	at gov.usgs.earthquake.distribution.FileProductStorage$StorageProductOutput.onEndProduct(FileProductStorage.java:855)
	at gov.usgs.earthquake.product.io.ObjectProductSource.sendEndProduct(ObjectProductSource.java:166)
	at gov.usgs.earthquake.product.io.ObjectProductSource.streamTo(ObjectProductSource.java:62)
	at gov.usgs.earthquake.distribution.FileProductStorage.storeProductSource(FileProductStorage.java:693)
	at gov.usgs.earthquake.distribution.FileProductStorage.storeProduct(FileProductStorage.java:675)
	at gov.usgs.earthquake.indexer.ExternalIndexerListener.storeProduct(ExternalIndexerListener.java:194)
	at gov.usgs.earthquake.indexer.ExternalIndexerListener.onIndexerEvent(ExternalIndexerListener.java:129)
	at gov.usgs.earthquake.indexer.IndexerListenerCallable.call(IndexerListenerCallable.java:37)
	at gov.usgs.earthquake.indexer.IndexerListenerCallable.call(IndexerListenerCallable.java:12)
	at gov.usgs.util.ExecutorTask.run(ExecutorTask.java:183)
	at java.base/java.util.concurrent.Executors$RunnableAdapter.call(Executors.java:514)
	at java.base/java.util.concurrent.FutureTask.run(FutureTask.java:264)
	at java.base/java.util.concurrent.ThreadPoolExecutor.runWorker(ThreadPoolExecutor.java:1135)
	at java.base/java.util.concurrent.ThreadPoolExecutor$Worker.run(ThreadPoolExecutor.java:635)
	at java.base/java.lang.Thread.run(Thread.java:844)
FINEST	thread=817	[null] acquiring write lock for product id=urn:usgs-product:admin:trump:us-testproduct-one:1534979077715
FINER	thread=815	[null] product stored id=urn:usgs-product:admin:trump:us-testproduct-one:1534979077715, status=DELETE
FINEST	thread=817	[null] acquired write lock for product id=urn:usgs-product:admin:trump:us-testproduct-one:1534979077715
FINEST	thread=815	[null] releasing write lock for product id=urn:usgs-product:admin:trump:us-testproduct-one:1534979077715
FINEST	thread=815	[null] released write lock for product id=urn:usgs-product:admin:trump:us-testproduct-one:1534979077715
FINEST	thread=815	[null] acquiring read lock for product id=urn:usgs-product:admin:trump:us-testproduct-one:1534979077715
FINEST	thread=815	[null] acquired read lock for product id=urn:usgs-product:admin:trump:us-testproduct-one:1534979077715
FINEST	thread=815	[null] releasing read lock for product id=urn:usgs-product:admin:trump:us-testproduct-one:1534979077715
FINEST	thread=815	[null] released read lock for product id=urn:usgs-product:admin:trump:us-testproduct-one:1534979077715
WARNING	thread=815	[null] listener (null) threw exception, for product id=urn:usgs-product:admin:trump:us-testproduct-one:1534979077715
java.io.FileNotFoundException: _test_storage_/trump/us-testproduct-one/admin/1534979077715/product.xml (No such file or directory)
	at java.base/java.io.FileInputStream.open0(Native Method)
	at java.base/java.io.FileInputStream.open(FileInputStream.java:220)
	at java.base/java.io.FileInputStream.<init>(FileInputStream.java:158)
	at gov.usgs.util.StreamUtils.getInputStream(StreamUtils.java:60)
	at gov.usgs.earthquake.product.io.DirectoryProductSource.streamTo(DirectoryProductSource.java:55)
	at gov.usgs.earthquake.product.io.ObjectProductHandler.getProduct(ObjectProductHandler.java:172)
	at gov.usgs.earthquake.distribution.FileProductStorage.getProduct(FileProductStorage.java:465)
	at gov.usgs.earthquake.indexer.ExternalIndexerListener.storeProduct(ExternalIndexerListener.java:195)
	at gov.usgs.earthquake.indexer.ExternalIndexerListener.onIndexerEvent(ExternalIndexerListener.java:129)
	at gov.usgs.earthquake.indexer.IndexerListenerCallable.call(IndexerListenerCallable.java:37)
	at gov.usgs.earthquake.indexer.IndexerListenerCallable.call(IndexerListenerCallable.java:12)
	at gov.usgs.util.ExecutorTask.run(ExecutorTask.java:183)
	at java.base/java.util.concurrent.Executors$RunnableAdapter.call(Executors.java:514)
	at java.base/java.util.concurrent.FutureTask.run(FutureTask.java:264)
	at java.base/java.util.concurrent.ThreadPoolExecutor.runWorker(ThreadPoolExecutor.java:1135)
	at java.base/java.util.concurrent.ThreadPoolExecutor$Worker.run(ThreadPoolExecutor.java:635)
	at java.base/java.lang.Thread.run(Thread.java:844)
FINE	thread=815	Exception: _test_storage_/trump/us-testproduct-one/admin/1534979077715/product.xml (No such file or directory) source=admin, type=trump, code=us-testproduct-one, updateTime=Wed Aug 22 17:04:37 MDT 2018
FINEST	thread=815	Tracker updates disabled, not sent
INFO	thread=815	Exception executing task
java.io.FileNotFoundException: _test_storage_/trump/us-testproduct-one/admin/1534979077715/product.xml (No such file or directory)
	at java.base/java.io.FileInputStream.open0(Native Method)
	at java.base/java.io.FileInputStream.open(FileInputStream.java:220)
	at java.base/java.io.FileInputStream.<init>(FileInputStream.java:158)
	at gov.usgs.util.StreamUtils.getInputStream(StreamUtils.java:60)
	at gov.usgs.earthquake.product.io.DirectoryProductSource.streamTo(DirectoryProductSource.java:55)
	at gov.usgs.earthquake.product.io.ObjectProductHandler.getProduct(ObjectProductHandler.java:172)
	at gov.usgs.earthquake.distribution.FileProductStorage.getProduct(FileProductStorage.java:465)
	at gov.usgs.earthquake.indexer.ExternalIndexerListener.storeProduct(ExternalIndexerListener.java:195)
	at gov.usgs.earthquake.indexer.ExternalIndexerListener.onIndexerEvent(ExternalIndexerListener.java:129)
	at gov.usgs.earthquake.indexer.IndexerListenerCallable.call(IndexerListenerCallable.java:37)
	at gov.usgs.earthquake.indexer.IndexerListenerCallable.call(IndexerListenerCallable.java:12)
	at gov.usgs.util.ExecutorTask.run(ExecutorTask.java:183)
	at java.base/java.util.concurrent.Executors$RunnableAdapter.call(Executors.java:514)
	at java.base/java.util.concurrent.FutureTask.run(FutureTask.java:264)
	at java.base/java.util.concurrent.ThreadPoolExecutor.runWorker(ThreadPoolExecutor.java:1135)
	at java.base/java.util.concurrent.ThreadPoolExecutor$Worker.run(ThreadPoolExecutor.java:635)
	at java.base/java.lang.Thread.run(Thread.java:844)
FINER	thread=817	[null] product removed, id=urn:usgs-product:admin:trump:us-testproduct-one:1534979077715
FINEST	thread=817	[null] releasing write lock for product id=urn:usgs-product:admin:trump:us-testproduct-one:1534979077715
FINEST	thread=817	[null] released write lock for product id=urn:usgs-product:admin:trump:us-testproduct-one:1534979077715
FINEST	thread=817	[null] releasing write lock for product id=urn:usgs-product:admin:trump:us-testproduct-one:1534979077715
FINEST	thread=817	[null] released write lock for product id=urn:usgs-product:admin:trump:us-testproduct-one:1534979077715
WARNING	thread=817	[null] listener (null) threw exception, for product id=urn:usgs-product:admin:trump:us-testproduct-one:1534979077715
java.io.IOException: Unable to create directory /Users/jmfee/Documents/git/pdl/_test_storage_/trump/us-testproduct-one/admin/1534979077715
	at gov.usgs.util.StreamUtils.getOutputStream(StreamUtils.java:154)
	at gov.usgs.util.StreamUtils.getOutputStream(StreamUtils.java:185)
	at gov.usgs.earthquake.product.io.DirectoryProductHandler.onEndProduct(DirectoryProductHandler.java:68)
	at gov.usgs.earthquake.product.io.FilterProductHandler.onEndProduct(FilterProductHandler.java:71)
	at gov.usgs.earthquake.distribution.FileProductStorage$StorageProductOutput.onEndProduct(FileProductStorage.java:855)
	at gov.usgs.earthquake.product.io.ObjectProductSource.sendEndProduct(ObjectProductSource.java:166)
	at gov.usgs.earthquake.product.io.ObjectProductSource.streamTo(ObjectProductSource.java:62)
	at gov.usgs.earthquake.distribution.FileProductStorage.storeProductSource(FileProductStorage.java:693)
	at gov.usgs.earthquake.distribution.FileProductStorage.storeProduct(FileProductStorage.java:675)
	at gov.usgs.earthquake.indexer.ExternalIndexerListener.storeProduct(ExternalIndexerListener.java:194)
	at gov.usgs.earthquake.indexer.ExternalIndexerListener.onIndexerEvent(ExternalIndexerListener.java:129)
	at gov.usgs.earthquake.indexer.IndexerListenerCallable.call(IndexerListenerCallable.java:37)
	at gov.usgs.earthquake.indexer.IndexerListenerCallable.call(IndexerListenerCallable.java:12)
	at gov.usgs.util.ExecutorTask.run(ExecutorTask.java:183)
	at java.base/java.util.concurrent.Executors$RunnableAdapter.call(Executors.java:514)
	at java.base/java.util.concurrent.FutureTask.run(FutureTask.java:264)
	at java.base/java.util.concurrent.ThreadPoolExecutor.runWorker(ThreadPoolExecutor.java:1135)
	at java.base/java.util.concurrent.ThreadPoolExecutor$Worker.run(ThreadPoolExecutor.java:635)
	at java.base/java.lang.Thread.run(Thread.java:844)
FINE	thread=817	Exception: Unable to create directory /Users/jmfee/Documents/git/pdl/_test_storage_/trump/us-testproduct-one/admin/1534979077715 source=admin, type=trump, code=us-testproduct-one, updateTime=Wed Aug 22 17:04:37 MDT 2018
FINEST	thread=817	Tracker updates disabled, not sent
INFO	thread=817	Exception executing task
java.io.IOException: Unable to create directory /Users/jmfee/Documents/git/pdl/_test_storage_/trump/us-testproduct-one/admin/1534979077715
	at gov.usgs.util.StreamUtils.getOutputStream(StreamUtils.java:154)
	at gov.usgs.util.StreamUtils.getOutputStream(StreamUtils.java:185)
	at gov.usgs.earthquake.product.io.DirectoryProductHandler.onEndProduct(DirectoryProductHandler.java:68)
	at gov.usgs.earthquake.product.io.FilterProductHandler.onEndProduct(FilterProductHandler.java:71)
	at gov.usgs.earthquake.distribution.FileProductStorage$StorageProductOutput.onEndProduct(FileProductStorage.java:855)
	at gov.usgs.earthquake.product.io.ObjectProductSource.sendEndProduct(ObjectProductSource.java:166)
	at gov.usgs.earthquake.product.io.ObjectProductSource.streamTo(ObjectProductSource.java:62)
	at gov.usgs.earthquake.distribution.FileProductStorage.storeProductSource(FileProductStorage.java:693)
	at gov.usgs.earthquake.distribution.FileProductStorage.storeProduct(FileProductStorage.java:675)
	at gov.usgs.earthquake.indexer.ExternalIndexerListener.storeProduct(ExternalIndexerListener.java:194)
	at gov.usgs.earthquake.indexer.ExternalIndexerListener.onIndexerEvent(ExternalIndexerListener.java:129)
	at gov.usgs.earthquake.indexer.IndexerListenerCallable.call(IndexerListenerCallable.java:37)
	at gov.usgs.earthquake.indexer.IndexerListenerCallable.call(IndexerListenerCallable.java:12)
	at gov.usgs.util.ExecutorTask.run(ExecutorTask.java:183)
	at java.base/java.util.concurrent.Executors$RunnableAdapter.call(Executors.java:514)
	at java.base/java.util.concurrent.FutureTask.run(FutureTask.java:264)
	at java.base/java.util.concurrent.ThreadPoolExecutor.runWorker(ThreadPoolExecutor.java:1135)
	at java.base/java.util.concurrent.ThreadPoolExecutor$Worker.run(ThreadPoolExecutor.java:635)
	at java.base/java.lang.Thread.run(Thread.java:844)
CONFIG	thread=13	[null] maxTries = 1
CONFIG	thread=13	[null] maxTries = 1
CONFIG	thread=13	[null] timeout = 0ms
CONFIG	thread=13	[null] retry delay = 300000ms
CONFIG	thread=13	[null] process duplicates = false
CONFIG	thread=13	[null] include paths = []
CONFIG	thread=13	[null] exclude paths = []
CONFIG	thread=13	[null] using storage directory /Users/jmfee/Documents/git/pdl/storage
CONFIG	thread=13	[null] loading ArchivePolicy 'testPolicy'
CONFIG	thread=13	[null] archive interval is '500'
CONFIG	thread=13	[null] no indexer modules configured.
CONFIG	thread=13	[null] no indexer listeners configured.
CONFIG	thread=13	[null] associateUsingCurrentProducts = false
INFO	thread=831	Archiving disabled
INFO	thread=831	[null] purged 0 expired events and 0 expired unassociated products.
FINE	thread=13	Digest='gphwyQdwMCT8HyZmguNG46GR+ZU=' , 6ms
FINE	thread=13	Digest='Ph9mqUaKZAp0h6uGYPcGsb4/AAI=' , 4ms
CONFIG	thread=13	[null] maxTries = 1
CONFIG	thread=13	[null] maxTries = 1
CONFIG	thread=13	[null] timeout = 0ms
CONFIG	thread=13	[null] retry delay = 300000ms
CONFIG	thread=13	[null] process duplicates = false
CONFIG	thread=13	[null] include paths = []
CONFIG	thread=13	[null] exclude paths = []
CONFIG	thread=13	[null] using storage directory /Users/jmfee/Documents/git/pdl/storage
CONFIG	thread=13	[null] loading ArchivePolicy 'testPolicy'
CONFIG	thread=13	[null] archive interval is '500'
CONFIG	thread=13	[null] no indexer modules configured.
CONFIG	thread=13	[null] no indexer listeners configured.
CONFIG	thread=13	[null] associateUsingCurrentProducts = false
INFO	thread=833	Archiving disabled
INFO	thread=833	[null] purged 0 expired events and 0 expired unassociated products.
FINE	thread=13	Digest='BLp2uP9wlwdL3X38+rslY+v0FsA=' , 39ms
FINE	thread=13	[null] notifying listeners
INFO	thread=13	[null] indexed product id=urn:usgs-product:us:shakemap:abcd1234:1534979077874, status=UPDATE
PRODUCT_ADDED null => null
INFO	thread=834	[null] running command echo --directory=/Users/jmfee/Documents/git/pdl/_test_storage_/shakemap/abcd1234/us/1534979077874 --type=shakemap --code=abcd1234 --source=us --updateTime=2018-08-22T23:04:37.874Z --status=UPDATE --trackerURL=http://localhost/tracker "--property-testprop=testvalue" --link-testrelation=http://google.com/ --content --contentType=text/html --signature=MCwCFBPbG1tMF1WYUCsp9JTU+L+u15ttAhQrQkBRGOWAqGGr1JRPzJ8R4JGpwQ== --action=PRODUCT_ADDED
INFO	thread=836	[null] running command echo --directory=/Users/jmfee/Documents/git/pdl/_test_storage_/shakemap/abcd1234/us/1534979077874 --type=shakemap --code=abcd1234 --source=us --updateTime=2018-08-22T23:04:37.874Z --status=UPDATE --trackerURL=http://localhost/tracker "--property-testprop=testvalue" --link-testrelation=http://google.com/ --content --contentType=text/html --signature=MCwCFBPbG1tMF1WYUCsp9JTU+L+u15ttAhQrQkBRGOWAqGGr1JRPzJ8R4JGpwQ== --action=PRODUCT_ADDED
INFO	thread=836	[null] command 'echo --directory=/Users/jmfee/Documents/git/pdl/_test_storage_/shakemap/abcd1234/us/1534979077874 --type=shakemap --code=abcd1234 --source=us --updateTime=2018-08-22T23:04:37.874Z --status=UPDATE --trackerURL=http://localhost/tracker "--property-testprop=testvalue" --link-testrelation=http://google.com/ --content --contentType=text/html --signature=MCwCFBPbG1tMF1WYUCsp9JTU+L+u15ttAhQrQkBRGOWAqGGr1JRPzJ8R4JGpwQ== --action=PRODUCT_ADDED' exited with status '0'
Wed Aug 22 17:04:38 MDT 2018
INFO	thread=834	[null] command 'echo --directory=/Users/jmfee/Documents/git/pdl/_test_storage_/shakemap/abcd1234/us/1534979077874 --type=shakemap --code=abcd1234 --source=us --updateTime=2018-08-22T23:04:37.874Z --status=UPDATE --trackerURL=http://localhost/tracker "--property-testprop=testvalue" --link-testrelation=http://google.com/ --content --contentType=text/html --signature=MCwCFBPbG1tMF1WYUCsp9JTU+L+u15ttAhQrQkBRGOWAqGGr1JRPzJ8R4JGpwQ== --action=PRODUCT_ADDED' exited with status '0'
PRODUCT_ADDED
CONFIG	thread=13	[null] maxTries = 1
CONFIG	thread=13	[null] maxTries = 1
CONFIG	thread=13	[null] timeout = 0ms
CONFIG	thread=13	[null] retry delay = 300000ms
CONFIG	thread=13	[null] process duplicates = false
CONFIG	thread=13	[null] include paths = []
CONFIG	thread=13	[null] exclude paths = []
CONFIG	thread=13	[null] using storage directory /Users/jmfee/Documents/git/pdl/storage
CONFIG	thread=13	[null] loading ArchivePolicy 'testPolicy'
CONFIG	thread=13	[null] archive interval is '500'
CONFIG	thread=13	[null] no indexer modules configured.
CONFIG	thread=13	[null] no indexer listeners configured.
CONFIG	thread=13	[null] associateUsingCurrentProducts = false
INFO	thread=849	Archiving disabled

###
Wed Aug 22 17:04:38 MDT 2018
FINEST	thread=13	[null] storing product id=urn:usgs-product:us:testproduct:testproduct-one:1534979078022
FINEST	thread=13	[null] acquiring write lock for product id=urn:usgs-product:us:testproduct:testproduct-one:1534979078022
FINEST	thread=13	[null] acquired write lock for product id=urn:usgs-product:us:testproduct:testproduct-one:1534979078022
FINEST	thread=13	[null] acquiring read lock for product id=urn:usgs-product:us:testproduct:testproduct-one:1534979078022
FINEST	thread=13	[null] acquired read lock for product id=urn:usgs-product:us:testproduct:testproduct-one:1534979078022
FINEST	thread=13	[null] releasing read lock for product id=urn:usgs-product:us:testproduct:testproduct-one:1534979078022
FINEST	thread=13	[null] released read lock for product id=urn:usgs-product:us:testproduct:testproduct-one:1534979078022
FINER	thread=13	[null] product stored id=urn:usgs-product:us:testproduct:testproduct-one:1534979078022, status=UPDATE
FINEST	thread=13	[null] releasing write lock for product id=urn:usgs-product:us:testproduct:testproduct-one:1534979078022
FINEST	thread=13	[null] released write lock for product id=urn:usgs-product:us:testproduct:testproduct-one:1534979078022
FINEST	thread=13	[null] stored product id=urn:usgs-product:us:testproduct:testproduct-one:1534979078022
FINER	thread=13	[null] summarizing product id=urn:usgs-product:us:testproduct:testproduct-one:1534979078022
FINEST	thread=13	[null] beginning index transaction
FINER	thread=13	[null] finding previous version
FINEST	thread=13	[null] running query 
SELECT DISTINCT id FROM productSummary p WHERE p.id IS NOT NULL AND p.id = (SELECT id FROM productSummary ps WHERE ps.source='us' AND ps.type='testproduct' AND ps.code='testproduct-one' AND ps.status <> 'DELETE' ORDER BY ps.updateTime DESC LIMIT 1) AND source='us' AND type='testproduct' AND code='testproduct-one'
FINEST	thread=13	[null] query complete
FINER	thread=13	[null] finding previous event
FINEST	thread=13	Product Index Query
eventSearchType=SEARCH_EVENT_PRODUCTS
resultType=RESULT_TYPE_ALL
eventSource=us
eventSourceCode=testproduct-one
FINEST	thread=13	Product Index Query
eventSearchType=SEARCH_EVENT_PREFERRED
resultType=RESULT_TYPE_ALL
minEventTime=Wed Aug 22 17:04:22 MDT 2018
maxEventTime=Wed Aug 22 17:04:54 MDT 2018
minEventLatitude=34.10007199424046075986183268469176255166530609130859375
maxEventLatitude=35.89992800575953924013816731530823744833469390869140625
minEventLongitude=-119.098609241146021986423875205218791961669921875
maxEventLongitude=-116.901390758853978013576124794781208038330078125
FINER	thread=13	[null] adding summary to index
FINEST	thread=13	[null] Added property depth:50 for product 1
FINEST	thread=13	[null] Added property latitude:35 for product 1
FINEST	thread=13	[null] Added property eventsourcecode:testproduct-one for product 1
FINEST	thread=13	[null] Added property eventtime:2018-08-22T23:04:38.022Z for product 1
FINEST	thread=13	[null] Added property magnitude:5 for product 1
FINEST	thread=13	[null] Added property eventsource:us for product 1
FINEST	thread=13	[null] Added property version:one for product 1
FINEST	thread=13	[null] Added property longitude:-118 for product 1
FINEST	thread=13	[null] Added productSummary urn:usgs-product:us:testproduct:testproduct-one:1534979078022, indexid=1 to product index
FINEST	thread=13	Added event id=1
FINEST	thread=13	[null] Added event to Product Index
FINER	thread=13	[null] Added associations event id=1, productSummary source=us, type=testproduct, code=testproduct-one (id=1)
FINER	thread=13	[null] created event indexid=1
FINE	thread=13	Eventindexid=1, eventid=ustestproduct-one, latitude=35, longitude=-118, time=Wed Aug 22 17:04:38 MDT 2018, deleted=false
FINER	thread=13	Products in event
	status=UPDATE, id=urn:usgs-product:us:testproduct:testproduct-one:1534979078022, eventid=ustestproduct-one, latitude=35, longitude=-118, time=Wed Aug 22 17:04:38 MDT 2018
FINER	thread=13	[null] checking for event merges
FINER	thread=13	[null] searching for unassociated products
FINER	thread=13	[null] search for unassociated products complete
FINER	thread=13	[null] updating event summary parameters
FINER	thread=13	[null] Updating event indexid=1
FINE	thread=13	Eventindexid=1, eventid=ustestproduct-one, latitude=35, longitude=-118, time=Wed Aug 22 17:04:38 MDT 2018, deleted=false
FINER	thread=13	Products in event
	status=UPDATE, id=urn:usgs-product:us:testproduct:testproduct-one:1534979078022, eventid=ustestproduct-one, latitude=35, longitude=-118, time=Wed Aug 22 17:04:38 MDT 2018
FINEST	thread=13	[null] Updated event properties in Product Index
FINER	thread=13	[null] committing transaction
FINE	thread=13	[null] notifying listeners
INFO	thread=13	[null] indexed product id=urn:usgs-product:us:testproduct:testproduct-one:1534979078022, status=UPDATE
EVENT_ADDED null => ustestproduct-one
FINEST	thread=850	[null] acquiring read lock for product id=urn:usgs-product:us:testproduct:testproduct-one:1534979078022
FINEST	thread=850	[null] acquired read lock for product id=urn:usgs-product:us:testproduct:testproduct-one:1534979078022
FINEST	thread=850	[null] releasing read lock for product id=urn:usgs-product:us:testproduct:testproduct-one:1534979078022
FINEST	thread=850	[null] released read lock for product id=urn:usgs-product:us:testproduct:testproduct-one:1534979078022
FINEST	thread=853	[null] acquiring read lock for product id=urn:usgs-product:us:testproduct:testproduct-one:1534979078022
FINEST	thread=853	[null] acquired read lock for product id=urn:usgs-product:us:testproduct:testproduct-one:1534979078022
FINEST	thread=853	[null] releasing read lock for product id=urn:usgs-product:us:testproduct:testproduct-one:1534979078022
FINEST	thread=853	[null] released read lock for product id=urn:usgs-product:us:testproduct:testproduct-one:1534979078022
FINER	thread=853	[DirectoryProductSource] Product does not have any  URLContent. Scraping directory for files.
FINER	thread=850	[DirectoryProductSource] Product does not have any  URLContent. Scraping directory for files.
FINEST	thread=853	[null] acquiring write lock for product id=urn:usgs-product:us:testproduct:testproduct-one:1534979078022
FINEST	thread=850	[null] acquiring write lock for product id=urn:usgs-product:us:testproduct:testproduct-one:1534979078022
FINEST	thread=850	[null] acquired write lock for product id=urn:usgs-product:us:testproduct:testproduct-one:1534979078022
FINEST	thread=853	[null] acquired write lock for product id=urn:usgs-product:us:testproduct:testproduct-one:1534979078022
FINEST	thread=850	[null] acquiring read lock for product id=urn:usgs-product:us:testproduct:testproduct-one:1534979078022
FINEST	thread=853	[null] acquiring read lock for product id=urn:usgs-product:us:testproduct:testproduct-one:1534979078022
FINEST	thread=850	[null] acquired read lock for product id=urn:usgs-product:us:testproduct:testproduct-one:1534979078022
FINEST	thread=853	[null] acquired read lock for product id=urn:usgs-product:us:testproduct:testproduct-one:1534979078022
FINEST	thread=850	[null] releasing read lock for product id=urn:usgs-product:us:testproduct:testproduct-one:1534979078022
FINEST	thread=853	[null] releasing read lock for product id=urn:usgs-product:us:testproduct:testproduct-one:1534979078022
FINEST	thread=850	[null] released read lock for product id=urn:usgs-product:us:testproduct:testproduct-one:1534979078022
FINEST	thread=853	[null] released read lock for product id=urn:usgs-product:us:testproduct:testproduct-one:1534979078022
WARNING	thread=850	[null] exception while storing product, removing incomplete product
java.io.IOException: Unable to create directory /Users/jmfee/Documents/git/pdl/_test_storage_/testproduct/testproduct-one/us/1534979078022
	at gov.usgs.util.StreamUtils.getOutputStream(StreamUtils.java:154)
	at gov.usgs.util.StreamUtils.getOutputStream(StreamUtils.java:185)
	at gov.usgs.earthquake.product.io.DirectoryProductHandler.onEndProduct(DirectoryProductHandler.java:68)
	at gov.usgs.earthquake.product.io.FilterProductHandler.onEndProduct(FilterProductHandler.java:71)
	at gov.usgs.earthquake.distribution.FileProductStorage$StorageProductOutput.onEndProduct(FileProductStorage.java:855)
	at gov.usgs.earthquake.product.io.ObjectProductSource.sendEndProduct(ObjectProductSource.java:166)
	at gov.usgs.earthquake.product.io.ObjectProductSource.streamTo(ObjectProductSource.java:62)
	at gov.usgs.earthquake.distribution.FileProductStorage.storeProductSource(FileProductStorage.java:693)
	at gov.usgs.earthquake.distribution.FileProductStorage.storeProduct(FileProductStorage.java:675)
	at gov.usgs.earthquake.indexer.ExternalIndexerListener.storeProduct(ExternalIndexerListener.java:194)
	at gov.usgs.earthquake.indexer.ExternalIndexerListener.onIndexerEvent(ExternalIndexerListener.java:129)
	at gov.usgs.earthquake.indexer.IndexerListenerCallable.call(IndexerListenerCallable.java:37)
	at gov.usgs.earthquake.indexer.IndexerListenerCallable.call(IndexerListenerCallable.java:12)
	at gov.usgs.util.ExecutorTask.run(ExecutorTask.java:183)
	at java.base/java.util.concurrent.Executors$RunnableAdapter.call(Executors.java:514)
	at java.base/java.util.concurrent.FutureTask.run(FutureTask.java:264)
	at java.base/java.util.concurrent.ThreadPoolExecutor.runWorker(ThreadPoolExecutor.java:1135)
	at java.base/java.util.concurrent.ThreadPoolExecutor$Worker.run(ThreadPoolExecutor.java:635)
	at java.base/java.lang.Thread.run(Thread.java:844)
FINEST	thread=850	[null] acquiring write lock for product id=urn:usgs-product:us:testproduct:testproduct-one:1534979078022
FINEST	thread=850	[null] acquired write lock for product id=urn:usgs-product:us:testproduct:testproduct-one:1534979078022
FINER	thread=853	[null] product stored id=urn:usgs-product:us:testproduct:testproduct-one:1534979078022, status=UPDATE
FINEST	thread=853	[null] releasing write lock for product id=urn:usgs-product:us:testproduct:testproduct-one:1534979078022
FINEST	thread=853	[null] released write lock for product id=urn:usgs-product:us:testproduct:testproduct-one:1534979078022
FINEST	thread=853	[null] acquiring read lock for product id=urn:usgs-product:us:testproduct:testproduct-one:1534979078022
FINEST	thread=853	[null] acquired read lock for product id=urn:usgs-product:us:testproduct:testproduct-one:1534979078022
FINEST	thread=853	[null] releasing read lock for product id=urn:usgs-product:us:testproduct:testproduct-one:1534979078022
FINEST	thread=853	[null] released read lock for product id=urn:usgs-product:us:testproduct:testproduct-one:1534979078022
FINER	thread=850	[null] product removed, id=urn:usgs-product:us:testproduct:testproduct-one:1534979078022
FINEST	thread=850	[null] releasing write lock for product id=urn:usgs-product:us:testproduct:testproduct-one:1534979078022
FINEST	thread=850	[null] released write lock for product id=urn:usgs-product:us:testproduct:testproduct-one:1534979078022
FINEST	thread=850	[null] releasing write lock for product id=urn:usgs-product:us:testproduct:testproduct-one:1534979078022
FINEST	thread=850	[null] released write lock for product id=urn:usgs-product:us:testproduct:testproduct-one:1534979078022
WARNING	thread=850	[null] listener (null) threw exception, for product id=urn:usgs-product:us:testproduct:testproduct-one:1534979078022
java.io.IOException: Unable to create directory /Users/jmfee/Documents/git/pdl/_test_storage_/testproduct/testproduct-one/us/1534979078022
	at gov.usgs.util.StreamUtils.getOutputStream(StreamUtils.java:154)
	at gov.usgs.util.StreamUtils.getOutputStream(StreamUtils.java:185)
	at gov.usgs.earthquake.product.io.DirectoryProductHandler.onEndProduct(DirectoryProductHandler.java:68)
	at gov.usgs.earthquake.product.io.FilterProductHandler.onEndProduct(FilterProductHandler.java:71)
	at gov.usgs.earthquake.distribution.FileProductStorage$StorageProductOutput.onEndProduct(FileProductStorage.java:855)
	at gov.usgs.earthquake.product.io.ObjectProductSource.sendEndProduct(ObjectProductSource.java:166)
	at gov.usgs.earthquake.product.io.ObjectProductSource.streamTo(ObjectProductSource.java:62)
	at gov.usgs.earthquake.distribution.FileProductStorage.storeProductSource(FileProductStorage.java:693)
	at gov.usgs.earthquake.distribution.FileProductStorage.storeProduct(FileProductStorage.java:675)
	at gov.usgs.earthquake.indexer.ExternalIndexerListener.storeProduct(ExternalIndexerListener.java:194)
	at gov.usgs.earthquake.indexer.ExternalIndexerListener.onIndexerEvent(ExternalIndexerListener.java:129)
	at gov.usgs.earthquake.indexer.IndexerListenerCallable.call(IndexerListenerCallable.java:37)
	at gov.usgs.earthquake.indexer.IndexerListenerCallable.call(IndexerListenerCallable.java:12)
	at gov.usgs.util.ExecutorTask.run(ExecutorTask.java:183)
	at java.base/java.util.concurrent.Executors$RunnableAdapter.call(Executors.java:514)
	at java.base/java.util.concurrent.FutureTask.run(FutureTask.java:264)
	at java.base/java.util.concurrent.ThreadPoolExecutor.runWorker(ThreadPoolExecutor.java:1135)
	at java.base/java.util.concurrent.ThreadPoolExecutor$Worker.run(ThreadPoolExecutor.java:635)
	at java.base/java.lang.Thread.run(Thread.java:844)
FINE	thread=850	Exception: Unable to create directory /Users/jmfee/Documents/git/pdl/_test_storage_/testproduct/testproduct-one/us/1534979078022 source=us, type=testproduct, code=testproduct-one, updateTime=Wed Aug 22 17:04:38 MDT 2018
FINEST	thread=850	Tracker updates disabled, not sent
FINER	thread=853	[DirectoryProductSource] Product does not have any  URLContent. Scraping directory for files.
INFO	thread=850	Exception executing task
java.io.IOException: Unable to create directory /Users/jmfee/Documents/git/pdl/_test_storage_/testproduct/testproduct-one/us/1534979078022
	at gov.usgs.util.StreamUtils.getOutputStream(StreamUtils.java:154)
	at gov.usgs.util.StreamUtils.getOutputStream(StreamUtils.java:185)
	at gov.usgs.earthquake.product.io.DirectoryProductHandler.onEndProduct(DirectoryProductHandler.java:68)
	at gov.usgs.earthquake.product.io.FilterProductHandler.onEndProduct(FilterProductHandler.java:71)
	at gov.usgs.earthquake.distribution.FileProductStorage$StorageProductOutput.onEndProduct(FileProductStorage.java:855)
	at gov.usgs.earthquake.product.io.ObjectProductSource.sendEndProduct(ObjectProductSource.java:166)
	at gov.usgs.earthquake.product.io.ObjectProductSource.streamTo(ObjectProductSource.java:62)
	at gov.usgs.earthquake.distribution.FileProductStorage.storeProductSource(FileProductStorage.java:693)
	at gov.usgs.earthquake.distribution.FileProductStorage.storeProduct(FileProductStorage.java:675)
	at gov.usgs.earthquake.indexer.ExternalIndexerListener.storeProduct(ExternalIndexerListener.java:194)
	at gov.usgs.earthquake.indexer.ExternalIndexerListener.onIndexerEvent(ExternalIndexerListener.java:129)
	at gov.usgs.earthquake.indexer.IndexerListenerCallable.call(IndexerListenerCallable.java:37)
	at gov.usgs.earthquake.indexer.IndexerListenerCallable.call(IndexerListenerCallable.java:12)
	at gov.usgs.util.ExecutorTask.run(ExecutorTask.java:183)
	at java.base/java.util.concurrent.Executors$RunnableAdapter.call(Executors.java:514)
	at java.base/java.util.concurrent.FutureTask.run(FutureTask.java:264)
	at java.base/java.util.concurrent.ThreadPoolExecutor.runWorker(ThreadPoolExecutor.java:1135)
	at java.base/java.util.concurrent.ThreadPoolExecutor$Worker.run(ThreadPoolExecutor.java:635)
	at java.base/java.lang.Thread.run(Thread.java:844)
WARNING	thread=853	[null] listener (null) threw exception, for product id=urn:usgs-product:us:testproduct:testproduct-one:1534979078022
java.lang.NullPointerException
	at gov.usgs.earthquake.product.FileContent.getDirectoryContents(FileContent.java:183)
	at gov.usgs.earthquake.product.FileContent.getDirectoryContents(FileContent.java:160)
	at gov.usgs.earthquake.product.io.DirectoryProductSource.streamTo(DirectoryProductSource.java:91)
	at gov.usgs.earthquake.product.io.ObjectProductHandler.getProduct(ObjectProductHandler.java:172)
	at gov.usgs.earthquake.distribution.FileProductStorage.getProduct(FileProductStorage.java:465)
	at gov.usgs.earthquake.indexer.ExternalIndexerListener.storeProduct(ExternalIndexerListener.java:195)
	at gov.usgs.earthquake.indexer.ExternalIndexerListener.onIndexerEvent(ExternalIndexerListener.java:129)
	at gov.usgs.earthquake.indexer.IndexerListenerCallable.call(IndexerListenerCallable.java:37)
	at gov.usgs.earthquake.indexer.IndexerListenerCallable.call(IndexerListenerCallable.java:12)
	at gov.usgs.util.ExecutorTask.run(ExecutorTask.java:183)
	at java.base/java.util.concurrent.Executors$RunnableAdapter.call(Executors.java:514)
	at java.base/java.util.concurrent.FutureTask.run(FutureTask.java:264)
	at java.base/java.util.concurrent.ThreadPoolExecutor.runWorker(ThreadPoolExecutor.java:1135)
	at java.base/java.util.concurrent.ThreadPoolExecutor$Worker.run(ThreadPoolExecutor.java:635)
	at java.base/java.lang.Thread.run(Thread.java:844)
FINE	thread=853	Exception: null source=us, type=testproduct, code=testproduct-one, updateTime=Wed Aug 22 17:04:38 MDT 2018
FINEST	thread=853	Tracker updates disabled, not sent
INFO	thread=853	Exception executing task
java.lang.NullPointerException
	at gov.usgs.earthquake.product.FileContent.getDirectoryContents(FileContent.java:183)
	at gov.usgs.earthquake.product.FileContent.getDirectoryContents(FileContent.java:160)
	at gov.usgs.earthquake.product.io.DirectoryProductSource.streamTo(DirectoryProductSource.java:91)
	at gov.usgs.earthquake.product.io.ObjectProductHandler.getProduct(ObjectProductHandler.java:172)
	at gov.usgs.earthquake.distribution.FileProductStorage.getProduct(FileProductStorage.java:465)
	at gov.usgs.earthquake.indexer.ExternalIndexerListener.storeProduct(ExternalIndexerListener.java:195)
	at gov.usgs.earthquake.indexer.ExternalIndexerListener.onIndexerEvent(ExternalIndexerListener.java:129)
	at gov.usgs.earthquake.indexer.IndexerListenerCallable.call(IndexerListenerCallable.java:37)
	at gov.usgs.earthquake.indexer.IndexerListenerCallable.call(IndexerListenerCallable.java:12)
	at gov.usgs.util.ExecutorTask.run(ExecutorTask.java:183)
	at java.base/java.util.concurrent.Executors$RunnableAdapter.call(Executors.java:514)
	at java.base/java.util.concurrent.FutureTask.run(FutureTask.java:264)
	at java.base/java.util.concurrent.ThreadPoolExecutor.runWorker(ThreadPoolExecutor.java:1135)
	at java.base/java.util.concurrent.ThreadPoolExecutor$Worker.run(ThreadPoolExecutor.java:635)
	at java.base/java.lang.Thread.run(Thread.java:844)
FINEST	thread=13	[null] storing product id=urn:usgs-product:us:testproduct:testproduct-two:1534979078088
FINEST	thread=13	[null] acquiring write lock for product id=urn:usgs-product:us:testproduct:testproduct-two:1534979078088
FINEST	thread=13	[null] acquired write lock for product id=urn:usgs-product:us:testproduct:testproduct-two:1534979078088
FINEST	thread=13	[null] acquiring read lock for product id=urn:usgs-product:us:testproduct:testproduct-two:1534979078088
FINEST	thread=13	[null] acquired read lock for product id=urn:usgs-product:us:testproduct:testproduct-two:1534979078088
FINEST	thread=13	[null] releasing read lock for product id=urn:usgs-product:us:testproduct:testproduct-two:1534979078088
FINEST	thread=13	[null] released read lock for product id=urn:usgs-product:us:testproduct:testproduct-two:1534979078088
FINER	thread=13	[null] product stored id=urn:usgs-product:us:testproduct:testproduct-two:1534979078088, status=UPDATE
FINEST	thread=13	[null] releasing write lock for product id=urn:usgs-product:us:testproduct:testproduct-two:1534979078088
FINEST	thread=13	[null] released write lock for product id=urn:usgs-product:us:testproduct:testproduct-two:1534979078088
FINEST	thread=13	[null] stored product id=urn:usgs-product:us:testproduct:testproduct-two:1534979078088
FINER	thread=13	[null] summarizing product id=urn:usgs-product:us:testproduct:testproduct-two:1534979078088
FINEST	thread=13	[null] beginning index transaction
FINER	thread=13	[null] finding previous version
FINEST	thread=13	[null] running query 
SELECT DISTINCT id FROM productSummary p WHERE p.id IS NOT NULL AND p.id = (SELECT id FROM productSummary ps WHERE ps.source='us' AND ps.type='testproduct' AND ps.code='testproduct-two' AND ps.status <> 'DELETE' ORDER BY ps.updateTime DESC LIMIT 1) AND source='us' AND type='testproduct' AND code='testproduct-two'
FINEST	thread=13	[null] query complete
FINER	thread=13	[null] finding previous event
FINEST	thread=13	Product Index Query
eventSearchType=SEARCH_EVENT_PRODUCTS
resultType=RESULT_TYPE_ALL
eventSource=us
eventSourceCode=testproduct-two
FINEST	thread=13	Product Index Query
eventSearchType=SEARCH_EVENT_PREFERRED
resultType=RESULT_TYPE_ALL
minEventTime=Wed Aug 22 17:04:22 MDT 2018
maxEventTime=Wed Aug 22 17:04:54 MDT 2018
minEventLatitude=34.20007199424046218094730420489213429391384124755859375
maxEventLatitude=35.99992800575954066122363883550860919058322906494140625
minEventLongitude=-119.0999551629644201966584660112857818603515625
maxEventLongitude=-116.9000448370355798033415339887142181396484375
FINER	thread=13	[null] adding summary to index
FINEST	thread=13	[null] Added property depth:50 for product 2
FINEST	thread=13	[null] Added property latitude:35.10000000000000142108547152020037174224853515625 for product 2
FINEST	thread=13	[null] Added property eventsourcecode:testproduct-two for product 2
FINEST	thread=13	[null] Added property eventtime:2018-08-22T23:04:38.022Z for product 2
FINEST	thread=13	[null] Added property magnitude:5 for product 2
FINEST	thread=13	[null] Added property eventsource:us for product 2
FINEST	thread=13	[null] Added property version:one for product 2
FINEST	thread=13	[null] Added property longitude:-118 for product 2
FINEST	thread=13	[null] Added productSummary urn:usgs-product:us:testproduct:testproduct-two:1534979078088, indexid=2 to product index
FINEST	thread=13	Added event id=2
FINEST	thread=13	[null] Added event to Product Index
FINER	thread=13	[null] Added associations event id=2, productSummary source=us, type=testproduct, code=testproduct-two (id=2)
FINER	thread=13	[null] created event indexid=2
FINE	thread=13	Eventindexid=2, eventid=ustestproduct-two, latitude=35.10000000000000142108547152020037174224853515625, longitude=-118, time=Wed Aug 22 17:04:38 MDT 2018, deleted=false
FINER	thread=13	Products in event
	status=UPDATE, id=urn:usgs-product:us:testproduct:testproduct-two:1534979078088, eventid=ustestproduct-two, latitude=35.10000000000000142108547152020037174224853515625, longitude=-118, time=Wed Aug 22 17:04:38 MDT 2018
FINER	thread=13	[null] checking for event merges
FINER	thread=13	[null] searching for unassociated products
FINER	thread=13	[null] search for unassociated products complete
FINER	thread=13	[null] updating event summary parameters
FINER	thread=13	[null] Updating event indexid=2
FINE	thread=13	Eventindexid=2, eventid=ustestproduct-two, latitude=35.10000000000000142108547152020037174224853515625, longitude=-118, time=Wed Aug 22 17:04:38 MDT 2018, deleted=false
FINER	thread=13	Products in event
	status=UPDATE, id=urn:usgs-product:us:testproduct:testproduct-two:1534979078088, eventid=ustestproduct-two, latitude=35.10000000000000142108547152020037174224853515625, longitude=-118, time=Wed Aug 22 17:04:38 MDT 2018
FINEST	thread=13	[null] Updated event properties in Product Index
FINER	thread=13	[null] committing transaction
FINE	thread=13	[null] notifying listeners
INFO	thread=13	[null] indexed product id=urn:usgs-product:us:testproduct:testproduct-two:1534979078088, status=UPDATE
EVENT_ADDED null => ustestproduct-two
FINEST	thread=850	[null] acquiring read lock for product id=urn:usgs-product:us:testproduct:testproduct-two:1534979078088
FINEST	thread=850	[null] acquired read lock for product id=urn:usgs-product:us:testproduct:testproduct-two:1534979078088
FINEST	thread=850	[null] releasing read lock for product id=urn:usgs-product:us:testproduct:testproduct-two:1534979078088
FINEST	thread=850	[null] released read lock for product id=urn:usgs-product:us:testproduct:testproduct-two:1534979078088
FINER	thread=850	[DirectoryProductSource] Product does not have any  URLContent. Scraping directory for files.
FINEST	thread=850	[null] acquiring write lock for product id=urn:usgs-product:us:testproduct:testproduct-two:1534979078088
FINEST	thread=850	[null] acquired write lock for product id=urn:usgs-product:us:testproduct:testproduct-two:1534979078088
FINEST	thread=850	[null] acquiring read lock for product id=urn:usgs-product:us:testproduct:testproduct-two:1534979078088
FINEST	thread=850	[null] acquired read lock for product id=urn:usgs-product:us:testproduct:testproduct-two:1534979078088
FINEST	thread=850	[null] releasing read lock for product id=urn:usgs-product:us:testproduct:testproduct-two:1534979078088
FINEST	thread=850	[null] released read lock for product id=urn:usgs-product:us:testproduct:testproduct-two:1534979078088
FINER	thread=850	[null] product stored id=urn:usgs-product:us:testproduct:testproduct-two:1534979078088, status=UPDATE
FINEST	thread=850	[null] releasing write lock for product id=urn:usgs-product:us:testproduct:testproduct-two:1534979078088
FINEST	thread=850	[null] released write lock for product id=urn:usgs-product:us:testproduct:testproduct-two:1534979078088
FINEST	thread=850	[null] acquiring read lock for product id=urn:usgs-product:us:testproduct:testproduct-two:1534979078088
FINEST	thread=850	[null] acquired read lock for product id=urn:usgs-product:us:testproduct:testproduct-two:1534979078088
FINEST	thread=850	[null] releasing read lock for product id=urn:usgs-product:us:testproduct:testproduct-two:1534979078088
FINEST	thread=850	[null] released read lock for product id=urn:usgs-product:us:testproduct:testproduct-two:1534979078088
FINER	thread=850	[DirectoryProductSource] Product does not have any  URLContent. Scraping directory for files.
FINEST	thread=850	[null] acquiring read lock for product id=urn:usgs-product:us:testproduct:testproduct-two:1534979078088
FINEST	thread=850	[null] acquired read lock for product id=urn:usgs-product:us:testproduct:testproduct-two:1534979078088
FINEST	thread=850	[null] releasing read lock for product id=urn:usgs-product:us:testproduct:testproduct-two:1534979078088
FINEST	thread=850	[null] released read lock for product id=urn:usgs-product:us:testproduct:testproduct-two:1534979078088
FINER	thread=850	[DirectoryProductSource] Product does not have any  URLContent. Scraping directory for files.
INFO	thread=850	[null] running command echo --preferred-eventid=ustestproduct-two --preferred-eventsource=us --preferred-eventsourcecode=testproduct-two --eventids=ustestproduct-two --preferred-magnitude=5 --preferred-latitude=35.10000000000000142108547152020037174224853515625 --preferred-longitude=-118 --preferred-depth=50 --preferred-eventtime=2018-08-22T23:04:38.022Z --directory=/Users/jmfee/Documents/git/pdl/_test_storage_/testproduct/testproduct-two/us/1534979078088 --type=testproduct --code=testproduct-two --source=us --updateTime=2018-08-22T23:04:38.088Z --status=UPDATE --trackerURL=http://localhost/tracker "--property-depth=50" "--property-latitude=35.10000000000000142108547152020037174224853515625" "--property-eventsourcecode=testproduct-two" "--property-eventtime=2018-08-22T23:04:38.022Z" "--property-magnitude=5" "--property-eventsource=us" "--property-version=one" "--property-longitude=-118" --action=EVENT_ADDED
FINEST	thread=853	[null] acquiring read lock for product id=urn:usgs-product:us:testproduct:testproduct-two:1534979078088
FINEST	thread=853	[null] acquired read lock for product id=urn:usgs-product:us:testproduct:testproduct-two:1534979078088
FINEST	thread=853	[null] releasing read lock for product id=urn:usgs-product:us:testproduct:testproduct-two:1534979078088
FINEST	thread=853	[null] released read lock for product id=urn:usgs-product:us:testproduct:testproduct-two:1534979078088
FINER	thread=853	[DirectoryProductSource] Product does not have any  URLContent. Scraping directory for files.
FINEST	thread=853	[null] acquiring write lock for product id=urn:usgs-product:us:testproduct:testproduct-two:1534979078088
FINEST	thread=853	[null] acquired write lock for product id=urn:usgs-product:us:testproduct:testproduct-two:1534979078088
FINEST	thread=853	[null] acquiring read lock for product id=urn:usgs-product:us:testproduct:testproduct-two:1534979078088
FINEST	thread=853	[null] acquired read lock for product id=urn:usgs-product:us:testproduct:testproduct-two:1534979078088
FINEST	thread=853	[null] acquiring read lock for product id=urn:usgs-product:us:testproduct:testproduct-two:1534979078088
FINEST	thread=853	[null] acquired read lock for product id=urn:usgs-product:us:testproduct:testproduct-two:1534979078088
FINEST	thread=853	[null] releasing read lock for product id=urn:usgs-product:us:testproduct:testproduct-two:1534979078088
FINEST	thread=853	[null] released read lock for product id=urn:usgs-product:us:testproduct:testproduct-two:1534979078088
FINEST	thread=853	[null] releasing read lock for product id=urn:usgs-product:us:testproduct:testproduct-two:1534979078088
FINEST	thread=853	[null] released read lock for product id=urn:usgs-product:us:testproduct:testproduct-two:1534979078088
FINEST	thread=853	[null] releasing write lock for product id=urn:usgs-product:us:testproduct:testproduct-two:1534979078088
FINEST	thread=853	[null] released write lock for product id=urn:usgs-product:us:testproduct:testproduct-two:1534979078088
INFO	thread=853	[null] product already in storage
FINEST	thread=853	[null] acquiring read lock for product id=urn:usgs-product:us:testproduct:testproduct-two:1534979078088
FINEST	thread=853	[null] acquired read lock for product id=urn:usgs-product:us:testproduct:testproduct-two:1534979078088
FINEST	thread=853	[null] releasing read lock for product id=urn:usgs-product:us:testproduct:testproduct-two:1534979078088
FINEST	thread=853	[null] released read lock for product id=urn:usgs-product:us:testproduct:testproduct-two:1534979078088
FINER	thread=853	[DirectoryProductSource] Product does not have any  URLContent. Scraping directory for files.
FINEST	thread=853	[null] acquiring read lock for product id=urn:usgs-product:us:testproduct:testproduct-two:1534979078088
FINEST	thread=853	[null] acquired read lock for product id=urn:usgs-product:us:testproduct:testproduct-two:1534979078088
FINEST	thread=853	[null] releasing read lock for product id=urn:usgs-product:us:testproduct:testproduct-two:1534979078088
FINEST	thread=853	[null] released read lock for product id=urn:usgs-product:us:testproduct:testproduct-two:1534979078088
FINER	thread=853	[DirectoryProductSource] Product does not have any  URLContent. Scraping directory for files.
INFO	thread=853	[null] running command echo --preferred-eventid=ustestproduct-two --preferred-eventsource=us --preferred-eventsourcecode=testproduct-two --eventids=ustestproduct-two --preferred-magnitude=5 --preferred-latitude=35.10000000000000142108547152020037174224853515625 --preferred-longitude=-118 --preferred-depth=50 --preferred-eventtime=2018-08-22T23:04:38.022Z --directory=/Users/jmfee/Documents/git/pdl/_test_storage_/testproduct/testproduct-two/us/1534979078088 --type=testproduct --code=testproduct-two --source=us --updateTime=2018-08-22T23:04:38.088Z --status=UPDATE --trackerURL=http://localhost/tracker "--property-depth=50" "--property-latitude=35.10000000000000142108547152020037174224853515625" "--property-eventsourcecode=testproduct-two" "--property-eventtime=2018-08-22T23:04:38.022Z" "--property-magnitude=5" "--property-eventsource=us" "--property-version=one" "--property-longitude=-118" --action=EVENT_ADDED
INFO	thread=850	[null] command 'echo --preferred-eventid=ustestproduct-two --preferred-eventsource=us --preferred-eventsourcecode=testproduct-two --eventids=ustestproduct-two --preferred-magnitude=5 --preferred-latitude=35.10000000000000142108547152020037174224853515625 --preferred-longitude=-118 --preferred-depth=50 --preferred-eventtime=2018-08-22T23:04:38.022Z --directory=/Users/jmfee/Documents/git/pdl/_test_storage_/testproduct/testproduct-two/us/1534979078088 --type=testproduct --code=testproduct-two --source=us --updateTime=2018-08-22T23:04:38.088Z --status=UPDATE --trackerURL=http://localhost/tracker "--property-depth=50" "--property-latitude=35.10000000000000142108547152020037174224853515625" "--property-eventsourcecode=testproduct-two" "--property-eventtime=2018-08-22T23:04:38.022Z" "--property-magnitude=5" "--property-eventsource=us" "--property-version=one" "--property-longitude=-118" --action=EVENT_ADDED' exited with status '0'
INFO	thread=853	[null] command 'echo --preferred-eventid=ustestproduct-two --preferred-eventsource=us --preferred-eventsourcecode=testproduct-two --eventids=ustestproduct-two --preferred-magnitude=5 --preferred-latitude=35.10000000000000142108547152020037174224853515625 --preferred-longitude=-118 --preferred-depth=50 --preferred-eventtime=2018-08-22T23:04:38.022Z --directory=/Users/jmfee/Documents/git/pdl/_test_storage_/testproduct/testproduct-two/us/1534979078088 --type=testproduct --code=testproduct-two --source=us --updateTime=2018-08-22T23:04:38.088Z --status=UPDATE --trackerURL=http://localhost/tracker "--property-depth=50" "--property-latitude=35.10000000000000142108547152020037174224853515625" "--property-eventsourcecode=testproduct-two" "--property-eventtime=2018-08-22T23:04:38.022Z" "--property-magnitude=5" "--property-eventsource=us" "--property-version=one" "--property-longitude=-118" --action=EVENT_ADDED' exited with status '0'
FINEST	thread=13	[null] storing product id=urn:usgs-product:admin:associate:ustestproduct-one_ustestproduct-two:1534979078175
FINEST	thread=13	[null] acquiring write lock for product id=urn:usgs-product:admin:associate:ustestproduct-one_ustestproduct-two:1534979078175
FINEST	thread=13	[null] acquired write lock for product id=urn:usgs-product:admin:associate:ustestproduct-one_ustestproduct-two:1534979078175
FINEST	thread=13	[null] acquiring read lock for product id=urn:usgs-product:admin:associate:ustestproduct-one_ustestproduct-two:1534979078175
FINEST	thread=13	[null] acquired read lock for product id=urn:usgs-product:admin:associate:ustestproduct-one_ustestproduct-two:1534979078175
FINEST	thread=13	[null] releasing read lock for product id=urn:usgs-product:admin:associate:ustestproduct-one_ustestproduct-two:1534979078175
FINEST	thread=13	[null] released read lock for product id=urn:usgs-product:admin:associate:ustestproduct-one_ustestproduct-two:1534979078175
FINER	thread=13	[null] product stored id=urn:usgs-product:admin:associate:ustestproduct-one_ustestproduct-two:1534979078175, status=UPDATE
FINEST	thread=13	[null] releasing write lock for product id=urn:usgs-product:admin:associate:ustestproduct-one_ustestproduct-two:1534979078175
FINEST	thread=13	[null] released write lock for product id=urn:usgs-product:admin:associate:ustestproduct-one_ustestproduct-two:1534979078175
FINEST	thread=13	[null] stored product id=urn:usgs-product:admin:associate:ustestproduct-one_ustestproduct-two:1534979078175
FINER	thread=13	[null] summarizing product id=urn:usgs-product:admin:associate:ustestproduct-one_ustestproduct-two:1534979078175
FINEST	thread=13	[null] beginning index transaction
FINER	thread=13	[null] finding previous version
FINEST	thread=13	[null] running query 
SELECT DISTINCT id FROM productSummary p WHERE p.id IS NOT NULL AND p.id = (SELECT id FROM productSummary ps WHERE ps.source='admin' AND ps.type='associate' AND ps.code='ustestproduct-one_ustestproduct-two' AND ps.status <> 'DELETE' ORDER BY ps.updateTime DESC LIMIT 1) AND source='admin' AND type='associate' AND code='ustestproduct-one_ustestproduct-two'
FINEST	thread=13	[null] query complete
FINER	thread=13	[null] finding previous event
FINEST	thread=13	Product Index Query
eventSearchType=SEARCH_EVENT_PRODUCTS
resultType=RESULT_TYPE_ALL
eventSource=us
eventSourceCode=testproduct-two
FINER	thread=13	[null] adding summary to index
FINEST	thread=13	[null] Added property eventsourcecode:testproduct-two for product 3
FINEST	thread=13	[null] Added property othereventsourcecode:testproduct-one for product 3
FINEST	thread=13	[null] Added property eventsource:us for product 3
FINEST	thread=13	[null] Added property othereventsource:us for product 3
FINEST	thread=13	[null] Added productSummary urn:usgs-product:admin:associate:ustestproduct-one_ustestproduct-two:1534979078175, indexid=3 to product index
FINER	thread=13	[null] found existing event indexid=2
FINE	thread=13	Eventindexid=2, eventid=ustestproduct-two, latitude=35.10000000000000142108547152020037174224853515625, longitude=-118, time=Wed Aug 22 17:04:38 MDT 2018, deleted=false
FINER	thread=13	Products in event
	status=UPDATE, id=urn:usgs-product:us:testproduct:testproduct-two:1534979078088, eventid=ustestproduct-two, latitude=35.10000000000000142108547152020037174224853515625, longitude=-118, time=Wed Aug 22 17:04:38 MDT 2018
FINER	thread=13	[null] Added associations event id=2, productSummary source=admin, type=associate, code=ustestproduct-one_ustestproduct-two (id=3)
FINER	thread=13	[null] checking for event splits
FINER	thread=13	[null] checking for event merges
FINEST	thread=13	Product Index Query
eventSearchType=SEARCH_EVENT_PREFERRED
resultType=RESULT_TYPE_ALL
minEventTime=Wed Aug 22 17:04:22 MDT 2018
maxEventTime=Wed Aug 22 17:04:54 MDT 2018
minEventLatitude=34.20007199424046218094730420489213429391384124755859375
maxEventLatitude=35.99992800575954066122363883550860919058322906494140625
minEventLongitude=-119.0999551629644201966584660112857818603515625
maxEventLongitude=-116.9000448370355798033415339887142181396484375
FINER	thread=13	[null] searching for nearby events
FINER	thread=13	[null] search for nearby events complete
FINER	thread=13	[null] Removed associations event id=1, productSummary source=us, type=testproduct, code=testproduct-one (id=1)
FINER	thread=13	[null] Removed associations event id=1, productSummary source=us, type=testproduct, code=testproduct-one (id=1)
FINER	thread=13	[null] Added associations event id=2, productSummary source=us, type=testproduct, code=testproduct-one (id=1)
FINEST	thread=13	[null] Removed event id=1
FINER	thread=13	[null] searching for unassociated products
FINER	thread=13	[null] search for unassociated products complete
FINER	thread=13	[null] searching for associated event
FINER	thread=13	[null] search for associated event complete
FINER	thread=13	[null] updating event summary parameters
FINER	thread=13	[null] Updating event indexid=2
FINE	thread=13	Eventindexid=2, eventid=ustestproduct-two, latitude=35.10000000000000142108547152020037174224853515625, longitude=-118, time=Wed Aug 22 17:04:38 MDT 2018, deleted=false
FINER	thread=13	Products in event
	status=UPDATE, id=urn:usgs-product:us:testproduct:testproduct-two:1534979078088, eventid=ustestproduct-two, latitude=35.10000000000000142108547152020037174224853515625, longitude=-118, time=Wed Aug 22 17:04:38 MDT 2018
	status=UPDATE, id=urn:usgs-product:us:testproduct:testproduct-one:1534979078022, eventid=ustestproduct-one, latitude=35, longitude=-118, time=Wed Aug 22 17:04:38 MDT 2018
	status=UPDATE, id=urn:usgs-product:admin:associate:ustestproduct-one_ustestproduct-two:1534979078175, eventid=ustestproduct-two, latitude=null, longitude=null, time=null
FINEST	thread=13	[null] Updated event properties in Product Index
FINER	thread=13	[null] committing transaction
FINE	thread=13	[null] notifying listeners
INFO	thread=13	[null] indexed product id=urn:usgs-product:admin:associate:ustestproduct-one_ustestproduct-two:1534979078175, status=UPDATE
EVENT_MERGED ustestproduct-one => null
EVENT_UPDATED ustestproduct-two => ustestproduct-two
FINEST	thread=850	[null] acquiring read lock for product id=urn:usgs-product:admin:associate:ustestproduct-one_ustestproduct-two:1534979078175
FINEST	thread=850	[null] acquired read lock for product id=urn:usgs-product:admin:associate:ustestproduct-one_ustestproduct-two:1534979078175
FINEST	thread=850	[null] releasing read lock for product id=urn:usgs-product:admin:associate:ustestproduct-one_ustestproduct-two:1534979078175
FINEST	thread=850	[null] released read lock for product id=urn:usgs-product:admin:associate:ustestproduct-one_ustestproduct-two:1534979078175
FINEST	thread=853	[null] acquiring read lock for product id=urn:usgs-product:admin:associate:ustestproduct-one_ustestproduct-two:1534979078175
FINEST	thread=853	[null] acquired read lock for product id=urn:usgs-product:admin:associate:ustestproduct-one_ustestproduct-two:1534979078175
FINEST	thread=853	[null] releasing read lock for product id=urn:usgs-product:admin:associate:ustestproduct-one_ustestproduct-two:1534979078175
FINEST	thread=853	[null] released read lock for product id=urn:usgs-product:admin:associate:ustestproduct-one_ustestproduct-two:1534979078175
FINER	thread=850	[DirectoryProductSource] Product does not have any  URLContent. Scraping directory for files.
FINEST	thread=850	[null] acquiring write lock for product id=urn:usgs-product:admin:associate:ustestproduct-one_ustestproduct-two:1534979078175
FINEST	thread=850	[null] acquired write lock for product id=urn:usgs-product:admin:associate:ustestproduct-one_ustestproduct-two:1534979078175
FINEST	thread=850	[null] acquiring read lock for product id=urn:usgs-product:admin:associate:ustestproduct-one_ustestproduct-two:1534979078175
FINEST	thread=850	[null] acquired read lock for product id=urn:usgs-product:admin:associate:ustestproduct-one_ustestproduct-two:1534979078175
FINEST	thread=850	[null] releasing read lock for product id=urn:usgs-product:admin:associate:ustestproduct-one_ustestproduct-two:1534979078175
FINEST	thread=850	[null] released read lock for product id=urn:usgs-product:admin:associate:ustestproduct-one_ustestproduct-two:1534979078175
FINER	thread=853	[DirectoryProductSource] Product does not have any  URLContent. Scraping directory for files.
FINEST	thread=853	[null] acquiring write lock for product id=urn:usgs-product:admin:associate:ustestproduct-one_ustestproduct-two:1534979078175
FINEST	thread=853	[null] acquired write lock for product id=urn:usgs-product:admin:associate:ustestproduct-one_ustestproduct-two:1534979078175
FINEST	thread=853	[null] acquiring read lock for product id=urn:usgs-product:admin:associate:ustestproduct-one_ustestproduct-two:1534979078175
FINEST	thread=853	[null] acquired read lock for product id=urn:usgs-product:admin:associate:ustestproduct-one_ustestproduct-two:1534979078175
FINEST	thread=853	[null] acquiring read lock for product id=urn:usgs-product:admin:associate:ustestproduct-one_ustestproduct-two:1534979078175
FINEST	thread=853	[null] acquired read lock for product id=urn:usgs-product:admin:associate:ustestproduct-one_ustestproduct-two:1534979078175
FINEST	thread=853	[null] releasing read lock for product id=urn:usgs-product:admin:associate:ustestproduct-one_ustestproduct-two:1534979078175
FINEST	thread=853	[null] released read lock for product id=urn:usgs-product:admin:associate:ustestproduct-one_ustestproduct-two:1534979078175
FINEST	thread=853	[null] releasing read lock for product id=urn:usgs-product:admin:associate:ustestproduct-one_ustestproduct-two:1534979078175
FINEST	thread=853	[null] released read lock for product id=urn:usgs-product:admin:associate:ustestproduct-one_ustestproduct-two:1534979078175
FINER	thread=853	[null] product stored id=urn:usgs-product:admin:associate:ustestproduct-one_ustestproduct-two:1534979078175, status=UPDATE
FINEST	thread=853	[null] releasing write lock for product id=urn:usgs-product:admin:associate:ustestproduct-one_ustestproduct-two:1534979078175
FINEST	thread=853	[null] released write lock for product id=urn:usgs-product:admin:associate:ustestproduct-one_ustestproduct-two:1534979078175
FINEST	thread=853	[null] acquiring read lock for product id=urn:usgs-product:admin:associate:ustestproduct-one_ustestproduct-two:1534979078175
FINEST	thread=853	[null] acquired read lock for product id=urn:usgs-product:admin:associate:ustestproduct-one_ustestproduct-two:1534979078175
FINEST	thread=853	[null] releasing read lock for product id=urn:usgs-product:admin:associate:ustestproduct-one_ustestproduct-two:1534979078175
FINEST	thread=853	[null] released read lock for product id=urn:usgs-product:admin:associate:ustestproduct-one_ustestproduct-two:1534979078175
FINER	thread=853	[DirectoryProductSource] Product does not have any  URLContent. Scraping directory for files.
FINER	thread=850	[null] product stored id=urn:usgs-product:admin:associate:ustestproduct-one_ustestproduct-two:1534979078175, status=UPDATE
FINEST	thread=850	[null] releasing write lock for product id=urn:usgs-product:admin:associate:ustestproduct-one_ustestproduct-two:1534979078175
FINEST	thread=850	[null] released write lock for product id=urn:usgs-product:admin:associate:ustestproduct-one_ustestproduct-two:1534979078175
FINEST	thread=850	[null] acquiring read lock for product id=urn:usgs-product:admin:associate:ustestproduct-one_ustestproduct-two:1534979078175
FINEST	thread=850	[null] acquired read lock for product id=urn:usgs-product:admin:associate:ustestproduct-one_ustestproduct-two:1534979078175
FINEST	thread=850	[null] releasing read lock for product id=urn:usgs-product:admin:associate:ustestproduct-one_ustestproduct-two:1534979078175
FINEST	thread=850	[null] released read lock for product id=urn:usgs-product:admin:associate:ustestproduct-one_ustestproduct-two:1534979078175
FINER	thread=850	[DirectoryProductSource] Product does not have any  URLContent. Scraping directory for files.
FINEST	thread=850	[null] acquiring read lock for product id=urn:usgs-product:admin:associate:ustestproduct-one_ustestproduct-two:1534979078175
FINEST	thread=850	[null] acquired read lock for product id=urn:usgs-product:admin:associate:ustestproduct-one_ustestproduct-two:1534979078175
FINEST	thread=850	[null] releasing read lock for product id=urn:usgs-product:admin:associate:ustestproduct-one_ustestproduct-two:1534979078175
FINEST	thread=850	[null] released read lock for product id=urn:usgs-product:admin:associate:ustestproduct-one_ustestproduct-two:1534979078175
FINER	thread=850	[DirectoryProductSource] Product does not have any  URLContent. Scraping directory for files.
INFO	thread=850	[null] running command echo --directory=/Users/jmfee/Documents/git/pdl/_test_storage_/associate/ustestproduct-one_ustestproduct-two/admin/1534979078175 --type=associate --code=ustestproduct-one_ustestproduct-two --source=admin --updateTime=2018-08-22T23:04:38.175Z --status=UPDATE --trackerURL=http://localhost/tracker "--property-eventsourcecode=testproduct-two" "--property-othereventsourcecode=testproduct-one" "--property-eventsource=us" "--property-othereventsource=us" --action=EVENT_MERGED
FINEST	thread=853	[null] acquiring read lock for product id=urn:usgs-product:admin:associate:ustestproduct-one_ustestproduct-two:1534979078175
FINEST	thread=853	[null] acquired read lock for product id=urn:usgs-product:admin:associate:ustestproduct-one_ustestproduct-two:1534979078175
FINEST	thread=853	[null] releasing read lock for product id=urn:usgs-product:admin:associate:ustestproduct-one_ustestproduct-two:1534979078175
FINEST	thread=853	[null] released read lock for product id=urn:usgs-product:admin:associate:ustestproduct-one_ustestproduct-two:1534979078175
FINER	thread=853	[DirectoryProductSource] Product does not have any  URLContent. Scraping directory for files.
INFO	thread=853	[null] running command echo --directory=/Users/jmfee/Documents/git/pdl/_test_storage_/associate/ustestproduct-one_ustestproduct-two/admin/1534979078175 --type=associate --code=ustestproduct-one_ustestproduct-two --source=admin --updateTime=2018-08-22T23:04:38.175Z --status=UPDATE --trackerURL=http://localhost/tracker "--property-eventsourcecode=testproduct-two" "--property-othereventsourcecode=testproduct-one" "--property-eventsource=us" "--property-othereventsource=us" --action=EVENT_MERGED
INFO	thread=850	[null] command 'echo --directory=/Users/jmfee/Documents/git/pdl/_test_storage_/associate/ustestproduct-one_ustestproduct-two/admin/1534979078175 --type=associate --code=ustestproduct-one_ustestproduct-two --source=admin --updateTime=2018-08-22T23:04:38.175Z --status=UPDATE --trackerURL=http://localhost/tracker "--property-eventsourcecode=testproduct-two" "--property-othereventsourcecode=testproduct-one" "--property-eventsource=us" "--property-othereventsource=us" --action=EVENT_MERGED' exited with status '0'
FINEST	thread=850	[null] acquiring read lock for product id=urn:usgs-product:admin:associate:ustestproduct-one_ustestproduct-two:1534979078175
FINEST	thread=850	[null] acquired read lock for product id=urn:usgs-product:admin:associate:ustestproduct-one_ustestproduct-two:1534979078175
FINEST	thread=850	[null] releasing read lock for product id=urn:usgs-product:admin:associate:ustestproduct-one_ustestproduct-two:1534979078175
FINEST	thread=850	[null] released read lock for product id=urn:usgs-product:admin:associate:ustestproduct-one_ustestproduct-two:1534979078175
FINER	thread=850	[DirectoryProductSource] Product does not have any  URLContent. Scraping directory for files.
INFO	thread=850	[null] running command echo --preferred-eventid=ustestproduct-two --preferred-eventsource=us --preferred-eventsourcecode=testproduct-two --eventids=ustestproduct-two,ustestproduct-one --preferred-magnitude=5 --preferred-latitude=35.10000000000000142108547152020037174224853515625 --preferred-longitude=-118 --preferred-depth=50 --preferred-eventtime=2018-08-22T23:04:38.022Z --directory=/Users/jmfee/Documents/git/pdl/_test_storage_/associate/ustestproduct-one_ustestproduct-two/admin/1534979078175 --type=associate --code=ustestproduct-one_ustestproduct-two --source=admin --updateTime=2018-08-22T23:04:38.175Z --status=UPDATE --trackerURL=http://localhost/tracker "--property-eventsourcecode=testproduct-two" "--property-othereventsourcecode=testproduct-one" "--property-eventsource=us" "--property-othereventsource=us" --action=EVENT_UPDATED
INFO	thread=853	[null] command 'echo --directory=/Users/jmfee/Documents/git/pdl/_test_storage_/associate/ustestproduct-one_ustestproduct-two/admin/1534979078175 --type=associate --code=ustestproduct-one_ustestproduct-two --source=admin --updateTime=2018-08-22T23:04:38.175Z --status=UPDATE --trackerURL=http://localhost/tracker "--property-eventsourcecode=testproduct-two" "--property-othereventsourcecode=testproduct-one" "--property-eventsource=us" "--property-othereventsource=us" --action=EVENT_MERGED' exited with status '0'
INFO	thread=850	[null] command 'echo --preferred-eventid=ustestproduct-two --preferred-eventsource=us --preferred-eventsourcecode=testproduct-two --eventids=ustestproduct-two,ustestproduct-one --preferred-magnitude=5 --preferred-latitude=35.10000000000000142108547152020037174224853515625 --preferred-longitude=-118 --preferred-depth=50 --preferred-eventtime=2018-08-22T23:04:38.022Z --directory=/Users/jmfee/Documents/git/pdl/_test_storage_/associate/ustestproduct-one_ustestproduct-two/admin/1534979078175 --type=associate --code=ustestproduct-one_ustestproduct-two --source=admin --updateTime=2018-08-22T23:04:38.175Z --status=UPDATE --trackerURL=http://localhost/tracker "--property-eventsourcecode=testproduct-two" "--property-othereventsourcecode=testproduct-one" "--property-eventsource=us" "--property-othereventsource=us" --action=EVENT_UPDATED' exited with status '0'
CONFIG	thread=13	[null] maxTries = 1
CONFIG	thread=13	[null] maxTries = 1
CONFIG	thread=13	[null] timeout = 0ms
CONFIG	thread=13	[null] retry delay = 300000ms
CONFIG	thread=13	[null] process duplicates = false
CONFIG	thread=13	[null] include paths = []
CONFIG	thread=13	[null] exclude paths = []
CONFIG	thread=13	[null] using storage directory /Users/jmfee/Documents/git/pdl/storage
CONFIG	thread=13	[null] loading ArchivePolicy 'testPolicy'
CONFIG	thread=13	[null] archive interval is '500'
CONFIG	thread=13	[null] no indexer modules configured.
CONFIG	thread=13	[null] no indexer listeners configured.
CONFIG	thread=13	[null] associateUsingCurrentProducts = false

###
Wed Aug 22 17:04:38 MDT 2018
FINER	thread=13	[null] product stored id=urn:usgs-product:us:testproduct:event1:1534979078295, status=UPDATE
FINER	thread=13	[null] summarizing product id=urn:usgs-product:us:testproduct:event1:1534979078295
FINER	thread=13	[null] finding previous version
FINER	thread=13	[null] finding previous event
FINER	thread=13	[null] adding summary to index
FINER	thread=13	[null] Added associations event id=1, productSummary source=us, type=testproduct, code=event1 (id=1)
FINER	thread=13	[null] created event indexid=1
FINE	thread=13	Eventindexid=1, eventid=usevent1, latitude=35, longitude=-118, time=Wed Aug 22 17:04:38 MDT 2018, deleted=false
FINER	thread=13	Products in event
	status=UPDATE, id=urn:usgs-product:us:testproduct:event1:1534979078295, eventid=usevent1, latitude=35, longitude=-118, time=Wed Aug 22 17:04:38 MDT 2018
FINER	thread=13	[null] checking for event merges
FINER	thread=13	[null] searching for unassociated products
FINER	thread=13	[null] search for unassociated products complete
FINER	thread=13	[null] updating event summary parameters
FINER	thread=13	[null] Updating event indexid=1
FINE	thread=13	Eventindexid=1, eventid=usevent1, latitude=35, longitude=-118, time=Wed Aug 22 17:04:38 MDT 2018, deleted=false
FINER	thread=13	Products in event
	status=UPDATE, id=urn:usgs-product:us:testproduct:event1:1534979078295, eventid=usevent1, latitude=35, longitude=-118, time=Wed Aug 22 17:04:38 MDT 2018
FINER	thread=13	[null] committing transaction
FINE	thread=13	[null] notifying listeners
INFO	thread=13	[null] indexed product id=urn:usgs-product:us:testproduct:event1:1534979078295, status=UPDATE
EVENT_ADDED null => usevent1
FINER	thread=870	[DirectoryProductSource] Product does not have any  URLContent. Scraping directory for files.
FINER	thread=869	[DirectoryProductSource] Product does not have any  URLContent. Scraping directory for files.
WARNING	thread=869	[null] exception while storing product, removing incomplete product
java.io.IOException: Unable to create directory /Users/jmfee/Documents/git/pdl/_test_storage_/testproduct/event1/us/1534979078295
	at gov.usgs.util.StreamUtils.getOutputStream(StreamUtils.java:154)
	at gov.usgs.util.StreamUtils.getOutputStream(StreamUtils.java:185)
	at gov.usgs.earthquake.product.io.DirectoryProductHandler.onEndProduct(DirectoryProductHandler.java:68)
	at gov.usgs.earthquake.product.io.FilterProductHandler.onEndProduct(FilterProductHandler.java:71)
	at gov.usgs.earthquake.distribution.FileProductStorage$StorageProductOutput.onEndProduct(FileProductStorage.java:855)
	at gov.usgs.earthquake.product.io.ObjectProductSource.sendEndProduct(ObjectProductSource.java:166)
	at gov.usgs.earthquake.product.io.ObjectProductSource.streamTo(ObjectProductSource.java:62)
	at gov.usgs.earthquake.distribution.FileProductStorage.storeProductSource(FileProductStorage.java:693)
	at gov.usgs.earthquake.distribution.FileProductStorage.storeProduct(FileProductStorage.java:675)
	at gov.usgs.earthquake.indexer.ExternalIndexerListener.storeProduct(ExternalIndexerListener.java:194)
	at gov.usgs.earthquake.indexer.ExternalIndexerListener.onIndexerEvent(ExternalIndexerListener.java:129)
	at gov.usgs.earthquake.indexer.IndexerListenerCallable.call(IndexerListenerCallable.java:37)
	at gov.usgs.earthquake.indexer.IndexerListenerCallable.call(IndexerListenerCallable.java:12)
	at gov.usgs.util.ExecutorTask.run(ExecutorTask.java:183)
	at java.base/java.util.concurrent.Executors$RunnableAdapter.call(Executors.java:514)
	at java.base/java.util.concurrent.FutureTask.run(FutureTask.java:264)
	at java.base/java.util.concurrent.ThreadPoolExecutor.runWorker(ThreadPoolExecutor.java:1135)
	at java.base/java.util.concurrent.ThreadPoolExecutor$Worker.run(ThreadPoolExecutor.java:635)
	at java.base/java.lang.Thread.run(Thread.java:844)
FINER	thread=870	[null] product stored id=urn:usgs-product:us:testproduct:event1:1534979078295, status=UPDATE
FINER	thread=869	[null] product removed, id=urn:usgs-product:us:testproduct:event1:1534979078295
WARNING	thread=869	[null] listener (null) threw exception, for product id=urn:usgs-product:us:testproduct:event1:1534979078295
java.io.IOException: Unable to create directory /Users/jmfee/Documents/git/pdl/_test_storage_/testproduct/event1/us/1534979078295
	at gov.usgs.util.StreamUtils.getOutputStream(StreamUtils.java:154)
	at gov.usgs.util.StreamUtils.getOutputStream(StreamUtils.java:185)
	at gov.usgs.earthquake.product.io.DirectoryProductHandler.onEndProduct(DirectoryProductHandler.java:68)
	at gov.usgs.earthquake.product.io.FilterProductHandler.onEndProduct(FilterProductHandler.java:71)
	at gov.usgs.earthquake.distribution.FileProductStorage$StorageProductOutput.onEndProduct(FileProductStorage.java:855)
	at gov.usgs.earthquake.product.io.ObjectProductSource.sendEndProduct(ObjectProductSource.java:166)
	at gov.usgs.earthquake.product.io.ObjectProductSource.streamTo(ObjectProductSource.java:62)
	at gov.usgs.earthquake.distribution.FileProductStorage.storeProductSource(FileProductStorage.java:693)
	at gov.usgs.earthquake.distribution.FileProductStorage.storeProduct(FileProductStorage.java:675)
	at gov.usgs.earthquake.indexer.ExternalIndexerListener.storeProduct(ExternalIndexerListener.java:194)
	at gov.usgs.earthquake.indexer.ExternalIndexerListener.onIndexerEvent(ExternalIndexerListener.java:129)
	at gov.usgs.earthquake.indexer.IndexerListenerCallable.call(IndexerListenerCallable.java:37)
	at gov.usgs.earthquake.indexer.IndexerListenerCallable.call(IndexerListenerCallable.java:12)
	at gov.usgs.util.ExecutorTask.run(ExecutorTask.java:183)
	at java.base/java.util.concurrent.Executors$RunnableAdapter.call(Executors.java:514)
	at java.base/java.util.concurrent.FutureTask.run(FutureTask.java:264)
	at java.base/java.util.concurrent.ThreadPoolExecutor.runWorker(ThreadPoolExecutor.java:1135)
	at java.base/java.util.concurrent.ThreadPoolExecutor$Worker.run(ThreadPoolExecutor.java:635)
	at java.base/java.lang.Thread.run(Thread.java:844)
FINE	thread=869	Exception: Unable to create directory /Users/jmfee/Documents/git/pdl/_test_storage_/testproduct/event1/us/1534979078295 source=us, type=testproduct, code=event1, updateTime=Wed Aug 22 17:04:38 MDT 2018
INFO	thread=869	Exception executing task
java.io.IOException: Unable to create directory /Users/jmfee/Documents/git/pdl/_test_storage_/testproduct/event1/us/1534979078295
	at gov.usgs.util.StreamUtils.getOutputStream(StreamUtils.java:154)
	at gov.usgs.util.StreamUtils.getOutputStream(StreamUtils.java:185)
	at gov.usgs.earthquake.product.io.DirectoryProductHandler.onEndProduct(DirectoryProductHandler.java:68)
	at gov.usgs.earthquake.product.io.FilterProductHandler.onEndProduct(FilterProductHandler.java:71)
	at gov.usgs.earthquake.distribution.FileProductStorage$StorageProductOutput.onEndProduct(FileProductStorage.java:855)
	at gov.usgs.earthquake.product.io.ObjectProductSource.sendEndProduct(ObjectProductSource.java:166)
	at gov.usgs.earthquake.product.io.ObjectProductSource.streamTo(ObjectProductSource.java:62)
	at gov.usgs.earthquake.distribution.FileProductStorage.storeProductSource(FileProductStorage.java:693)
	at gov.usgs.earthquake.distribution.FileProductStorage.storeProduct(FileProductStorage.java:675)
	at gov.usgs.earthquake.indexer.ExternalIndexerListener.storeProduct(ExternalIndexerListener.java:194)
	at gov.usgs.earthquake.indexer.ExternalIndexerListener.onIndexerEvent(ExternalIndexerListener.java:129)
	at gov.usgs.earthquake.indexer.IndexerListenerCallable.call(IndexerListenerCallable.java:37)
	at gov.usgs.earthquake.indexer.IndexerListenerCallable.call(IndexerListenerCallable.java:12)
	at gov.usgs.util.ExecutorTask.run(ExecutorTask.java:183)
	at java.base/java.util.concurrent.Executors$RunnableAdapter.call(Executors.java:514)
	at java.base/java.util.concurrent.FutureTask.run(FutureTask.java:264)
	at java.base/java.util.concurrent.ThreadPoolExecutor.runWorker(ThreadPoolExecutor.java:1135)
	at java.base/java.util.concurrent.ThreadPoolExecutor$Worker.run(ThreadPoolExecutor.java:635)
	at java.base/java.lang.Thread.run(Thread.java:844)
FINER	thread=870	[DirectoryProductSource] Product does not have any  URLContent. Scraping directory for files.
WARNING	thread=870	[null] listener (null) threw exception, for product id=urn:usgs-product:us:testproduct:event1:1534979078295
java.lang.NullPointerException
	at gov.usgs.earthquake.product.FileContent.getDirectoryContents(FileContent.java:183)
	at gov.usgs.earthquake.product.FileContent.getDirectoryContents(FileContent.java:160)
	at gov.usgs.earthquake.product.io.DirectoryProductSource.streamTo(DirectoryProductSource.java:91)
	at gov.usgs.earthquake.product.io.ObjectProductHandler.getProduct(ObjectProductHandler.java:172)
	at gov.usgs.earthquake.distribution.FileProductStorage.getProduct(FileProductStorage.java:465)
	at gov.usgs.earthquake.indexer.ExternalIndexerListener.storeProduct(ExternalIndexerListener.java:195)
	at gov.usgs.earthquake.indexer.ExternalIndexerListener.onIndexerEvent(ExternalIndexerListener.java:129)
	at gov.usgs.earthquake.indexer.IndexerListenerCallable.call(IndexerListenerCallable.java:37)
	at gov.usgs.earthquake.indexer.IndexerListenerCallable.call(IndexerListenerCallable.java:12)
	at gov.usgs.util.ExecutorTask.run(ExecutorTask.java:183)
	at java.base/java.util.concurrent.Executors$RunnableAdapter.call(Executors.java:514)
	at java.base/java.util.concurrent.FutureTask.run(FutureTask.java:264)
	at java.base/java.util.concurrent.ThreadPoolExecutor.runWorker(ThreadPoolExecutor.java:1135)
	at java.base/java.util.concurrent.ThreadPoolExecutor$Worker.run(ThreadPoolExecutor.java:635)
	at java.base/java.lang.Thread.run(Thread.java:844)
FINE	thread=870	Exception: null source=us, type=testproduct, code=event1, updateTime=Wed Aug 22 17:04:38 MDT 2018
INFO	thread=870	Exception executing task
java.lang.NullPointerException
	at gov.usgs.earthquake.product.FileContent.getDirectoryContents(FileContent.java:183)
	at gov.usgs.earthquake.product.FileContent.getDirectoryContents(FileContent.java:160)
	at gov.usgs.earthquake.product.io.DirectoryProductSource.streamTo(DirectoryProductSource.java:91)
	at gov.usgs.earthquake.product.io.ObjectProductHandler.getProduct(ObjectProductHandler.java:172)
	at gov.usgs.earthquake.distribution.FileProductStorage.getProduct(FileProductStorage.java:465)
	at gov.usgs.earthquake.indexer.ExternalIndexerListener.storeProduct(ExternalIndexerListener.java:195)
	at gov.usgs.earthquake.indexer.ExternalIndexerListener.onIndexerEvent(ExternalIndexerListener.java:129)
	at gov.usgs.earthquake.indexer.IndexerListenerCallable.call(IndexerListenerCallable.java:37)
	at gov.usgs.earthquake.indexer.IndexerListenerCallable.call(IndexerListenerCallable.java:12)
	at gov.usgs.util.ExecutorTask.run(ExecutorTask.java:183)
	at java.base/java.util.concurrent.Executors$RunnableAdapter.call(Executors.java:514)
	at java.base/java.util.concurrent.FutureTask.run(FutureTask.java:264)
	at java.base/java.util.concurrent.ThreadPoolExecutor.runWorker(ThreadPoolExecutor.java:1135)
	at java.base/java.util.concurrent.ThreadPoolExecutor$Worker.run(ThreadPoolExecutor.java:635)
	at java.base/java.lang.Thread.run(Thread.java:844)
FINER	thread=13	[null] product stored id=urn:usgs-product:us:testproduct:event2:1534979078369, status=UPDATE
FINER	thread=13	[null] summarizing product id=urn:usgs-product:us:testproduct:event2:1534979078369
FINER	thread=13	[null] finding previous version
FINER	thread=13	[null] finding previous event
FINER	thread=13	[null] adding summary to index
FINER	thread=13	[null] Added associations event id=2, productSummary source=us, type=testproduct, code=event2 (id=2)
FINER	thread=13	[null] created event indexid=2
FINE	thread=13	Eventindexid=2, eventid=usevent2, latitude=35.10000000000000142108547152020037174224853515625, longitude=-118, time=Wed Aug 22 17:04:38 MDT 2018, deleted=false
FINER	thread=13	Products in event
	status=UPDATE, id=urn:usgs-product:us:testproduct:event2:1534979078369, eventid=usevent2, latitude=35.10000000000000142108547152020037174224853515625, longitude=-118, time=Wed Aug 22 17:04:38 MDT 2018
FINER	thread=13	[null] checking for event merges
FINER	thread=13	[null] searching for unassociated products
FINER	thread=13	[null] search for unassociated products complete
FINER	thread=13	[null] updating event summary parameters
FINER	thread=13	[null] Updating event indexid=2
FINE	thread=13	Eventindexid=2, eventid=usevent2, latitude=35.10000000000000142108547152020037174224853515625, longitude=-118, time=Wed Aug 22 17:04:38 MDT 2018, deleted=false
FINER	thread=13	Products in event
	status=UPDATE, id=urn:usgs-product:us:testproduct:event2:1534979078369, eventid=usevent2, latitude=35.10000000000000142108547152020037174224853515625, longitude=-118, time=Wed Aug 22 17:04:38 MDT 2018
FINER	thread=13	[null] committing transaction
FINE	thread=13	[null] notifying listeners
INFO	thread=13	[null] indexed product id=urn:usgs-product:us:testproduct:event2:1534979078369, status=UPDATE
EVENT_ADDED null => usevent2
FINER	thread=869	[DirectoryProductSource] Product does not have any  URLContent. Scraping directory for files.
FINER	thread=870	[DirectoryProductSource] Product does not have any  URLContent. Scraping directory for files.
WARNING	thread=869	[null] exception while storing product, removing incomplete product
java.io.IOException: Unable to create directory /Users/jmfee/Documents/git/pdl/_test_storage_/testproduct/event2/us/1534979078369
	at gov.usgs.util.StreamUtils.getOutputStream(StreamUtils.java:154)
	at gov.usgs.util.StreamUtils.getOutputStream(StreamUtils.java:185)
	at gov.usgs.earthquake.product.io.DirectoryProductHandler.onEndProduct(DirectoryProductHandler.java:68)
	at gov.usgs.earthquake.product.io.FilterProductHandler.onEndProduct(FilterProductHandler.java:71)
	at gov.usgs.earthquake.distribution.FileProductStorage$StorageProductOutput.onEndProduct(FileProductStorage.java:855)
	at gov.usgs.earthquake.product.io.ObjectProductSource.sendEndProduct(ObjectProductSource.java:166)
	at gov.usgs.earthquake.product.io.ObjectProductSource.streamTo(ObjectProductSource.java:62)
	at gov.usgs.earthquake.distribution.FileProductStorage.storeProductSource(FileProductStorage.java:693)
	at gov.usgs.earthquake.distribution.FileProductStorage.storeProduct(FileProductStorage.java:675)
	at gov.usgs.earthquake.indexer.ExternalIndexerListener.storeProduct(ExternalIndexerListener.java:194)
	at gov.usgs.earthquake.indexer.ExternalIndexerListener.onIndexerEvent(ExternalIndexerListener.java:129)
	at gov.usgs.earthquake.indexer.IndexerListenerCallable.call(IndexerListenerCallable.java:37)
	at gov.usgs.earthquake.indexer.IndexerListenerCallable.call(IndexerListenerCallable.java:12)
	at gov.usgs.util.ExecutorTask.run(ExecutorTask.java:183)
	at java.base/java.util.concurrent.Executors$RunnableAdapter.call(Executors.java:514)
	at java.base/java.util.concurrent.FutureTask.run(FutureTask.java:264)
	at java.base/java.util.concurrent.ThreadPoolExecutor.runWorker(ThreadPoolExecutor.java:1135)
	at java.base/java.util.concurrent.ThreadPoolExecutor$Worker.run(ThreadPoolExecutor.java:635)
	at java.base/java.lang.Thread.run(Thread.java:844)
FINER	thread=870	[null] product stored id=urn:usgs-product:us:testproduct:event2:1534979078369, status=UPDATE
WARNING	thread=870	[null] listener (null) threw exception, for product id=urn:usgs-product:us:testproduct:event2:1534979078369
java.io.FileNotFoundException: _test_storage_/testproduct/event2/us/1534979078369/product.xml (No such file or directory)
	at java.base/java.io.FileInputStream.open0(Native Method)
	at java.base/java.io.FileInputStream.open(FileInputStream.java:220)
	at java.base/java.io.FileInputStream.<init>(FileInputStream.java:158)
	at gov.usgs.util.StreamUtils.getInputStream(StreamUtils.java:60)
	at gov.usgs.earthquake.product.io.DirectoryProductSource.streamTo(DirectoryProductSource.java:55)
	at gov.usgs.earthquake.product.io.ObjectProductHandler.getProduct(ObjectProductHandler.java:172)
	at gov.usgs.earthquake.distribution.FileProductStorage.getProduct(FileProductStorage.java:465)
	at gov.usgs.earthquake.indexer.ExternalIndexerListener.storeProduct(ExternalIndexerListener.java:195)
	at gov.usgs.earthquake.indexer.ExternalIndexerListener.onIndexerEvent(ExternalIndexerListener.java:129)
	at gov.usgs.earthquake.indexer.IndexerListenerCallable.call(IndexerListenerCallable.java:37)
	at gov.usgs.earthquake.indexer.IndexerListenerCallable.call(IndexerListenerCallable.java:12)
	at gov.usgs.util.ExecutorTask.run(ExecutorTask.java:183)
	at java.base/java.util.concurrent.Executors$RunnableAdapter.call(Executors.java:514)
	at java.base/java.util.concurrent.FutureTask.run(FutureTask.java:264)
	at java.base/java.util.concurrent.ThreadPoolExecutor.runWorker(ThreadPoolExecutor.java:1135)
	at java.base/java.util.concurrent.ThreadPoolExecutor$Worker.run(ThreadPoolExecutor.java:635)
	at java.base/java.lang.Thread.run(Thread.java:844)
FINER	thread=869	[null] product removed, id=urn:usgs-product:us:testproduct:event2:1534979078369
WARNING	thread=869	[null] listener (null) threw exception, for product id=urn:usgs-product:us:testproduct:event2:1534979078369
java.io.IOException: Unable to create directory /Users/jmfee/Documents/git/pdl/_test_storage_/testproduct/event2/us/1534979078369
	at gov.usgs.util.StreamUtils.getOutputStream(StreamUtils.java:154)
	at gov.usgs.util.StreamUtils.getOutputStream(StreamUtils.java:185)
	at gov.usgs.earthquake.product.io.DirectoryProductHandler.onEndProduct(DirectoryProductHandler.java:68)
	at gov.usgs.earthquake.product.io.FilterProductHandler.onEndProduct(FilterProductHandler.java:71)
	at gov.usgs.earthquake.distribution.FileProductStorage$StorageProductOutput.onEndProduct(FileProductStorage.java:855)
	at gov.usgs.earthquake.product.io.ObjectProductSource.sendEndProduct(ObjectProductSource.java:166)
	at gov.usgs.earthquake.product.io.ObjectProductSource.streamTo(ObjectProductSource.java:62)
	at gov.usgs.earthquake.distribution.FileProductStorage.storeProductSource(FileProductStorage.java:693)
	at gov.usgs.earthquake.distribution.FileProductStorage.storeProduct(FileProductStorage.java:675)
	at gov.usgs.earthquake.indexer.ExternalIndexerListener.storeProduct(ExternalIndexerListener.java:194)
	at gov.usgs.earthquake.indexer.ExternalIndexerListener.onIndexerEvent(ExternalIndexerListener.java:129)
	at gov.usgs.earthquake.indexer.IndexerListenerCallable.call(IndexerListenerCallable.java:37)
	at gov.usgs.earthquake.indexer.IndexerListenerCallable.call(IndexerListenerCallable.java:12)
	at gov.usgs.util.ExecutorTask.run(ExecutorTask.java:183)
	at java.base/java.util.concurrent.Executors$RunnableAdapter.call(Executors.java:514)
	at java.base/java.util.concurrent.FutureTask.run(FutureTask.java:264)
	at java.base/java.util.concurrent.ThreadPoolExecutor.runWorker(ThreadPoolExecutor.java:1135)
	at java.base/java.util.concurrent.ThreadPoolExecutor$Worker.run(ThreadPoolExecutor.java:635)
	at java.base/java.lang.Thread.run(Thread.java:844)
FINE	thread=870	Exception: _test_storage_/testproduct/event2/us/1534979078369/product.xml (No such file or directory) source=us, type=testproduct, code=event2, updateTime=Wed Aug 22 17:04:38 MDT 2018
FINE	thread=869	Exception: Unable to create directory /Users/jmfee/Documents/git/pdl/_test_storage_/testproduct/event2/us/1534979078369 source=us, type=testproduct, code=event2, updateTime=Wed Aug 22 17:04:38 MDT 2018
INFO	thread=870	Exception executing task
java.io.FileNotFoundException: _test_storage_/testproduct/event2/us/1534979078369/product.xml (No such file or directory)
	at java.base/java.io.FileInputStream.open0(Native Method)
	at java.base/java.io.FileInputStream.open(FileInputStream.java:220)
	at java.base/java.io.FileInputStream.<init>(FileInputStream.java:158)
	at gov.usgs.util.StreamUtils.getInputStream(StreamUtils.java:60)
	at gov.usgs.earthquake.product.io.DirectoryProductSource.streamTo(DirectoryProductSource.java:55)
	at gov.usgs.earthquake.product.io.ObjectProductHandler.getProduct(ObjectProductHandler.java:172)
	at gov.usgs.earthquake.distribution.FileProductStorage.getProduct(FileProductStorage.java:465)
	at gov.usgs.earthquake.indexer.ExternalIndexerListener.storeProduct(ExternalIndexerListener.java:195)
	at gov.usgs.earthquake.indexer.ExternalIndexerListener.onIndexerEvent(ExternalIndexerListener.java:129)
	at gov.usgs.earthquake.indexer.IndexerListenerCallable.call(IndexerListenerCallable.java:37)
	at gov.usgs.earthquake.indexer.IndexerListenerCallable.call(IndexerListenerCallable.java:12)
	at gov.usgs.util.ExecutorTask.run(ExecutorTask.java:183)
	at java.base/java.util.concurrent.Executors$RunnableAdapter.call(Executors.java:514)
	at java.base/java.util.concurrent.FutureTask.run(FutureTask.java:264)
	at java.base/java.util.concurrent.ThreadPoolExecutor.runWorker(ThreadPoolExecutor.java:1135)
	at java.base/java.util.concurrent.ThreadPoolExecutor$Worker.run(ThreadPoolExecutor.java:635)
	at java.base/java.lang.Thread.run(Thread.java:844)
INFO	thread=869	Exception executing task
java.io.IOException: Unable to create directory /Users/jmfee/Documents/git/pdl/_test_storage_/testproduct/event2/us/1534979078369
	at gov.usgs.util.StreamUtils.getOutputStream(StreamUtils.java:154)
	at gov.usgs.util.StreamUtils.getOutputStream(StreamUtils.java:185)
	at gov.usgs.earthquake.product.io.DirectoryProductHandler.onEndProduct(DirectoryProductHandler.java:68)
	at gov.usgs.earthquake.product.io.FilterProductHandler.onEndProduct(FilterProductHandler.java:71)
	at gov.usgs.earthquake.distribution.FileProductStorage$StorageProductOutput.onEndProduct(FileProductStorage.java:855)
	at gov.usgs.earthquake.product.io.ObjectProductSource.sendEndProduct(ObjectProductSource.java:166)
	at gov.usgs.earthquake.product.io.ObjectProductSource.streamTo(ObjectProductSource.java:62)
	at gov.usgs.earthquake.distribution.FileProductStorage.storeProductSource(FileProductStorage.java:693)
	at gov.usgs.earthquake.distribution.FileProductStorage.storeProduct(FileProductStorage.java:675)
	at gov.usgs.earthquake.indexer.ExternalIndexerListener.storeProduct(ExternalIndexerListener.java:194)
	at gov.usgs.earthquake.indexer.ExternalIndexerListener.onIndexerEvent(ExternalIndexerListener.java:129)
	at gov.usgs.earthquake.indexer.IndexerListenerCallable.call(IndexerListenerCallable.java:37)
	at gov.usgs.earthquake.indexer.IndexerListenerCallable.call(IndexerListenerCallable.java:12)
	at gov.usgs.util.ExecutorTask.run(ExecutorTask.java:183)
	at java.base/java.util.concurrent.Executors$RunnableAdapter.call(Executors.java:514)
	at java.base/java.util.concurrent.FutureTask.run(FutureTask.java:264)
	at java.base/java.util.concurrent.ThreadPoolExecutor.runWorker(ThreadPoolExecutor.java:1135)
	at java.base/java.util.concurrent.ThreadPoolExecutor$Worker.run(ThreadPoolExecutor.java:635)
	at java.base/java.lang.Thread.run(Thread.java:844)
FINER	thread=13	[null] product stored id=urn:usgs-product:notus:testproduct:otherevent:1534979078436, status=UPDATE
FINER	thread=13	[null] summarizing product id=urn:usgs-product:notus:testproduct:otherevent:1534979078436
FINER	thread=13	[null] finding previous version
FINER	thread=13	[null] finding previous event
WARNING	thread=13	Potential merge, product id=urn:usgs-product:notus:testproduct:otherevent:1534979078436, nearby events: [usevent1, usevent2]
FINE	thread=13	Associated product id=urn:usgs-product:notus:testproduct:otherevent:1534979078436, to event id=usevent2
FINER	thread=13	[null] adding summary to index
FINER	thread=13	[null] found existing event indexid=2
FINE	thread=13	Eventindexid=2, eventid=usevent2, latitude=35.10000000000000142108547152020037174224853515625, longitude=-118, time=Wed Aug 22 17:04:38 MDT 2018, deleted=false
FINER	thread=13	Products in event
	status=UPDATE, id=urn:usgs-product:us:testproduct:event2:1534979078369, eventid=usevent2, latitude=35.10000000000000142108547152020037174224853515625, longitude=-118, time=Wed Aug 22 17:04:38 MDT 2018
FINER	thread=13	[null] Added associations event id=2, productSummary source=notus, type=testproduct, code=otherevent (id=3)
FINER	thread=13	[null] checking for event splits
FINER	thread=13	[null] checking for event merges
FINER	thread=13	[null] searching for nearby events
FINER	thread=13	[null] search for nearby events complete
FINER	thread=13	[null] searching for unassociated products
FINER	thread=13	[null] search for unassociated products complete
FINER	thread=13	[null] updating event summary parameters
FINER	thread=13	[null] Updating event indexid=2
FINE	thread=13	Eventindexid=2, eventid=notusotherevent, latitude=35.2000000000000028421709430404007434844970703125, longitude=-118, time=Wed Aug 22 17:04:38 MDT 2018, deleted=false
FINER	thread=13	Products in event
	status=UPDATE, id=urn:usgs-product:us:testproduct:event2:1534979078369, eventid=usevent2, latitude=35.10000000000000142108547152020037174224853515625, longitude=-118, time=Wed Aug 22 17:04:38 MDT 2018
	status=UPDATE, id=urn:usgs-product:notus:testproduct:otherevent:1534979078436, eventid=notusotherevent, latitude=35.2000000000000028421709430404007434844970703125, longitude=-118, time=Wed Aug 22 17:04:38 MDT 2018
FINER	thread=13	[null] committing transaction
FINE	thread=13	[null] notifying listeners
INFO	thread=13	[null] indexed product id=urn:usgs-product:notus:testproduct:otherevent:1534979078436, status=UPDATE
EVENT_UPDATED usevent2 => notusotherevent
FINER	thread=869	[DirectoryProductSource] Product does not have any  URLContent. Scraping directory for files.
FINER	thread=870	[DirectoryProductSource] Product does not have any  URLContent. Scraping directory for files.
WARNING	thread=869	[null] exception while storing product, removing incomplete product
java.io.IOException: Unable to create directory /Users/jmfee/Documents/git/pdl/_test_storage_/testproduct/otherevent/notus/1534979078436
	at gov.usgs.util.StreamUtils.getOutputStream(StreamUtils.java:154)
	at gov.usgs.util.StreamUtils.getOutputStream(StreamUtils.java:185)
	at gov.usgs.earthquake.product.io.DirectoryProductHandler.onEndProduct(DirectoryProductHandler.java:68)
	at gov.usgs.earthquake.product.io.FilterProductHandler.onEndProduct(FilterProductHandler.java:71)
	at gov.usgs.earthquake.distribution.FileProductStorage$StorageProductOutput.onEndProduct(FileProductStorage.java:855)
	at gov.usgs.earthquake.product.io.ObjectProductSource.sendEndProduct(ObjectProductSource.java:166)
	at gov.usgs.earthquake.product.io.ObjectProductSource.streamTo(ObjectProductSource.java:62)
	at gov.usgs.earthquake.distribution.FileProductStorage.storeProductSource(FileProductStorage.java:693)
	at gov.usgs.earthquake.distribution.FileProductStorage.storeProduct(FileProductStorage.java:675)
	at gov.usgs.earthquake.indexer.ExternalIndexerListener.storeProduct(ExternalIndexerListener.java:194)
	at gov.usgs.earthquake.indexer.ExternalIndexerListener.onIndexerEvent(ExternalIndexerListener.java:129)
	at gov.usgs.earthquake.indexer.IndexerListenerCallable.call(IndexerListenerCallable.java:37)
	at gov.usgs.earthquake.indexer.IndexerListenerCallable.call(IndexerListenerCallable.java:12)
	at gov.usgs.util.ExecutorTask.run(ExecutorTask.java:183)
	at java.base/java.util.concurrent.Executors$RunnableAdapter.call(Executors.java:514)
	at java.base/java.util.concurrent.FutureTask.run(FutureTask.java:264)
	at java.base/java.util.concurrent.ThreadPoolExecutor.runWorker(ThreadPoolExecutor.java:1135)
	at java.base/java.util.concurrent.ThreadPoolExecutor$Worker.run(ThreadPoolExecutor.java:635)
	at java.base/java.lang.Thread.run(Thread.java:844)
FINER	thread=870	[null] product stored id=urn:usgs-product:notus:testproduct:otherevent:1534979078436, status=UPDATE
FINER	thread=869	[null] product removed, id=urn:usgs-product:notus:testproduct:otherevent:1534979078436
WARNING	thread=869	[null] listener (null) threw exception, for product id=urn:usgs-product:notus:testproduct:otherevent:1534979078436
java.io.IOException: Unable to create directory /Users/jmfee/Documents/git/pdl/_test_storage_/testproduct/otherevent/notus/1534979078436
	at gov.usgs.util.StreamUtils.getOutputStream(StreamUtils.java:154)
	at gov.usgs.util.StreamUtils.getOutputStream(StreamUtils.java:185)
	at gov.usgs.earthquake.product.io.DirectoryProductHandler.onEndProduct(DirectoryProductHandler.java:68)
	at gov.usgs.earthquake.product.io.FilterProductHandler.onEndProduct(FilterProductHandler.java:71)
	at gov.usgs.earthquake.distribution.FileProductStorage$StorageProductOutput.onEndProduct(FileProductStorage.java:855)
	at gov.usgs.earthquake.product.io.ObjectProductSource.sendEndProduct(ObjectProductSource.java:166)
	at gov.usgs.earthquake.product.io.ObjectProductSource.streamTo(ObjectProductSource.java:62)
	at gov.usgs.earthquake.distribution.FileProductStorage.storeProductSource(FileProductStorage.java:693)
	at gov.usgs.earthquake.distribution.FileProductStorage.storeProduct(FileProductStorage.java:675)
	at gov.usgs.earthquake.indexer.ExternalIndexerListener.storeProduct(ExternalIndexerListener.java:194)
	at gov.usgs.earthquake.indexer.ExternalIndexerListener.onIndexerEvent(ExternalIndexerListener.java:129)
	at gov.usgs.earthquake.indexer.IndexerListenerCallable.call(IndexerListenerCallable.java:37)
	at gov.usgs.earthquake.indexer.IndexerListenerCallable.call(IndexerListenerCallable.java:12)
	at gov.usgs.util.ExecutorTask.run(ExecutorTask.java:183)
	at java.base/java.util.concurrent.Executors$RunnableAdapter.call(Executors.java:514)
	at java.base/java.util.concurrent.FutureTask.run(FutureTask.java:264)
	at java.base/java.util.concurrent.ThreadPoolExecutor.runWorker(ThreadPoolExecutor.java:1135)
	at java.base/java.util.concurrent.ThreadPoolExecutor$Worker.run(ThreadPoolExecutor.java:635)
	at java.base/java.lang.Thread.run(Thread.java:844)
FINE	thread=869	Exception: Unable to create directory /Users/jmfee/Documents/git/pdl/_test_storage_/testproduct/otherevent/notus/1534979078436 source=notus, type=testproduct, code=otherevent, updateTime=Wed Aug 22 17:04:38 MDT 2018
INFO	thread=869	Exception executing task
java.io.IOException: Unable to create directory /Users/jmfee/Documents/git/pdl/_test_storage_/testproduct/otherevent/notus/1534979078436
	at gov.usgs.util.StreamUtils.getOutputStream(StreamUtils.java:154)
	at gov.usgs.util.StreamUtils.getOutputStream(StreamUtils.java:185)
	at gov.usgs.earthquake.product.io.DirectoryProductHandler.onEndProduct(DirectoryProductHandler.java:68)
	at gov.usgs.earthquake.product.io.FilterProductHandler.onEndProduct(FilterProductHandler.java:71)
	at gov.usgs.earthquake.distribution.FileProductStorage$StorageProductOutput.onEndProduct(FileProductStorage.java:855)
	at gov.usgs.earthquake.product.io.ObjectProductSource.sendEndProduct(ObjectProductSource.java:166)
	at gov.usgs.earthquake.product.io.ObjectProductSource.streamTo(ObjectProductSource.java:62)
	at gov.usgs.earthquake.distribution.FileProductStorage.storeProductSource(FileProductStorage.java:693)
	at gov.usgs.earthquake.distribution.FileProductStorage.storeProduct(FileProductStorage.java:675)
	at gov.usgs.earthquake.indexer.ExternalIndexerListener.storeProduct(ExternalIndexerListener.java:194)
	at gov.usgs.earthquake.indexer.ExternalIndexerListener.onIndexerEvent(ExternalIndexerListener.java:129)
	at gov.usgs.earthquake.indexer.IndexerListenerCallable.call(IndexerListenerCallable.java:37)
	at gov.usgs.earthquake.indexer.IndexerListenerCallable.call(IndexerListenerCallable.java:12)
	at gov.usgs.util.ExecutorTask.run(ExecutorTask.java:183)
	at java.base/java.util.concurrent.Executors$RunnableAdapter.call(Executors.java:514)
	at java.base/java.util.concurrent.FutureTask.run(FutureTask.java:264)
	at java.base/java.util.concurrent.ThreadPoolExecutor.runWorker(ThreadPoolExecutor.java:1135)
	at java.base/java.util.concurrent.ThreadPoolExecutor$Worker.run(ThreadPoolExecutor.java:635)
	at java.base/java.lang.Thread.run(Thread.java:844)
INFO	thread=870	[null] running command echo --preferred-eventid=notusotherevent --preferred-eventsource=notus --preferred-eventsourcecode=otherevent --eventids=notusotherevent,usevent2 --preferred-magnitude=5 --preferred-latitude=35.2000000000000028421709430404007434844970703125 --preferred-longitude=-118 --preferred-depth=50 --preferred-eventtime=2018-08-22T23:04:38.295Z --type=testproduct --code=otherevent --source=notus --updateTime=2018-08-22T23:04:38.436Z --status=UPDATE --trackerURL=http://localhost/tracker "--property-depth=50" "--property-latitude=35.2000000000000028421709430404007434844970703125" "--property-eventsourcecode=otherevent" "--property-eventtime=2018-08-22T23:04:38.295Z" "--property-magnitude=5" "--property-eventsource=notus" "--property-version=one" "--property-longitude=-118" --action=EVENT_UPDATED
INFO	thread=870	[null] command 'echo --preferred-eventid=notusotherevent --preferred-eventsource=notus --preferred-eventsourcecode=otherevent --eventids=notusotherevent,usevent2 --preferred-magnitude=5 --preferred-latitude=35.2000000000000028421709430404007434844970703125 --preferred-longitude=-118 --preferred-depth=50 --preferred-eventtime=2018-08-22T23:04:38.295Z --type=testproduct --code=otherevent --source=notus --updateTime=2018-08-22T23:04:38.436Z --status=UPDATE --trackerURL=http://localhost/tracker "--property-depth=50" "--property-latitude=35.2000000000000028421709430404007434844970703125" "--property-eventsourcecode=otherevent" "--property-eventtime=2018-08-22T23:04:38.295Z" "--property-magnitude=5" "--property-eventsource=notus" "--property-version=one" "--property-longitude=-118" --action=EVENT_UPDATED' exited with status '0'
FINER	thread=13	[null] product stored id=urn:usgs-product:us:testproduct:event2:1534979078503, status=DELETE
FINER	thread=13	[null] summarizing product id=urn:usgs-product:us:testproduct:event2:1534979078503
FINER	thread=13	[null] finding previous version
FINER	thread=13	[null] finding previous event
FINER	thread=13	[null] adding summary to index
FINER	thread=13	[null] found existing event indexid=2
FINE	thread=13	Eventindexid=2, eventid=notusotherevent, latitude=35.2000000000000028421709430404007434844970703125, longitude=-118, time=Wed Aug 22 17:04:38 MDT 2018, deleted=false
FINER	thread=13	Products in event
	status=UPDATE, id=urn:usgs-product:us:testproduct:event2:1534979078369, eventid=usevent2, latitude=35.10000000000000142108547152020037174224853515625, longitude=-118, time=Wed Aug 22 17:04:38 MDT 2018
	status=UPDATE, id=urn:usgs-product:notus:testproduct:otherevent:1534979078436, eventid=notusotherevent, latitude=35.2000000000000028421709430404007434844970703125, longitude=-118, time=Wed Aug 22 17:04:38 MDT 2018
FINER	thread=13	[null] Added associations event id=2, productSummary source=us, type=testproduct, code=event2 (id=4)
FINER	thread=13	[null] checking for event splits
FINER	thread=13	[null] checking for event merges
FINER	thread=13	[null] searching for nearby events
FINER	thread=13	[null] search for nearby events complete
FINER	thread=13	[null] Removed associations event id=1, productSummary source=us, type=testproduct, code=event1 (id=1)
FINER	thread=13	[null] Removed associations event id=1, productSummary source=us, type=testproduct, code=event1 (id=1)
FINER	thread=13	[null] Added associations event id=2, productSummary source=us, type=testproduct, code=event1 (id=1)
FINER	thread=13	[null] searching for unassociated products
FINER	thread=13	[null] search for unassociated products complete
FINER	thread=13	[null] updating event summary parameters
FINER	thread=13	[null] Updating event indexid=2
FINE	thread=13	Eventindexid=2, eventid=notusotherevent, latitude=35.2000000000000028421709430404007434844970703125, longitude=-118, time=Wed Aug 22 17:04:38 MDT 2018, deleted=false
FINER	thread=13	Products in event
	status=UPDATE, id=urn:usgs-product:us:testproduct:event2:1534979078369, eventid=usevent2, latitude=35.10000000000000142108547152020037174224853515625, longitude=-118, time=Wed Aug 22 17:04:38 MDT 2018
	status=UPDATE, id=urn:usgs-product:notus:testproduct:otherevent:1534979078436, eventid=notusotherevent, latitude=35.2000000000000028421709430404007434844970703125, longitude=-118, time=Wed Aug 22 17:04:38 MDT 2018
	status=DELETE, id=urn:usgs-product:us:testproduct:event2:1534979078503, eventid=usevent2, latitude=null, longitude=null, time=null
	status=UPDATE, id=urn:usgs-product:us:testproduct:event1:1534979078295, eventid=usevent1, latitude=35, longitude=-118, time=Wed Aug 22 17:04:38 MDT 2018
FINER	thread=13	[null] committing transaction
FINE	thread=13	[null] notifying listeners
INFO	thread=13	[null] indexed product id=urn:usgs-product:us:testproduct:event2:1534979078503, status=DELETE
EVENT_MERGED usevent1 => null
EVENT_UPDATED notusotherevent => notusotherevent
FINER	thread=869	[DirectoryProductSource] Product does not have any  URLContent. Scraping directory for files.
FINER	thread=870	[DirectoryProductSource] Product does not have any  URLContent. Scraping directory for files.
WARNING	thread=869	[null] exception while storing product, removing incomplete product
java.io.IOException: Unable to create directory /Users/jmfee/Documents/git/pdl/_test_storage_/testproduct/event2/us/1534979078503
	at gov.usgs.util.StreamUtils.getOutputStream(StreamUtils.java:154)
	at gov.usgs.util.StreamUtils.getOutputStream(StreamUtils.java:185)
	at gov.usgs.earthquake.product.io.DirectoryProductHandler.onEndProduct(DirectoryProductHandler.java:68)
	at gov.usgs.earthquake.product.io.FilterProductHandler.onEndProduct(FilterProductHandler.java:71)
	at gov.usgs.earthquake.distribution.FileProductStorage$StorageProductOutput.onEndProduct(FileProductStorage.java:855)
	at gov.usgs.earthquake.product.io.ObjectProductSource.sendEndProduct(ObjectProductSource.java:166)
	at gov.usgs.earthquake.product.io.ObjectProductSource.streamTo(ObjectProductSource.java:62)
	at gov.usgs.earthquake.distribution.FileProductStorage.storeProductSource(FileProductStorage.java:693)
	at gov.usgs.earthquake.distribution.FileProductStorage.storeProduct(FileProductStorage.java:675)
	at gov.usgs.earthquake.indexer.ExternalIndexerListener.storeProduct(ExternalIndexerListener.java:194)
	at gov.usgs.earthquake.indexer.ExternalIndexerListener.onIndexerEvent(ExternalIndexerListener.java:129)
	at gov.usgs.earthquake.indexer.IndexerListenerCallable.call(IndexerListenerCallable.java:37)
	at gov.usgs.earthquake.indexer.IndexerListenerCallable.call(IndexerListenerCallable.java:12)
	at gov.usgs.util.ExecutorTask.run(ExecutorTask.java:183)
	at java.base/java.util.concurrent.Executors$RunnableAdapter.call(Executors.java:514)
	at java.base/java.util.concurrent.FutureTask.run(FutureTask.java:264)
	at java.base/java.util.concurrent.ThreadPoolExecutor.runWorker(ThreadPoolExecutor.java:1135)
	at java.base/java.util.concurrent.ThreadPoolExecutor$Worker.run(ThreadPoolExecutor.java:635)
	at java.base/java.lang.Thread.run(Thread.java:844)
FINER	thread=870	[null] product stored id=urn:usgs-product:us:testproduct:event2:1534979078503, status=DELETE
FINER	thread=869	[null] product removed, id=urn:usgs-product:us:testproduct:event2:1534979078503
WARNING	thread=869	[null] listener (null) threw exception, for product id=urn:usgs-product:us:testproduct:event2:1534979078503
java.io.IOException: Unable to create directory /Users/jmfee/Documents/git/pdl/_test_storage_/testproduct/event2/us/1534979078503
	at gov.usgs.util.StreamUtils.getOutputStream(StreamUtils.java:154)
	at gov.usgs.util.StreamUtils.getOutputStream(StreamUtils.java:185)
	at gov.usgs.earthquake.product.io.DirectoryProductHandler.onEndProduct(DirectoryProductHandler.java:68)
	at gov.usgs.earthquake.product.io.FilterProductHandler.onEndProduct(FilterProductHandler.java:71)
	at gov.usgs.earthquake.distribution.FileProductStorage$StorageProductOutput.onEndProduct(FileProductStorage.java:855)
	at gov.usgs.earthquake.product.io.ObjectProductSource.sendEndProduct(ObjectProductSource.java:166)
	at gov.usgs.earthquake.product.io.ObjectProductSource.streamTo(ObjectProductSource.java:62)
	at gov.usgs.earthquake.distribution.FileProductStorage.storeProductSource(FileProductStorage.java:693)
	at gov.usgs.earthquake.distribution.FileProductStorage.storeProduct(FileProductStorage.java:675)
	at gov.usgs.earthquake.indexer.ExternalIndexerListener.storeProduct(ExternalIndexerListener.java:194)
	at gov.usgs.earthquake.indexer.ExternalIndexerListener.onIndexerEvent(ExternalIndexerListener.java:129)
	at gov.usgs.earthquake.indexer.IndexerListenerCallable.call(IndexerListenerCallable.java:37)
	at gov.usgs.earthquake.indexer.IndexerListenerCallable.call(IndexerListenerCallable.java:12)
	at gov.usgs.util.ExecutorTask.run(ExecutorTask.java:183)
	at java.base/java.util.concurrent.Executors$RunnableAdapter.call(Executors.java:514)
	at java.base/java.util.concurrent.FutureTask.run(FutureTask.java:264)
	at java.base/java.util.concurrent.ThreadPoolExecutor.runWorker(ThreadPoolExecutor.java:1135)
	at java.base/java.util.concurrent.ThreadPoolExecutor$Worker.run(ThreadPoolExecutor.java:635)
	at java.base/java.lang.Thread.run(Thread.java:844)
FINE	thread=869	Exception: Unable to create directory /Users/jmfee/Documents/git/pdl/_test_storage_/testproduct/event2/us/1534979078503 source=us, type=testproduct, code=event2, updateTime=Wed Aug 22 17:04:38 MDT 2018
INFO	thread=869	Exception executing task
java.io.IOException: Unable to create directory /Users/jmfee/Documents/git/pdl/_test_storage_/testproduct/event2/us/1534979078503
	at gov.usgs.util.StreamUtils.getOutputStream(StreamUtils.java:154)
	at gov.usgs.util.StreamUtils.getOutputStream(StreamUtils.java:185)
	at gov.usgs.earthquake.product.io.DirectoryProductHandler.onEndProduct(DirectoryProductHandler.java:68)
	at gov.usgs.earthquake.product.io.FilterProductHandler.onEndProduct(FilterProductHandler.java:71)
	at gov.usgs.earthquake.distribution.FileProductStorage$StorageProductOutput.onEndProduct(FileProductStorage.java:855)
	at gov.usgs.earthquake.product.io.ObjectProductSource.sendEndProduct(ObjectProductSource.java:166)
	at gov.usgs.earthquake.product.io.ObjectProductSource.streamTo(ObjectProductSource.java:62)
	at gov.usgs.earthquake.distribution.FileProductStorage.storeProductSource(FileProductStorage.java:693)
	at gov.usgs.earthquake.distribution.FileProductStorage.storeProduct(FileProductStorage.java:675)
	at gov.usgs.earthquake.indexer.ExternalIndexerListener.storeProduct(ExternalIndexerListener.java:194)
	at gov.usgs.earthquake.indexer.ExternalIndexerListener.onIndexerEvent(ExternalIndexerListener.java:129)
	at gov.usgs.earthquake.indexer.IndexerListenerCallable.call(IndexerListenerCallable.java:37)
	at gov.usgs.earthquake.indexer.IndexerListenerCallable.call(IndexerListenerCallable.java:12)
	at gov.usgs.util.ExecutorTask.run(ExecutorTask.java:183)
	at java.base/java.util.concurrent.Executors$RunnableAdapter.call(Executors.java:514)
	at java.base/java.util.concurrent.FutureTask.run(FutureTask.java:264)
	at java.base/java.util.concurrent.ThreadPoolExecutor.runWorker(ThreadPoolExecutor.java:1135)
	at java.base/java.util.concurrent.ThreadPoolExecutor$Worker.run(ThreadPoolExecutor.java:635)
	at java.base/java.lang.Thread.run(Thread.java:844)
FINER	thread=870	[DirectoryProductSource] Product does not have any  URLContent. Scraping directory for files.
WARNING	thread=870	[null] listener (null) threw exception, for product id=urn:usgs-product:us:testproduct:event2:1534979078503
java.lang.NullPointerException
	at gov.usgs.earthquake.product.FileContent.getDirectoryContents(FileContent.java:183)
	at gov.usgs.earthquake.product.FileContent.getDirectoryContents(FileContent.java:160)
	at gov.usgs.earthquake.product.io.DirectoryProductSource.streamTo(DirectoryProductSource.java:91)
	at gov.usgs.earthquake.product.io.ObjectProductHandler.getProduct(ObjectProductHandler.java:172)
	at gov.usgs.earthquake.distribution.FileProductStorage.getProduct(FileProductStorage.java:465)
	at gov.usgs.earthquake.indexer.ExternalIndexerListener.storeProduct(ExternalIndexerListener.java:195)
	at gov.usgs.earthquake.indexer.ExternalIndexerListener.onIndexerEvent(ExternalIndexerListener.java:129)
	at gov.usgs.earthquake.indexer.IndexerListenerCallable.call(IndexerListenerCallable.java:37)
	at gov.usgs.earthquake.indexer.IndexerListenerCallable.call(IndexerListenerCallable.java:12)
	at gov.usgs.util.ExecutorTask.run(ExecutorTask.java:183)
	at java.base/java.util.concurrent.Executors$RunnableAdapter.call(Executors.java:514)
	at java.base/java.util.concurrent.FutureTask.run(FutureTask.java:264)
	at java.base/java.util.concurrent.ThreadPoolExecutor.runWorker(ThreadPoolExecutor.java:1135)
	at java.base/java.util.concurrent.ThreadPoolExecutor$Worker.run(ThreadPoolExecutor.java:635)
	at java.base/java.lang.Thread.run(Thread.java:844)
FINE	thread=870	Exception: null source=us, type=testproduct, code=event2, updateTime=Wed Aug 22 17:04:38 MDT 2018
INFO	thread=870	Exception executing task
java.lang.NullPointerException
	at gov.usgs.earthquake.product.FileContent.getDirectoryContents(FileContent.java:183)
	at gov.usgs.earthquake.product.FileContent.getDirectoryContents(FileContent.java:160)
	at gov.usgs.earthquake.product.io.DirectoryProductSource.streamTo(DirectoryProductSource.java:91)
	at gov.usgs.earthquake.product.io.ObjectProductHandler.getProduct(ObjectProductHandler.java:172)
	at gov.usgs.earthquake.distribution.FileProductStorage.getProduct(FileProductStorage.java:465)
	at gov.usgs.earthquake.indexer.ExternalIndexerListener.storeProduct(ExternalIndexerListener.java:195)
	at gov.usgs.earthquake.indexer.ExternalIndexerListener.onIndexerEvent(ExternalIndexerListener.java:129)
	at gov.usgs.earthquake.indexer.IndexerListenerCallable.call(IndexerListenerCallable.java:37)
	at gov.usgs.earthquake.indexer.IndexerListenerCallable.call(IndexerListenerCallable.java:12)
	at gov.usgs.util.ExecutorTask.run(ExecutorTask.java:183)
	at java.base/java.util.concurrent.Executors$RunnableAdapter.call(Executors.java:514)
	at java.base/java.util.concurrent.FutureTask.run(FutureTask.java:264)
	at java.base/java.util.concurrent.ThreadPoolExecutor.runWorker(ThreadPoolExecutor.java:1135)
	at java.base/java.util.concurrent.ThreadPoolExecutor$Worker.run(ThreadPoolExecutor.java:635)
	at java.base/java.lang.Thread.run(Thread.java:844)
CONFIG	thread=13	[null] maxTries = 1
CONFIG	thread=13	[null] maxTries = 1
CONFIG	thread=13	[null] timeout = 0ms
CONFIG	thread=13	[null] retry delay = 300000ms
CONFIG	thread=13	[null] process duplicates = false
CONFIG	thread=13	[null] include paths = []
CONFIG	thread=13	[null] exclude paths = []
CONFIG	thread=13	[null] using storage directory /Users/jmfee/Documents/git/pdl/storage
CONFIG	thread=13	[null] loading ArchivePolicy 'testPolicy'
CONFIG	thread=13	[null] archive interval is '500'
CONFIG	thread=13	[null] no indexer modules configured.
CONFIG	thread=13	[null] no indexer listeners configured.
CONFIG	thread=13	[null] associateUsingCurrentProducts = false
FINE	thread=886	[null] running event archive policy (testPolicy)
INFO	thread=886	[null] purged 0 expired events and 0 expired unassociated products.
FINE	thread=13	Digest='Zs7NFeOzUOyaY7DXH+6kxgqtCPc=' , 3ms
FINE	thread=13	Eventindexid=1, eventid=usabcd1234, latitude=0, longitude=0, time=Wed Aug 22 17:04:38 MDT 2018, deleted=false
FINE	thread=13	Eventindexid=1, eventid=usabcd1234, latitude=0, longitude=0, time=Wed Aug 22 17:04:38 MDT 2018, deleted=false
FINE	thread=13	[null] notifying listeners
INFO	thread=13	[null] indexed product id=urn:usgs-product:us:shakemap:abcd1234:1534979078573, status=UPDATE
EVENT_ADDED null => usabcd1234
INFO	thread=887	[null] running command echo --preferred-eventid=usabcd1234 --preferred-eventsource=us --preferred-eventsourcecode=abcd1234 --eventids=usabcd1234 --preferred-magnitude=null --preferred-latitude=0 --preferred-longitude=0 --preferred-depth=null --preferred-eventtime=2018-08-22T23:04:38.577Z --directory=/Users/jmfee/Documents/git/pdl/_test_storage_/shakemap/abcd1234/us/1534979078573 --type=shakemap --code=abcd1234 --source=us --updateTime=2018-08-22T23:04:38.573Z --status=UPDATE --trackerURL=http://localhost/tracker "--property-testprop=testvalue" "--property-latitude=0" "--property-eventsourcecode=abcd1234" "--property-eventtime=2018-08-22T23:04:38.577Z" "--property-eventsource=us" "--property-longitude=0" --link-testrelation=http://google.com/ --content --contentType=text/html --signature=MCwCFFYV3p+t9HrqgqU6jvGHRTaain6IAhRQr/B7tcaEeoVkQgTTrPXeILoLmA== --action=EVENT_ADDED
INFO	thread=888	[null] running command echo --preferred-eventid=usabcd1234 --preferred-eventsource=us --preferred-eventsourcecode=abcd1234 --eventids=usabcd1234 --preferred-magnitude=null --preferred-latitude=0 --preferred-longitude=0 --preferred-depth=null --preferred-eventtime=2018-08-22T23:04:38.577Z --directory=/Users/jmfee/Documents/git/pdl/_test_storage_/shakemap/abcd1234/us/1534979078573 --type=shakemap --code=abcd1234 --source=us --updateTime=2018-08-22T23:04:38.573Z --status=UPDATE --trackerURL=http://localhost/tracker "--property-testprop=testvalue" "--property-latitude=0" "--property-eventsourcecode=abcd1234" "--property-eventtime=2018-08-22T23:04:38.577Z" "--property-eventsource=us" "--property-longitude=0" --link-testrelation=http://google.com/ --content --contentType=text/html --signature=MCwCFFYV3p+t9HrqgqU6jvGHRTaain6IAhRQr/B7tcaEeoVkQgTTrPXeILoLmA== --action=EVENT_ADDED
INFO	thread=887	[null] command 'echo --preferred-eventid=usabcd1234 --preferred-eventsource=us --preferred-eventsourcecode=abcd1234 --eventids=usabcd1234 --preferred-magnitude=null --preferred-latitude=0 --preferred-longitude=0 --preferred-depth=null --preferred-eventtime=2018-08-22T23:04:38.577Z --directory=/Users/jmfee/Documents/git/pdl/_test_storage_/shakemap/abcd1234/us/1534979078573 --type=shakemap --code=abcd1234 --source=us --updateTime=2018-08-22T23:04:38.573Z --status=UPDATE --trackerURL=http://localhost/tracker "--property-testprop=testvalue" "--property-latitude=0" "--property-eventsourcecode=abcd1234" "--property-eventtime=2018-08-22T23:04:38.577Z" "--property-eventsource=us" "--property-longitude=0" --link-testrelation=http://google.com/ --content --contentType=text/html --signature=MCwCFFYV3p+t9HrqgqU6jvGHRTaain6IAhRQr/B7tcaEeoVkQgTTrPXeILoLmA== --action=EVENT_ADDED' exited with status '0'
INFO	thread=888	[null] command 'echo --preferred-eventid=usabcd1234 --preferred-eventsource=us --preferred-eventsourcecode=abcd1234 --eventids=usabcd1234 --preferred-magnitude=null --preferred-latitude=0 --preferred-longitude=0 --preferred-depth=null --preferred-eventtime=2018-08-22T23:04:38.577Z --directory=/Users/jmfee/Documents/git/pdl/_test_storage_/shakemap/abcd1234/us/1534979078573 --type=shakemap --code=abcd1234 --source=us --updateTime=2018-08-22T23:04:38.573Z --status=UPDATE --trackerURL=http://localhost/tracker "--property-testprop=testvalue" "--property-latitude=0" "--property-eventsourcecode=abcd1234" "--property-eventtime=2018-08-22T23:04:38.577Z" "--property-eventsource=us" "--property-longitude=0" --link-testrelation=http://google.com/ --content --contentType=text/html --signature=MCwCFFYV3p+t9HrqgqU6jvGHRTaain6IAhRQr/B7tcaEeoVkQgTTrPXeILoLmA== --action=EVENT_ADDED' exited with status '0'
Wed Aug 22 17:04:39 MDT 2018
FINE	thread=886	[null] running event archive policy (testPolicy)
INFO	thread=886	[null] purged 0 expired events and 0 expired unassociated products.
FINE	thread=886	[null] running event archive policy (testPolicy)
INFO	thread=886	[null] purged 0 expired events and 0 expired unassociated products.
Wed Aug 22 17:04:40 MDT 2018
FINE	thread=886	[null] running event archive policy (testPolicy)
INFO	thread=886	[null] archiving event usabcd1234
FINE	thread=886	Eventindexid=1, eventid=usabcd1234, latitude=0, longitude=0, time=Wed Aug 22 17:04:38 MDT 2018, deleted=false
FINE	thread=886	[null] event summary was null. This probably means the archive policy is notifying of an archived event.
FINE	thread=888	Exception retreiving product from storage, probably archiving
java.lang.NullPointerException
	at gov.usgs.earthquake.indexer.ExternalIndexerListener.getProductSummaryCommand(ExternalIndexerListener.java:316)
	at gov.usgs.earthquake.indexer.ExternalIndexerListener.getProductSummaryCommand(ExternalIndexerListener.java:285)
	at gov.usgs.earthquake.indexer.ExternalIndexerListener.onIndexerEvent(ExternalIndexerListener.java:141)
	at gov.usgs.earthquake.indexer.IndexerListenerCallable.call(IndexerListenerCallable.java:37)
	at gov.usgs.earthquake.indexer.IndexerListenerCallable.call(IndexerListenerCallable.java:12)
	at gov.usgs.util.ExecutorTask.run(ExecutorTask.java:183)
	at java.base/java.util.concurrent.Executors$RunnableAdapter.call(Executors.java:514)
	at java.base/java.util.concurrent.FutureTask.run(FutureTask.java:264)
	at java.base/java.util.concurrent.ThreadPoolExecutor.runWorker(ThreadPoolExecutor.java:1135)
	at java.base/java.util.concurrent.ThreadPoolExecutor$Worker.run(ThreadPoolExecutor.java:635)
	at java.base/java.lang.Thread.run(Thread.java:844)
INFO	thread=888	[null] running command echo --preferred-eventid=usabcd1234 --preferred-eventsource=us --preferred-eventsourcecode=abcd1234 --eventids=usabcd1234 --preferred-magnitude=null --preferred-latitude=0 --preferred-longitude=0 --preferred-depth=null --preferred-eventtime=2018-08-22T23:04:38.577Z --action=EVENT_ARCHIVED
FINE	thread=887	Exception retreiving product from storage, probably archiving
java.lang.NullPointerException
	at gov.usgs.earthquake.indexer.ExternalIndexerListener.getProductSummaryCommand(ExternalIndexerListener.java:316)
	at gov.usgs.earthquake.indexer.ExternalIndexerListener.getProductSummaryCommand(ExternalIndexerListener.java:285)
	at gov.usgs.earthquake.indexer.ExternalIndexerListener.onIndexerEvent(ExternalIndexerListener.java:141)
	at gov.usgs.earthquake.indexer.IndexerListenerCallable.call(IndexerListenerCallable.java:37)
	at gov.usgs.earthquake.indexer.IndexerListenerCallable.call(IndexerListenerCallable.java:12)
	at gov.usgs.util.ExecutorTask.run(ExecutorTask.java:183)
	at java.base/java.util.concurrent.Executors$RunnableAdapter.call(Executors.java:514)
	at java.base/java.util.concurrent.FutureTask.run(FutureTask.java:264)
	at java.base/java.util.concurrent.ThreadPoolExecutor.runWorker(ThreadPoolExecutor.java:1135)
	at java.base/java.util.concurrent.ThreadPoolExecutor$Worker.run(ThreadPoolExecutor.java:635)
	at java.base/java.lang.Thread.run(Thread.java:844)
INFO	thread=887	[null] running command echo --preferred-eventid=usabcd1234 --preferred-eventsource=us --preferred-eventsourcecode=abcd1234 --eventids=usabcd1234 --preferred-magnitude=null --preferred-latitude=0 --preferred-longitude=0 --preferred-depth=null --preferred-eventtime=2018-08-22T23:04:38.577Z --action=EVENT_ARCHIVED
INFO	thread=886	[null] purged 1 expired events and 0 expired unassociated products.
INFO	thread=888	[null] command 'echo --preferred-eventid=usabcd1234 --preferred-eventsource=us --preferred-eventsourcecode=abcd1234 --eventids=usabcd1234 --preferred-magnitude=null --preferred-latitude=0 --preferred-longitude=0 --preferred-depth=null --preferred-eventtime=2018-08-22T23:04:38.577Z --action=EVENT_ARCHIVED' exited with status '0'
INFO	thread=887	[null] command 'echo --preferred-eventid=usabcd1234 --preferred-eventsource=us --preferred-eventsourcecode=abcd1234 --eventids=usabcd1234 --preferred-magnitude=null --preferred-latitude=0 --preferred-longitude=0 --preferred-depth=null --preferred-eventtime=2018-08-22T23:04:38.577Z --action=EVENT_ARCHIVED' exited with status '0'
FINE	thread=886	[null] running event archive policy (testPolicy)
INFO	thread=886	[null] purged 0 expired events and 0 expired unassociated products.
Wed Aug 22 17:04:41 MDT 2018
FINE	thread=886	[null] running event archive policy (testPolicy)
INFO	thread=886	[null] purged 0 expired events and 0 expired unassociated products.
CONFIG	thread=13	[null] maxTries = 1
CONFIG	thread=13	[null] maxTries = 1
CONFIG	thread=13	[null] timeout = 0ms
CONFIG	thread=13	[null] retry delay = 300000ms
CONFIG	thread=13	[null] process duplicates = false
CONFIG	thread=13	[null] include paths = []
CONFIG	thread=13	[null] exclude paths = []
CONFIG	thread=13	[null] using storage directory /Users/jmfee/Documents/git/pdl/storage
CONFIG	thread=13	[null] loading ArchivePolicy 'testPolicy'
CONFIG	thread=13	[null] archive interval is '500'
CONFIG	thread=13	[null] no indexer modules configured.
CONFIG	thread=13	[null] no indexer listeners configured.
CONFIG	thread=13	[null] associateUsingCurrentProducts = false

###
Wed Aug 22 17:04:41 MDT 2018
FINER	thread=13	[null] product stored id=urn:usgs-product:nc:origin:nc71932931:1359717290440, status=UPDATE
FINER	thread=13	[null] summarizing product id=urn:usgs-product:nc:origin:nc71932931:1359717290440
FINER	thread=13	[null] finding previous version
FINER	thread=13	[null] finding previous event
FINER	thread=13	[null] adding summary to index
FINER	thread=13	[null] Added associations event id=1, productSummary source=nc, type=origin, code=nc71932931 (id=1)
FINER	thread=13	[null] created event indexid=1
FINE	thread=13	Eventindexid=1, eventid=nc71932931, latitude=38.8235, longitude=-122.8383, time=Fri Feb 01 04:14:34 MST 2013, deleted=false
FINER	thread=13	Products in event
	status=UPDATE, id=urn:usgs-product:nc:origin:nc71932931:1359717290440, eventid=nc71932931, latitude=38.8235, longitude=-122.8383, time=Fri Feb 01 04:14:34 MST 2013
FINER	thread=13	[null] checking for event merges
FINER	thread=13	[null] searching for unassociated products
FINER	thread=13	[null] search for unassociated products complete
FINER	thread=13	[null] updating event summary parameters
FINER	thread=13	[null] Updating event indexid=1
FINE	thread=13	Eventindexid=1, eventid=nc71932931, latitude=38.8235, longitude=-122.8383, time=Fri Feb 01 04:14:34 MST 2013, deleted=false
FINER	thread=13	Products in event
	status=UPDATE, id=urn:usgs-product:nc:origin:nc71932931:1359717290440, eventid=nc71932931, latitude=38.8235, longitude=-122.8383, time=Fri Feb 01 04:14:34 MST 2013
FINER	thread=13	[null] committing transaction
FINE	thread=13	[null] notifying listeners
INFO	thread=13	[null] indexed product id=urn:usgs-product:nc:origin:nc71932931:1359717290440, status=UPDATE
EVENT_ADDED null => nc71932931
FINER	thread=915	[null] product stored id=urn:usgs-product:nc:origin:nc71932931:1359717290440, status=UPDATE
INFO	thread=915	[null] running command echo --preferred-eventid=nc71932931 --preferred-eventsource=nc --preferred-eventsourcecode=71932931 --eventids=nc71932931 --preferred-magnitude=0.0 --preferred-latitude=38.8235 --preferred-longitude=-122.8383 --preferred-depth=1.1 --preferred-eventtime=2013-02-01T11:14:34.400Z --directory=/Users/jmfee/Documents/git/pdl/_test_storage_/origin/nc71932931/nc/1359717290440 --type=origin --code=nc71932931 --source=nc --updateTime=2013-02-01T11:14:50.440Z --status=UPDATE --trackerURL=http://ehppdl1.cr.usgs.gov/tracker/ "--property-magnitude-type=MbLg" "--property-location-method-algorithm=B" "--property-latitude=38.8235" "--property-magnitude-num-stations-used=0" "--property-eventtime=2013-02-01T11:14:34.400Z" "--property-eventsource=nc" "--property-standard-error=0.07" "--property-horizontal-error=0.2" "--property-eventsourcecode=71932931" "--property-magnitude=0.0" "--property-longitude=-122.8383" "--property-minimum-distance=0.0" "--property-cube-magnitude-type=N" "--property-eids-feeder=ucbrt.ncss-ucb.cisn.org" "--property-azimuthal-gap=57.6" "--property-event-type=earthquake" "--property-review-status=AUTOMATIC" "--property-version=0" "--property-num-phases-used=21" "--property-vertical-error=0.3" "--property-location-method-class=Unknown" "--property-depth=1.1" "--property-cube-location-method=B" "--property-eids-feeder-sequence=4694" --signature=MC0CFQDUVZCOng58Spl/y7R1RI7Cza6QTQIUIxVc683wxuCgGkFT1dMFxl6K8Us= --action=EVENT_ADDED
FINER	thread=918	[null] product stored id=urn:usgs-product:nc:origin:nc71932931:1359717290440, status=UPDATE
INFO	thread=918	[null] running command echo --preferred-eventid=nc71932931 --preferred-eventsource=nc --preferred-eventsourcecode=71932931 --eventids=nc71932931 --preferred-magnitude=0.0 --preferred-latitude=38.8235 --preferred-longitude=-122.8383 --preferred-depth=1.1 --preferred-eventtime=2013-02-01T11:14:34.400Z --directory=/Users/jmfee/Documents/git/pdl/_test_storage_/origin/nc71932931/nc/1359717290440 --type=origin --code=nc71932931 --source=nc --updateTime=2013-02-01T11:14:50.440Z --status=UPDATE --trackerURL=http://ehppdl1.cr.usgs.gov/tracker/ "--property-magnitude-type=MbLg" "--property-location-method-algorithm=B" "--property-latitude=38.8235" "--property-magnitude-num-stations-used=0" "--property-eventtime=2013-02-01T11:14:34.400Z" "--property-eventsource=nc" "--property-standard-error=0.07" "--property-horizontal-error=0.2" "--property-eventsourcecode=71932931" "--property-magnitude=0.0" "--property-longitude=-122.8383" "--property-minimum-distance=0.0" "--property-cube-magnitude-type=N" "--property-eids-feeder=ucbrt.ncss-ucb.cisn.org" "--property-azimuthal-gap=57.6" "--property-event-type=earthquake" "--property-review-status=AUTOMATIC" "--property-version=0" "--property-num-phases-used=21" "--property-vertical-error=0.3" "--property-location-method-class=Unknown" "--property-depth=1.1" "--property-cube-location-method=B" "--property-eids-feeder-sequence=4694" --signature=MC0CFQDUVZCOng58Spl/y7R1RI7Cza6QTQIUIxVc683wxuCgGkFT1dMFxl6K8Us= --action=EVENT_ADDED
INFO	thread=915	[null] command 'echo --preferred-eventid=nc71932931 --preferred-eventsource=nc --preferred-eventsourcecode=71932931 --eventids=nc71932931 --preferred-magnitude=0.0 --preferred-latitude=38.8235 --preferred-longitude=-122.8383 --preferred-depth=1.1 --preferred-eventtime=2013-02-01T11:14:34.400Z --directory=/Users/jmfee/Documents/git/pdl/_test_storage_/origin/nc71932931/nc/1359717290440 --type=origin --code=nc71932931 --source=nc --updateTime=2013-02-01T11:14:50.440Z --status=UPDATE --trackerURL=http://ehppdl1.cr.usgs.gov/tracker/ "--property-magnitude-type=MbLg" "--property-location-method-algorithm=B" "--property-latitude=38.8235" "--property-magnitude-num-stations-used=0" "--property-eventtime=2013-02-01T11:14:34.400Z" "--property-eventsource=nc" "--property-standard-error=0.07" "--property-horizontal-error=0.2" "--property-eventsourcecode=71932931" "--property-magnitude=0.0" "--property-longitude=-122.8383" "--property-minimum-distance=0.0" "--property-cube-magnitude-type=N" "--property-eids-feeder=ucbrt.ncss-ucb.cisn.org" "--property-azimuthal-gap=57.6" "--property-event-type=earthquake" "--property-review-status=AUTOMATIC" "--property-version=0" "--property-num-phases-used=21" "--property-vertical-error=0.3" "--property-location-method-class=Unknown" "--property-depth=1.1" "--property-cube-location-method=B" "--property-eids-feeder-sequence=4694" --signature=MC0CFQDUVZCOng58Spl/y7R1RI7Cza6QTQIUIxVc683wxuCgGkFT1dMFxl6K8Us= --action=EVENT_ADDED' exited with status '0'
INFO	thread=918	[null] command 'echo --preferred-eventid=nc71932931 --preferred-eventsource=nc --preferred-eventsourcecode=71932931 --eventids=nc71932931 --preferred-magnitude=0.0 --preferred-latitude=38.8235 --preferred-longitude=-122.8383 --preferred-depth=1.1 --preferred-eventtime=2013-02-01T11:14:34.400Z --directory=/Users/jmfee/Documents/git/pdl/_test_storage_/origin/nc71932931/nc/1359717290440 --type=origin --code=nc71932931 --source=nc --updateTime=2013-02-01T11:14:50.440Z --status=UPDATE --trackerURL=http://ehppdl1.cr.usgs.gov/tracker/ "--property-magnitude-type=MbLg" "--property-location-method-algorithm=B" "--property-latitude=38.8235" "--property-magnitude-num-stations-used=0" "--property-eventtime=2013-02-01T11:14:34.400Z" "--property-eventsource=nc" "--property-standard-error=0.07" "--property-horizontal-error=0.2" "--property-eventsourcecode=71932931" "--property-magnitude=0.0" "--property-longitude=-122.8383" "--property-minimum-distance=0.0" "--property-cube-magnitude-type=N" "--property-eids-feeder=ucbrt.ncss-ucb.cisn.org" "--property-azimuthal-gap=57.6" "--property-event-type=earthquake" "--property-review-status=AUTOMATIC" "--property-version=0" "--property-num-phases-used=21" "--property-vertical-error=0.3" "--property-location-method-class=Unknown" "--property-depth=1.1" "--property-cube-location-method=B" "--property-eids-feeder-sequence=4694" --signature=MC0CFQDUVZCOng58Spl/y7R1RI7Cza6QTQIUIxVc683wxuCgGkFT1dMFxl6K8Us= --action=EVENT_ADDED' exited with status '0'
FINER	thread=13	[null] product stored id=urn:usgs-product:nc:origin:nc71932931:1359717370445, status=UPDATE
FINER	thread=13	[null] summarizing product id=urn:usgs-product:nc:origin:nc71932931:1359717370445
FINER	thread=13	[null] finding previous version
FINER	thread=13	[null] finding previous event
FINER	thread=13	[null] adding summary to index
FINER	thread=13	[null] found existing event indexid=1
FINE	thread=13	Eventindexid=1, eventid=nc71932931, latitude=38.8235, longitude=-122.8383, time=Fri Feb 01 04:14:34 MST 2013, deleted=false
FINER	thread=13	Products in event
	status=UPDATE, id=urn:usgs-product:nc:origin:nc71932931:1359717290440, eventid=nc71932931, latitude=38.8235, longitude=-122.8383, time=Fri Feb 01 04:14:34 MST 2013
FINER	thread=13	[null] Added associations event id=1, productSummary source=nc, type=origin, code=nc71932931 (id=2)
FINER	thread=13	[null] checking for event splits
FINER	thread=13	[null] checking for event merges
FINER	thread=13	[null] searching for nearby events
FINER	thread=13	[null] search for nearby events complete
FINER	thread=13	[null] searching for unassociated products
FINER	thread=13	[null] search for unassociated products complete
FINER	thread=13	[null] updating event summary parameters
FINER	thread=13	[null] Updating event indexid=1
FINE	thread=13	Eventindexid=1, eventid=nc71932931, latitude=38.8233, longitude=-122.8375, time=Fri Feb 01 04:14:34 MST 2013, deleted=false
FINER	thread=13	Products in event
	status=UPDATE, id=urn:usgs-product:nc:origin:nc71932931:1359717290440, eventid=nc71932931, latitude=38.8235, longitude=-122.8383, time=Fri Feb 01 04:14:34 MST 2013
	status=UPDATE, id=urn:usgs-product:nc:origin:nc71932931:1359717370445, eventid=nc71932931, latitude=38.8233, longitude=-122.8375, time=Fri Feb 01 04:14:34 MST 2013
FINER	thread=13	[null] committing transaction
FINE	thread=13	[null] notifying listeners
INFO	thread=13	[null] indexed product id=urn:usgs-product:nc:origin:nc71932931:1359717370445, status=UPDATE
EVENT_UPDATED nc71932931 => nc71932931
FINER	thread=918	[null] product stored id=urn:usgs-product:nc:origin:nc71932931:1359717370445, status=UPDATE
FINER	thread=915	[null] product stored id=urn:usgs-product:nc:origin:nc71932931:1359717370445, status=UPDATE
INFO	thread=915	[null] running command echo --preferred-eventid=nc71932931 --preferred-eventsource=nc --preferred-eventsourcecode=71932931 --eventids=nc71932931 --preferred-magnitude=2.3 --preferred-latitude=38.8233 --preferred-longitude=-122.8375 --preferred-depth=1.0 --preferred-eventtime=2013-02-01T11:14:34.400Z --directory=/Users/jmfee/Documents/git/pdl/_test_storage_/origin/nc71932931/nc/1359717370445 --type=origin --code=nc71932931 --source=nc --updateTime=2013-02-01T11:16:10.445Z --status=UPDATE --trackerURL=http://ehppdl1.cr.usgs.gov/tracker/ "--property-magnitude-type=Md" "--property-location-method-algorithm=B" "--property-latitude=38.8233" "--property-magnitude-num-stations-used=21" "--property-eventtime=2013-02-01T11:14:34.400Z" "--property-eventsource=nc" "--property-standard-error=0.07" "--property-horizontal-error=0.1" "--property-eventsourcecode=71932931" "--property-magnitude=2.3" "--property-longitude=-122.8375" "--property-minimum-distance=0.0" "--property-cube-magnitude-type=D" "--property-eids-feeder=ucbrt.ncss-ucb.cisn.org" "--property-azimuthal-gap=36.0" "--property-event-type=earthquake" "--property-review-status=AUTOMATIC" "--property-version=1" "--property-num-phases-used=39" "--property-vertical-error=0.3" "--property-location-method-class=Unknown" "--property-depth=1.0" "--property-cube-location-method=B" "--property-magnitude-error=0.2" "--property-eids-feeder-sequence=4695" --signature=MCwCFAoXIw8ApRi1EBjT8NTP+LoVuiiAAhRz3LI3MiGQndkRkApOms0DZz7z2g== --action=EVENT_UPDATED
INFO	thread=918	[null] running command echo --preferred-eventid=nc71932931 --preferred-eventsource=nc --preferred-eventsourcecode=71932931 --eventids=nc71932931 --preferred-magnitude=2.3 --preferred-latitude=38.8233 --preferred-longitude=-122.8375 --preferred-depth=1.0 --preferred-eventtime=2013-02-01T11:14:34.400Z --directory=/Users/jmfee/Documents/git/pdl/_test_storage_/origin/nc71932931/nc/1359717370445 --type=origin --code=nc71932931 --source=nc --updateTime=2013-02-01T11:16:10.445Z --status=UPDATE --trackerURL=http://ehppdl1.cr.usgs.gov/tracker/ "--property-magnitude-type=Md" "--property-location-method-algorithm=B" "--property-latitude=38.8233" "--property-magnitude-num-stations-used=21" "--property-eventtime=2013-02-01T11:14:34.400Z" "--property-eventsource=nc" "--property-standard-error=0.07" "--property-horizontal-error=0.1" "--property-eventsourcecode=71932931" "--property-magnitude=2.3" "--property-longitude=-122.8375" "--property-minimum-distance=0.0" "--property-cube-magnitude-type=D" "--property-eids-feeder=ucbrt.ncss-ucb.cisn.org" "--property-azimuthal-gap=36.0" "--property-event-type=earthquake" "--property-review-status=AUTOMATIC" "--property-version=1" "--property-num-phases-used=39" "--property-vertical-error=0.3" "--property-location-method-class=Unknown" "--property-depth=1.0" "--property-cube-location-method=B" "--property-magnitude-error=0.2" "--property-eids-feeder-sequence=4695" --signature=MCwCFAoXIw8ApRi1EBjT8NTP+LoVuiiAAhRz3LI3MiGQndkRkApOms0DZz7z2g== --action=EVENT_UPDATED
INFO	thread=918	[null] command 'echo --preferred-eventid=nc71932931 --preferred-eventsource=nc --preferred-eventsourcecode=71932931 --eventids=nc71932931 --preferred-magnitude=2.3 --preferred-latitude=38.8233 --preferred-longitude=-122.8375 --preferred-depth=1.0 --preferred-eventtime=2013-02-01T11:14:34.400Z --directory=/Users/jmfee/Documents/git/pdl/_test_storage_/origin/nc71932931/nc/1359717370445 --type=origin --code=nc71932931 --source=nc --updateTime=2013-02-01T11:16:10.445Z --status=UPDATE --trackerURL=http://ehppdl1.cr.usgs.gov/tracker/ "--property-magnitude-type=Md" "--property-location-method-algorithm=B" "--property-latitude=38.8233" "--property-magnitude-num-stations-used=21" "--property-eventtime=2013-02-01T11:14:34.400Z" "--property-eventsource=nc" "--property-standard-error=0.07" "--property-horizontal-error=0.1" "--property-eventsourcecode=71932931" "--property-magnitude=2.3" "--property-longitude=-122.8375" "--property-minimum-distance=0.0" "--property-cube-magnitude-type=D" "--property-eids-feeder=ucbrt.ncss-ucb.cisn.org" "--property-azimuthal-gap=36.0" "--property-event-type=earthquake" "--property-review-status=AUTOMATIC" "--property-version=1" "--property-num-phases-used=39" "--property-vertical-error=0.3" "--property-location-method-class=Unknown" "--property-depth=1.0" "--property-cube-location-method=B" "--property-magnitude-error=0.2" "--property-eids-feeder-sequence=4695" --signature=MCwCFAoXIw8ApRi1EBjT8NTP+LoVuiiAAhRz3LI3MiGQndkRkApOms0DZz7z2g== --action=EVENT_UPDATED' exited with status '0'
INFO	thread=915	[null] command 'echo --preferred-eventid=nc71932931 --preferred-eventsource=nc --preferred-eventsourcecode=71932931 --eventids=nc71932931 --preferred-magnitude=2.3 --preferred-latitude=38.8233 --preferred-longitude=-122.8375 --preferred-depth=1.0 --preferred-eventtime=2013-02-01T11:14:34.400Z --directory=/Users/jmfee/Documents/git/pdl/_test_storage_/origin/nc71932931/nc/1359717370445 --type=origin --code=nc71932931 --source=nc --updateTime=2013-02-01T11:16:10.445Z --status=UPDATE --trackerURL=http://ehppdl1.cr.usgs.gov/tracker/ "--property-magnitude-type=Md" "--property-location-method-algorithm=B" "--property-latitude=38.8233" "--property-magnitude-num-stations-used=21" "--property-eventtime=2013-02-01T11:14:34.400Z" "--property-eventsource=nc" "--property-standard-error=0.07" "--property-horizontal-error=0.1" "--property-eventsourcecode=71932931" "--property-magnitude=2.3" "--property-longitude=-122.8375" "--property-minimum-distance=0.0" "--property-cube-magnitude-type=D" "--property-eids-feeder=ucbrt.ncss-ucb.cisn.org" "--property-azimuthal-gap=36.0" "--property-event-type=earthquake" "--property-review-status=AUTOMATIC" "--property-version=1" "--property-num-phases-used=39" "--property-vertical-error=0.3" "--property-location-method-class=Unknown" "--property-depth=1.0" "--property-cube-location-method=B" "--property-magnitude-error=0.2" "--property-eids-feeder-sequence=4695" --signature=MCwCFAoXIw8ApRi1EBjT8NTP+LoVuiiAAhRz3LI3MiGQndkRkApOms0DZz7z2g== --action=EVENT_UPDATED' exited with status '0'
Enabling archive policy
FINE	thread=908	[null] running product archive policy (null)
INFO	thread=908	[null] purged 0 expired events and 0 expired unassociated products.
FINER	thread=287	[null] running listener cleanup
Wed Aug 22 17:04:42 MDT 2018
FINE	thread=908	[null] running product archive policy (null)
INFO	thread=908	[null] purged 0 expired events and 0 expired unassociated products.
FINE	thread=908	[null] running product archive policy (null)
INFO	thread=908	[null] purged 0 expired events and 0 expired unassociated products.
FINER	thread=287	[null] running listener cleanup
Wed Aug 22 17:04:43 MDT 2018
FINE	thread=908	[null] running product archive policy (null)
INFO	thread=908	[null] purged 0 expired events and 0 expired unassociated products.
Done archiving
FINER	thread=13	[null] product stored id=urn:usgs-product:nc:origin:nc71932931:1359740134563, status=UPDATE
FINER	thread=13	[null] summarizing product id=urn:usgs-product:nc:origin:nc71932931:1359740134563
FINER	thread=13	[null] finding previous version
FINER	thread=13	[null] finding previous event
FINER	thread=13	[null] adding summary to index
FINER	thread=13	[null] found existing event indexid=1
FINE	thread=13	Eventindexid=1, eventid=nc71932931, latitude=38.8233, longitude=-122.8375, time=Fri Feb 01 04:14:34 MST 2013, deleted=false
FINER	thread=13	Products in event
	status=UPDATE, id=urn:usgs-product:nc:origin:nc71932931:1359717290440, eventid=nc71932931, latitude=38.8235, longitude=-122.8383, time=Fri Feb 01 04:14:34 MST 2013
	status=UPDATE, id=urn:usgs-product:nc:origin:nc71932931:1359717370445, eventid=nc71932931, latitude=38.8233, longitude=-122.8375, time=Fri Feb 01 04:14:34 MST 2013
FINER	thread=13	[null] Added associations event id=1, productSummary source=nc, type=origin, code=nc71932931 (id=3)
FINER	thread=13	[null] checking for event splits
FINER	thread=13	[null] checking for event merges
FINER	thread=13	[null] searching for nearby events
FINER	thread=13	[null] search for nearby events complete
FINER	thread=13	[null] searching for unassociated products
FINER	thread=13	[null] search for unassociated products complete
FINER	thread=13	[null] updating event summary parameters
FINER	thread=13	[null] Updating event indexid=1
FINE	thread=13	Eventindexid=1, eventid=nc71932931, latitude=38.8228, longitude=-122.8378, time=Fri Feb 01 04:14:34 MST 2013, deleted=false
FINER	thread=13	Products in event
	status=UPDATE, id=urn:usgs-product:nc:origin:nc71932931:1359717290440, eventid=nc71932931, latitude=38.8235, longitude=-122.8383, time=Fri Feb 01 04:14:34 MST 2013
	status=UPDATE, id=urn:usgs-product:nc:origin:nc71932931:1359717370445, eventid=nc71932931, latitude=38.8233, longitude=-122.8375, time=Fri Feb 01 04:14:34 MST 2013
	status=UPDATE, id=urn:usgs-product:nc:origin:nc71932931:1359740134563, eventid=nc71932931, latitude=38.8228, longitude=-122.8378, time=Fri Feb 01 04:14:34 MST 2013
FINER	thread=13	[null] committing transaction
FINE	thread=13	[null] notifying listeners
INFO	thread=13	[null] indexed product id=urn:usgs-product:nc:origin:nc71932931:1359740134563, status=UPDATE
EVENT_UPDATED nc71932931 => nc71932931
INFO	thread=918	[null] product already in storage
FINER	thread=915	[null] product stored id=urn:usgs-product:nc:origin:nc71932931:1359740134563, status=UPDATE
INFO	thread=918	[null] running command echo --preferred-eventid=nc71932931 --preferred-eventsource=nc --preferred-eventsourcecode=71932931 --eventids=nc71932931 --preferred-magnitude=2.0 --preferred-latitude=38.8228 --preferred-longitude=-122.8378 --preferred-depth=1.0 --preferred-eventtime=2013-02-01T11:14:34.400Z --directory=/Users/jmfee/Documents/git/pdl/_test_storage_/origin/nc71932931/nc/1359740134563 --type=origin --code=nc71932931 --source=nc --updateTime=2013-02-01T17:35:34.563Z --status=UPDATE --trackerURL=http://ehppdl1.cr.usgs.gov/tracker/ "--property-magnitude-type=Md" "--property-location-method-algorithm=Hypoinverse" "--property-latitude=38.8228" "--property-magnitude-num-stations-used=43" "--property-eventtime=2013-02-01T11:14:34.400Z" "--property-eventsource=nc" "--property-standard-error=0.07" "--property-horizontal-error=0.1" "--property-eventsourcecode=71932931" "--property-magnitude=2.0" "--property-longitude=-122.8378" "--property-minimum-distance=0.0" "--property-cube-magnitude-type=D" "--property-eids-feeder=ucbpp.ncss-ucb.cisn.org" "--property-azimuthal-gap=25.2" "--property-event-type=earthquake" "--property-review-status=REVIEWED" "--property-version=3" "--property-num-phases-used=69" "--property-vertical-error=0.2" "--property-location-method-class=Geiger's Method and Least Squares" "--property-depth=1.0" "--property-cube-location-method=h" "--property-magnitude-error=0.2" "--property-eids-feeder-sequence=126821" --signature=MCwCFB/gkMiD53BJLbmOZRj94Wq4MI/VAhRl+agoC/gJ5/BuEFIDVZ7uQHZ5JQ== --action=EVENT_UPDATED
INFO	thread=915	[null] running command echo --preferred-eventid=nc71932931 --preferred-eventsource=nc --preferred-eventsourcecode=71932931 --eventids=nc71932931 --preferred-magnitude=2.0 --preferred-latitude=38.8228 --preferred-longitude=-122.8378 --preferred-depth=1.0 --preferred-eventtime=2013-02-01T11:14:34.400Z --directory=/Users/jmfee/Documents/git/pdl/_test_storage_/origin/nc71932931/nc/1359740134563 --type=origin --code=nc71932931 --source=nc --updateTime=2013-02-01T17:35:34.563Z --status=UPDATE --trackerURL=http://ehppdl1.cr.usgs.gov/tracker/ "--property-magnitude-type=Md" "--property-location-method-algorithm=Hypoinverse" "--property-latitude=38.8228" "--property-magnitude-num-stations-used=43" "--property-eventtime=2013-02-01T11:14:34.400Z" "--property-eventsource=nc" "--property-standard-error=0.07" "--property-horizontal-error=0.1" "--property-eventsourcecode=71932931" "--property-magnitude=2.0" "--property-longitude=-122.8378" "--property-minimum-distance=0.0" "--property-cube-magnitude-type=D" "--property-eids-feeder=ucbpp.ncss-ucb.cisn.org" "--property-azimuthal-gap=25.2" "--property-event-type=earthquake" "--property-review-status=REVIEWED" "--property-version=3" "--property-num-phases-used=69" "--property-vertical-error=0.2" "--property-location-method-class=Geiger's Method and Least Squares" "--property-depth=1.0" "--property-cube-location-method=h" "--property-magnitude-error=0.2" "--property-eids-feeder-sequence=126821" --signature=MCwCFB/gkMiD53BJLbmOZRj94Wq4MI/VAhRl+agoC/gJ5/BuEFIDVZ7uQHZ5JQ== --action=EVENT_UPDATED
INFO	thread=915	[null] command 'echo --preferred-eventid=nc71932931 --preferred-eventsource=nc --preferred-eventsourcecode=71932931 --eventids=nc71932931 --preferred-magnitude=2.0 --preferred-latitude=38.8228 --preferred-longitude=-122.8378 --preferred-depth=1.0 --preferred-eventtime=2013-02-01T11:14:34.400Z --directory=/Users/jmfee/Documents/git/pdl/_test_storage_/origin/nc71932931/nc/1359740134563 --type=origin --code=nc71932931 --source=nc --updateTime=2013-02-01T17:35:34.563Z --status=UPDATE --trackerURL=http://ehppdl1.cr.usgs.gov/tracker/ "--property-magnitude-type=Md" "--property-location-method-algorithm=Hypoinverse" "--property-latitude=38.8228" "--property-magnitude-num-stations-used=43" "--property-eventtime=2013-02-01T11:14:34.400Z" "--property-eventsource=nc" "--property-standard-error=0.07" "--property-horizontal-error=0.1" "--property-eventsourcecode=71932931" "--property-magnitude=2.0" "--property-longitude=-122.8378" "--property-minimum-distance=0.0" "--property-cube-magnitude-type=D" "--property-eids-feeder=ucbpp.ncss-ucb.cisn.org" "--property-azimuthal-gap=25.2" "--property-event-type=earthquake" "--property-review-status=REVIEWED" "--property-version=3" "--property-num-phases-used=69" "--property-vertical-error=0.2" "--property-location-method-class=Geiger's Method and Least Squares" "--property-depth=1.0" "--property-cube-location-method=h" "--property-magnitude-error=0.2" "--property-eids-feeder-sequence=126821" --signature=MCwCFB/gkMiD53BJLbmOZRj94Wq4MI/VAhRl+agoC/gJ5/BuEFIDVZ7uQHZ5JQ== --action=EVENT_UPDATED' exited with status '0'
INFO	thread=918	[null] command 'echo --preferred-eventid=nc71932931 --preferred-eventsource=nc --preferred-eventsourcecode=71932931 --eventids=nc71932931 --preferred-magnitude=2.0 --preferred-latitude=38.8228 --preferred-longitude=-122.8378 --preferred-depth=1.0 --preferred-eventtime=2013-02-01T11:14:34.400Z --directory=/Users/jmfee/Documents/git/pdl/_test_storage_/origin/nc71932931/nc/1359740134563 --type=origin --code=nc71932931 --source=nc --updateTime=2013-02-01T17:35:34.563Z --status=UPDATE --trackerURL=http://ehppdl1.cr.usgs.gov/tracker/ "--property-magnitude-type=Md" "--property-location-method-algorithm=Hypoinverse" "--property-latitude=38.8228" "--property-magnitude-num-stations-used=43" "--property-eventtime=2013-02-01T11:14:34.400Z" "--property-eventsource=nc" "--property-standard-error=0.07" "--property-horizontal-error=0.1" "--property-eventsourcecode=71932931" "--property-magnitude=2.0" "--property-longitude=-122.8378" "--property-minimum-distance=0.0" "--property-cube-magnitude-type=D" "--property-eids-feeder=ucbpp.ncss-ucb.cisn.org" "--property-azimuthal-gap=25.2" "--property-event-type=earthquake" "--property-review-status=REVIEWED" "--property-version=3" "--property-num-phases-used=69" "--property-vertical-error=0.2" "--property-location-method-class=Geiger's Method and Least Squares" "--property-depth=1.0" "--property-cube-location-method=h" "--property-magnitude-error=0.2" "--property-eids-feeder-sequence=126821" --signature=MCwCFB/gkMiD53BJLbmOZRj94Wq4MI/VAhRl+agoC/gJ5/BuEFIDVZ7uQHZ5JQ== --action=EVENT_UPDATED' exited with status '0'
CONFIG	thread=13	[null] maxTries = 1
CONFIG	thread=13	[null] maxTries = 1
CONFIG	thread=13	[null] timeout = 0ms
CONFIG	thread=13	[null] retry delay = 300000ms
CONFIG	thread=13	[null] process duplicates = false
CONFIG	thread=13	[null] include paths = []
CONFIG	thread=13	[null] exclude paths = []
CONFIG	thread=13	[null] using storage directory /Users/jmfee/Documents/git/pdl/storage
CONFIG	thread=13	[null] loading ArchivePolicy 'testPolicy'
CONFIG	thread=13	[null] archive interval is '500'
CONFIG	thread=13	[null] no indexer modules configured.
CONFIG	thread=13	[null] no indexer listeners configured.
CONFIG	thread=13	[null] associateUsingCurrentProducts = false
INFO	thread=934	Archiving disabled

###
Wed Aug 22 17:04:43 MDT 2018
FINEST	thread=13	[null] storing product id=urn:usgs-product:us:testproduct:testproduct-one:1534979083333
FINEST	thread=13	[null] acquiring write lock for product id=urn:usgs-product:us:testproduct:testproduct-one:1534979083333
FINEST	thread=13	[null] acquired write lock for product id=urn:usgs-product:us:testproduct:testproduct-one:1534979083333
FINEST	thread=13	[null] acquiring read lock for product id=urn:usgs-product:us:testproduct:testproduct-one:1534979083333
FINEST	thread=13	[null] acquired read lock for product id=urn:usgs-product:us:testproduct:testproduct-one:1534979083333
FINEST	thread=13	[null] releasing read lock for product id=urn:usgs-product:us:testproduct:testproduct-one:1534979083333
FINEST	thread=13	[null] released read lock for product id=urn:usgs-product:us:testproduct:testproduct-one:1534979083333
FINER	thread=13	[null] product stored id=urn:usgs-product:us:testproduct:testproduct-one:1534979083333, status=UPDATE
FINEST	thread=13	[null] releasing write lock for product id=urn:usgs-product:us:testproduct:testproduct-one:1534979083333
FINEST	thread=13	[null] released write lock for product id=urn:usgs-product:us:testproduct:testproduct-one:1534979083333
FINEST	thread=13	[null] stored product id=urn:usgs-product:us:testproduct:testproduct-one:1534979083333
FINER	thread=13	[null] summarizing product id=urn:usgs-product:us:testproduct:testproduct-one:1534979083333
FINEST	thread=13	[null] beginning index transaction
FINER	thread=13	[null] finding previous version
FINEST	thread=13	[null] running query 
SELECT DISTINCT id FROM productSummary p WHERE p.id IS NOT NULL AND p.id = (SELECT id FROM productSummary ps WHERE ps.source='us' AND ps.type='testproduct' AND ps.code='testproduct-one' AND ps.status <> 'DELETE' ORDER BY ps.updateTime DESC LIMIT 1) AND source='us' AND type='testproduct' AND code='testproduct-one'
FINEST	thread=13	[null] query complete
FINER	thread=13	[null] finding previous event
FINEST	thread=13	Product Index Query
eventSearchType=SEARCH_EVENT_PRODUCTS
resultType=RESULT_TYPE_ALL
eventSource=notus
eventSourceCode=testproduct-one
FINEST	thread=13	Product Index Query
eventSearchType=SEARCH_EVENT_PREFERRED
resultType=RESULT_TYPE_ALL
minEventTime=Wed Aug 22 17:04:27 MDT 2018
maxEventTime=Wed Aug 22 17:04:59 MDT 2018
minEventLatitude=34.10007199424046075986183268469176255166530609130859375
maxEventLatitude=35.89992800575953924013816731530823744833469390869140625
minEventLongitude=-119.098609241146021986423875205218791961669921875
maxEventLongitude=-116.901390758853978013576124794781208038330078125
FINER	thread=13	[null] adding summary to index
FINEST	thread=13	[null] Added property depth:50 for product 1
FINEST	thread=13	[null] Added property latitude:35 for product 1
FINEST	thread=13	[null] Added property eventsourcecode:testproduct-one for product 1
FINEST	thread=13	[null] Added property eventtime:2018-08-22T23:04:43.333Z for product 1
FINEST	thread=13	[null] Added property magnitude:5 for product 1
FINEST	thread=13	[null] Added property eventsource:notus for product 1
FINEST	thread=13	[null] Added property version:one for product 1
FINEST	thread=13	[null] Added property longitude:-118 for product 1
FINEST	thread=13	[null] Added productSummary urn:usgs-product:us:testproduct:testproduct-one:1534979083333, indexid=1 to product index
FINEST	thread=13	Added event id=1
FINEST	thread=13	[null] Added event to Product Index
FINER	thread=13	[null] Added associations event id=1, productSummary source=us, type=testproduct, code=testproduct-one (id=1)
FINER	thread=13	[null] created event indexid=1
FINE	thread=13	Eventindexid=1, eventid=notustestproduct-one, latitude=35, longitude=-118, time=Wed Aug 22 17:04:43 MDT 2018, deleted=false
FINER	thread=13	Products in event
	status=UPDATE, id=urn:usgs-product:us:testproduct:testproduct-one:1534979083333, eventid=notustestproduct-one, latitude=35, longitude=-118, time=Wed Aug 22 17:04:43 MDT 2018
FINER	thread=13	[null] checking for event merges
FINER	thread=13	[null] searching for unassociated products
FINER	thread=13	[null] search for unassociated products complete
FINER	thread=13	[null] updating event summary parameters
FINER	thread=13	[null] Updating event indexid=1
FINE	thread=13	Eventindexid=1, eventid=notustestproduct-one, latitude=35, longitude=-118, time=Wed Aug 22 17:04:43 MDT 2018, deleted=false
FINER	thread=13	Products in event
	status=UPDATE, id=urn:usgs-product:us:testproduct:testproduct-one:1534979083333, eventid=notustestproduct-one, latitude=35, longitude=-118, time=Wed Aug 22 17:04:43 MDT 2018
FINEST	thread=13	[null] Updated event properties in Product Index
FINER	thread=13	[null] committing transaction
FINE	thread=13	[null] notifying listeners
INFO	thread=13	[null] indexed product id=urn:usgs-product:us:testproduct:testproduct-one:1534979083333, status=UPDATE
EVENT_ADDED null => notustestproduct-one
FINEST	thread=935	[null] acquiring read lock for product id=urn:usgs-product:us:testproduct:testproduct-one:1534979083333
FINEST	thread=935	[null] acquired read lock for product id=urn:usgs-product:us:testproduct:testproduct-one:1534979083333
FINEST	thread=935	[null] releasing read lock for product id=urn:usgs-product:us:testproduct:testproduct-one:1534979083333
FINEST	thread=936	[null] acquiring read lock for product id=urn:usgs-product:us:testproduct:testproduct-one:1534979083333
FINEST	thread=936	[null] acquired read lock for product id=urn:usgs-product:us:testproduct:testproduct-one:1534979083333
FINEST	thread=935	[null] released read lock for product id=urn:usgs-product:us:testproduct:testproduct-one:1534979083333
FINEST	thread=936	[null] releasing read lock for product id=urn:usgs-product:us:testproduct:testproduct-one:1534979083333
FINEST	thread=936	[null] released read lock for product id=urn:usgs-product:us:testproduct:testproduct-one:1534979083333
FINER	thread=935	[DirectoryProductSource] Product does not have any  URLContent. Scraping directory for files.
FINER	thread=936	[DirectoryProductSource] Product does not have any  URLContent. Scraping directory for files.
FINEST	thread=935	[null] acquiring write lock for product id=urn:usgs-product:us:testproduct:testproduct-one:1534979083333
FINEST	thread=936	[null] acquiring write lock for product id=urn:usgs-product:us:testproduct:testproduct-one:1534979083333
FINEST	thread=935	[null] acquired write lock for product id=urn:usgs-product:us:testproduct:testproduct-one:1534979083333
FINEST	thread=936	[null] acquired write lock for product id=urn:usgs-product:us:testproduct:testproduct-one:1534979083333
FINEST	thread=935	[null] acquiring read lock for product id=urn:usgs-product:us:testproduct:testproduct-one:1534979083333
FINEST	thread=936	[null] acquiring read lock for product id=urn:usgs-product:us:testproduct:testproduct-one:1534979083333
FINEST	thread=935	[null] acquired read lock for product id=urn:usgs-product:us:testproduct:testproduct-one:1534979083333
FINEST	thread=936	[null] acquired read lock for product id=urn:usgs-product:us:testproduct:testproduct-one:1534979083333
FINEST	thread=935	[null] releasing read lock for product id=urn:usgs-product:us:testproduct:testproduct-one:1534979083333
FINEST	thread=935	[null] released read lock for product id=urn:usgs-product:us:testproduct:testproduct-one:1534979083333
FINEST	thread=936	[null] releasing read lock for product id=urn:usgs-product:us:testproduct:testproduct-one:1534979083333
FINEST	thread=936	[null] released read lock for product id=urn:usgs-product:us:testproduct:testproduct-one:1534979083333
WARNING	thread=935	[null] exception while storing product, removing incomplete product
java.io.IOException: Unable to create directory /Users/jmfee/Documents/git/pdl/_test_storage_/testproduct/testproduct-one/us/1534979083333
	at gov.usgs.util.StreamUtils.getOutputStream(StreamUtils.java:154)
	at gov.usgs.util.StreamUtils.getOutputStream(StreamUtils.java:185)
	at gov.usgs.earthquake.product.io.DirectoryProductHandler.onEndProduct(DirectoryProductHandler.java:68)
	at gov.usgs.earthquake.product.io.FilterProductHandler.onEndProduct(FilterProductHandler.java:71)
	at gov.usgs.earthquake.distribution.FileProductStorage$StorageProductOutput.onEndProduct(FileProductStorage.java:855)
	at gov.usgs.earthquake.product.io.ObjectProductSource.sendEndProduct(ObjectProductSource.java:166)
	at gov.usgs.earthquake.product.io.ObjectProductSource.streamTo(ObjectProductSource.java:62)
	at gov.usgs.earthquake.distribution.FileProductStorage.storeProductSource(FileProductStorage.java:693)
	at gov.usgs.earthquake.distribution.FileProductStorage.storeProduct(FileProductStorage.java:675)
	at gov.usgs.earthquake.indexer.ExternalIndexerListener.storeProduct(ExternalIndexerListener.java:194)
	at gov.usgs.earthquake.indexer.ExternalIndexerListener.onIndexerEvent(ExternalIndexerListener.java:129)
	at gov.usgs.earthquake.indexer.IndexerListenerCallable.call(IndexerListenerCallable.java:37)
	at gov.usgs.earthquake.indexer.IndexerListenerCallable.call(IndexerListenerCallable.java:12)
	at gov.usgs.util.ExecutorTask.run(ExecutorTask.java:183)
	at java.base/java.util.concurrent.Executors$RunnableAdapter.call(Executors.java:514)
	at java.base/java.util.concurrent.FutureTask.run(FutureTask.java:264)
	at java.base/java.util.concurrent.ThreadPoolExecutor.runWorker(ThreadPoolExecutor.java:1135)
	at java.base/java.util.concurrent.ThreadPoolExecutor$Worker.run(ThreadPoolExecutor.java:635)
	at java.base/java.lang.Thread.run(Thread.java:844)
FINER	thread=936	[null] product stored id=urn:usgs-product:us:testproduct:testproduct-one:1534979083333, status=UPDATE
FINEST	thread=936	[null] releasing write lock for product id=urn:usgs-product:us:testproduct:testproduct-one:1534979083333
FINEST	thread=936	[null] released write lock for product id=urn:usgs-product:us:testproduct:testproduct-one:1534979083333
FINEST	thread=936	[null] acquiring read lock for product id=urn:usgs-product:us:testproduct:testproduct-one:1534979083333
FINEST	thread=936	[null] acquired read lock for product id=urn:usgs-product:us:testproduct:testproduct-one:1534979083333
FINEST	thread=936	[null] releasing read lock for product id=urn:usgs-product:us:testproduct:testproduct-one:1534979083333
FINEST	thread=936	[null] released read lock for product id=urn:usgs-product:us:testproduct:testproduct-one:1534979083333
FINEST	thread=935	[null] acquiring write lock for product id=urn:usgs-product:us:testproduct:testproduct-one:1534979083333
FINEST	thread=935	[null] acquired write lock for product id=urn:usgs-product:us:testproduct:testproduct-one:1534979083333
FINER	thread=935	[null] product removed, id=urn:usgs-product:us:testproduct:testproduct-one:1534979083333
FINEST	thread=935	[null] releasing write lock for product id=urn:usgs-product:us:testproduct:testproduct-one:1534979083333
FINEST	thread=935	[null] released write lock for product id=urn:usgs-product:us:testproduct:testproduct-one:1534979083333
FINEST	thread=935	[null] releasing write lock for product id=urn:usgs-product:us:testproduct:testproduct-one:1534979083333
FINEST	thread=935	[null] released write lock for product id=urn:usgs-product:us:testproduct:testproduct-one:1534979083333
WARNING	thread=935	[null] listener (null) threw exception, for product id=urn:usgs-product:us:testproduct:testproduct-one:1534979083333
java.io.IOException: Unable to create directory /Users/jmfee/Documents/git/pdl/_test_storage_/testproduct/testproduct-one/us/1534979083333
	at gov.usgs.util.StreamUtils.getOutputStream(StreamUtils.java:154)
	at gov.usgs.util.StreamUtils.getOutputStream(StreamUtils.java:185)
	at gov.usgs.earthquake.product.io.DirectoryProductHandler.onEndProduct(DirectoryProductHandler.java:68)
	at gov.usgs.earthquake.product.io.FilterProductHandler.onEndProduct(FilterProductHandler.java:71)
	at gov.usgs.earthquake.distribution.FileProductStorage$StorageProductOutput.onEndProduct(FileProductStorage.java:855)
	at gov.usgs.earthquake.product.io.ObjectProductSource.sendEndProduct(ObjectProductSource.java:166)
	at gov.usgs.earthquake.product.io.ObjectProductSource.streamTo(ObjectProductSource.java:62)
	at gov.usgs.earthquake.distribution.FileProductStorage.storeProductSource(FileProductStorage.java:693)
	at gov.usgs.earthquake.distribution.FileProductStorage.storeProduct(FileProductStorage.java:675)
	at gov.usgs.earthquake.indexer.ExternalIndexerListener.storeProduct(ExternalIndexerListener.java:194)
	at gov.usgs.earthquake.indexer.ExternalIndexerListener.onIndexerEvent(ExternalIndexerListener.java:129)
	at gov.usgs.earthquake.indexer.IndexerListenerCallable.call(IndexerListenerCallable.java:37)
	at gov.usgs.earthquake.indexer.IndexerListenerCallable.call(IndexerListenerCallable.java:12)
	at gov.usgs.util.ExecutorTask.run(ExecutorTask.java:183)
	at java.base/java.util.concurrent.Executors$RunnableAdapter.call(Executors.java:514)
	at java.base/java.util.concurrent.FutureTask.run(FutureTask.java:264)
	at java.base/java.util.concurrent.ThreadPoolExecutor.runWorker(ThreadPoolExecutor.java:1135)
	at java.base/java.util.concurrent.ThreadPoolExecutor$Worker.run(ThreadPoolExecutor.java:635)
	at java.base/java.lang.Thread.run(Thread.java:844)
FINE	thread=935	Exception: Unable to create directory /Users/jmfee/Documents/git/pdl/_test_storage_/testproduct/testproduct-one/us/1534979083333 source=us, type=testproduct, code=testproduct-one, updateTime=Wed Aug 22 17:04:43 MDT 2018
FINEST	thread=935	Tracker updates disabled, not sent
INFO	thread=935	Exception executing task
java.io.IOException: Unable to create directory /Users/jmfee/Documents/git/pdl/_test_storage_/testproduct/testproduct-one/us/1534979083333
	at gov.usgs.util.StreamUtils.getOutputStream(StreamUtils.java:154)
	at gov.usgs.util.StreamUtils.getOutputStream(StreamUtils.java:185)
	at gov.usgs.earthquake.product.io.DirectoryProductHandler.onEndProduct(DirectoryProductHandler.java:68)
	at gov.usgs.earthquake.product.io.FilterProductHandler.onEndProduct(FilterProductHandler.java:71)
	at gov.usgs.earthquake.distribution.FileProductStorage$StorageProductOutput.onEndProduct(FileProductStorage.java:855)
	at gov.usgs.earthquake.product.io.ObjectProductSource.sendEndProduct(ObjectProductSource.java:166)
	at gov.usgs.earthquake.product.io.ObjectProductSource.streamTo(ObjectProductSource.java:62)
	at gov.usgs.earthquake.distribution.FileProductStorage.storeProductSource(FileProductStorage.java:693)
	at gov.usgs.earthquake.distribution.FileProductStorage.storeProduct(FileProductStorage.java:675)
	at gov.usgs.earthquake.indexer.ExternalIndexerListener.storeProduct(ExternalIndexerListener.java:194)
	at gov.usgs.earthquake.indexer.ExternalIndexerListener.onIndexerEvent(ExternalIndexerListener.java:129)
	at gov.usgs.earthquake.indexer.IndexerListenerCallable.call(IndexerListenerCallable.java:37)
	at gov.usgs.earthquake.indexer.IndexerListenerCallable.call(IndexerListenerCallable.java:12)
	at gov.usgs.util.ExecutorTask.run(ExecutorTask.java:183)
	at java.base/java.util.concurrent.Executors$RunnableAdapter.call(Executors.java:514)
	at java.base/java.util.concurrent.FutureTask.run(FutureTask.java:264)
	at java.base/java.util.concurrent.ThreadPoolExecutor.runWorker(ThreadPoolExecutor.java:1135)
	at java.base/java.util.concurrent.ThreadPoolExecutor$Worker.run(ThreadPoolExecutor.java:635)
	at java.base/java.lang.Thread.run(Thread.java:844)
FINER	thread=936	[DirectoryProductSource] Product does not have any  URLContent. Scraping directory for files.
WARNING	thread=936	[null] listener (null) threw exception, for product id=urn:usgs-product:us:testproduct:testproduct-one:1534979083333
java.lang.NullPointerException
	at gov.usgs.earthquake.product.FileContent.getDirectoryContents(FileContent.java:183)
	at gov.usgs.earthquake.product.FileContent.getDirectoryContents(FileContent.java:160)
	at gov.usgs.earthquake.product.io.DirectoryProductSource.streamTo(DirectoryProductSource.java:91)
	at gov.usgs.earthquake.product.io.ObjectProductHandler.getProduct(ObjectProductHandler.java:172)
	at gov.usgs.earthquake.distribution.FileProductStorage.getProduct(FileProductStorage.java:465)
	at gov.usgs.earthquake.indexer.ExternalIndexerListener.storeProduct(ExternalIndexerListener.java:195)
	at gov.usgs.earthquake.indexer.ExternalIndexerListener.onIndexerEvent(ExternalIndexerListener.java:129)
	at gov.usgs.earthquake.indexer.IndexerListenerCallable.call(IndexerListenerCallable.java:37)
	at gov.usgs.earthquake.indexer.IndexerListenerCallable.call(IndexerListenerCallable.java:12)
	at gov.usgs.util.ExecutorTask.run(ExecutorTask.java:183)
	at java.base/java.util.concurrent.Executors$RunnableAdapter.call(Executors.java:514)
	at java.base/java.util.concurrent.FutureTask.run(FutureTask.java:264)
	at java.base/java.util.concurrent.ThreadPoolExecutor.runWorker(ThreadPoolExecutor.java:1135)
	at java.base/java.util.concurrent.ThreadPoolExecutor$Worker.run(ThreadPoolExecutor.java:635)
	at java.base/java.lang.Thread.run(Thread.java:844)
FINE	thread=936	Exception: null source=us, type=testproduct, code=testproduct-one, updateTime=Wed Aug 22 17:04:43 MDT 2018
FINEST	thread=936	Tracker updates disabled, not sent
INFO	thread=936	Exception executing task
java.lang.NullPointerException
	at gov.usgs.earthquake.product.FileContent.getDirectoryContents(FileContent.java:183)
	at gov.usgs.earthquake.product.FileContent.getDirectoryContents(FileContent.java:160)
	at gov.usgs.earthquake.product.io.DirectoryProductSource.streamTo(DirectoryProductSource.java:91)
	at gov.usgs.earthquake.product.io.ObjectProductHandler.getProduct(ObjectProductHandler.java:172)
	at gov.usgs.earthquake.distribution.FileProductStorage.getProduct(FileProductStorage.java:465)
	at gov.usgs.earthquake.indexer.ExternalIndexerListener.storeProduct(ExternalIndexerListener.java:195)
	at gov.usgs.earthquake.indexer.ExternalIndexerListener.onIndexerEvent(ExternalIndexerListener.java:129)
	at gov.usgs.earthquake.indexer.IndexerListenerCallable.call(IndexerListenerCallable.java:37)
	at gov.usgs.earthquake.indexer.IndexerListenerCallable.call(IndexerListenerCallable.java:12)
	at gov.usgs.util.ExecutorTask.run(ExecutorTask.java:183)
	at java.base/java.util.concurrent.Executors$RunnableAdapter.call(Executors.java:514)
	at java.base/java.util.concurrent.FutureTask.run(FutureTask.java:264)
	at java.base/java.util.concurrent.ThreadPoolExecutor.runWorker(ThreadPoolExecutor.java:1135)
	at java.base/java.util.concurrent.ThreadPoolExecutor$Worker.run(ThreadPoolExecutor.java:635)
	at java.base/java.lang.Thread.run(Thread.java:844)
FINEST	thread=13	[null] storing product id=urn:usgs-product:us:testproduct:testproduct-two:1534979083400
FINEST	thread=13	[null] acquiring write lock for product id=urn:usgs-product:us:testproduct:testproduct-two:1534979083400
FINEST	thread=13	[null] acquired write lock for product id=urn:usgs-product:us:testproduct:testproduct-two:1534979083400
FINEST	thread=13	[null] acquiring read lock for product id=urn:usgs-product:us:testproduct:testproduct-two:1534979083400
FINEST	thread=13	[null] acquired read lock for product id=urn:usgs-product:us:testproduct:testproduct-two:1534979083400
FINEST	thread=13	[null] releasing read lock for product id=urn:usgs-product:us:testproduct:testproduct-two:1534979083400
FINEST	thread=13	[null] released read lock for product id=urn:usgs-product:us:testproduct:testproduct-two:1534979083400
FINER	thread=13	[null] product stored id=urn:usgs-product:us:testproduct:testproduct-two:1534979083400, status=UPDATE
FINEST	thread=13	[null] releasing write lock for product id=urn:usgs-product:us:testproduct:testproduct-two:1534979083400
FINEST	thread=13	[null] released write lock for product id=urn:usgs-product:us:testproduct:testproduct-two:1534979083400
FINEST	thread=13	[null] stored product id=urn:usgs-product:us:testproduct:testproduct-two:1534979083400
FINER	thread=13	[null] summarizing product id=urn:usgs-product:us:testproduct:testproduct-two:1534979083400
FINEST	thread=13	[null] beginning index transaction
FINER	thread=13	[null] finding previous version
FINEST	thread=13	[null] running query 
SELECT DISTINCT id FROM productSummary p WHERE p.id IS NOT NULL AND p.id = (SELECT id FROM productSummary ps WHERE ps.source='us' AND ps.type='testproduct' AND ps.code='testproduct-two' AND ps.status <> 'DELETE' ORDER BY ps.updateTime DESC LIMIT 1) AND source='us' AND type='testproduct' AND code='testproduct-two'
FINEST	thread=13	[null] query complete
FINER	thread=13	[null] finding previous event
FINEST	thread=13	Product Index Query
eventSearchType=SEARCH_EVENT_PRODUCTS
resultType=RESULT_TYPE_ALL
eventSource=us
eventSourceCode=testproduct-two
FINEST	thread=13	Product Index Query
eventSearchType=SEARCH_EVENT_PREFERRED
resultType=RESULT_TYPE_ALL
minEventTime=Wed Aug 22 17:04:27 MDT 2018
maxEventTime=Wed Aug 22 17:04:59 MDT 2018
minEventLatitude=36.10007199424046075986183268469176255166530609130859375
maxEventLatitude=37.89992800575953924013816731530823744833469390869140625
minEventLongitude=-123.12683194578494294546544551849365234375
maxEventLongitude=-120.87316805421505705453455448150634765625
FINER	thread=13	[null] adding summary to index
FINEST	thread=13	[null] Added property depth:50 for product 2
FINEST	thread=13	[null] Added property latitude:37 for product 2
FINEST	thread=13	[null] Added property eventsourcecode:testproduct-two for product 2
FINEST	thread=13	[null] Added property eventtime:2018-08-22T23:04:43.333Z for product 2
FINEST	thread=13	[null] Added property magnitude:5 for product 2
FINEST	thread=13	[null] Added property eventsource:us for product 2
FINEST	thread=13	[null] Added property version:one for product 2
FINEST	thread=13	[null] Added property longitude:-122 for product 2
FINEST	thread=13	[null] Added productSummary urn:usgs-product:us:testproduct:testproduct-two:1534979083400, indexid=2 to product index
FINEST	thread=13	Added event id=2
FINEST	thread=13	[null] Added event to Product Index
FINER	thread=13	[null] Added associations event id=2, productSummary source=us, type=testproduct, code=testproduct-two (id=2)
FINER	thread=13	[null] created event indexid=2
FINE	thread=13	Eventindexid=2, eventid=ustestproduct-two, latitude=37, longitude=-122, time=Wed Aug 22 17:04:43 MDT 2018, deleted=false
FINER	thread=13	Products in event
	status=UPDATE, id=urn:usgs-product:us:testproduct:testproduct-two:1534979083400, eventid=ustestproduct-two, latitude=37, longitude=-122, time=Wed Aug 22 17:04:43 MDT 2018
FINER	thread=13	[null] checking for event merges
FINER	thread=13	[null] searching for unassociated products
FINER	thread=13	[null] search for unassociated products complete
FINER	thread=13	[null] updating event summary parameters
FINER	thread=13	[null] Updating event indexid=2
FINE	thread=13	Eventindexid=2, eventid=ustestproduct-two, latitude=37, longitude=-122, time=Wed Aug 22 17:04:43 MDT 2018, deleted=false
FINER	thread=13	Products in event
	status=UPDATE, id=urn:usgs-product:us:testproduct:testproduct-two:1534979083400, eventid=ustestproduct-two, latitude=37, longitude=-122, time=Wed Aug 22 17:04:43 MDT 2018
FINEST	thread=13	[null] Updated event properties in Product Index
FINER	thread=13	[null] committing transaction
FINE	thread=13	[null] notifying listeners
INFO	thread=13	[null] indexed product id=urn:usgs-product:us:testproduct:testproduct-two:1534979083400, status=UPDATE
EVENT_ADDED null => ustestproduct-two
FINEST	thread=936	[null] acquiring read lock for product id=urn:usgs-product:us:testproduct:testproduct-two:1534979083400
FINEST	thread=936	[null] acquired read lock for product id=urn:usgs-product:us:testproduct:testproduct-two:1534979083400
FINEST	thread=936	[null] releasing read lock for product id=urn:usgs-product:us:testproduct:testproduct-two:1534979083400
FINEST	thread=936	[null] released read lock for product id=urn:usgs-product:us:testproduct:testproduct-two:1534979083400
FINEST	thread=935	[null] acquiring read lock for product id=urn:usgs-product:us:testproduct:testproduct-two:1534979083400
FINEST	thread=935	[null] acquired read lock for product id=urn:usgs-product:us:testproduct:testproduct-two:1534979083400
FINEST	thread=935	[null] releasing read lock for product id=urn:usgs-product:us:testproduct:testproduct-two:1534979083400
FINEST	thread=935	[null] released read lock for product id=urn:usgs-product:us:testproduct:testproduct-two:1534979083400
FINER	thread=935	[DirectoryProductSource] Product does not have any  URLContent. Scraping directory for files.
FINER	thread=936	[DirectoryProductSource] Product does not have any  URLContent. Scraping directory for files.
FINEST	thread=936	[null] acquiring write lock for product id=urn:usgs-product:us:testproduct:testproduct-two:1534979083400
FINEST	thread=935	[null] acquiring write lock for product id=urn:usgs-product:us:testproduct:testproduct-two:1534979083400
FINEST	thread=936	[null] acquired write lock for product id=urn:usgs-product:us:testproduct:testproduct-two:1534979083400
FINEST	thread=935	[null] acquired write lock for product id=urn:usgs-product:us:testproduct:testproduct-two:1534979083400
FINEST	thread=936	[null] acquiring read lock for product id=urn:usgs-product:us:testproduct:testproduct-two:1534979083400
FINEST	thread=935	[null] acquiring read lock for product id=urn:usgs-product:us:testproduct:testproduct-two:1534979083400
FINEST	thread=936	[null] acquired read lock for product id=urn:usgs-product:us:testproduct:testproduct-two:1534979083400
FINEST	thread=935	[null] acquired read lock for product id=urn:usgs-product:us:testproduct:testproduct-two:1534979083400
FINEST	thread=935	[null] releasing read lock for product id=urn:usgs-product:us:testproduct:testproduct-two:1534979083400
FINEST	thread=936	[null] releasing read lock for product id=urn:usgs-product:us:testproduct:testproduct-two:1534979083400
FINEST	thread=936	[null] released read lock for product id=urn:usgs-product:us:testproduct:testproduct-two:1534979083400
FINEST	thread=935	[null] released read lock for product id=urn:usgs-product:us:testproduct:testproduct-two:1534979083400
WARNING	thread=936	[null] exception while storing product, removing incomplete product
java.io.IOException: Unable to create directory /Users/jmfee/Documents/git/pdl/_test_storage_/testproduct/testproduct-two/us/1534979083400
	at gov.usgs.util.StreamUtils.getOutputStream(StreamUtils.java:154)
	at gov.usgs.util.StreamUtils.getOutputStream(StreamUtils.java:185)
	at gov.usgs.earthquake.product.io.DirectoryProductHandler.onEndProduct(DirectoryProductHandler.java:68)
	at gov.usgs.earthquake.product.io.FilterProductHandler.onEndProduct(FilterProductHandler.java:71)
	at gov.usgs.earthquake.distribution.FileProductStorage$StorageProductOutput.onEndProduct(FileProductStorage.java:855)
	at gov.usgs.earthquake.product.io.ObjectProductSource.sendEndProduct(ObjectProductSource.java:166)
	at gov.usgs.earthquake.product.io.ObjectProductSource.streamTo(ObjectProductSource.java:62)
	at gov.usgs.earthquake.distribution.FileProductStorage.storeProductSource(FileProductStorage.java:693)
	at gov.usgs.earthquake.distribution.FileProductStorage.storeProduct(FileProductStorage.java:675)
	at gov.usgs.earthquake.indexer.ExternalIndexerListener.storeProduct(ExternalIndexerListener.java:194)
	at gov.usgs.earthquake.indexer.ExternalIndexerListener.onIndexerEvent(ExternalIndexerListener.java:129)
	at gov.usgs.earthquake.indexer.IndexerListenerCallable.call(IndexerListenerCallable.java:37)
	at gov.usgs.earthquake.indexer.IndexerListenerCallable.call(IndexerListenerCallable.java:12)
	at gov.usgs.util.ExecutorTask.run(ExecutorTask.java:183)
	at java.base/java.util.concurrent.Executors$RunnableAdapter.call(Executors.java:514)
	at java.base/java.util.concurrent.FutureTask.run(FutureTask.java:264)
	at java.base/java.util.concurrent.ThreadPoolExecutor.runWorker(ThreadPoolExecutor.java:1135)
	at java.base/java.util.concurrent.ThreadPoolExecutor$Worker.run(ThreadPoolExecutor.java:635)
	at java.base/java.lang.Thread.run(Thread.java:844)
FINEST	thread=936	[null] acquiring write lock for product id=urn:usgs-product:us:testproduct:testproduct-two:1534979083400
FINEST	thread=936	[null] acquired write lock for product id=urn:usgs-product:us:testproduct:testproduct-two:1534979083400
FINER	thread=935	[null] product stored id=urn:usgs-product:us:testproduct:testproduct-two:1534979083400, status=UPDATE
FINEST	thread=935	[null] releasing write lock for product id=urn:usgs-product:us:testproduct:testproduct-two:1534979083400
FINEST	thread=935	[null] released write lock for product id=urn:usgs-product:us:testproduct:testproduct-two:1534979083400
FINEST	thread=935	[null] acquiring read lock for product id=urn:usgs-product:us:testproduct:testproduct-two:1534979083400
FINEST	thread=935	[null] acquired read lock for product id=urn:usgs-product:us:testproduct:testproduct-two:1534979083400
FINEST	thread=935	[null] releasing read lock for product id=urn:usgs-product:us:testproduct:testproduct-two:1534979083400
FINEST	thread=935	[null] released read lock for product id=urn:usgs-product:us:testproduct:testproduct-two:1534979083400
WARNING	thread=935	[null] listener (null) threw exception, for product id=urn:usgs-product:us:testproduct:testproduct-two:1534979083400
java.io.FileNotFoundException: _test_storage_/testproduct/testproduct-two/us/1534979083400/product.xml (No such file or directory)
	at java.base/java.io.FileInputStream.open0(Native Method)
	at java.base/java.io.FileInputStream.open(FileInputStream.java:220)
	at java.base/java.io.FileInputStream.<init>(FileInputStream.java:158)
	at gov.usgs.util.StreamUtils.getInputStream(StreamUtils.java:60)
	at gov.usgs.earthquake.product.io.DirectoryProductSource.streamTo(DirectoryProductSource.java:55)
	at gov.usgs.earthquake.product.io.ObjectProductHandler.getProduct(ObjectProductHandler.java:172)
	at gov.usgs.earthquake.distribution.FileProductStorage.getProduct(FileProductStorage.java:465)
	at gov.usgs.earthquake.indexer.ExternalIndexerListener.storeProduct(ExternalIndexerListener.java:195)
	at gov.usgs.earthquake.indexer.ExternalIndexerListener.onIndexerEvent(ExternalIndexerListener.java:129)
	at gov.usgs.earthquake.indexer.IndexerListenerCallable.call(IndexerListenerCallable.java:37)
	at gov.usgs.earthquake.indexer.IndexerListenerCallable.call(IndexerListenerCallable.java:12)
	at gov.usgs.util.ExecutorTask.run(ExecutorTask.java:183)
	at java.base/java.util.concurrent.Executors$RunnableAdapter.call(Executors.java:514)
	at java.base/java.util.concurrent.FutureTask.run(FutureTask.java:264)
	at java.base/java.util.concurrent.ThreadPoolExecutor.runWorker(ThreadPoolExecutor.java:1135)
	at java.base/java.util.concurrent.ThreadPoolExecutor$Worker.run(ThreadPoolExecutor.java:635)
	at java.base/java.lang.Thread.run(Thread.java:844)
FINE	thread=935	Exception: _test_storage_/testproduct/testproduct-two/us/1534979083400/product.xml (No such file or directory) source=us, type=testproduct, code=testproduct-two, updateTime=Wed Aug 22 17:04:43 MDT 2018
FINER	thread=936	[null] product removed, id=urn:usgs-product:us:testproduct:testproduct-two:1534979083400
FINEST	thread=935	Tracker updates disabled, not sent
FINEST	thread=936	[null] releasing write lock for product id=urn:usgs-product:us:testproduct:testproduct-two:1534979083400
FINEST	thread=936	[null] released write lock for product id=urn:usgs-product:us:testproduct:testproduct-two:1534979083400
INFO	thread=935	Exception executing task
java.io.FileNotFoundException: _test_storage_/testproduct/testproduct-two/us/1534979083400/product.xml (No such file or directory)
	at java.base/java.io.FileInputStream.open0(Native Method)
	at java.base/java.io.FileInputStream.open(FileInputStream.java:220)
	at java.base/java.io.FileInputStream.<init>(FileInputStream.java:158)
	at gov.usgs.util.StreamUtils.getInputStream(StreamUtils.java:60)
	at gov.usgs.earthquake.product.io.DirectoryProductSource.streamTo(DirectoryProductSource.java:55)
	at gov.usgs.earthquake.product.io.ObjectProductHandler.getProduct(ObjectProductHandler.java:172)
	at gov.usgs.earthquake.distribution.FileProductStorage.getProduct(FileProductStorage.java:465)
	at gov.usgs.earthquake.indexer.ExternalIndexerListener.storeProduct(ExternalIndexerListener.java:195)
	at gov.usgs.earthquake.indexer.ExternalIndexerListener.onIndexerEvent(ExternalIndexerListener.java:129)
	at gov.usgs.earthquake.indexer.IndexerListenerCallable.call(IndexerListenerCallable.java:37)
	at gov.usgs.earthquake.indexer.IndexerListenerCallable.call(IndexerListenerCallable.java:12)
	at gov.usgs.util.ExecutorTask.run(ExecutorTask.java:183)
	at java.base/java.util.concurrent.Executors$RunnableAdapter.call(Executors.java:514)
	at java.base/java.util.concurrent.FutureTask.run(FutureTask.java:264)
	at java.base/java.util.concurrent.ThreadPoolExecutor.runWorker(ThreadPoolExecutor.java:1135)
	at java.base/java.util.concurrent.ThreadPoolExecutor$Worker.run(ThreadPoolExecutor.java:635)
	at java.base/java.lang.Thread.run(Thread.java:844)
FINEST	thread=936	[null] releasing write lock for product id=urn:usgs-product:us:testproduct:testproduct-two:1534979083400
FINEST	thread=936	[null] released write lock for product id=urn:usgs-product:us:testproduct:testproduct-two:1534979083400
WARNING	thread=936	[null] listener (null) threw exception, for product id=urn:usgs-product:us:testproduct:testproduct-two:1534979083400
java.io.IOException: Unable to create directory /Users/jmfee/Documents/git/pdl/_test_storage_/testproduct/testproduct-two/us/1534979083400
	at gov.usgs.util.StreamUtils.getOutputStream(StreamUtils.java:154)
	at gov.usgs.util.StreamUtils.getOutputStream(StreamUtils.java:185)
	at gov.usgs.earthquake.product.io.DirectoryProductHandler.onEndProduct(DirectoryProductHandler.java:68)
	at gov.usgs.earthquake.product.io.FilterProductHandler.onEndProduct(FilterProductHandler.java:71)
	at gov.usgs.earthquake.distribution.FileProductStorage$StorageProductOutput.onEndProduct(FileProductStorage.java:855)
	at gov.usgs.earthquake.product.io.ObjectProductSource.sendEndProduct(ObjectProductSource.java:166)
	at gov.usgs.earthquake.product.io.ObjectProductSource.streamTo(ObjectProductSource.java:62)
	at gov.usgs.earthquake.distribution.FileProductStorage.storeProductSource(FileProductStorage.java:693)
	at gov.usgs.earthquake.distribution.FileProductStorage.storeProduct(FileProductStorage.java:675)
	at gov.usgs.earthquake.indexer.ExternalIndexerListener.storeProduct(ExternalIndexerListener.java:194)
	at gov.usgs.earthquake.indexer.ExternalIndexerListener.onIndexerEvent(ExternalIndexerListener.java:129)
	at gov.usgs.earthquake.indexer.IndexerListenerCallable.call(IndexerListenerCallable.java:37)
	at gov.usgs.earthquake.indexer.IndexerListenerCallable.call(IndexerListenerCallable.java:12)
	at gov.usgs.util.ExecutorTask.run(ExecutorTask.java:183)
	at java.base/java.util.concurrent.Executors$RunnableAdapter.call(Executors.java:514)
	at java.base/java.util.concurrent.FutureTask.run(FutureTask.java:264)
	at java.base/java.util.concurrent.ThreadPoolExecutor.runWorker(ThreadPoolExecutor.java:1135)
	at java.base/java.util.concurrent.ThreadPoolExecutor$Worker.run(ThreadPoolExecutor.java:635)
	at java.base/java.lang.Thread.run(Thread.java:844)
FINE	thread=936	Exception: Unable to create directory /Users/jmfee/Documents/git/pdl/_test_storage_/testproduct/testproduct-two/us/1534979083400 source=us, type=testproduct, code=testproduct-two, updateTime=Wed Aug 22 17:04:43 MDT 2018
FINEST	thread=936	Tracker updates disabled, not sent
INFO	thread=936	Exception executing task
java.io.IOException: Unable to create directory /Users/jmfee/Documents/git/pdl/_test_storage_/testproduct/testproduct-two/us/1534979083400
	at gov.usgs.util.StreamUtils.getOutputStream(StreamUtils.java:154)
	at gov.usgs.util.StreamUtils.getOutputStream(StreamUtils.java:185)
	at gov.usgs.earthquake.product.io.DirectoryProductHandler.onEndProduct(DirectoryProductHandler.java:68)
	at gov.usgs.earthquake.product.io.FilterProductHandler.onEndProduct(FilterProductHandler.java:71)
	at gov.usgs.earthquake.distribution.FileProductStorage$StorageProductOutput.onEndProduct(FileProductStorage.java:855)
	at gov.usgs.earthquake.product.io.ObjectProductSource.sendEndProduct(ObjectProductSource.java:166)
	at gov.usgs.earthquake.product.io.ObjectProductSource.streamTo(ObjectProductSource.java:62)
	at gov.usgs.earthquake.distribution.FileProductStorage.storeProductSource(FileProductStorage.java:693)
	at gov.usgs.earthquake.distribution.FileProductStorage.storeProduct(FileProductStorage.java:675)
	at gov.usgs.earthquake.indexer.ExternalIndexerListener.storeProduct(ExternalIndexerListener.java:194)
	at gov.usgs.earthquake.indexer.ExternalIndexerListener.onIndexerEvent(ExternalIndexerListener.java:129)
	at gov.usgs.earthquake.indexer.IndexerListenerCallable.call(IndexerListenerCallable.java:37)
	at gov.usgs.earthquake.indexer.IndexerListenerCallable.call(IndexerListenerCallable.java:12)
	at gov.usgs.util.ExecutorTask.run(ExecutorTask.java:183)
	at java.base/java.util.concurrent.Executors$RunnableAdapter.call(Executors.java:514)
	at java.base/java.util.concurrent.FutureTask.run(FutureTask.java:264)
	at java.base/java.util.concurrent.ThreadPoolExecutor.runWorker(ThreadPoolExecutor.java:1135)
	at java.base/java.util.concurrent.ThreadPoolExecutor$Worker.run(ThreadPoolExecutor.java:635)
	at java.base/java.lang.Thread.run(Thread.java:844)
FINEST	thread=13	[null] storing product id=urn:usgs-product:admin:associate:notustestproduct-one_ustestproduct-two:1534979083460
FINEST	thread=13	[null] acquiring write lock for product id=urn:usgs-product:admin:associate:notustestproduct-one_ustestproduct-two:1534979083460
FINEST	thread=13	[null] acquired write lock for product id=urn:usgs-product:admin:associate:notustestproduct-one_ustestproduct-two:1534979083460
FINEST	thread=13	[null] acquiring read lock for product id=urn:usgs-product:admin:associate:notustestproduct-one_ustestproduct-two:1534979083460
FINEST	thread=13	[null] acquired read lock for product id=urn:usgs-product:admin:associate:notustestproduct-one_ustestproduct-two:1534979083460
FINEST	thread=13	[null] releasing read lock for product id=urn:usgs-product:admin:associate:notustestproduct-one_ustestproduct-two:1534979083460
FINEST	thread=13	[null] released read lock for product id=urn:usgs-product:admin:associate:notustestproduct-one_ustestproduct-two:1534979083460
FINER	thread=13	[null] product stored id=urn:usgs-product:admin:associate:notustestproduct-one_ustestproduct-two:1534979083460, status=UPDATE
FINEST	thread=13	[null] releasing write lock for product id=urn:usgs-product:admin:associate:notustestproduct-one_ustestproduct-two:1534979083460
FINEST	thread=13	[null] released write lock for product id=urn:usgs-product:admin:associate:notustestproduct-one_ustestproduct-two:1534979083460
FINEST	thread=13	[null] stored product id=urn:usgs-product:admin:associate:notustestproduct-one_ustestproduct-two:1534979083460
FINER	thread=13	[null] summarizing product id=urn:usgs-product:admin:associate:notustestproduct-one_ustestproduct-two:1534979083460
FINEST	thread=13	[null] beginning index transaction
FINER	thread=13	[null] finding previous version
FINEST	thread=13	[null] running query 
SELECT DISTINCT id FROM productSummary p WHERE p.id IS NOT NULL AND p.id = (SELECT id FROM productSummary ps WHERE ps.source='admin' AND ps.type='associate' AND ps.code='notustestproduct-one_ustestproduct-two' AND ps.status <> 'DELETE' ORDER BY ps.updateTime DESC LIMIT 1) AND source='admin' AND type='associate' AND code='notustestproduct-one_ustestproduct-two'
FINEST	thread=13	[null] query complete
FINER	thread=13	[null] finding previous event
FINEST	thread=13	Product Index Query
eventSearchType=SEARCH_EVENT_PRODUCTS
resultType=RESULT_TYPE_ALL
eventSource=us
eventSourceCode=testproduct-two
FINER	thread=13	[null] adding summary to index
FINEST	thread=13	[null] Added property eventsourcecode:testproduct-two for product 3
FINEST	thread=13	[null] Added property othereventsourcecode:testproduct-one for product 3
FINEST	thread=13	[null] Added property eventsource:us for product 3
FINEST	thread=13	[null] Added property othereventsource:notus for product 3
FINEST	thread=13	[null] Added productSummary urn:usgs-product:admin:associate:notustestproduct-one_ustestproduct-two:1534979083460, indexid=3 to product index
FINER	thread=13	[null] found existing event indexid=2
FINE	thread=13	Eventindexid=2, eventid=ustestproduct-two, latitude=37, longitude=-122, time=Wed Aug 22 17:04:43 MDT 2018, deleted=false
FINER	thread=13	Products in event
	status=UPDATE, id=urn:usgs-product:us:testproduct:testproduct-two:1534979083400, eventid=ustestproduct-two, latitude=37, longitude=-122, time=Wed Aug 22 17:04:43 MDT 2018
FINER	thread=13	[null] Added associations event id=2, productSummary source=admin, type=associate, code=notustestproduct-one_ustestproduct-two (id=3)
FINER	thread=13	[null] checking for event splits
FINER	thread=13	[null] checking for event merges
FINEST	thread=13	Product Index Query
eventSearchType=SEARCH_EVENT_PREFERRED
resultType=RESULT_TYPE_ALL
minEventTime=Wed Aug 22 17:04:27 MDT 2018
maxEventTime=Wed Aug 22 17:04:59 MDT 2018
minEventLatitude=36.10007199424046075986183268469176255166530609130859375
maxEventLatitude=37.89992800575953924013816731530823744833469390869140625
minEventLongitude=-123.12683194578494294546544551849365234375
maxEventLongitude=-120.87316805421505705453455448150634765625
FINER	thread=13	[null] searching for nearby events
FINER	thread=13	[null] search for nearby events complete
FINER	thread=13	[null] searching for unassociated products
FINER	thread=13	[null] search for unassociated products complete
FINER	thread=13	[null] searching for associated event
FINER	thread=13	[null] search for associated event complete
FINER	thread=13	[null] Removed associations event id=1, productSummary source=us, type=testproduct, code=testproduct-one (id=1)
FINER	thread=13	[null] Removed associations event id=1, productSummary source=us, type=testproduct, code=testproduct-one (id=1)
FINER	thread=13	[null] Added associations event id=2, productSummary source=us, type=testproduct, code=testproduct-one (id=1)
FINEST	thread=13	[null] Removed event id=1
FINER	thread=13	[null] updating event summary parameters
FINER	thread=13	[null] Updating event indexid=2
FINE	thread=13	Eventindexid=2, eventid=ustestproduct-two, latitude=37, longitude=-122, time=Wed Aug 22 17:04:43 MDT 2018, deleted=false
FINER	thread=13	Products in event
	status=UPDATE, id=urn:usgs-product:us:testproduct:testproduct-two:1534979083400, eventid=ustestproduct-two, latitude=37, longitude=-122, time=Wed Aug 22 17:04:43 MDT 2018
	status=UPDATE, id=urn:usgs-product:us:testproduct:testproduct-one:1534979083333, eventid=notustestproduct-one, latitude=35, longitude=-118, time=Wed Aug 22 17:04:43 MDT 2018
	status=UPDATE, id=urn:usgs-product:admin:associate:notustestproduct-one_ustestproduct-two:1534979083460, eventid=ustestproduct-two, latitude=null, longitude=null, time=null
FINEST	thread=13	[null] Updated event properties in Product Index
FINER	thread=13	[null] committing transaction
FINE	thread=13	[null] notifying listeners
INFO	thread=13	[null] indexed product id=urn:usgs-product:admin:associate:notustestproduct-one_ustestproduct-two:1534979083460, status=UPDATE
EVENT_MERGED notustestproduct-one => null
EVENT_UPDATED ustestproduct-two => ustestproduct-two
FINEST	thread=936	[null] acquiring read lock for product id=urn:usgs-product:admin:associate:notustestproduct-one_ustestproduct-two:1534979083460
FINEST	thread=936	[null] acquired read lock for product id=urn:usgs-product:admin:associate:notustestproduct-one_ustestproduct-two:1534979083460
FINEST	thread=936	[null] releasing read lock for product id=urn:usgs-product:admin:associate:notustestproduct-one_ustestproduct-two:1534979083460
FINEST	thread=936	[null] released read lock for product id=urn:usgs-product:admin:associate:notustestproduct-one_ustestproduct-two:1534979083460
FINEST	thread=935	[null] acquiring read lock for product id=urn:usgs-product:admin:associate:notustestproduct-one_ustestproduct-two:1534979083460
FINEST	thread=935	[null] acquired read lock for product id=urn:usgs-product:admin:associate:notustestproduct-one_ustestproduct-two:1534979083460
FINEST	thread=935	[null] releasing read lock for product id=urn:usgs-product:admin:associate:notustestproduct-one_ustestproduct-two:1534979083460
FINEST	thread=935	[null] released read lock for product id=urn:usgs-product:admin:associate:notustestproduct-one_ustestproduct-two:1534979083460
FINER	thread=936	[DirectoryProductSource] Product does not have any  URLContent. Scraping directory for files.
FINEST	thread=936	[null] acquiring write lock for product id=urn:usgs-product:admin:associate:notustestproduct-one_ustestproduct-two:1534979083460
FINEST	thread=936	[null] acquired write lock for product id=urn:usgs-product:admin:associate:notustestproduct-one_ustestproduct-two:1534979083460
FINEST	thread=936	[null] acquiring read lock for product id=urn:usgs-product:admin:associate:notustestproduct-one_ustestproduct-two:1534979083460
FINEST	thread=936	[null] acquired read lock for product id=urn:usgs-product:admin:associate:notustestproduct-one_ustestproduct-two:1534979083460
FINEST	thread=936	[null] releasing read lock for product id=urn:usgs-product:admin:associate:notustestproduct-one_ustestproduct-two:1534979083460
FINEST	thread=936	[null] released read lock for product id=urn:usgs-product:admin:associate:notustestproduct-one_ustestproduct-two:1534979083460
FINER	thread=935	[DirectoryProductSource] Product does not have any  URLContent. Scraping directory for files.
FINEST	thread=935	[null] acquiring write lock for product id=urn:usgs-product:admin:associate:notustestproduct-one_ustestproduct-two:1534979083460
FINEST	thread=935	[null] acquired write lock for product id=urn:usgs-product:admin:associate:notustestproduct-one_ustestproduct-two:1534979083460
FINEST	thread=935	[null] acquiring read lock for product id=urn:usgs-product:admin:associate:notustestproduct-one_ustestproduct-two:1534979083460
FINEST	thread=935	[null] acquired read lock for product id=urn:usgs-product:admin:associate:notustestproduct-one_ustestproduct-two:1534979083460
FINEST	thread=935	[null] releasing read lock for product id=urn:usgs-product:admin:associate:notustestproduct-one_ustestproduct-two:1534979083460
FINEST	thread=935	[null] released read lock for product id=urn:usgs-product:admin:associate:notustestproduct-one_ustestproduct-two:1534979083460
WARNING	thread=935	[null] exception while storing product, removing incomplete product
java.io.IOException: Unable to create directory /Users/jmfee/Documents/git/pdl/_test_storage_/associate/notustestproduct-one_ustestproduct-two/admin/1534979083460
	at gov.usgs.util.StreamUtils.getOutputStream(StreamUtils.java:154)
	at gov.usgs.util.StreamUtils.getOutputStream(StreamUtils.java:185)
	at gov.usgs.earthquake.product.io.DirectoryProductHandler.onEndProduct(DirectoryProductHandler.java:68)
	at gov.usgs.earthquake.product.io.FilterProductHandler.onEndProduct(FilterProductHandler.java:71)
	at gov.usgs.earthquake.distribution.FileProductStorage$StorageProductOutput.onEndProduct(FileProductStorage.java:855)
	at gov.usgs.earthquake.product.io.ObjectProductSource.sendEndProduct(ObjectProductSource.java:166)
	at gov.usgs.earthquake.product.io.ObjectProductSource.streamTo(ObjectProductSource.java:62)
	at gov.usgs.earthquake.distribution.FileProductStorage.storeProductSource(FileProductStorage.java:693)
	at gov.usgs.earthquake.distribution.FileProductStorage.storeProduct(FileProductStorage.java:675)
	at gov.usgs.earthquake.indexer.ExternalIndexerListener.storeProduct(ExternalIndexerListener.java:194)
	at gov.usgs.earthquake.indexer.ExternalIndexerListener.onIndexerEvent(ExternalIndexerListener.java:129)
	at gov.usgs.earthquake.indexer.IndexerListenerCallable.call(IndexerListenerCallable.java:37)
	at gov.usgs.earthquake.indexer.IndexerListenerCallable.call(IndexerListenerCallable.java:12)
	at gov.usgs.util.ExecutorTask.run(ExecutorTask.java:183)
	at java.base/java.util.concurrent.Executors$RunnableAdapter.call(Executors.java:514)
	at java.base/java.util.concurrent.FutureTask.run(FutureTask.java:264)
	at java.base/java.util.concurrent.ThreadPoolExecutor.runWorker(ThreadPoolExecutor.java:1135)
	at java.base/java.util.concurrent.ThreadPoolExecutor$Worker.run(ThreadPoolExecutor.java:635)
	at java.base/java.lang.Thread.run(Thread.java:844)
FINEST	thread=935	[null] acquiring write lock for product id=urn:usgs-product:admin:associate:notustestproduct-one_ustestproduct-two:1534979083460
FINEST	thread=935	[null] acquired write lock for product id=urn:usgs-product:admin:associate:notustestproduct-one_ustestproduct-two:1534979083460
FINER	thread=936	[null] product stored id=urn:usgs-product:admin:associate:notustestproduct-one_ustestproduct-two:1534979083460, status=UPDATE
FINEST	thread=936	[null] releasing write lock for product id=urn:usgs-product:admin:associate:notustestproduct-one_ustestproduct-two:1534979083460
FINEST	thread=936	[null] released write lock for product id=urn:usgs-product:admin:associate:notustestproduct-one_ustestproduct-two:1534979083460
FINEST	thread=936	[null] acquiring read lock for product id=urn:usgs-product:admin:associate:notustestproduct-one_ustestproduct-two:1534979083460
FINEST	thread=936	[null] acquired read lock for product id=urn:usgs-product:admin:associate:notustestproduct-one_ustestproduct-two:1534979083460
FINEST	thread=936	[null] releasing read lock for product id=urn:usgs-product:admin:associate:notustestproduct-one_ustestproduct-two:1534979083460
FINEST	thread=936	[null] released read lock for product id=urn:usgs-product:admin:associate:notustestproduct-one_ustestproduct-two:1534979083460
WARNING	thread=936	[null] listener (null) threw exception, for product id=urn:usgs-product:admin:associate:notustestproduct-one_ustestproduct-two:1534979083460
java.io.FileNotFoundException: _test_storage_/associate/notustestproduct-one_ustestproduct-two/admin/1534979083460/product.xml (No such file or directory)
	at java.base/java.io.FileInputStream.open0(Native Method)
	at java.base/java.io.FileInputStream.open(FileInputStream.java:220)
	at java.base/java.io.FileInputStream.<init>(FileInputStream.java:158)
	at gov.usgs.util.StreamUtils.getInputStream(StreamUtils.java:60)
	at gov.usgs.earthquake.product.io.DirectoryProductSource.streamTo(DirectoryProductSource.java:55)
	at gov.usgs.earthquake.product.io.ObjectProductHandler.getProduct(ObjectProductHandler.java:172)
	at gov.usgs.earthquake.distribution.FileProductStorage.getProduct(FileProductStorage.java:465)
	at gov.usgs.earthquake.indexer.ExternalIndexerListener.storeProduct(ExternalIndexerListener.java:195)
	at gov.usgs.earthquake.indexer.ExternalIndexerListener.onIndexerEvent(ExternalIndexerListener.java:129)
	at gov.usgs.earthquake.indexer.IndexerListenerCallable.call(IndexerListenerCallable.java:37)
	at gov.usgs.earthquake.indexer.IndexerListenerCallable.call(IndexerListenerCallable.java:12)
	at gov.usgs.util.ExecutorTask.run(ExecutorTask.java:183)
	at java.base/java.util.concurrent.Executors$RunnableAdapter.call(Executors.java:514)
	at java.base/java.util.concurrent.FutureTask.run(FutureTask.java:264)
	at java.base/java.util.concurrent.ThreadPoolExecutor.runWorker(ThreadPoolExecutor.java:1135)
	at java.base/java.util.concurrent.ThreadPoolExecutor$Worker.run(ThreadPoolExecutor.java:635)
	at java.base/java.lang.Thread.run(Thread.java:844)
FINER	thread=935	[null] product removed, id=urn:usgs-product:admin:associate:notustestproduct-one_ustestproduct-two:1534979083460
FINEST	thread=935	[null] releasing write lock for product id=urn:usgs-product:admin:associate:notustestproduct-one_ustestproduct-two:1534979083460
FINEST	thread=935	[null] released write lock for product id=urn:usgs-product:admin:associate:notustestproduct-one_ustestproduct-two:1534979083460
FINEST	thread=935	[null] releasing write lock for product id=urn:usgs-product:admin:associate:notustestproduct-one_ustestproduct-two:1534979083460
FINEST	thread=935	[null] released write lock for product id=urn:usgs-product:admin:associate:notustestproduct-one_ustestproduct-two:1534979083460
WARNING	thread=935	[null] listener (null) threw exception, for product id=urn:usgs-product:admin:associate:notustestproduct-one_ustestproduct-two:1534979083460
java.io.IOException: Unable to create directory /Users/jmfee/Documents/git/pdl/_test_storage_/associate/notustestproduct-one_ustestproduct-two/admin/1534979083460
	at gov.usgs.util.StreamUtils.getOutputStream(StreamUtils.java:154)
	at gov.usgs.util.StreamUtils.getOutputStream(StreamUtils.java:185)
	at gov.usgs.earthquake.product.io.DirectoryProductHandler.onEndProduct(DirectoryProductHandler.java:68)
	at gov.usgs.earthquake.product.io.FilterProductHandler.onEndProduct(FilterProductHandler.java:71)
	at gov.usgs.earthquake.distribution.FileProductStorage$StorageProductOutput.onEndProduct(FileProductStorage.java:855)
	at gov.usgs.earthquake.product.io.ObjectProductSource.sendEndProduct(ObjectProductSource.java:166)
	at gov.usgs.earthquake.product.io.ObjectProductSource.streamTo(ObjectProductSource.java:62)
	at gov.usgs.earthquake.distribution.FileProductStorage.storeProductSource(FileProductStorage.java:693)
	at gov.usgs.earthquake.distribution.FileProductStorage.storeProduct(FileProductStorage.java:675)
	at gov.usgs.earthquake.indexer.ExternalIndexerListener.storeProduct(ExternalIndexerListener.java:194)
	at gov.usgs.earthquake.indexer.ExternalIndexerListener.onIndexerEvent(ExternalIndexerListener.java:129)
	at gov.usgs.earthquake.indexer.IndexerListenerCallable.call(IndexerListenerCallable.java:37)
	at gov.usgs.earthquake.indexer.IndexerListenerCallable.call(IndexerListenerCallable.java:12)
	at gov.usgs.util.ExecutorTask.run(ExecutorTask.java:183)
	at java.base/java.util.concurrent.Executors$RunnableAdapter.call(Executors.java:514)
	at java.base/java.util.concurrent.FutureTask.run(FutureTask.java:264)
	at java.base/java.util.concurrent.ThreadPoolExecutor.runWorker(ThreadPoolExecutor.java:1135)
	at java.base/java.util.concurrent.ThreadPoolExecutor$Worker.run(ThreadPoolExecutor.java:635)
	at java.base/java.lang.Thread.run(Thread.java:844)
FINE	thread=935	Exception: Unable to create directory /Users/jmfee/Documents/git/pdl/_test_storage_/associate/notustestproduct-one_ustestproduct-two/admin/1534979083460 source=admin, type=associate, code=notustestproduct-one_ustestproduct-two, updateTime=Wed Aug 22 17:04:43 MDT 2018
FINE	thread=936	Exception: _test_storage_/associate/notustestproduct-one_ustestproduct-two/admin/1534979083460/product.xml (No such file or directory) source=admin, type=associate, code=notustestproduct-one_ustestproduct-two, updateTime=Wed Aug 22 17:04:43 MDT 2018
FINEST	thread=935	Tracker updates disabled, not sent
FINEST	thread=936	Tracker updates disabled, not sent
INFO	thread=935	Exception executing task
java.io.IOException: Unable to create directory /Users/jmfee/Documents/git/pdl/_test_storage_/associate/notustestproduct-one_ustestproduct-two/admin/1534979083460
	at gov.usgs.util.StreamUtils.getOutputStream(StreamUtils.java:154)
	at gov.usgs.util.StreamUtils.getOutputStream(StreamUtils.java:185)
	at gov.usgs.earthquake.product.io.DirectoryProductHandler.onEndProduct(DirectoryProductHandler.java:68)
	at gov.usgs.earthquake.product.io.FilterProductHandler.onEndProduct(FilterProductHandler.java:71)
	at gov.usgs.earthquake.distribution.FileProductStorage$StorageProductOutput.onEndProduct(FileProductStorage.java:855)
	at gov.usgs.earthquake.product.io.ObjectProductSource.sendEndProduct(ObjectProductSource.java:166)
	at gov.usgs.earthquake.product.io.ObjectProductSource.streamTo(ObjectProductSource.java:62)
	at gov.usgs.earthquake.distribution.FileProductStorage.storeProductSource(FileProductStorage.java:693)
	at gov.usgs.earthquake.distribution.FileProductStorage.storeProduct(FileProductStorage.java:675)
	at gov.usgs.earthquake.indexer.ExternalIndexerListener.storeProduct(ExternalIndexerListener.java:194)
	at gov.usgs.earthquake.indexer.ExternalIndexerListener.onIndexerEvent(ExternalIndexerListener.java:129)
	at gov.usgs.earthquake.indexer.IndexerListenerCallable.call(IndexerListenerCallable.java:37)
	at gov.usgs.earthquake.indexer.IndexerListenerCallable.call(IndexerListenerCallable.java:12)
	at gov.usgs.util.ExecutorTask.run(ExecutorTask.java:183)
	at java.base/java.util.concurrent.Executors$RunnableAdapter.call(Executors.java:514)
	at java.base/java.util.concurrent.FutureTask.run(FutureTask.java:264)
	at java.base/java.util.concurrent.ThreadPoolExecutor.runWorker(ThreadPoolExecutor.java:1135)
	at java.base/java.util.concurrent.ThreadPoolExecutor$Worker.run(ThreadPoolExecutor.java:635)
	at java.base/java.lang.Thread.run(Thread.java:844)
INFO	thread=936	Exception executing task
java.io.FileNotFoundException: _test_storage_/associate/notustestproduct-one_ustestproduct-two/admin/1534979083460/product.xml (No such file or directory)
	at java.base/java.io.FileInputStream.open0(Native Method)
	at java.base/java.io.FileInputStream.open(FileInputStream.java:220)
	at java.base/java.io.FileInputStream.<init>(FileInputStream.java:158)
	at gov.usgs.util.StreamUtils.getInputStream(StreamUtils.java:60)
	at gov.usgs.earthquake.product.io.DirectoryProductSource.streamTo(DirectoryProductSource.java:55)
	at gov.usgs.earthquake.product.io.ObjectProductHandler.getProduct(ObjectProductHandler.java:172)
	at gov.usgs.earthquake.distribution.FileProductStorage.getProduct(FileProductStorage.java:465)
	at gov.usgs.earthquake.indexer.ExternalIndexerListener.storeProduct(ExternalIndexerListener.java:195)
	at gov.usgs.earthquake.indexer.ExternalIndexerListener.onIndexerEvent(ExternalIndexerListener.java:129)
	at gov.usgs.earthquake.indexer.IndexerListenerCallable.call(IndexerListenerCallable.java:37)
	at gov.usgs.earthquake.indexer.IndexerListenerCallable.call(IndexerListenerCallable.java:12)
	at gov.usgs.util.ExecutorTask.run(ExecutorTask.java:183)
	at java.base/java.util.concurrent.Executors$RunnableAdapter.call(Executors.java:514)
	at java.base/java.util.concurrent.FutureTask.run(FutureTask.java:264)
	at java.base/java.util.concurrent.ThreadPoolExecutor.runWorker(ThreadPoolExecutor.java:1135)
	at java.base/java.util.concurrent.ThreadPoolExecutor$Worker.run(ThreadPoolExecutor.java:635)
	at java.base/java.lang.Thread.run(Thread.java:844)
CONFIG	thread=13	[null] maxTries = 1
CONFIG	thread=13	[null] maxTries = 1
CONFIG	thread=13	[null] timeout = 0ms
CONFIG	thread=13	[null] retry delay = 300000ms
CONFIG	thread=13	[null] process duplicates = false
CONFIG	thread=13	[null] include paths = []
CONFIG	thread=13	[null] exclude paths = []
CONFIG	thread=13	[null] using storage directory /Users/jmfee/Documents/git/pdl/storage
CONFIG	thread=13	[null] loading ArchivePolicy 'testPolicy'
CONFIG	thread=13	[null] archive interval is '500'
CONFIG	thread=13	[null] no indexer modules configured.
CONFIG	thread=13	[null] no indexer listeners configured.
CONFIG	thread=13	[null] associateUsingCurrentProducts = false
FINE	thread=13	Eventindexid=1, eventid=notustestproduct-one, latitude=35, longitude=-118, time=Wed Aug 22 17:04:43 MDT 2018, deleted=false
FINE	thread=13	Eventindexid=1, eventid=notustestproduct-one, latitude=35, longitude=-118, time=Wed Aug 22 17:04:43 MDT 2018, deleted=false
FINE	thread=13	[null] notifying listeners
INFO	thread=13	[null] indexed product id=urn:usgs-product:us:testproduct:testproduct-one:1534979083527, status=UPDATE
EVENT_ADDED null => notustestproduct-one
INFO	thread=948	Archiving disabled
INFO	thread=948	[null] purged 0 expired events and 0 expired unassociated products.
WARNING	thread=949	[null] exception while storing product, removing incomplete product
java.io.IOException: Unable to create directory /Users/jmfee/Documents/git/pdl/_test_storage_/testproduct/testproduct-one/us/1534979083527
	at gov.usgs.util.StreamUtils.getOutputStream(StreamUtils.java:154)
	at gov.usgs.util.StreamUtils.getOutputStream(StreamUtils.java:185)
	at gov.usgs.earthquake.product.io.DirectoryProductHandler.onEndProduct(DirectoryProductHandler.java:68)
	at gov.usgs.earthquake.product.io.FilterProductHandler.onEndProduct(FilterProductHandler.java:71)
	at gov.usgs.earthquake.distribution.FileProductStorage$StorageProductOutput.onEndProduct(FileProductStorage.java:855)
	at gov.usgs.earthquake.product.io.ObjectProductSource.sendEndProduct(ObjectProductSource.java:166)
	at gov.usgs.earthquake.product.io.ObjectProductSource.streamTo(ObjectProductSource.java:62)
	at gov.usgs.earthquake.distribution.FileProductStorage.storeProductSource(FileProductStorage.java:693)
	at gov.usgs.earthquake.distribution.FileProductStorage.storeProduct(FileProductStorage.java:675)
	at gov.usgs.earthquake.indexer.ExternalIndexerListener.storeProduct(ExternalIndexerListener.java:194)
	at gov.usgs.earthquake.indexer.ExternalIndexerListener.onIndexerEvent(ExternalIndexerListener.java:129)
	at gov.usgs.earthquake.indexer.IndexerListenerCallable.call(IndexerListenerCallable.java:37)
	at gov.usgs.earthquake.indexer.IndexerListenerCallable.call(IndexerListenerCallable.java:12)
	at gov.usgs.util.ExecutorTask.run(ExecutorTask.java:183)
	at java.base/java.util.concurrent.Executors$RunnableAdapter.call(Executors.java:514)
	at java.base/java.util.concurrent.FutureTask.run(FutureTask.java:264)
	at java.base/java.util.concurrent.ThreadPoolExecutor.runWorker(ThreadPoolExecutor.java:1135)
	at java.base/java.util.concurrent.ThreadPoolExecutor$Worker.run(ThreadPoolExecutor.java:635)
	at java.base/java.lang.Thread.run(Thread.java:844)
WARNING	thread=949	[null] listener (null) threw exception, for product id=urn:usgs-product:us:testproduct:testproduct-one:1534979083527
java.io.IOException: Unable to create directory /Users/jmfee/Documents/git/pdl/_test_storage_/testproduct/testproduct-one/us/1534979083527
	at gov.usgs.util.StreamUtils.getOutputStream(StreamUtils.java:154)
	at gov.usgs.util.StreamUtils.getOutputStream(StreamUtils.java:185)
	at gov.usgs.earthquake.product.io.DirectoryProductHandler.onEndProduct(DirectoryProductHandler.java:68)
	at gov.usgs.earthquake.product.io.FilterProductHandler.onEndProduct(FilterProductHandler.java:71)
	at gov.usgs.earthquake.distribution.FileProductStorage$StorageProductOutput.onEndProduct(FileProductStorage.java:855)
	at gov.usgs.earthquake.product.io.ObjectProductSource.sendEndProduct(ObjectProductSource.java:166)
	at gov.usgs.earthquake.product.io.ObjectProductSource.streamTo(ObjectProductSource.java:62)
	at gov.usgs.earthquake.distribution.FileProductStorage.storeProductSource(FileProductStorage.java:693)
	at gov.usgs.earthquake.distribution.FileProductStorage.storeProduct(FileProductStorage.java:675)
	at gov.usgs.earthquake.indexer.ExternalIndexerListener.storeProduct(ExternalIndexerListener.java:194)
	at gov.usgs.earthquake.indexer.ExternalIndexerListener.onIndexerEvent(ExternalIndexerListener.java:129)
	at gov.usgs.earthquake.indexer.IndexerListenerCallable.call(IndexerListenerCallable.java:37)
	at gov.usgs.earthquake.indexer.IndexerListenerCallable.call(IndexerListenerCallable.java:12)
	at gov.usgs.util.ExecutorTask.run(ExecutorTask.java:183)
	at java.base/java.util.concurrent.Executors$RunnableAdapter.call(Executors.java:514)
	at java.base/java.util.concurrent.FutureTask.run(FutureTask.java:264)
	at java.base/java.util.concurrent.ThreadPoolExecutor.runWorker(ThreadPoolExecutor.java:1135)
	at java.base/java.util.concurrent.ThreadPoolExecutor$Worker.run(ThreadPoolExecutor.java:635)
	at java.base/java.lang.Thread.run(Thread.java:844)
FINE	thread=949	Exception: Unable to create directory /Users/jmfee/Documents/git/pdl/_test_storage_/testproduct/testproduct-one/us/1534979083527 source=us, type=testproduct, code=testproduct-one, updateTime=Wed Aug 22 17:04:43 MDT 2018
INFO	thread=949	Exception executing task
java.io.IOException: Unable to create directory /Users/jmfee/Documents/git/pdl/_test_storage_/testproduct/testproduct-one/us/1534979083527
	at gov.usgs.util.StreamUtils.getOutputStream(StreamUtils.java:154)
	at gov.usgs.util.StreamUtils.getOutputStream(StreamUtils.java:185)
	at gov.usgs.earthquake.product.io.DirectoryProductHandler.onEndProduct(DirectoryProductHandler.java:68)
	at gov.usgs.earthquake.product.io.FilterProductHandler.onEndProduct(FilterProductHandler.java:71)
	at gov.usgs.earthquake.distribution.FileProductStorage$StorageProductOutput.onEndProduct(FileProductStorage.java:855)
	at gov.usgs.earthquake.product.io.ObjectProductSource.sendEndProduct(ObjectProductSource.java:166)
	at gov.usgs.earthquake.product.io.ObjectProductSource.streamTo(ObjectProductSource.java:62)
	at gov.usgs.earthquake.distribution.FileProductStorage.storeProductSource(FileProductStorage.java:693)
	at gov.usgs.earthquake.distribution.FileProductStorage.storeProduct(FileProductStorage.java:675)
	at gov.usgs.earthquake.indexer.ExternalIndexerListener.storeProduct(ExternalIndexerListener.java:194)
	at gov.usgs.earthquake.indexer.ExternalIndexerListener.onIndexerEvent(ExternalIndexerListener.java:129)
	at gov.usgs.earthquake.indexer.IndexerListenerCallable.call(IndexerListenerCallable.java:37)
	at gov.usgs.earthquake.indexer.IndexerListenerCallable.call(IndexerListenerCallable.java:12)
	at gov.usgs.util.ExecutorTask.run(ExecutorTask.java:183)
	at java.base/java.util.concurrent.Executors$RunnableAdapter.call(Executors.java:514)
	at java.base/java.util.concurrent.FutureTask.run(FutureTask.java:264)
	at java.base/java.util.concurrent.ThreadPoolExecutor.runWorker(ThreadPoolExecutor.java:1135)
	at java.base/java.util.concurrent.ThreadPoolExecutor$Worker.run(ThreadPoolExecutor.java:635)
	at java.base/java.lang.Thread.run(Thread.java:844)
WARNING	thread=952	[null] listener (null) threw exception, for product id=urn:usgs-product:us:testproduct:testproduct-one:1534979083527
java.lang.NullPointerException
	at gov.usgs.earthquake.product.FileContent.getDirectoryContents(FileContent.java:183)
	at gov.usgs.earthquake.product.FileContent.getDirectoryContents(FileContent.java:160)
	at gov.usgs.earthquake.product.io.DirectoryProductSource.streamTo(DirectoryProductSource.java:91)
	at gov.usgs.earthquake.product.io.ObjectProductHandler.getProduct(ObjectProductHandler.java:172)
	at gov.usgs.earthquake.distribution.FileProductStorage.getProduct(FileProductStorage.java:465)
	at gov.usgs.earthquake.indexer.ExternalIndexerListener.storeProduct(ExternalIndexerListener.java:195)
	at gov.usgs.earthquake.indexer.ExternalIndexerListener.onIndexerEvent(ExternalIndexerListener.java:129)
	at gov.usgs.earthquake.indexer.IndexerListenerCallable.call(IndexerListenerCallable.java:37)
	at gov.usgs.earthquake.indexer.IndexerListenerCallable.call(IndexerListenerCallable.java:12)
	at gov.usgs.util.ExecutorTask.run(ExecutorTask.java:183)
	at java.base/java.util.concurrent.Executors$RunnableAdapter.call(Executors.java:514)
	at java.base/java.util.concurrent.FutureTask.run(FutureTask.java:264)
	at java.base/java.util.concurrent.ThreadPoolExecutor.runWorker(ThreadPoolExecutor.java:1135)
	at java.base/java.util.concurrent.ThreadPoolExecutor$Worker.run(ThreadPoolExecutor.java:635)
	at java.base/java.lang.Thread.run(Thread.java:844)
FINE	thread=952	Exception: null source=us, type=testproduct, code=testproduct-one, updateTime=Wed Aug 22 17:04:43 MDT 2018
INFO	thread=952	Exception executing task
java.lang.NullPointerException
	at gov.usgs.earthquake.product.FileContent.getDirectoryContents(FileContent.java:183)
	at gov.usgs.earthquake.product.FileContent.getDirectoryContents(FileContent.java:160)
	at gov.usgs.earthquake.product.io.DirectoryProductSource.streamTo(DirectoryProductSource.java:91)
	at gov.usgs.earthquake.product.io.ObjectProductHandler.getProduct(ObjectProductHandler.java:172)
	at gov.usgs.earthquake.distribution.FileProductStorage.getProduct(FileProductStorage.java:465)
	at gov.usgs.earthquake.indexer.ExternalIndexerListener.storeProduct(ExternalIndexerListener.java:195)
	at gov.usgs.earthquake.indexer.ExternalIndexerListener.onIndexerEvent(ExternalIndexerListener.java:129)
	at gov.usgs.earthquake.indexer.IndexerListenerCallable.call(IndexerListenerCallable.java:37)
	at gov.usgs.earthquake.indexer.IndexerListenerCallable.call(IndexerListenerCallable.java:12)
	at gov.usgs.util.ExecutorTask.run(ExecutorTask.java:183)
	at java.base/java.util.concurrent.Executors$RunnableAdapter.call(Executors.java:514)
	at java.base/java.util.concurrent.FutureTask.run(FutureTask.java:264)
	at java.base/java.util.concurrent.ThreadPoolExecutor.runWorker(ThreadPoolExecutor.java:1135)
	at java.base/java.util.concurrent.ThreadPoolExecutor$Worker.run(ThreadPoolExecutor.java:635)
	at java.base/java.lang.Thread.run(Thread.java:844)
FINE	thread=13	Eventindexid=2, eventid=ustestproduct-two, latitude=37, longitude=-122, time=Wed Aug 22 17:04:43 MDT 2018, deleted=false
FINE	thread=13	Eventindexid=2, eventid=ustestproduct-two, latitude=37, longitude=-122, time=Wed Aug 22 17:04:43 MDT 2018, deleted=false
FINE	thread=13	[null] notifying listeners
INFO	thread=13	[null] indexed product id=urn:usgs-product:us:testproduct:testproduct-two:1534979083587, status=UPDATE
EVENT_ADDED null => ustestproduct-two
WARNING	thread=949	[null] exception while storing product, removing incomplete product
java.io.IOException: Unable to create directory /Users/jmfee/Documents/git/pdl/_test_storage_/testproduct/testproduct-two/us/1534979083587
	at gov.usgs.util.StreamUtils.getOutputStream(StreamUtils.java:154)
	at gov.usgs.util.StreamUtils.getOutputStream(StreamUtils.java:185)
	at gov.usgs.earthquake.product.io.DirectoryProductHandler.onEndProduct(DirectoryProductHandler.java:68)
	at gov.usgs.earthquake.product.io.FilterProductHandler.onEndProduct(FilterProductHandler.java:71)
	at gov.usgs.earthquake.distribution.FileProductStorage$StorageProductOutput.onEndProduct(FileProductStorage.java:855)
	at gov.usgs.earthquake.product.io.ObjectProductSource.sendEndProduct(ObjectProductSource.java:166)
	at gov.usgs.earthquake.product.io.ObjectProductSource.streamTo(ObjectProductSource.java:62)
	at gov.usgs.earthquake.distribution.FileProductStorage.storeProductSource(FileProductStorage.java:693)
	at gov.usgs.earthquake.distribution.FileProductStorage.storeProduct(FileProductStorage.java:675)
	at gov.usgs.earthquake.indexer.ExternalIndexerListener.storeProduct(ExternalIndexerListener.java:194)
	at gov.usgs.earthquake.indexer.ExternalIndexerListener.onIndexerEvent(ExternalIndexerListener.java:129)
	at gov.usgs.earthquake.indexer.IndexerListenerCallable.call(IndexerListenerCallable.java:37)
	at gov.usgs.earthquake.indexer.IndexerListenerCallable.call(IndexerListenerCallable.java:12)
	at gov.usgs.util.ExecutorTask.run(ExecutorTask.java:183)
	at java.base/java.util.concurrent.Executors$RunnableAdapter.call(Executors.java:514)
	at java.base/java.util.concurrent.FutureTask.run(FutureTask.java:264)
	at java.base/java.util.concurrent.ThreadPoolExecutor.runWorker(ThreadPoolExecutor.java:1135)
	at java.base/java.util.concurrent.ThreadPoolExecutor$Worker.run(ThreadPoolExecutor.java:635)
	at java.base/java.lang.Thread.run(Thread.java:844)
WARNING	thread=949	[null] listener (null) threw exception, for product id=urn:usgs-product:us:testproduct:testproduct-two:1534979083587
java.io.IOException: Unable to create directory /Users/jmfee/Documents/git/pdl/_test_storage_/testproduct/testproduct-two/us/1534979083587
	at gov.usgs.util.StreamUtils.getOutputStream(StreamUtils.java:154)
	at gov.usgs.util.StreamUtils.getOutputStream(StreamUtils.java:185)
	at gov.usgs.earthquake.product.io.DirectoryProductHandler.onEndProduct(DirectoryProductHandler.java:68)
	at gov.usgs.earthquake.product.io.FilterProductHandler.onEndProduct(FilterProductHandler.java:71)
	at gov.usgs.earthquake.distribution.FileProductStorage$StorageProductOutput.onEndProduct(FileProductStorage.java:855)
	at gov.usgs.earthquake.product.io.ObjectProductSource.sendEndProduct(ObjectProductSource.java:166)
	at gov.usgs.earthquake.product.io.ObjectProductSource.streamTo(ObjectProductSource.java:62)
	at gov.usgs.earthquake.distribution.FileProductStorage.storeProductSource(FileProductStorage.java:693)
	at gov.usgs.earthquake.distribution.FileProductStorage.storeProduct(FileProductStorage.java:675)
	at gov.usgs.earthquake.indexer.ExternalIndexerListener.storeProduct(ExternalIndexerListener.java:194)
	at gov.usgs.earthquake.indexer.ExternalIndexerListener.onIndexerEvent(ExternalIndexerListener.java:129)
	at gov.usgs.earthquake.indexer.IndexerListenerCallable.call(IndexerListenerCallable.java:37)
	at gov.usgs.earthquake.indexer.IndexerListenerCallable.call(IndexerListenerCallable.java:12)
	at gov.usgs.util.ExecutorTask.run(ExecutorTask.java:183)
	at java.base/java.util.concurrent.Executors$RunnableAdapter.call(Executors.java:514)
	at java.base/java.util.concurrent.FutureTask.run(FutureTask.java:264)
	at java.base/java.util.concurrent.ThreadPoolExecutor.runWorker(ThreadPoolExecutor.java:1135)
	at java.base/java.util.concurrent.ThreadPoolExecutor$Worker.run(ThreadPoolExecutor.java:635)
	at java.base/java.lang.Thread.run(Thread.java:844)
FINE	thread=949	Exception: Unable to create directory /Users/jmfee/Documents/git/pdl/_test_storage_/testproduct/testproduct-two/us/1534979083587 source=us, type=testproduct, code=testproduct-two, updateTime=Wed Aug 22 17:04:43 MDT 2018
INFO	thread=949	Exception executing task
java.io.IOException: Unable to create directory /Users/jmfee/Documents/git/pdl/_test_storage_/testproduct/testproduct-two/us/1534979083587
	at gov.usgs.util.StreamUtils.getOutputStream(StreamUtils.java:154)
	at gov.usgs.util.StreamUtils.getOutputStream(StreamUtils.java:185)
	at gov.usgs.earthquake.product.io.DirectoryProductHandler.onEndProduct(DirectoryProductHandler.java:68)
	at gov.usgs.earthquake.product.io.FilterProductHandler.onEndProduct(FilterProductHandler.java:71)
	at gov.usgs.earthquake.distribution.FileProductStorage$StorageProductOutput.onEndProduct(FileProductStorage.java:855)
	at gov.usgs.earthquake.product.io.ObjectProductSource.sendEndProduct(ObjectProductSource.java:166)
	at gov.usgs.earthquake.product.io.ObjectProductSource.streamTo(ObjectProductSource.java:62)
	at gov.usgs.earthquake.distribution.FileProductStorage.storeProductSource(FileProductStorage.java:693)
	at gov.usgs.earthquake.distribution.FileProductStorage.storeProduct(FileProductStorage.java:675)
	at gov.usgs.earthquake.indexer.ExternalIndexerListener.storeProduct(ExternalIndexerListener.java:194)
	at gov.usgs.earthquake.indexer.ExternalIndexerListener.onIndexerEvent(ExternalIndexerListener.java:129)
	at gov.usgs.earthquake.indexer.IndexerListenerCallable.call(IndexerListenerCallable.java:37)
	at gov.usgs.earthquake.indexer.IndexerListenerCallable.call(IndexerListenerCallable.java:12)
	at gov.usgs.util.ExecutorTask.run(ExecutorTask.java:183)
	at java.base/java.util.concurrent.Executors$RunnableAdapter.call(Executors.java:514)
	at java.base/java.util.concurrent.FutureTask.run(FutureTask.java:264)
	at java.base/java.util.concurrent.ThreadPoolExecutor.runWorker(ThreadPoolExecutor.java:1135)
	at java.base/java.util.concurrent.ThreadPoolExecutor$Worker.run(ThreadPoolExecutor.java:635)
	at java.base/java.lang.Thread.run(Thread.java:844)
WARNING	thread=952	[null] listener (null) threw exception, for product id=urn:usgs-product:us:testproduct:testproduct-two:1534979083587
java.lang.NullPointerException
	at gov.usgs.earthquake.product.FileContent.getDirectoryContents(FileContent.java:183)
	at gov.usgs.earthquake.product.FileContent.getDirectoryContents(FileContent.java:160)
	at gov.usgs.earthquake.product.io.DirectoryProductSource.streamTo(DirectoryProductSource.java:91)
	at gov.usgs.earthquake.product.io.ObjectProductHandler.getProduct(ObjectProductHandler.java:172)
	at gov.usgs.earthquake.distribution.FileProductStorage.getProduct(FileProductStorage.java:465)
	at gov.usgs.earthquake.indexer.ExternalIndexerListener.storeProduct(ExternalIndexerListener.java:195)
	at gov.usgs.earthquake.indexer.ExternalIndexerListener.onIndexerEvent(ExternalIndexerListener.java:129)
	at gov.usgs.earthquake.indexer.IndexerListenerCallable.call(IndexerListenerCallable.java:37)
	at gov.usgs.earthquake.indexer.IndexerListenerCallable.call(IndexerListenerCallable.java:12)
	at gov.usgs.util.ExecutorTask.run(ExecutorTask.java:183)
	at java.base/java.util.concurrent.Executors$RunnableAdapter.call(Executors.java:514)
	at java.base/java.util.concurrent.FutureTask.run(FutureTask.java:264)
	at java.base/java.util.concurrent.ThreadPoolExecutor.runWorker(ThreadPoolExecutor.java:1135)
	at java.base/java.util.concurrent.ThreadPoolExecutor$Worker.run(ThreadPoolExecutor.java:635)
	at java.base/java.lang.Thread.run(Thread.java:844)
FINE	thread=952	Exception: null source=us, type=testproduct, code=testproduct-two, updateTime=Wed Aug 22 17:04:43 MDT 2018
INFO	thread=952	Exception executing task
java.lang.NullPointerException
	at gov.usgs.earthquake.product.FileContent.getDirectoryContents(FileContent.java:183)
	at gov.usgs.earthquake.product.FileContent.getDirectoryContents(FileContent.java:160)
	at gov.usgs.earthquake.product.io.DirectoryProductSource.streamTo(DirectoryProductSource.java:91)
	at gov.usgs.earthquake.product.io.ObjectProductHandler.getProduct(ObjectProductHandler.java:172)
	at gov.usgs.earthquake.distribution.FileProductStorage.getProduct(FileProductStorage.java:465)
	at gov.usgs.earthquake.indexer.ExternalIndexerListener.storeProduct(ExternalIndexerListener.java:195)
	at gov.usgs.earthquake.indexer.ExternalIndexerListener.onIndexerEvent(ExternalIndexerListener.java:129)
	at gov.usgs.earthquake.indexer.IndexerListenerCallable.call(IndexerListenerCallable.java:37)
	at gov.usgs.earthquake.indexer.IndexerListenerCallable.call(IndexerListenerCallable.java:12)
	at gov.usgs.util.ExecutorTask.run(ExecutorTask.java:183)
	at java.base/java.util.concurrent.Executors$RunnableAdapter.call(Executors.java:514)
	at java.base/java.util.concurrent.FutureTask.run(FutureTask.java:264)
	at java.base/java.util.concurrent.ThreadPoolExecutor.runWorker(ThreadPoolExecutor.java:1135)
	at java.base/java.util.concurrent.ThreadPoolExecutor$Worker.run(ThreadPoolExecutor.java:635)
	at java.base/java.lang.Thread.run(Thread.java:844)
FINE	thread=13	Eventindexid=2, eventid=ustestproduct-two, latitude=37, longitude=-122, time=Wed Aug 22 17:04:43 MDT 2018, deleted=false
FINE	thread=13	Eventindexid=2, eventid=ustestproduct-two, latitude=35, longitude=-118, time=Wed Aug 22 17:04:43 MDT 2018, deleted=false
FINE	thread=13	[null] notifying listeners
INFO	thread=13	[null] indexed product id=urn:usgs-product:us:testproduct:testproduct-two:1534979083649, status=UPDATE
EVENT_MERGED notustestproduct-one => null
EVENT_UPDATED ustestproduct-two => ustestproduct-two
WARNING	thread=952	[null] exception while storing product, removing incomplete product
java.io.IOException: Unable to create directory /Users/jmfee/Documents/git/pdl/_test_storage_/testproduct/testproduct-two/us/1534979083649
	at gov.usgs.util.StreamUtils.getOutputStream(StreamUtils.java:154)
	at gov.usgs.util.StreamUtils.getOutputStream(StreamUtils.java:185)
	at gov.usgs.earthquake.product.io.DirectoryProductHandler.onEndProduct(DirectoryProductHandler.java:68)
	at gov.usgs.earthquake.product.io.FilterProductHandler.onEndProduct(FilterProductHandler.java:71)
	at gov.usgs.earthquake.distribution.FileProductStorage$StorageProductOutput.onEndProduct(FileProductStorage.java:855)
	at gov.usgs.earthquake.product.io.ObjectProductSource.sendEndProduct(ObjectProductSource.java:166)
	at gov.usgs.earthquake.product.io.ObjectProductSource.streamTo(ObjectProductSource.java:62)
	at gov.usgs.earthquake.distribution.FileProductStorage.storeProductSource(FileProductStorage.java:693)
	at gov.usgs.earthquake.distribution.FileProductStorage.storeProduct(FileProductStorage.java:675)
	at gov.usgs.earthquake.indexer.ExternalIndexerListener.storeProduct(ExternalIndexerListener.java:194)
	at gov.usgs.earthquake.indexer.ExternalIndexerListener.onIndexerEvent(ExternalIndexerListener.java:129)
	at gov.usgs.earthquake.indexer.IndexerListenerCallable.call(IndexerListenerCallable.java:37)
	at gov.usgs.earthquake.indexer.IndexerListenerCallable.call(IndexerListenerCallable.java:12)
	at gov.usgs.util.ExecutorTask.run(ExecutorTask.java:183)
	at java.base/java.util.concurrent.Executors$RunnableAdapter.call(Executors.java:514)
	at java.base/java.util.concurrent.FutureTask.run(FutureTask.java:264)
	at java.base/java.util.concurrent.ThreadPoolExecutor.runWorker(ThreadPoolExecutor.java:1135)
	at java.base/java.util.concurrent.ThreadPoolExecutor$Worker.run(ThreadPoolExecutor.java:635)
	at java.base/java.lang.Thread.run(Thread.java:844)
WARNING	thread=949	[null] listener (null) threw exception, for product id=urn:usgs-product:us:testproduct:testproduct-two:1534979083649
java.lang.NullPointerException
	at gov.usgs.earthquake.product.FileContent.getDirectoryContents(FileContent.java:183)
	at gov.usgs.earthquake.product.FileContent.getDirectoryContents(FileContent.java:160)
	at gov.usgs.earthquake.product.io.DirectoryProductSource.streamTo(DirectoryProductSource.java:91)
	at gov.usgs.earthquake.product.io.ObjectProductHandler.getProduct(ObjectProductHandler.java:172)
	at gov.usgs.earthquake.distribution.FileProductStorage.getProduct(FileProductStorage.java:465)
	at gov.usgs.earthquake.indexer.ExternalIndexerListener.storeProduct(ExternalIndexerListener.java:195)
	at gov.usgs.earthquake.indexer.ExternalIndexerListener.onIndexerEvent(ExternalIndexerListener.java:129)
	at gov.usgs.earthquake.indexer.IndexerListenerCallable.call(IndexerListenerCallable.java:37)
	at gov.usgs.earthquake.indexer.IndexerListenerCallable.call(IndexerListenerCallable.java:12)
	at gov.usgs.util.ExecutorTask.run(ExecutorTask.java:183)
	at java.base/java.util.concurrent.Executors$RunnableAdapter.call(Executors.java:514)
	at java.base/java.util.concurrent.FutureTask.run(FutureTask.java:264)
	at java.base/java.util.concurrent.ThreadPoolExecutor.runWorker(ThreadPoolExecutor.java:1135)
	at java.base/java.util.concurrent.ThreadPoolExecutor$Worker.run(ThreadPoolExecutor.java:635)
	at java.base/java.lang.Thread.run(Thread.java:844)
FINE	thread=949	Exception: null source=us, type=testproduct, code=testproduct-two, updateTime=Wed Aug 22 17:04:43 MDT 2018
INFO	thread=949	Exception executing task
java.lang.NullPointerException
	at gov.usgs.earthquake.product.FileContent.getDirectoryContents(FileContent.java:183)
	at gov.usgs.earthquake.product.FileContent.getDirectoryContents(FileContent.java:160)
	at gov.usgs.earthquake.product.io.DirectoryProductSource.streamTo(DirectoryProductSource.java:91)
	at gov.usgs.earthquake.product.io.ObjectProductHandler.getProduct(ObjectProductHandler.java:172)
	at gov.usgs.earthquake.distribution.FileProductStorage.getProduct(FileProductStorage.java:465)
	at gov.usgs.earthquake.indexer.ExternalIndexerListener.storeProduct(ExternalIndexerListener.java:195)
	at gov.usgs.earthquake.indexer.ExternalIndexerListener.onIndexerEvent(ExternalIndexerListener.java:129)
	at gov.usgs.earthquake.indexer.IndexerListenerCallable.call(IndexerListenerCallable.java:37)
	at gov.usgs.earthquake.indexer.IndexerListenerCallable.call(IndexerListenerCallable.java:12)
	at gov.usgs.util.ExecutorTask.run(ExecutorTask.java:183)
	at java.base/java.util.concurrent.Executors$RunnableAdapter.call(Executors.java:514)
	at java.base/java.util.concurrent.FutureTask.run(FutureTask.java:264)
	at java.base/java.util.concurrent.ThreadPoolExecutor.runWorker(ThreadPoolExecutor.java:1135)
	at java.base/java.util.concurrent.ThreadPoolExecutor$Worker.run(ThreadPoolExecutor.java:635)
	at java.base/java.lang.Thread.run(Thread.java:844)
WARNING	thread=952	[null] listener (null) threw exception, for product id=urn:usgs-product:us:testproduct:testproduct-two:1534979083649
java.io.IOException: Unable to create directory /Users/jmfee/Documents/git/pdl/_test_storage_/testproduct/testproduct-two/us/1534979083649
	at gov.usgs.util.StreamUtils.getOutputStream(StreamUtils.java:154)
	at gov.usgs.util.StreamUtils.getOutputStream(StreamUtils.java:185)
	at gov.usgs.earthquake.product.io.DirectoryProductHandler.onEndProduct(DirectoryProductHandler.java:68)
	at gov.usgs.earthquake.product.io.FilterProductHandler.onEndProduct(FilterProductHandler.java:71)
	at gov.usgs.earthquake.distribution.FileProductStorage$StorageProductOutput.onEndProduct(FileProductStorage.java:855)
	at gov.usgs.earthquake.product.io.ObjectProductSource.sendEndProduct(ObjectProductSource.java:166)
	at gov.usgs.earthquake.product.io.ObjectProductSource.streamTo(ObjectProductSource.java:62)
	at gov.usgs.earthquake.distribution.FileProductStorage.storeProductSource(FileProductStorage.java:693)
	at gov.usgs.earthquake.distribution.FileProductStorage.storeProduct(FileProductStorage.java:675)
	at gov.usgs.earthquake.indexer.ExternalIndexerListener.storeProduct(ExternalIndexerListener.java:194)
	at gov.usgs.earthquake.indexer.ExternalIndexerListener.onIndexerEvent(ExternalIndexerListener.java:129)
	at gov.usgs.earthquake.indexer.IndexerListenerCallable.call(IndexerListenerCallable.java:37)
	at gov.usgs.earthquake.indexer.IndexerListenerCallable.call(IndexerListenerCallable.java:12)
	at gov.usgs.util.ExecutorTask.run(ExecutorTask.java:183)
	at java.base/java.util.concurrent.Executors$RunnableAdapter.call(Executors.java:514)
	at java.base/java.util.concurrent.FutureTask.run(FutureTask.java:264)
	at java.base/java.util.concurrent.ThreadPoolExecutor.runWorker(ThreadPoolExecutor.java:1135)
	at java.base/java.util.concurrent.ThreadPoolExecutor$Worker.run(ThreadPoolExecutor.java:635)
	at java.base/java.lang.Thread.run(Thread.java:844)
FINE	thread=952	Exception: Unable to create directory /Users/jmfee/Documents/git/pdl/_test_storage_/testproduct/testproduct-two/us/1534979083649 source=us, type=testproduct, code=testproduct-two, updateTime=Wed Aug 22 17:04:43 MDT 2018
INFO	thread=952	Exception executing task
java.io.IOException: Unable to create directory /Users/jmfee/Documents/git/pdl/_test_storage_/testproduct/testproduct-two/us/1534979083649
	at gov.usgs.util.StreamUtils.getOutputStream(StreamUtils.java:154)
	at gov.usgs.util.StreamUtils.getOutputStream(StreamUtils.java:185)
	at gov.usgs.earthquake.product.io.DirectoryProductHandler.onEndProduct(DirectoryProductHandler.java:68)
	at gov.usgs.earthquake.product.io.FilterProductHandler.onEndProduct(FilterProductHandler.java:71)
	at gov.usgs.earthquake.distribution.FileProductStorage$StorageProductOutput.onEndProduct(FileProductStorage.java:855)
	at gov.usgs.earthquake.product.io.ObjectProductSource.sendEndProduct(ObjectProductSource.java:166)
	at gov.usgs.earthquake.product.io.ObjectProductSource.streamTo(ObjectProductSource.java:62)
	at gov.usgs.earthquake.distribution.FileProductStorage.storeProductSource(FileProductStorage.java:693)
	at gov.usgs.earthquake.distribution.FileProductStorage.storeProduct(FileProductStorage.java:675)
	at gov.usgs.earthquake.indexer.ExternalIndexerListener.storeProduct(ExternalIndexerListener.java:194)
	at gov.usgs.earthquake.indexer.ExternalIndexerListener.onIndexerEvent(ExternalIndexerListener.java:129)
	at gov.usgs.earthquake.indexer.IndexerListenerCallable.call(IndexerListenerCallable.java:37)
	at gov.usgs.earthquake.indexer.IndexerListenerCallable.call(IndexerListenerCallable.java:12)
	at gov.usgs.util.ExecutorTask.run(ExecutorTask.java:183)
	at java.base/java.util.concurrent.Executors$RunnableAdapter.call(Executors.java:514)
	at java.base/java.util.concurrent.FutureTask.run(FutureTask.java:264)
	at java.base/java.util.concurrent.ThreadPoolExecutor.runWorker(ThreadPoolExecutor.java:1135)
	at java.base/java.util.concurrent.ThreadPoolExecutor$Worker.run(ThreadPoolExecutor.java:635)
	at java.base/java.lang.Thread.run(Thread.java:844)
CONFIG	thread=13	[null] maxTries = 1
CONFIG	thread=13	[null] maxTries = 1
CONFIG	thread=13	[null] timeout = 0ms
CONFIG	thread=13	[null] retry delay = 300000ms
CONFIG	thread=13	[null] process duplicates = false
CONFIG	thread=13	[null] include paths = []
CONFIG	thread=13	[null] exclude paths = []
CONFIG	thread=13	[null] using storage directory /Users/jmfee/Documents/git/pdl/storage
CONFIG	thread=13	[null] loading ArchivePolicy 'testPolicy'
CONFIG	thread=13	[null] archive interval is '500'
CONFIG	thread=13	[null] no indexer modules configured.
CONFIG	thread=13	[null] no indexer listeners configured.
CONFIG	thread=13	[null] associateUsingCurrentProducts = false
FINE	thread=13	[null] notifying listeners
INFO	thread=13	[null] indexed product id=urn:usgs-product:us:testone:testproduct-one:1534979083728, status=UPDATE
PRODUCT_ADDED null => null
INFO	thread=962	Archiving disabled
INFO	thread=962	[null] purged 0 expired events and 0 expired unassociated products.
WARNING	thread=964	[null] exception while storing product, removing incomplete product
java.io.IOException: Unable to create directory /Users/jmfee/Documents/git/pdl/_test_storage_/testone/testproduct-one/us/1534979083728
	at gov.usgs.util.StreamUtils.getOutputStream(StreamUtils.java:154)
	at gov.usgs.util.StreamUtils.getOutputStream(StreamUtils.java:185)
	at gov.usgs.earthquake.product.io.DirectoryProductHandler.onEndProduct(DirectoryProductHandler.java:68)
	at gov.usgs.earthquake.product.io.FilterProductHandler.onEndProduct(FilterProductHandler.java:71)
	at gov.usgs.earthquake.distribution.FileProductStorage$StorageProductOutput.onEndProduct(FileProductStorage.java:855)
	at gov.usgs.earthquake.product.io.ObjectProductSource.sendEndProduct(ObjectProductSource.java:166)
	at gov.usgs.earthquake.product.io.ObjectProductSource.streamTo(ObjectProductSource.java:62)
	at gov.usgs.earthquake.distribution.FileProductStorage.storeProductSource(FileProductStorage.java:693)
	at gov.usgs.earthquake.distribution.FileProductStorage.storeProduct(FileProductStorage.java:675)
	at gov.usgs.earthquake.indexer.ExternalIndexerListener.storeProduct(ExternalIndexerListener.java:194)
	at gov.usgs.earthquake.indexer.ExternalIndexerListener.onIndexerEvent(ExternalIndexerListener.java:129)
	at gov.usgs.earthquake.indexer.IndexerListenerCallable.call(IndexerListenerCallable.java:37)
	at gov.usgs.earthquake.indexer.IndexerListenerCallable.call(IndexerListenerCallable.java:12)
	at gov.usgs.util.ExecutorTask.run(ExecutorTask.java:183)
	at java.base/java.util.concurrent.Executors$RunnableAdapter.call(Executors.java:514)
	at java.base/java.util.concurrent.FutureTask.run(FutureTask.java:264)
	at java.base/java.util.concurrent.ThreadPoolExecutor.runWorker(ThreadPoolExecutor.java:1135)
	at java.base/java.util.concurrent.ThreadPoolExecutor$Worker.run(ThreadPoolExecutor.java:635)
	at java.base/java.lang.Thread.run(Thread.java:844)
WARNING	thread=964	[null] listener (null) threw exception, for product id=urn:usgs-product:us:testone:testproduct-one:1534979083728
java.io.IOException: Unable to create directory /Users/jmfee/Documents/git/pdl/_test_storage_/testone/testproduct-one/us/1534979083728
	at gov.usgs.util.StreamUtils.getOutputStream(StreamUtils.java:154)
	at gov.usgs.util.StreamUtils.getOutputStream(StreamUtils.java:185)
	at gov.usgs.earthquake.product.io.DirectoryProductHandler.onEndProduct(DirectoryProductHandler.java:68)
	at gov.usgs.earthquake.product.io.FilterProductHandler.onEndProduct(FilterProductHandler.java:71)
	at gov.usgs.earthquake.distribution.FileProductStorage$StorageProductOutput.onEndProduct(FileProductStorage.java:855)
	at gov.usgs.earthquake.product.io.ObjectProductSource.sendEndProduct(ObjectProductSource.java:166)
	at gov.usgs.earthquake.product.io.ObjectProductSource.streamTo(ObjectProductSource.java:62)
	at gov.usgs.earthquake.distribution.FileProductStorage.storeProductSource(FileProductStorage.java:693)
	at gov.usgs.earthquake.distribution.FileProductStorage.storeProduct(FileProductStorage.java:675)
	at gov.usgs.earthquake.indexer.ExternalIndexerListener.storeProduct(ExternalIndexerListener.java:194)
	at gov.usgs.earthquake.indexer.ExternalIndexerListener.onIndexerEvent(ExternalIndexerListener.java:129)
	at gov.usgs.earthquake.indexer.IndexerListenerCallable.call(IndexerListenerCallable.java:37)
	at gov.usgs.earthquake.indexer.IndexerListenerCallable.call(IndexerListenerCallable.java:12)
	at gov.usgs.util.ExecutorTask.run(ExecutorTask.java:183)
	at java.base/java.util.concurrent.Executors$RunnableAdapter.call(Executors.java:514)
	at java.base/java.util.concurrent.FutureTask.run(FutureTask.java:264)
	at java.base/java.util.concurrent.ThreadPoolExecutor.runWorker(ThreadPoolExecutor.java:1135)
	at java.base/java.util.concurrent.ThreadPoolExecutor$Worker.run(ThreadPoolExecutor.java:635)
	at java.base/java.lang.Thread.run(Thread.java:844)
FINE	thread=964	Exception: Unable to create directory /Users/jmfee/Documents/git/pdl/_test_storage_/testone/testproduct-one/us/1534979083728 source=us, type=testone, code=testproduct-one, updateTime=Wed Aug 22 17:04:43 MDT 2018
INFO	thread=964	Exception executing task
java.io.IOException: Unable to create directory /Users/jmfee/Documents/git/pdl/_test_storage_/testone/testproduct-one/us/1534979083728
	at gov.usgs.util.StreamUtils.getOutputStream(StreamUtils.java:154)
	at gov.usgs.util.StreamUtils.getOutputStream(StreamUtils.java:185)
	at gov.usgs.earthquake.product.io.DirectoryProductHandler.onEndProduct(DirectoryProductHandler.java:68)
	at gov.usgs.earthquake.product.io.FilterProductHandler.onEndProduct(FilterProductHandler.java:71)
	at gov.usgs.earthquake.distribution.FileProductStorage$StorageProductOutput.onEndProduct(FileProductStorage.java:855)
	at gov.usgs.earthquake.product.io.ObjectProductSource.sendEndProduct(ObjectProductSource.java:166)
	at gov.usgs.earthquake.product.io.ObjectProductSource.streamTo(ObjectProductSource.java:62)
	at gov.usgs.earthquake.distribution.FileProductStorage.storeProductSource(FileProductStorage.java:693)
	at gov.usgs.earthquake.distribution.FileProductStorage.storeProduct(FileProductStorage.java:675)
	at gov.usgs.earthquake.indexer.ExternalIndexerListener.storeProduct(ExternalIndexerListener.java:194)
	at gov.usgs.earthquake.indexer.ExternalIndexerListener.onIndexerEvent(ExternalIndexerListener.java:129)
	at gov.usgs.earthquake.indexer.IndexerListenerCallable.call(IndexerListenerCallable.java:37)
	at gov.usgs.earthquake.indexer.IndexerListenerCallable.call(IndexerListenerCallable.java:12)
	at gov.usgs.util.ExecutorTask.run(ExecutorTask.java:183)
	at java.base/java.util.concurrent.Executors$RunnableAdapter.call(Executors.java:514)
	at java.base/java.util.concurrent.FutureTask.run(FutureTask.java:264)
	at java.base/java.util.concurrent.ThreadPoolExecutor.runWorker(ThreadPoolExecutor.java:1135)
	at java.base/java.util.concurrent.ThreadPoolExecutor$Worker.run(ThreadPoolExecutor.java:635)
	at java.base/java.lang.Thread.run(Thread.java:844)
WARNING	thread=966	[null] listener (null) threw exception, for product id=urn:usgs-product:us:testone:testproduct-one:1534979083728
java.lang.NullPointerException
	at gov.usgs.earthquake.product.FileContent.getDirectoryContents(FileContent.java:183)
	at gov.usgs.earthquake.product.FileContent.getDirectoryContents(FileContent.java:160)
	at gov.usgs.earthquake.product.io.DirectoryProductSource.streamTo(DirectoryProductSource.java:91)
	at gov.usgs.earthquake.product.io.ObjectProductHandler.getProduct(ObjectProductHandler.java:172)
	at gov.usgs.earthquake.distribution.FileProductStorage.getProduct(FileProductStorage.java:465)
	at gov.usgs.earthquake.indexer.ExternalIndexerListener.storeProduct(ExternalIndexerListener.java:195)
	at gov.usgs.earthquake.indexer.ExternalIndexerListener.onIndexerEvent(ExternalIndexerListener.java:129)
	at gov.usgs.earthquake.indexer.IndexerListenerCallable.call(IndexerListenerCallable.java:37)
	at gov.usgs.earthquake.indexer.IndexerListenerCallable.call(IndexerListenerCallable.java:12)
	at gov.usgs.util.ExecutorTask.run(ExecutorTask.java:183)
	at java.base/java.util.concurrent.Executors$RunnableAdapter.call(Executors.java:514)
	at java.base/java.util.concurrent.FutureTask.run(FutureTask.java:264)
	at java.base/java.util.concurrent.ThreadPoolExecutor.runWorker(ThreadPoolExecutor.java:1135)
	at java.base/java.util.concurrent.ThreadPoolExecutor$Worker.run(ThreadPoolExecutor.java:635)
	at java.base/java.lang.Thread.run(Thread.java:844)
FINE	thread=966	Exception: null source=us, type=testone, code=testproduct-one, updateTime=Wed Aug 22 17:04:43 MDT 2018
INFO	thread=966	Exception executing task
java.lang.NullPointerException
	at gov.usgs.earthquake.product.FileContent.getDirectoryContents(FileContent.java:183)
	at gov.usgs.earthquake.product.FileContent.getDirectoryContents(FileContent.java:160)
	at gov.usgs.earthquake.product.io.DirectoryProductSource.streamTo(DirectoryProductSource.java:91)
	at gov.usgs.earthquake.product.io.ObjectProductHandler.getProduct(ObjectProductHandler.java:172)
	at gov.usgs.earthquake.distribution.FileProductStorage.getProduct(FileProductStorage.java:465)
	at gov.usgs.earthquake.indexer.ExternalIndexerListener.storeProduct(ExternalIndexerListener.java:195)
	at gov.usgs.earthquake.indexer.ExternalIndexerListener.onIndexerEvent(ExternalIndexerListener.java:129)
	at gov.usgs.earthquake.indexer.IndexerListenerCallable.call(IndexerListenerCallable.java:37)
	at gov.usgs.earthquake.indexer.IndexerListenerCallable.call(IndexerListenerCallable.java:12)
	at gov.usgs.util.ExecutorTask.run(ExecutorTask.java:183)
	at java.base/java.util.concurrent.Executors$RunnableAdapter.call(Executors.java:514)
	at java.base/java.util.concurrent.FutureTask.run(FutureTask.java:264)
	at java.base/java.util.concurrent.ThreadPoolExecutor.runWorker(ThreadPoolExecutor.java:1135)
	at java.base/java.util.concurrent.ThreadPoolExecutor$Worker.run(ThreadPoolExecutor.java:635)
	at java.base/java.lang.Thread.run(Thread.java:844)
FINE	thread=13	Eventindexid=1, eventid=ustestproduct-one, latitude=35, longitude=-118, time=Wed Aug 22 17:04:43 MDT 2018, deleted=false
FINE	thread=13	Eventindexid=1, eventid=ustestproduct-one, latitude=35, longitude=-118, time=Wed Aug 22 17:04:43 MDT 2018, deleted=false
FINE	thread=13	[null] notifying listeners
INFO	thread=13	[null] indexed product id=urn:usgs-product:us:testtwo:testproduct-one:1534979083785, status=UPDATE
EVENT_ADDED null => ustestproduct-one
WARNING	thread=964	[null] exception while storing product, removing incomplete product
java.io.IOException: Unable to create directory /Users/jmfee/Documents/git/pdl/_test_storage_/testtwo/testproduct-one/us/1534979083785
	at gov.usgs.util.StreamUtils.getOutputStream(StreamUtils.java:154)
	at gov.usgs.util.StreamUtils.getOutputStream(StreamUtils.java:185)
	at gov.usgs.earthquake.product.io.DirectoryProductHandler.onEndProduct(DirectoryProductHandler.java:68)
	at gov.usgs.earthquake.product.io.FilterProductHandler.onEndProduct(FilterProductHandler.java:71)
	at gov.usgs.earthquake.distribution.FileProductStorage$StorageProductOutput.onEndProduct(FileProductStorage.java:855)
	at gov.usgs.earthquake.product.io.ObjectProductSource.sendEndProduct(ObjectProductSource.java:166)
	at gov.usgs.earthquake.product.io.ObjectProductSource.streamTo(ObjectProductSource.java:62)
	at gov.usgs.earthquake.distribution.FileProductStorage.storeProductSource(FileProductStorage.java:693)
	at gov.usgs.earthquake.distribution.FileProductStorage.storeProduct(FileProductStorage.java:675)
	at gov.usgs.earthquake.indexer.ExternalIndexerListener.storeProduct(ExternalIndexerListener.java:194)
	at gov.usgs.earthquake.indexer.ExternalIndexerListener.onIndexerEvent(ExternalIndexerListener.java:129)
	at gov.usgs.earthquake.indexer.IndexerListenerCallable.call(IndexerListenerCallable.java:37)
	at gov.usgs.earthquake.indexer.IndexerListenerCallable.call(IndexerListenerCallable.java:12)
	at gov.usgs.util.ExecutorTask.run(ExecutorTask.java:183)
	at java.base/java.util.concurrent.Executors$RunnableAdapter.call(Executors.java:514)
	at java.base/java.util.concurrent.FutureTask.run(FutureTask.java:264)
	at java.base/java.util.concurrent.ThreadPoolExecutor.runWorker(ThreadPoolExecutor.java:1135)
	at java.base/java.util.concurrent.ThreadPoolExecutor$Worker.run(ThreadPoolExecutor.java:635)
	at java.base/java.lang.Thread.run(Thread.java:844)
WARNING	thread=966	[null] listener (null) threw exception, for product id=urn:usgs-product:us:testtwo:testproduct-one:1534979083785
java.io.FileNotFoundException: _test_storage_/testtwo/testproduct-one/us/1534979083785/product.xml (No such file or directory)
	at java.base/java.io.FileInputStream.open0(Native Method)
	at java.base/java.io.FileInputStream.open(FileInputStream.java:220)
	at java.base/java.io.FileInputStream.<init>(FileInputStream.java:158)
	at gov.usgs.util.StreamUtils.getInputStream(StreamUtils.java:60)
	at gov.usgs.earthquake.product.io.DirectoryProductSource.streamTo(DirectoryProductSource.java:55)
	at gov.usgs.earthquake.product.io.ObjectProductHandler.getProduct(ObjectProductHandler.java:172)
	at gov.usgs.earthquake.distribution.FileProductStorage.getProduct(FileProductStorage.java:465)
	at gov.usgs.earthquake.indexer.ExternalIndexerListener.storeProduct(ExternalIndexerListener.java:195)
	at gov.usgs.earthquake.indexer.ExternalIndexerListener.onIndexerEvent(ExternalIndexerListener.java:129)
	at gov.usgs.earthquake.indexer.IndexerListenerCallable.call(IndexerListenerCallable.java:37)
	at gov.usgs.earthquake.indexer.IndexerListenerCallable.call(IndexerListenerCallable.java:12)
	at gov.usgs.util.ExecutorTask.run(ExecutorTask.java:183)
	at java.base/java.util.concurrent.Executors$RunnableAdapter.call(Executors.java:514)
	at java.base/java.util.concurrent.FutureTask.run(FutureTask.java:264)
	at java.base/java.util.concurrent.ThreadPoolExecutor.runWorker(ThreadPoolExecutor.java:1135)
	at java.base/java.util.concurrent.ThreadPoolExecutor$Worker.run(ThreadPoolExecutor.java:635)
	at java.base/java.lang.Thread.run(Thread.java:844)
FINE	thread=966	Exception: _test_storage_/testtwo/testproduct-one/us/1534979083785/product.xml (No such file or directory) source=us, type=testtwo, code=testproduct-one, updateTime=Wed Aug 22 17:04:43 MDT 2018
WARNING	thread=964	[null] listener (null) threw exception, for product id=urn:usgs-product:us:testtwo:testproduct-one:1534979083785
java.io.IOException: Unable to create directory /Users/jmfee/Documents/git/pdl/_test_storage_/testtwo/testproduct-one/us/1534979083785
	at gov.usgs.util.StreamUtils.getOutputStream(StreamUtils.java:154)
	at gov.usgs.util.StreamUtils.getOutputStream(StreamUtils.java:185)
	at gov.usgs.earthquake.product.io.DirectoryProductHandler.onEndProduct(DirectoryProductHandler.java:68)
	at gov.usgs.earthquake.product.io.FilterProductHandler.onEndProduct(FilterProductHandler.java:71)
	at gov.usgs.earthquake.distribution.FileProductStorage$StorageProductOutput.onEndProduct(FileProductStorage.java:855)
	at gov.usgs.earthquake.product.io.ObjectProductSource.sendEndProduct(ObjectProductSource.java:166)
	at gov.usgs.earthquake.product.io.ObjectProductSource.streamTo(ObjectProductSource.java:62)
	at gov.usgs.earthquake.distribution.FileProductStorage.storeProductSource(FileProductStorage.java:693)
	at gov.usgs.earthquake.distribution.FileProductStorage.storeProduct(FileProductStorage.java:675)
	at gov.usgs.earthquake.indexer.ExternalIndexerListener.storeProduct(ExternalIndexerListener.java:194)
	at gov.usgs.earthquake.indexer.ExternalIndexerListener.onIndexerEvent(ExternalIndexerListener.java:129)
	at gov.usgs.earthquake.indexer.IndexerListenerCallable.call(IndexerListenerCallable.java:37)
	at gov.usgs.earthquake.indexer.IndexerListenerCallable.call(IndexerListenerCallable.java:12)
	at gov.usgs.util.ExecutorTask.run(ExecutorTask.java:183)
	at java.base/java.util.concurrent.Executors$RunnableAdapter.call(Executors.java:514)
	at java.base/java.util.concurrent.FutureTask.run(FutureTask.java:264)
	at java.base/java.util.concurrent.ThreadPoolExecutor.runWorker(ThreadPoolExecutor.java:1135)
	at java.base/java.util.concurrent.ThreadPoolExecutor$Worker.run(ThreadPoolExecutor.java:635)
	at java.base/java.lang.Thread.run(Thread.java:844)
FINE	thread=964	Exception: Unable to create directory /Users/jmfee/Documents/git/pdl/_test_storage_/testtwo/testproduct-one/us/1534979083785 source=us, type=testtwo, code=testproduct-one, updateTime=Wed Aug 22 17:04:43 MDT 2018
INFO	thread=966	Exception executing task
java.io.FileNotFoundException: _test_storage_/testtwo/testproduct-one/us/1534979083785/product.xml (No such file or directory)
	at java.base/java.io.FileInputStream.open0(Native Method)
	at java.base/java.io.FileInputStream.open(FileInputStream.java:220)
	at java.base/java.io.FileInputStream.<init>(FileInputStream.java:158)
	at gov.usgs.util.StreamUtils.getInputStream(StreamUtils.java:60)
	at gov.usgs.earthquake.product.io.DirectoryProductSource.streamTo(DirectoryProductSource.java:55)
	at gov.usgs.earthquake.product.io.ObjectProductHandler.getProduct(ObjectProductHandler.java:172)
	at gov.usgs.earthquake.distribution.FileProductStorage.getProduct(FileProductStorage.java:465)
	at gov.usgs.earthquake.indexer.ExternalIndexerListener.storeProduct(ExternalIndexerListener.java:195)
	at gov.usgs.earthquake.indexer.ExternalIndexerListener.onIndexerEvent(ExternalIndexerListener.java:129)
	at gov.usgs.earthquake.indexer.IndexerListenerCallable.call(IndexerListenerCallable.java:37)
	at gov.usgs.earthquake.indexer.IndexerListenerCallable.call(IndexerListenerCallable.java:12)
	at gov.usgs.util.ExecutorTask.run(ExecutorTask.java:183)
	at java.base/java.util.concurrent.Executors$RunnableAdapter.call(Executors.java:514)
	at java.base/java.util.concurrent.FutureTask.run(FutureTask.java:264)
	at java.base/java.util.concurrent.ThreadPoolExecutor.runWorker(ThreadPoolExecutor.java:1135)
	at java.base/java.util.concurrent.ThreadPoolExecutor$Worker.run(ThreadPoolExecutor.java:635)
	at java.base/java.lang.Thread.run(Thread.java:844)
INFO	thread=964	Exception executing task
java.io.IOException: Unable to create directory /Users/jmfee/Documents/git/pdl/_test_storage_/testtwo/testproduct-one/us/1534979083785
	at gov.usgs.util.StreamUtils.getOutputStream(StreamUtils.java:154)
	at gov.usgs.util.StreamUtils.getOutputStream(StreamUtils.java:185)
	at gov.usgs.earthquake.product.io.DirectoryProductHandler.onEndProduct(DirectoryProductHandler.java:68)
	at gov.usgs.earthquake.product.io.FilterProductHandler.onEndProduct(FilterProductHandler.java:71)
	at gov.usgs.earthquake.distribution.FileProductStorage$StorageProductOutput.onEndProduct(FileProductStorage.java:855)
	at gov.usgs.earthquake.product.io.ObjectProductSource.sendEndProduct(ObjectProductSource.java:166)
	at gov.usgs.earthquake.product.io.ObjectProductSource.streamTo(ObjectProductSource.java:62)
	at gov.usgs.earthquake.distribution.FileProductStorage.storeProductSource(FileProductStorage.java:693)
	at gov.usgs.earthquake.distribution.FileProductStorage.storeProduct(FileProductStorage.java:675)
	at gov.usgs.earthquake.indexer.ExternalIndexerListener.storeProduct(ExternalIndexerListener.java:194)
	at gov.usgs.earthquake.indexer.ExternalIndexerListener.onIndexerEvent(ExternalIndexerListener.java:129)
	at gov.usgs.earthquake.indexer.IndexerListenerCallable.call(IndexerListenerCallable.java:37)
	at gov.usgs.earthquake.indexer.IndexerListenerCallable.call(IndexerListenerCallable.java:12)
	at gov.usgs.util.ExecutorTask.run(ExecutorTask.java:183)
	at java.base/java.util.concurrent.Executors$RunnableAdapter.call(Executors.java:514)
	at java.base/java.util.concurrent.FutureTask.run(FutureTask.java:264)
	at java.base/java.util.concurrent.ThreadPoolExecutor.runWorker(ThreadPoolExecutor.java:1135)
	at java.base/java.util.concurrent.ThreadPoolExecutor$Worker.run(ThreadPoolExecutor.java:635)
	at java.base/java.lang.Thread.run(Thread.java:844)
CONFIG	thread=13	[null] maxTries = 1
CONFIG	thread=13	[null] maxTries = 1
CONFIG	thread=13	[null] timeout = 0ms
CONFIG	thread=13	[null] retry delay = 300000ms
CONFIG	thread=13	[null] process duplicates = false
CONFIG	thread=13	[null] include paths = []
CONFIG	thread=13	[null] exclude paths = []
CONFIG	thread=13	[null] using storage directory /Users/jmfee/Documents/git/pdl/storage
CONFIG	thread=13	[null] loading ArchivePolicy 'testPolicy'
CONFIG	thread=13	[null] archive interval is '500'
CONFIG	thread=13	[null] no indexer modules configured.
CONFIG	thread=13	[null] no indexer listeners configured.
CONFIG	thread=13	[null] associateUsingCurrentProducts = false
INFO	thread=973	Archiving disabled
INFO	thread=973	[null] purged 0 expired events and 0 expired unassociated products.
FINE	thread=13	Digest='kL41NBO2TfbWGFsdi/gapB9cqKM=' , 2ms
FINE	thread=13	Eventindexid=1, eventid=usabcd1234, latitude=0, longitude=0, time=Wed Aug 22 17:04:43 MDT 2018, deleted=false
FINE	thread=13	Eventindexid=1, eventid=usabcd1234, latitude=0, longitude=0, time=Wed Aug 22 17:04:43 MDT 2018, deleted=false
FINE	thread=13	[null] notifying listeners
INFO	thread=13	[null] indexed product id=urn:usgs-product:us:shakemap:abcd1234:1534979083851, status=UPDATE
EVENT_ADDED null => usabcd1234
INFO	thread=974	[null] running command echo --preferred-eventid=usabcd1234 --preferred-eventsource=us --preferred-eventsourcecode=abcd1234 --eventids=usabcd1234 --preferred-magnitude=null --preferred-latitude=0 --preferred-longitude=0 --preferred-depth=null --preferred-eventtime=2018-08-22T23:04:43.855Z --directory=/Users/jmfee/Documents/git/pdl/_test_storage_/shakemap/abcd1234/us/1534979083851 --type=shakemap --code=abcd1234 --source=us --updateTime=2018-08-22T23:04:43.851Z --status=UPDATE --trackerURL=http://localhost/tracker "--property-testprop=testvalue" "--property-latitude=0" "--property-eventsourcecode=abcd1234" "--property-eventtime=2018-08-22T23:04:43.855Z" "--property-eventsource=us" "--property-longitude=0" --link-testrelation=http://google.com/ --content --contentType=text/html --signature=MC0CFQCGg98ScQJMQSArrikkPp0hckN8NgIUZaafsS2pmu7hWGjMwExbf51mxH4= --action=EVENT_ADDED
INFO	thread=975	[null] running command echo --preferred-eventid=usabcd1234 --preferred-eventsource=us --preferred-eventsourcecode=abcd1234 --eventids=usabcd1234 --preferred-magnitude=null --preferred-latitude=0 --preferred-longitude=0 --preferred-depth=null --preferred-eventtime=2018-08-22T23:04:43.855Z --directory=/Users/jmfee/Documents/git/pdl/_test_storage_/shakemap/abcd1234/us/1534979083851 --type=shakemap --code=abcd1234 --source=us --updateTime=2018-08-22T23:04:43.851Z --status=UPDATE --trackerURL=http://localhost/tracker "--property-testprop=testvalue" "--property-latitude=0" "--property-eventsourcecode=abcd1234" "--property-eventtime=2018-08-22T23:04:43.855Z" "--property-eventsource=us" "--property-longitude=0" --link-testrelation=http://google.com/ --content --contentType=text/html --signature=MC0CFQCGg98ScQJMQSArrikkPp0hckN8NgIUZaafsS2pmu7hWGjMwExbf51mxH4= --action=EVENT_ADDED
INFO	thread=974	[null] command 'echo --preferred-eventid=usabcd1234 --preferred-eventsource=us --preferred-eventsourcecode=abcd1234 --eventids=usabcd1234 --preferred-magnitude=null --preferred-latitude=0 --preferred-longitude=0 --preferred-depth=null --preferred-eventtime=2018-08-22T23:04:43.855Z --directory=/Users/jmfee/Documents/git/pdl/_test_storage_/shakemap/abcd1234/us/1534979083851 --type=shakemap --code=abcd1234 --source=us --updateTime=2018-08-22T23:04:43.851Z --status=UPDATE --trackerURL=http://localhost/tracker "--property-testprop=testvalue" "--property-latitude=0" "--property-eventsourcecode=abcd1234" "--property-eventtime=2018-08-22T23:04:43.855Z" "--property-eventsource=us" "--property-longitude=0" --link-testrelation=http://google.com/ --content --contentType=text/html --signature=MC0CFQCGg98ScQJMQSArrikkPp0hckN8NgIUZaafsS2pmu7hWGjMwExbf51mxH4= --action=EVENT_ADDED' exited with status '0'
INFO	thread=975	[null] command 'echo --preferred-eventid=usabcd1234 --preferred-eventsource=us --preferred-eventsourcecode=abcd1234 --eventids=usabcd1234 --preferred-magnitude=null --preferred-latitude=0 --preferred-longitude=0 --preferred-depth=null --preferred-eventtime=2018-08-22T23:04:43.855Z --directory=/Users/jmfee/Documents/git/pdl/_test_storage_/shakemap/abcd1234/us/1534979083851 --type=shakemap --code=abcd1234 --source=us --updateTime=2018-08-22T23:04:43.851Z --status=UPDATE --trackerURL=http://localhost/tracker "--property-testprop=testvalue" "--property-latitude=0" "--property-eventsourcecode=abcd1234" "--property-eventtime=2018-08-22T23:04:43.855Z" "--property-eventsource=us" "--property-longitude=0" --link-testrelation=http://google.com/ --content --contentType=text/html --signature=MC0CFQCGg98ScQJMQSArrikkPp0hckN8NgIUZaafsS2pmu7hWGjMwExbf51mxH4= --action=EVENT_ADDED' exited with status '0'
FINE	thread=13	Eventindexid=1, eventid=usabcd1234, latitude=0, longitude=0, time=Wed Aug 22 17:04:43 MDT 2018, deleted=false
FINE	thread=13	Eventindexid=1, eventid=usabcd1234, latitude=0, longitude=0, time=Wed Aug 22 17:04:43 MDT 2018, deleted=false
FINE	thread=13	[null] notifying listeners
INFO	thread=13	[null] indexed product id=urn:usgs-product:us:shakemap:abcd1234:1534979083919, status=UPDATE
EVENT_UPDATED usabcd1234 => usabcd1234
INFO	thread=975	[null] running command echo --preferred-eventid=usabcd1234 --preferred-eventsource=us --preferred-eventsourcecode=abcd1234 --eventids=usabcd1234 --preferred-magnitude=null --preferred-latitude=0 --preferred-longitude=0 --preferred-depth=null --preferred-eventtime=2018-08-22T23:04:43.855Z --directory=/Users/jmfee/Documents/git/pdl/_test_storage_/shakemap/abcd1234/us/1534979083919 --type=shakemap --code=abcd1234 --source=us --updateTime=2018-08-22T23:04:43.919Z --status=UPDATE --trackerURL=http://localhost/tracker "--property-testprop=testvalue" "--property-latitude=0" "--property-eventsourcecode=abcd1234" "--property-eventtime=2018-08-22T23:04:43.855Z" "--property-eventsource=us" "--property-longitude=0" --link-testrelation=http://google.com/ --content --contentType=text/html --signature=MC0CFQCGg98ScQJMQSArrikkPp0hckN8NgIUZaafsS2pmu7hWGjMwExbf51mxH4= --action=EVENT_UPDATED
INFO	thread=975	[null] command 'echo --preferred-eventid=usabcd1234 --preferred-eventsource=us --preferred-eventsourcecode=abcd1234 --eventids=usabcd1234 --preferred-magnitude=null --preferred-latitude=0 --preferred-longitude=0 --preferred-depth=null --preferred-eventtime=2018-08-22T23:04:43.855Z --directory=/Users/jmfee/Documents/git/pdl/_test_storage_/shakemap/abcd1234/us/1534979083919 --type=shakemap --code=abcd1234 --source=us --updateTime=2018-08-22T23:04:43.919Z --status=UPDATE --trackerURL=http://localhost/tracker "--property-testprop=testvalue" "--property-latitude=0" "--property-eventsourcecode=abcd1234" "--property-eventtime=2018-08-22T23:04:43.855Z" "--property-eventsource=us" "--property-longitude=0" --link-testrelation=http://google.com/ --content --contentType=text/html --signature=MC0CFQCGg98ScQJMQSArrikkPp0hckN8NgIUZaafsS2pmu7hWGjMwExbf51mxH4= --action=EVENT_UPDATED' exited with status '0'
CONFIG	thread=13	[null] maxTries = 1
CONFIG	thread=13	[null] maxTries = 1
CONFIG	thread=13	[null] timeout = 0ms
CONFIG	thread=13	[null] retry delay = 300000ms
CONFIG	thread=13	[null] process duplicates = false
CONFIG	thread=13	[null] include paths = []
CONFIG	thread=13	[null] exclude paths = []
CONFIG	thread=13	[null] using storage directory /Users/jmfee/Documents/git/pdl/storage
CONFIG	thread=13	[null] loading ArchivePolicy 'testPolicy'
CONFIG	thread=13	[null] archive interval is '500'
CONFIG	thread=13	[null] no indexer modules configured.
CONFIG	thread=13	[null] no indexer listeners configured.
CONFIG	thread=13	[null] associateUsingCurrentProducts = false
INFO	thread=998	Archiving disabled

###
Wed Aug 22 17:04:43 MDT 2018
FINEST	thread=13	[null] storing product id=urn:usgs-product:us:origin:one:1534979083994
FINEST	thread=13	[null] acquiring write lock for product id=urn:usgs-product:us:origin:one:1534979083994
FINEST	thread=13	[null] acquired write lock for product id=urn:usgs-product:us:origin:one:1534979083994
FINEST	thread=13	[null] acquiring read lock for product id=urn:usgs-product:us:origin:one:1534979083994
FINEST	thread=13	[null] acquired read lock for product id=urn:usgs-product:us:origin:one:1534979083994
FINEST	thread=13	[null] releasing read lock for product id=urn:usgs-product:us:origin:one:1534979083994
FINEST	thread=13	[null] released read lock for product id=urn:usgs-product:us:origin:one:1534979083994
FINER	thread=13	[null] product stored id=urn:usgs-product:us:origin:one:1534979083994, status=UPDATE
FINEST	thread=13	[null] releasing write lock for product id=urn:usgs-product:us:origin:one:1534979083994
FINEST	thread=13	[null] released write lock for product id=urn:usgs-product:us:origin:one:1534979083994
FINEST	thread=13	[null] stored product id=urn:usgs-product:us:origin:one:1534979083994
FINER	thread=13	[null] summarizing product id=urn:usgs-product:us:origin:one:1534979083994
FINEST	thread=13	[null] beginning index transaction
FINER	thread=13	[null] finding previous version
FINEST	thread=13	[null] running query 
SELECT DISTINCT id FROM productSummary p WHERE p.id IS NOT NULL AND p.id = (SELECT id FROM productSummary ps WHERE ps.source='us' AND ps.type='origin' AND ps.code='one' AND ps.status <> 'DELETE' ORDER BY ps.updateTime DESC LIMIT 1) AND source='us' AND type='origin' AND code='one'
FINEST	thread=13	[null] query complete
FINER	thread=13	[null] finding previous event
FINEST	thread=13	Product Index Query
eventSearchType=SEARCH_EVENT_PRODUCTS
resultType=RESULT_TYPE_ALL
eventSource=us
eventSourceCode=one
FINEST	thread=13	Product Index Query
eventSearchType=SEARCH_EVENT_PREFERRED
resultType=RESULT_TYPE_ALL
minEventTime=Wed Aug 22 17:04:27 MDT 2018
maxEventTime=Wed Aug 22 17:04:59 MDT 2018
minEventLatitude=34.10007199424046075986183268469176255166530609130859375
maxEventLatitude=35.89992800575953924013816731530823744833469390869140625
minEventLongitude=-119.098609241146021986423875205218791961669921875
maxEventLongitude=-116.901390758853978013576124794781208038330078125
FINER	thread=13	[null] adding summary to index
FINEST	thread=13	[null] Added property eventsourcecode:one for product 1
FINEST	thread=13	[null] Added property eventtime:2018-08-22T23:04:43.994Z for product 1
FINEST	thread=13	[null] Added property eventsource:us for product 1
FINEST	thread=13	[null] Added property latitude:35 for product 1
FINEST	thread=13	[null] Added property longitude:-118 for product 1
FINEST	thread=13	[null] Added productSummary urn:usgs-product:us:origin:one:1534979083994, indexid=1 to product index
Wed Aug 22 17:04:44 MDT 2018
FINEST	thread=13	Added event id=1
FINEST	thread=13	[null] Added event to Product Index
FINER	thread=13	[null] Added associations event id=1, productSummary source=us, type=origin, code=one (id=1)
FINER	thread=13	[null] created event indexid=1
FINE	thread=13	Eventindexid=1, eventid=usone, latitude=35, longitude=-118, time=Wed Aug 22 17:04:43 MDT 2018, deleted=false
FINER	thread=13	Products in event
	status=UPDATE, id=urn:usgs-product:us:origin:one:1534979083994, eventid=usone, latitude=35, longitude=-118, time=Wed Aug 22 17:04:43 MDT 2018
FINER	thread=13	[null] checking for event merges
FINER	thread=13	[null] searching for unassociated products
FINER	thread=13	[null] search for unassociated products complete
FINER	thread=13	[null] updating event summary parameters
FINER	thread=13	[null] Updating event indexid=1
FINE	thread=13	Eventindexid=1, eventid=usone, latitude=35, longitude=-118, time=Wed Aug 22 17:04:43 MDT 2018, deleted=false
FINER	thread=13	Products in event
	status=UPDATE, id=urn:usgs-product:us:origin:one:1534979083994, eventid=usone, latitude=35, longitude=-118, time=Wed Aug 22 17:04:43 MDT 2018
FINEST	thread=13	[null] Updated event properties in Product Index
FINER	thread=13	[null] committing transaction
FINE	thread=13	[null] notifying listeners
INFO	thread=13	[null] indexed product id=urn:usgs-product:us:origin:one:1534979083994, status=UPDATE
EVENT_ADDED null => usone
FINEST	thread=1000	[null] acquiring read lock for product id=urn:usgs-product:us:origin:one:1534979083994
FINEST	thread=1000	[null] acquired read lock for product id=urn:usgs-product:us:origin:one:1534979083994
FINEST	thread=1002	[null] acquiring read lock for product id=urn:usgs-product:us:origin:one:1534979083994
FINEST	thread=1002	[null] acquired read lock for product id=urn:usgs-product:us:origin:one:1534979083994
FINEST	thread=1000	[null] releasing read lock for product id=urn:usgs-product:us:origin:one:1534979083994
FINEST	thread=1000	[null] released read lock for product id=urn:usgs-product:us:origin:one:1534979083994
FINEST	thread=1002	[null] releasing read lock for product id=urn:usgs-product:us:origin:one:1534979083994
FINEST	thread=1002	[null] released read lock for product id=urn:usgs-product:us:origin:one:1534979083994
FINER	thread=1002	[DirectoryProductSource] Product does not have any  URLContent. Scraping directory for files.
FINER	thread=1000	[DirectoryProductSource] Product does not have any  URLContent. Scraping directory for files.
FINEST	thread=1002	[null] acquiring write lock for product id=urn:usgs-product:us:origin:one:1534979083994
FINEST	thread=1000	[null] acquiring write lock for product id=urn:usgs-product:us:origin:one:1534979083994
FINEST	thread=1002	[null] acquired write lock for product id=urn:usgs-product:us:origin:one:1534979083994
FINEST	thread=1002	[null] acquiring read lock for product id=urn:usgs-product:us:origin:one:1534979083994
FINEST	thread=1002	[null] acquired read lock for product id=urn:usgs-product:us:origin:one:1534979083994
FINEST	thread=1002	[null] releasing read lock for product id=urn:usgs-product:us:origin:one:1534979083994
FINEST	thread=1002	[null] released read lock for product id=urn:usgs-product:us:origin:one:1534979083994
FINEST	thread=1000	[null] acquired write lock for product id=urn:usgs-product:us:origin:one:1534979083994
FINEST	thread=1000	[null] acquiring read lock for product id=urn:usgs-product:us:origin:one:1534979083994
FINEST	thread=1000	[null] acquired read lock for product id=urn:usgs-product:us:origin:one:1534979083994
FINEST	thread=1000	[null] releasing read lock for product id=urn:usgs-product:us:origin:one:1534979083994
FINEST	thread=1000	[null] released read lock for product id=urn:usgs-product:us:origin:one:1534979083994
WARNING	thread=1000	[null] exception while storing product, removing incomplete product
java.io.IOException: Unable to create directory /Users/jmfee/Documents/git/pdl/_test_storage_/origin/one/us/1534979083994
	at gov.usgs.util.StreamUtils.getOutputStream(StreamUtils.java:154)
	at gov.usgs.util.StreamUtils.getOutputStream(StreamUtils.java:185)
	at gov.usgs.earthquake.product.io.DirectoryProductHandler.onEndProduct(DirectoryProductHandler.java:68)
	at gov.usgs.earthquake.product.io.FilterProductHandler.onEndProduct(FilterProductHandler.java:71)
	at gov.usgs.earthquake.distribution.FileProductStorage$StorageProductOutput.onEndProduct(FileProductStorage.java:855)
	at gov.usgs.earthquake.product.io.ObjectProductSource.sendEndProduct(ObjectProductSource.java:166)
	at gov.usgs.earthquake.product.io.ObjectProductSource.streamTo(ObjectProductSource.java:62)
	at gov.usgs.earthquake.distribution.FileProductStorage.storeProductSource(FileProductStorage.java:693)
	at gov.usgs.earthquake.distribution.FileProductStorage.storeProduct(FileProductStorage.java:675)
	at gov.usgs.earthquake.indexer.ExternalIndexerListener.storeProduct(ExternalIndexerListener.java:194)
	at gov.usgs.earthquake.indexer.ExternalIndexerListener.onIndexerEvent(ExternalIndexerListener.java:129)
	at gov.usgs.earthquake.indexer.IndexerListenerCallable.call(IndexerListenerCallable.java:37)
	at gov.usgs.earthquake.indexer.IndexerListenerCallable.call(IndexerListenerCallable.java:12)
	at gov.usgs.util.ExecutorTask.run(ExecutorTask.java:183)
	at java.base/java.util.concurrent.Executors$RunnableAdapter.call(Executors.java:514)
	at java.base/java.util.concurrent.FutureTask.run(FutureTask.java:264)
	at java.base/java.util.concurrent.ThreadPoolExecutor.runWorker(ThreadPoolExecutor.java:1135)
	at java.base/java.util.concurrent.ThreadPoolExecutor$Worker.run(ThreadPoolExecutor.java:635)
	at java.base/java.lang.Thread.run(Thread.java:844)
FINEST	thread=1000	[null] acquiring write lock for product id=urn:usgs-product:us:origin:one:1534979083994
FINER	thread=1002	[null] product stored id=urn:usgs-product:us:origin:one:1534979083994, status=UPDATE
FINEST	thread=1000	[null] acquired write lock for product id=urn:usgs-product:us:origin:one:1534979083994
FINEST	thread=1002	[null] releasing write lock for product id=urn:usgs-product:us:origin:one:1534979083994
FINEST	thread=1002	[null] released write lock for product id=urn:usgs-product:us:origin:one:1534979083994
FINEST	thread=1002	[null] acquiring read lock for product id=urn:usgs-product:us:origin:one:1534979083994
FINEST	thread=1002	[null] acquired read lock for product id=urn:usgs-product:us:origin:one:1534979083994
FINEST	thread=1002	[null] releasing read lock for product id=urn:usgs-product:us:origin:one:1534979083994
FINEST	thread=1002	[null] released read lock for product id=urn:usgs-product:us:origin:one:1534979083994
FINER	thread=1000	[null] product removed, id=urn:usgs-product:us:origin:one:1534979083994
FINEST	thread=1000	[null] releasing write lock for product id=urn:usgs-product:us:origin:one:1534979083994
FINEST	thread=1000	[null] released write lock for product id=urn:usgs-product:us:origin:one:1534979083994
FINEST	thread=1000	[null] releasing write lock for product id=urn:usgs-product:us:origin:one:1534979083994
FINEST	thread=1000	[null] released write lock for product id=urn:usgs-product:us:origin:one:1534979083994
WARNING	thread=1000	[null] listener (null) threw exception, for product id=urn:usgs-product:us:origin:one:1534979083994
java.io.IOException: Unable to create directory /Users/jmfee/Documents/git/pdl/_test_storage_/origin/one/us/1534979083994
	at gov.usgs.util.StreamUtils.getOutputStream(StreamUtils.java:154)
	at gov.usgs.util.StreamUtils.getOutputStream(StreamUtils.java:185)
	at gov.usgs.earthquake.product.io.DirectoryProductHandler.onEndProduct(DirectoryProductHandler.java:68)
	at gov.usgs.earthquake.product.io.FilterProductHandler.onEndProduct(FilterProductHandler.java:71)
	at gov.usgs.earthquake.distribution.FileProductStorage$StorageProductOutput.onEndProduct(FileProductStorage.java:855)
	at gov.usgs.earthquake.product.io.ObjectProductSource.sendEndProduct(ObjectProductSource.java:166)
	at gov.usgs.earthquake.product.io.ObjectProductSource.streamTo(ObjectProductSource.java:62)
	at gov.usgs.earthquake.distribution.FileProductStorage.storeProductSource(FileProductStorage.java:693)
	at gov.usgs.earthquake.distribution.FileProductStorage.storeProduct(FileProductStorage.java:675)
	at gov.usgs.earthquake.indexer.ExternalIndexerListener.storeProduct(ExternalIndexerListener.java:194)
	at gov.usgs.earthquake.indexer.ExternalIndexerListener.onIndexerEvent(ExternalIndexerListener.java:129)
	at gov.usgs.earthquake.indexer.IndexerListenerCallable.call(IndexerListenerCallable.java:37)
	at gov.usgs.earthquake.indexer.IndexerListenerCallable.call(IndexerListenerCallable.java:12)
	at gov.usgs.util.ExecutorTask.run(ExecutorTask.java:183)
	at java.base/java.util.concurrent.Executors$RunnableAdapter.call(Executors.java:514)
	at java.base/java.util.concurrent.FutureTask.run(FutureTask.java:264)
	at java.base/java.util.concurrent.ThreadPoolExecutor.runWorker(ThreadPoolExecutor.java:1135)
	at java.base/java.util.concurrent.ThreadPoolExecutor$Worker.run(ThreadPoolExecutor.java:635)
	at java.base/java.lang.Thread.run(Thread.java:844)
FINE	thread=1000	Exception: Unable to create directory /Users/jmfee/Documents/git/pdl/_test_storage_/origin/one/us/1534979083994 source=us, type=origin, code=one, updateTime=Wed Aug 22 17:04:43 MDT 2018
FINEST	thread=1000	Tracker updates disabled, not sent
INFO	thread=1000	Exception executing task
java.io.IOException: Unable to create directory /Users/jmfee/Documents/git/pdl/_test_storage_/origin/one/us/1534979083994
	at gov.usgs.util.StreamUtils.getOutputStream(StreamUtils.java:154)
	at gov.usgs.util.StreamUtils.getOutputStream(StreamUtils.java:185)
	at gov.usgs.earthquake.product.io.DirectoryProductHandler.onEndProduct(DirectoryProductHandler.java:68)
	at gov.usgs.earthquake.product.io.FilterProductHandler.onEndProduct(FilterProductHandler.java:71)
	at gov.usgs.earthquake.distribution.FileProductStorage$StorageProductOutput.onEndProduct(FileProductStorage.java:855)
	at gov.usgs.earthquake.product.io.ObjectProductSource.sendEndProduct(ObjectProductSource.java:166)
	at gov.usgs.earthquake.product.io.ObjectProductSource.streamTo(ObjectProductSource.java:62)
	at gov.usgs.earthquake.distribution.FileProductStorage.storeProductSource(FileProductStorage.java:693)
	at gov.usgs.earthquake.distribution.FileProductStorage.storeProduct(FileProductStorage.java:675)
	at gov.usgs.earthquake.indexer.ExternalIndexerListener.storeProduct(ExternalIndexerListener.java:194)
	at gov.usgs.earthquake.indexer.ExternalIndexerListener.onIndexerEvent(ExternalIndexerListener.java:129)
	at gov.usgs.earthquake.indexer.IndexerListenerCallable.call(IndexerListenerCallable.java:37)
	at gov.usgs.earthquake.indexer.IndexerListenerCallable.call(IndexerListenerCallable.java:12)
	at gov.usgs.util.ExecutorTask.run(ExecutorTask.java:183)
	at java.base/java.util.concurrent.Executors$RunnableAdapter.call(Executors.java:514)
	at java.base/java.util.concurrent.FutureTask.run(FutureTask.java:264)
	at java.base/java.util.concurrent.ThreadPoolExecutor.runWorker(ThreadPoolExecutor.java:1135)
	at java.base/java.util.concurrent.ThreadPoolExecutor$Worker.run(ThreadPoolExecutor.java:635)
	at java.base/java.lang.Thread.run(Thread.java:844)
FINER	thread=1002	[DirectoryProductSource] Product does not have any  URLContent. Scraping directory for files.
WARNING	thread=1002	[null] listener (null) threw exception, for product id=urn:usgs-product:us:origin:one:1534979083994
java.lang.NullPointerException
	at gov.usgs.earthquake.product.FileContent.getDirectoryContents(FileContent.java:183)
	at gov.usgs.earthquake.product.FileContent.getDirectoryContents(FileContent.java:160)
	at gov.usgs.earthquake.product.io.DirectoryProductSource.streamTo(DirectoryProductSource.java:91)
	at gov.usgs.earthquake.product.io.ObjectProductHandler.getProduct(ObjectProductHandler.java:172)
	at gov.usgs.earthquake.distribution.FileProductStorage.getProduct(FileProductStorage.java:465)
	at gov.usgs.earthquake.indexer.ExternalIndexerListener.storeProduct(ExternalIndexerListener.java:195)
	at gov.usgs.earthquake.indexer.ExternalIndexerListener.onIndexerEvent(ExternalIndexerListener.java:129)
	at gov.usgs.earthquake.indexer.IndexerListenerCallable.call(IndexerListenerCallable.java:37)
	at gov.usgs.earthquake.indexer.IndexerListenerCallable.call(IndexerListenerCallable.java:12)
	at gov.usgs.util.ExecutorTask.run(ExecutorTask.java:183)
	at java.base/java.util.concurrent.Executors$RunnableAdapter.call(Executors.java:514)
	at java.base/java.util.concurrent.FutureTask.run(FutureTask.java:264)
	at java.base/java.util.concurrent.ThreadPoolExecutor.runWorker(ThreadPoolExecutor.java:1135)
	at java.base/java.util.concurrent.ThreadPoolExecutor$Worker.run(ThreadPoolExecutor.java:635)
	at java.base/java.lang.Thread.run(Thread.java:844)
FINE	thread=1002	Exception: null source=us, type=origin, code=one, updateTime=Wed Aug 22 17:04:43 MDT 2018
FINEST	thread=1002	Tracker updates disabled, not sent
INFO	thread=1002	Exception executing task
java.lang.NullPointerException
	at gov.usgs.earthquake.product.FileContent.getDirectoryContents(FileContent.java:183)
	at gov.usgs.earthquake.product.FileContent.getDirectoryContents(FileContent.java:160)
	at gov.usgs.earthquake.product.io.DirectoryProductSource.streamTo(DirectoryProductSource.java:91)
	at gov.usgs.earthquake.product.io.ObjectProductHandler.getProduct(ObjectProductHandler.java:172)
	at gov.usgs.earthquake.distribution.FileProductStorage.getProduct(FileProductStorage.java:465)
	at gov.usgs.earthquake.indexer.ExternalIndexerListener.storeProduct(ExternalIndexerListener.java:195)
	at gov.usgs.earthquake.indexer.ExternalIndexerListener.onIndexerEvent(ExternalIndexerListener.java:129)
	at gov.usgs.earthquake.indexer.IndexerListenerCallable.call(IndexerListenerCallable.java:37)
	at gov.usgs.earthquake.indexer.IndexerListenerCallable.call(IndexerListenerCallable.java:12)
	at gov.usgs.util.ExecutorTask.run(ExecutorTask.java:183)
	at java.base/java.util.concurrent.Executors$RunnableAdapter.call(Executors.java:514)
	at java.base/java.util.concurrent.FutureTask.run(FutureTask.java:264)
	at java.base/java.util.concurrent.ThreadPoolExecutor.runWorker(ThreadPoolExecutor.java:1135)
	at java.base/java.util.concurrent.ThreadPoolExecutor$Worker.run(ThreadPoolExecutor.java:635)
	at java.base/java.lang.Thread.run(Thread.java:844)
FINEST	thread=13	[null] storing product id=urn:usgs-product:us:origin:one:1534979084055
FINEST	thread=13	[null] acquiring write lock for product id=urn:usgs-product:us:origin:one:1534979084055
FINEST	thread=13	[null] acquired write lock for product id=urn:usgs-product:us:origin:one:1534979084055
FINEST	thread=13	[null] acquiring read lock for product id=urn:usgs-product:us:origin:one:1534979084055
FINEST	thread=13	[null] acquired read lock for product id=urn:usgs-product:us:origin:one:1534979084055
FINEST	thread=13	[null] releasing read lock for product id=urn:usgs-product:us:origin:one:1534979084055
FINEST	thread=13	[null] released read lock for product id=urn:usgs-product:us:origin:one:1534979084055
FINER	thread=13	[null] product stored id=urn:usgs-product:us:origin:one:1534979084055, status=UPDATE
FINEST	thread=13	[null] releasing write lock for product id=urn:usgs-product:us:origin:one:1534979084055
FINEST	thread=13	[null] released write lock for product id=urn:usgs-product:us:origin:one:1534979084055
FINEST	thread=13	[null] stored product id=urn:usgs-product:us:origin:one:1534979084055
FINER	thread=13	[null] summarizing product id=urn:usgs-product:us:origin:one:1534979084055
FINEST	thread=13	[null] beginning index transaction
FINER	thread=13	[null] finding previous version
FINEST	thread=13	[null] running query 
SELECT DISTINCT id FROM productSummary p WHERE p.id IS NOT NULL AND p.id = (SELECT id FROM productSummary ps WHERE ps.source='us' AND ps.type='origin' AND ps.code='one' AND ps.status <> 'DELETE' ORDER BY ps.updateTime DESC LIMIT 1) AND source='us' AND type='origin' AND code='one'
FINEST	thread=13	[null] query complete
FINER	thread=13	[null] finding previous event
FINEST	thread=13	Product Index Query
eventSearchType=SEARCH_EVENT_PRODUCTS
resultType=RESULT_TYPE_ALL
eventSource=us
eventSourceCode=one
FINER	thread=13	[null] adding summary to index
FINEST	thread=13	[null] Added property eventsourcecode:one for product 2
FINEST	thread=13	[null] Added property eventsource:us for product 2
FINEST	thread=13	[null] Added productSummary urn:usgs-product:us:origin:one:1534979084055, indexid=2 to product index
FINER	thread=13	[null] found existing event indexid=1
FINE	thread=13	Eventindexid=1, eventid=usone, latitude=35, longitude=-118, time=Wed Aug 22 17:04:43 MDT 2018, deleted=false
FINER	thread=13	Products in event
	status=UPDATE, id=urn:usgs-product:us:origin:one:1534979083994, eventid=usone, latitude=35, longitude=-118, time=Wed Aug 22 17:04:43 MDT 2018
FINER	thread=13	[null] Added associations event id=1, productSummary source=us, type=origin, code=one (id=2)
FINER	thread=13	[null] checking for event splits
FINER	thread=13	[null] checking for event merges
FINER	thread=13	[null] searching for nearby events
FINER	thread=13	[null] search for nearby events complete
FINER	thread=13	[null] searching for unassociated products
FINER	thread=13	[null] search for unassociated products complete
FINER	thread=13	[null] updating event summary parameters
FINER	thread=13	[null] Updating event indexid=1
FINE	thread=13	Eventindexid=1, eventid=usone, latitude=null, longitude=null, time=null, deleted=true
FINER	thread=13	Products in event
	status=UPDATE, id=urn:usgs-product:us:origin:one:1534979083994, eventid=usone, latitude=35, longitude=-118, time=Wed Aug 22 17:04:43 MDT 2018
	status=UPDATE, id=urn:usgs-product:us:origin:one:1534979084055, eventid=usone, latitude=null, longitude=null, time=null
FINEST	thread=13	[null] Updated event properties in Product Index
FINER	thread=13	[null] committing transaction
FINE	thread=13	[null] notifying listeners
INFO	thread=13	[null] indexed product id=urn:usgs-product:us:origin:one:1534979084055, status=UPDATE
EVENT_DELETED usone => usone
FINEST	thread=1002	[null] acquiring read lock for product id=urn:usgs-product:us:origin:one:1534979084055
FINEST	thread=1002	[null] acquired read lock for product id=urn:usgs-product:us:origin:one:1534979084055
FINEST	thread=1000	[null] acquiring read lock for product id=urn:usgs-product:us:origin:one:1534979084055
FINEST	thread=1002	[null] releasing read lock for product id=urn:usgs-product:us:origin:one:1534979084055
FINEST	thread=1000	[null] acquired read lock for product id=urn:usgs-product:us:origin:one:1534979084055
FINEST	thread=1002	[null] released read lock for product id=urn:usgs-product:us:origin:one:1534979084055
FINEST	thread=1000	[null] releasing read lock for product id=urn:usgs-product:us:origin:one:1534979084055
FINEST	thread=1000	[null] released read lock for product id=urn:usgs-product:us:origin:one:1534979084055
FINER	thread=1000	[DirectoryProductSource] Product does not have any  URLContent. Scraping directory for files.
FINER	thread=1002	[DirectoryProductSource] Product does not have any  URLContent. Scraping directory for files.
FINEST	thread=1000	[null] acquiring write lock for product id=urn:usgs-product:us:origin:one:1534979084055
FINEST	thread=1002	[null] acquiring write lock for product id=urn:usgs-product:us:origin:one:1534979084055
FINEST	thread=1000	[null] acquired write lock for product id=urn:usgs-product:us:origin:one:1534979084055
FINEST	thread=1002	[null] acquired write lock for product id=urn:usgs-product:us:origin:one:1534979084055
FINEST	thread=1000	[null] acquiring read lock for product id=urn:usgs-product:us:origin:one:1534979084055
FINEST	thread=1002	[null] acquiring read lock for product id=urn:usgs-product:us:origin:one:1534979084055
FINEST	thread=1000	[null] acquired read lock for product id=urn:usgs-product:us:origin:one:1534979084055
FINEST	thread=1002	[null] acquired read lock for product id=urn:usgs-product:us:origin:one:1534979084055
FINEST	thread=1000	[null] releasing read lock for product id=urn:usgs-product:us:origin:one:1534979084055
FINEST	thread=1002	[null] releasing read lock for product id=urn:usgs-product:us:origin:one:1534979084055
FINEST	thread=1002	[null] released read lock for product id=urn:usgs-product:us:origin:one:1534979084055
FINEST	thread=1000	[null] released read lock for product id=urn:usgs-product:us:origin:one:1534979084055
FINER	thread=1002	[null] product stored id=urn:usgs-product:us:origin:one:1534979084055, status=UPDATE
FINER	thread=1000	[null] product stored id=urn:usgs-product:us:origin:one:1534979084055, status=UPDATE
FINEST	thread=1002	[null] releasing write lock for product id=urn:usgs-product:us:origin:one:1534979084055
FINEST	thread=1000	[null] releasing write lock for product id=urn:usgs-product:us:origin:one:1534979084055
FINEST	thread=1000	[null] released write lock for product id=urn:usgs-product:us:origin:one:1534979084055
FINEST	thread=1002	[null] released write lock for product id=urn:usgs-product:us:origin:one:1534979084055
FINEST	thread=1000	[null] acquiring read lock for product id=urn:usgs-product:us:origin:one:1534979084055
FINEST	thread=1002	[null] acquiring read lock for product id=urn:usgs-product:us:origin:one:1534979084055
FINEST	thread=1000	[null] acquired read lock for product id=urn:usgs-product:us:origin:one:1534979084055
FINEST	thread=1002	[null] acquired read lock for product id=urn:usgs-product:us:origin:one:1534979084055
FINEST	thread=1000	[null] releasing read lock for product id=urn:usgs-product:us:origin:one:1534979084055
FINEST	thread=1002	[null] releasing read lock for product id=urn:usgs-product:us:origin:one:1534979084055
FINEST	thread=1002	[null] released read lock for product id=urn:usgs-product:us:origin:one:1534979084055
FINEST	thread=1000	[null] released read lock for product id=urn:usgs-product:us:origin:one:1534979084055
FINER	thread=1000	[DirectoryProductSource] Product does not have any  URLContent. Scraping directory for files.
FINER	thread=1002	[DirectoryProductSource] Product does not have any  URLContent. Scraping directory for files.
FINEST	thread=1002	[null] acquiring read lock for product id=urn:usgs-product:us:origin:one:1534979084055
FINEST	thread=1000	[null] acquiring read lock for product id=urn:usgs-product:us:origin:one:1534979084055
FINEST	thread=1002	[null] acquired read lock for product id=urn:usgs-product:us:origin:one:1534979084055
FINEST	thread=1000	[null] acquired read lock for product id=urn:usgs-product:us:origin:one:1534979084055
FINEST	thread=1002	[null] releasing read lock for product id=urn:usgs-product:us:origin:one:1534979084055
FINEST	thread=1000	[null] releasing read lock for product id=urn:usgs-product:us:origin:one:1534979084055
FINEST	thread=1002	[null] released read lock for product id=urn:usgs-product:us:origin:one:1534979084055
FINEST	thread=1000	[null] released read lock for product id=urn:usgs-product:us:origin:one:1534979084055
FINER	thread=1002	[DirectoryProductSource] Product does not have any  URLContent. Scraping directory for files.
INFO	thread=1002	[null] running command echo --preferred-eventid=usone --preferred-eventsource=us --preferred-eventsourcecode=one --eventids=usone --preferred-magnitude=null --preferred-latitude=null --preferred-longitude=null --preferred-depth=null --preferred-eventtime=null --directory=/Users/jmfee/Documents/git/pdl/_test_storage_/origin/one/us/1534979084055 --type=origin --code=one --source=us --updateTime=2018-08-22T23:04:44.055Z --status=UPDATE --trackerURL=http://localhost/tracker "--property-eventsourcecode=one" "--property-eventsource=us" --action=EVENT_DELETED
FINER	thread=1000	[DirectoryProductSource] Product does not have any  URLContent. Scraping directory for files.
INFO	thread=1000	[null] running command echo --preferred-eventid=usone --preferred-eventsource=us --preferred-eventsourcecode=one --eventids=usone --preferred-magnitude=null --preferred-latitude=null --preferred-longitude=null --preferred-depth=null --preferred-eventtime=null --directory=/Users/jmfee/Documents/git/pdl/_test_storage_/origin/one/us/1534979084055 --type=origin --code=one --source=us --updateTime=2018-08-22T23:04:44.055Z --status=UPDATE --trackerURL=http://localhost/tracker "--property-eventsourcecode=one" "--property-eventsource=us" --action=EVENT_DELETED
INFO	thread=1000	[null] command 'echo --preferred-eventid=usone --preferred-eventsource=us --preferred-eventsourcecode=one --eventids=usone --preferred-magnitude=null --preferred-latitude=null --preferred-longitude=null --preferred-depth=null --preferred-eventtime=null --directory=/Users/jmfee/Documents/git/pdl/_test_storage_/origin/one/us/1534979084055 --type=origin --code=one --source=us --updateTime=2018-08-22T23:04:44.055Z --status=UPDATE --trackerURL=http://localhost/tracker "--property-eventsourcecode=one" "--property-eventsource=us" --action=EVENT_DELETED' exited with status '0'
INFO	thread=1002	[null] command 'echo --preferred-eventid=usone --preferred-eventsource=us --preferred-eventsourcecode=one --eventids=usone --preferred-magnitude=null --preferred-latitude=null --preferred-longitude=null --preferred-depth=null --preferred-eventtime=null --directory=/Users/jmfee/Documents/git/pdl/_test_storage_/origin/one/us/1534979084055 --type=origin --code=one --source=us --updateTime=2018-08-22T23:04:44.055Z --status=UPDATE --trackerURL=http://localhost/tracker "--property-eventsourcecode=one" "--property-eventsource=us" --action=EVENT_DELETED' exited with status '0'
CONFIG	thread=13	[null] maxTries = 1
CONFIG	thread=13	[null] maxTries = 1
CONFIG	thread=13	[null] timeout = 0ms
CONFIG	thread=13	[null] retry delay = 300000ms
CONFIG	thread=13	[null] process duplicates = false
CONFIG	thread=13	[null] include paths = []
CONFIG	thread=13	[null] exclude paths = []
CONFIG	thread=13	[null] using storage directory /Users/jmfee/Documents/git/pdl/storage
CONFIG	thread=13	[null] loading ArchivePolicy 'testPolicy'
CONFIG	thread=13	[null] archive interval is '500'
CONFIG	thread=13	[null] no indexer modules configured.
CONFIG	thread=13	[null] no indexer listeners configured.
CONFIG	thread=13	[null] associateUsingCurrentProducts = false
INFO	thread=1011	Archiving disabled
INFO	thread=1011	[null] purged 0 expired events and 0 expired unassociated products.
FINE	thread=13	Eventindexid=1, eventid=usone, latitude=35, longitude=-118, time=Wed Aug 22 17:04:44 MDT 2018, deleted=false
FINE	thread=13	Eventindexid=1, eventid=usone, latitude=35, longitude=-118, time=Wed Aug 22 17:04:44 MDT 2018, deleted=false
FINE	thread=13	[null] notifying listeners
INFO	thread=13	[null] indexed product id=urn:usgs-product:us:testproduct:one:1534979084123, status=UPDATE
EVENT_ADDED null => usone
WARNING	thread=1012	[null] exception while storing product, removing incomplete product
java.io.IOException: Unable to create directory /Users/jmfee/Documents/git/pdl/_test_storage_/testproduct/one/us/1534979084123
	at gov.usgs.util.StreamUtils.getOutputStream(StreamUtils.java:154)
	at gov.usgs.util.StreamUtils.getOutputStream(StreamUtils.java:185)
	at gov.usgs.earthquake.product.io.DirectoryProductHandler.onEndProduct(DirectoryProductHandler.java:68)
	at gov.usgs.earthquake.product.io.FilterProductHandler.onEndProduct(FilterProductHandler.java:71)
	at gov.usgs.earthquake.distribution.FileProductStorage$StorageProductOutput.onEndProduct(FileProductStorage.java:855)
	at gov.usgs.earthquake.product.io.ObjectProductSource.sendEndProduct(ObjectProductSource.java:166)
	at gov.usgs.earthquake.product.io.ObjectProductSource.streamTo(ObjectProductSource.java:62)
	at gov.usgs.earthquake.distribution.FileProductStorage.storeProductSource(FileProductStorage.java:693)
	at gov.usgs.earthquake.distribution.FileProductStorage.storeProduct(FileProductStorage.java:675)
	at gov.usgs.earthquake.indexer.ExternalIndexerListener.storeProduct(ExternalIndexerListener.java:194)
	at gov.usgs.earthquake.indexer.ExternalIndexerListener.onIndexerEvent(ExternalIndexerListener.java:129)
	at gov.usgs.earthquake.indexer.IndexerListenerCallable.call(IndexerListenerCallable.java:37)
	at gov.usgs.earthquake.indexer.IndexerListenerCallable.call(IndexerListenerCallable.java:12)
	at gov.usgs.util.ExecutorTask.run(ExecutorTask.java:183)
	at java.base/java.util.concurrent.Executors$RunnableAdapter.call(Executors.java:514)
	at java.base/java.util.concurrent.FutureTask.run(FutureTask.java:264)
	at java.base/java.util.concurrent.ThreadPoolExecutor.runWorker(ThreadPoolExecutor.java:1135)
	at java.base/java.util.concurrent.ThreadPoolExecutor$Worker.run(ThreadPoolExecutor.java:635)
	at java.base/java.lang.Thread.run(Thread.java:844)
WARNING	thread=1012	[null] listener (null) threw exception, for product id=urn:usgs-product:us:testproduct:one:1534979084123
java.io.IOException: Unable to create directory /Users/jmfee/Documents/git/pdl/_test_storage_/testproduct/one/us/1534979084123
	at gov.usgs.util.StreamUtils.getOutputStream(StreamUtils.java:154)
	at gov.usgs.util.StreamUtils.getOutputStream(StreamUtils.java:185)
	at gov.usgs.earthquake.product.io.DirectoryProductHandler.onEndProduct(DirectoryProductHandler.java:68)
	at gov.usgs.earthquake.product.io.FilterProductHandler.onEndProduct(FilterProductHandler.java:71)
	at gov.usgs.earthquake.distribution.FileProductStorage$StorageProductOutput.onEndProduct(FileProductStorage.java:855)
	at gov.usgs.earthquake.product.io.ObjectProductSource.sendEndProduct(ObjectProductSource.java:166)
	at gov.usgs.earthquake.product.io.ObjectProductSource.streamTo(ObjectProductSource.java:62)
	at gov.usgs.earthquake.distribution.FileProductStorage.storeProductSource(FileProductStorage.java:693)
	at gov.usgs.earthquake.distribution.FileProductStorage.storeProduct(FileProductStorage.java:675)
	at gov.usgs.earthquake.indexer.ExternalIndexerListener.storeProduct(ExternalIndexerListener.java:194)
	at gov.usgs.earthquake.indexer.ExternalIndexerListener.onIndexerEvent(ExternalIndexerListener.java:129)
	at gov.usgs.earthquake.indexer.IndexerListenerCallable.call(IndexerListenerCallable.java:37)
	at gov.usgs.earthquake.indexer.IndexerListenerCallable.call(IndexerListenerCallable.java:12)
	at gov.usgs.util.ExecutorTask.run(ExecutorTask.java:183)
	at java.base/java.util.concurrent.Executors$RunnableAdapter.call(Executors.java:514)
	at java.base/java.util.concurrent.FutureTask.run(FutureTask.java:264)
	at java.base/java.util.concurrent.ThreadPoolExecutor.runWorker(ThreadPoolExecutor.java:1135)
	at java.base/java.util.concurrent.ThreadPoolExecutor$Worker.run(ThreadPoolExecutor.java:635)
	at java.base/java.lang.Thread.run(Thread.java:844)
FINE	thread=1012	Exception: Unable to create directory /Users/jmfee/Documents/git/pdl/_test_storage_/testproduct/one/us/1534979084123 source=us, type=testproduct, code=one, updateTime=Wed Aug 22 17:04:44 MDT 2018
INFO	thread=1012	Exception executing task
java.io.IOException: Unable to create directory /Users/jmfee/Documents/git/pdl/_test_storage_/testproduct/one/us/1534979084123
	at gov.usgs.util.StreamUtils.getOutputStream(StreamUtils.java:154)
	at gov.usgs.util.StreamUtils.getOutputStream(StreamUtils.java:185)
	at gov.usgs.earthquake.product.io.DirectoryProductHandler.onEndProduct(DirectoryProductHandler.java:68)
	at gov.usgs.earthquake.product.io.FilterProductHandler.onEndProduct(FilterProductHandler.java:71)
	at gov.usgs.earthquake.distribution.FileProductStorage$StorageProductOutput.onEndProduct(FileProductStorage.java:855)
	at gov.usgs.earthquake.product.io.ObjectProductSource.sendEndProduct(ObjectProductSource.java:166)
	at gov.usgs.earthquake.product.io.ObjectProductSource.streamTo(ObjectProductSource.java:62)
	at gov.usgs.earthquake.distribution.FileProductStorage.storeProductSource(FileProductStorage.java:693)
	at gov.usgs.earthquake.distribution.FileProductStorage.storeProduct(FileProductStorage.java:675)
	at gov.usgs.earthquake.indexer.ExternalIndexerListener.storeProduct(ExternalIndexerListener.java:194)
	at gov.usgs.earthquake.indexer.ExternalIndexerListener.onIndexerEvent(ExternalIndexerListener.java:129)
	at gov.usgs.earthquake.indexer.IndexerListenerCallable.call(IndexerListenerCallable.java:37)
	at gov.usgs.earthquake.indexer.IndexerListenerCallable.call(IndexerListenerCallable.java:12)
	at gov.usgs.util.ExecutorTask.run(ExecutorTask.java:183)
	at java.base/java.util.concurrent.Executors$RunnableAdapter.call(Executors.java:514)
	at java.base/java.util.concurrent.FutureTask.run(FutureTask.java:264)
	at java.base/java.util.concurrent.ThreadPoolExecutor.runWorker(ThreadPoolExecutor.java:1135)
	at java.base/java.util.concurrent.ThreadPoolExecutor$Worker.run(ThreadPoolExecutor.java:635)
	at java.base/java.lang.Thread.run(Thread.java:844)
WARNING	thread=1015	[null] listener (null) threw exception, for product id=urn:usgs-product:us:testproduct:one:1534979084123
java.lang.NullPointerException
	at gov.usgs.earthquake.product.FileContent.getDirectoryContents(FileContent.java:183)
	at gov.usgs.earthquake.product.FileContent.getDirectoryContents(FileContent.java:160)
	at gov.usgs.earthquake.product.io.DirectoryProductSource.streamTo(DirectoryProductSource.java:91)
	at gov.usgs.earthquake.product.io.ObjectProductHandler.getProduct(ObjectProductHandler.java:172)
	at gov.usgs.earthquake.distribution.FileProductStorage.getProduct(FileProductStorage.java:465)
	at gov.usgs.earthquake.indexer.ExternalIndexerListener.storeProduct(ExternalIndexerListener.java:195)
	at gov.usgs.earthquake.indexer.ExternalIndexerListener.onIndexerEvent(ExternalIndexerListener.java:129)
	at gov.usgs.earthquake.indexer.IndexerListenerCallable.call(IndexerListenerCallable.java:37)
	at gov.usgs.earthquake.indexer.IndexerListenerCallable.call(IndexerListenerCallable.java:12)
	at gov.usgs.util.ExecutorTask.run(ExecutorTask.java:183)
	at java.base/java.util.concurrent.Executors$RunnableAdapter.call(Executors.java:514)
	at java.base/java.util.concurrent.FutureTask.run(FutureTask.java:264)
	at java.base/java.util.concurrent.ThreadPoolExecutor.runWorker(ThreadPoolExecutor.java:1135)
	at java.base/java.util.concurrent.ThreadPoolExecutor$Worker.run(ThreadPoolExecutor.java:635)
	at java.base/java.lang.Thread.run(Thread.java:844)
FINE	thread=1015	Exception: null source=us, type=testproduct, code=one, updateTime=Wed Aug 22 17:04:44 MDT 2018
INFO	thread=1015	Exception executing task
java.lang.NullPointerException
	at gov.usgs.earthquake.product.FileContent.getDirectoryContents(FileContent.java:183)
	at gov.usgs.earthquake.product.FileContent.getDirectoryContents(FileContent.java:160)
	at gov.usgs.earthquake.product.io.DirectoryProductSource.streamTo(DirectoryProductSource.java:91)
	at gov.usgs.earthquake.product.io.ObjectProductHandler.getProduct(ObjectProductHandler.java:172)
	at gov.usgs.earthquake.distribution.FileProductStorage.getProduct(FileProductStorage.java:465)
	at gov.usgs.earthquake.indexer.ExternalIndexerListener.storeProduct(ExternalIndexerListener.java:195)
	at gov.usgs.earthquake.indexer.ExternalIndexerListener.onIndexerEvent(ExternalIndexerListener.java:129)
	at gov.usgs.earthquake.indexer.IndexerListenerCallable.call(IndexerListenerCallable.java:37)
	at gov.usgs.earthquake.indexer.IndexerListenerCallable.call(IndexerListenerCallable.java:12)
	at gov.usgs.util.ExecutorTask.run(ExecutorTask.java:183)
	at java.base/java.util.concurrent.Executors$RunnableAdapter.call(Executors.java:514)
	at java.base/java.util.concurrent.FutureTask.run(FutureTask.java:264)
	at java.base/java.util.concurrent.ThreadPoolExecutor.runWorker(ThreadPoolExecutor.java:1135)
	at java.base/java.util.concurrent.ThreadPoolExecutor$Worker.run(ThreadPoolExecutor.java:635)
	at java.base/java.lang.Thread.run(Thread.java:844)
FINE	thread=13	Eventindexid=1, eventid=usone, latitude=35, longitude=-118, time=Wed Aug 22 17:04:44 MDT 2018, deleted=false
FINE	thread=13	Eventindexid=1, eventid=ncuno, latitude=35, longitude=-118, time=Wed Aug 22 17:04:44 MDT 2018, deleted=false
FINE	thread=13	[null] notifying listeners
INFO	thread=13	[null] indexed product id=urn:usgs-product:nc:testproduct:uno:1534979084186, status=UPDATE
EVENT_UPDATED usone => ncuno
WARNING	thread=1015	[null] exception while storing product, removing incomplete product
java.io.IOException: Unable to create directory /Users/jmfee/Documents/git/pdl/_test_storage_/testproduct/uno/nc/1534979084186
	at gov.usgs.util.StreamUtils.getOutputStream(StreamUtils.java:154)
	at gov.usgs.util.StreamUtils.getOutputStream(StreamUtils.java:185)
	at gov.usgs.earthquake.product.io.DirectoryProductHandler.onEndProduct(DirectoryProductHandler.java:68)
	at gov.usgs.earthquake.product.io.FilterProductHandler.onEndProduct(FilterProductHandler.java:71)
	at gov.usgs.earthquake.distribution.FileProductStorage$StorageProductOutput.onEndProduct(FileProductStorage.java:855)
	at gov.usgs.earthquake.product.io.ObjectProductSource.sendEndProduct(ObjectProductSource.java:166)
	at gov.usgs.earthquake.product.io.ObjectProductSource.streamTo(ObjectProductSource.java:62)
	at gov.usgs.earthquake.distribution.FileProductStorage.storeProductSource(FileProductStorage.java:693)
	at gov.usgs.earthquake.distribution.FileProductStorage.storeProduct(FileProductStorage.java:675)
	at gov.usgs.earthquake.indexer.ExternalIndexerListener.storeProduct(ExternalIndexerListener.java:194)
	at gov.usgs.earthquake.indexer.ExternalIndexerListener.onIndexerEvent(ExternalIndexerListener.java:129)
	at gov.usgs.earthquake.indexer.IndexerListenerCallable.call(IndexerListenerCallable.java:37)
	at gov.usgs.earthquake.indexer.IndexerListenerCallable.call(IndexerListenerCallable.java:12)
	at gov.usgs.util.ExecutorTask.run(ExecutorTask.java:183)
	at java.base/java.util.concurrent.Executors$RunnableAdapter.call(Executors.java:514)
	at java.base/java.util.concurrent.FutureTask.run(FutureTask.java:264)
	at java.base/java.util.concurrent.ThreadPoolExecutor.runWorker(ThreadPoolExecutor.java:1135)
	at java.base/java.util.concurrent.ThreadPoolExecutor$Worker.run(ThreadPoolExecutor.java:635)
	at java.base/java.lang.Thread.run(Thread.java:844)
WARNING	thread=1012	[null] listener (null) threw exception, for product id=urn:usgs-product:nc:testproduct:uno:1534979084186
java.io.FileNotFoundException: _test_storage_/testproduct/uno/nc/1534979084186/product.xml (No such file or directory)
	at java.base/java.io.FileInputStream.open0(Native Method)
	at java.base/java.io.FileInputStream.open(FileInputStream.java:220)
	at java.base/java.io.FileInputStream.<init>(FileInputStream.java:158)
	at gov.usgs.util.StreamUtils.getInputStream(StreamUtils.java:60)
	at gov.usgs.earthquake.product.io.DirectoryProductSource.streamTo(DirectoryProductSource.java:55)
	at gov.usgs.earthquake.product.io.ObjectProductHandler.getProduct(ObjectProductHandler.java:172)
	at gov.usgs.earthquake.distribution.FileProductStorage.getProduct(FileProductStorage.java:465)
	at gov.usgs.earthquake.indexer.ExternalIndexerListener.storeProduct(ExternalIndexerListener.java:195)
	at gov.usgs.earthquake.indexer.ExternalIndexerListener.onIndexerEvent(ExternalIndexerListener.java:129)
	at gov.usgs.earthquake.indexer.IndexerListenerCallable.call(IndexerListenerCallable.java:37)
	at gov.usgs.earthquake.indexer.IndexerListenerCallable.call(IndexerListenerCallable.java:12)
	at gov.usgs.util.ExecutorTask.run(ExecutorTask.java:183)
	at java.base/java.util.concurrent.Executors$RunnableAdapter.call(Executors.java:514)
	at java.base/java.util.concurrent.FutureTask.run(FutureTask.java:264)
	at java.base/java.util.concurrent.ThreadPoolExecutor.runWorker(ThreadPoolExecutor.java:1135)
	at java.base/java.util.concurrent.ThreadPoolExecutor$Worker.run(ThreadPoolExecutor.java:635)
	at java.base/java.lang.Thread.run(Thread.java:844)
WARNING	thread=1015	[null] listener (null) threw exception, for product id=urn:usgs-product:nc:testproduct:uno:1534979084186
java.io.IOException: Unable to create directory /Users/jmfee/Documents/git/pdl/_test_storage_/testproduct/uno/nc/1534979084186
	at gov.usgs.util.StreamUtils.getOutputStream(StreamUtils.java:154)
	at gov.usgs.util.StreamUtils.getOutputStream(StreamUtils.java:185)
	at gov.usgs.earthquake.product.io.DirectoryProductHandler.onEndProduct(DirectoryProductHandler.java:68)
	at gov.usgs.earthquake.product.io.FilterProductHandler.onEndProduct(FilterProductHandler.java:71)
	at gov.usgs.earthquake.distribution.FileProductStorage$StorageProductOutput.onEndProduct(FileProductStorage.java:855)
	at gov.usgs.earthquake.product.io.ObjectProductSource.sendEndProduct(ObjectProductSource.java:166)
	at gov.usgs.earthquake.product.io.ObjectProductSource.streamTo(ObjectProductSource.java:62)
	at gov.usgs.earthquake.distribution.FileProductStorage.storeProductSource(FileProductStorage.java:693)
	at gov.usgs.earthquake.distribution.FileProductStorage.storeProduct(FileProductStorage.java:675)
	at gov.usgs.earthquake.indexer.ExternalIndexerListener.storeProduct(ExternalIndexerListener.java:194)
	at gov.usgs.earthquake.indexer.ExternalIndexerListener.onIndexerEvent(ExternalIndexerListener.java:129)
	at gov.usgs.earthquake.indexer.IndexerListenerCallable.call(IndexerListenerCallable.java:37)
	at gov.usgs.earthquake.indexer.IndexerListenerCallable.call(IndexerListenerCallable.java:12)
	at gov.usgs.util.ExecutorTask.run(ExecutorTask.java:183)
	at java.base/java.util.concurrent.Executors$RunnableAdapter.call(Executors.java:514)
	at java.base/java.util.concurrent.FutureTask.run(FutureTask.java:264)
	at java.base/java.util.concurrent.ThreadPoolExecutor.runWorker(ThreadPoolExecutor.java:1135)
	at java.base/java.util.concurrent.ThreadPoolExecutor$Worker.run(ThreadPoolExecutor.java:635)
	at java.base/java.lang.Thread.run(Thread.java:844)
FINE	thread=1012	Exception: _test_storage_/testproduct/uno/nc/1534979084186/product.xml (No such file or directory) source=nc, type=testproduct, code=uno, updateTime=Wed Aug 22 17:04:44 MDT 2018
INFO	thread=1012	Exception executing task
java.io.FileNotFoundException: _test_storage_/testproduct/uno/nc/1534979084186/product.xml (No such file or directory)
	at java.base/java.io.FileInputStream.open0(Native Method)
	at java.base/java.io.FileInputStream.open(FileInputStream.java:220)
	at java.base/java.io.FileInputStream.<init>(FileInputStream.java:158)
	at gov.usgs.util.StreamUtils.getInputStream(StreamUtils.java:60)
	at gov.usgs.earthquake.product.io.DirectoryProductSource.streamTo(DirectoryProductSource.java:55)
	at gov.usgs.earthquake.product.io.ObjectProductHandler.getProduct(ObjectProductHandler.java:172)
	at gov.usgs.earthquake.distribution.FileProductStorage.getProduct(FileProductStorage.java:465)
	at gov.usgs.earthquake.indexer.ExternalIndexerListener.storeProduct(ExternalIndexerListener.java:195)
	at gov.usgs.earthquake.indexer.ExternalIndexerListener.onIndexerEvent(ExternalIndexerListener.java:129)
	at gov.usgs.earthquake.indexer.IndexerListenerCallable.call(IndexerListenerCallable.java:37)
	at gov.usgs.earthquake.indexer.IndexerListenerCallable.call(IndexerListenerCallable.java:12)
	at gov.usgs.util.ExecutorTask.run(ExecutorTask.java:183)
	at java.base/java.util.concurrent.Executors$RunnableAdapter.call(Executors.java:514)
	at java.base/java.util.concurrent.FutureTask.run(FutureTask.java:264)
	at java.base/java.util.concurrent.ThreadPoolExecutor.runWorker(ThreadPoolExecutor.java:1135)
	at java.base/java.util.concurrent.ThreadPoolExecutor$Worker.run(ThreadPoolExecutor.java:635)
	at java.base/java.lang.Thread.run(Thread.java:844)
FINE	thread=1015	Exception: Unable to create directory /Users/jmfee/Documents/git/pdl/_test_storage_/testproduct/uno/nc/1534979084186 source=nc, type=testproduct, code=uno, updateTime=Wed Aug 22 17:04:44 MDT 2018
INFO	thread=1015	Exception executing task
java.io.IOException: Unable to create directory /Users/jmfee/Documents/git/pdl/_test_storage_/testproduct/uno/nc/1534979084186
	at gov.usgs.util.StreamUtils.getOutputStream(StreamUtils.java:154)
	at gov.usgs.util.StreamUtils.getOutputStream(StreamUtils.java:185)
	at gov.usgs.earthquake.product.io.DirectoryProductHandler.onEndProduct(DirectoryProductHandler.java:68)
	at gov.usgs.earthquake.product.io.FilterProductHandler.onEndProduct(FilterProductHandler.java:71)
	at gov.usgs.earthquake.distribution.FileProductStorage$StorageProductOutput.onEndProduct(FileProductStorage.java:855)
	at gov.usgs.earthquake.product.io.ObjectProductSource.sendEndProduct(ObjectProductSource.java:166)
	at gov.usgs.earthquake.product.io.ObjectProductSource.streamTo(ObjectProductSource.java:62)
	at gov.usgs.earthquake.distribution.FileProductStorage.storeProductSource(FileProductStorage.java:693)
	at gov.usgs.earthquake.distribution.FileProductStorage.storeProduct(FileProductStorage.java:675)
	at gov.usgs.earthquake.indexer.ExternalIndexerListener.storeProduct(ExternalIndexerListener.java:194)
	at gov.usgs.earthquake.indexer.ExternalIndexerListener.onIndexerEvent(ExternalIndexerListener.java:129)
	at gov.usgs.earthquake.indexer.IndexerListenerCallable.call(IndexerListenerCallable.java:37)
	at gov.usgs.earthquake.indexer.IndexerListenerCallable.call(IndexerListenerCallable.java:12)
	at gov.usgs.util.ExecutorTask.run(ExecutorTask.java:183)
	at java.base/java.util.concurrent.Executors$RunnableAdapter.call(Executors.java:514)
	at java.base/java.util.concurrent.FutureTask.run(FutureTask.java:264)
	at java.base/java.util.concurrent.ThreadPoolExecutor.runWorker(ThreadPoolExecutor.java:1135)
	at java.base/java.util.concurrent.ThreadPoolExecutor$Worker.run(ThreadPoolExecutor.java:635)
	at java.base/java.lang.Thread.run(Thread.java:844)
FINE	thread=13	Eventindexid=1, eventid=ncuno, latitude=35, longitude=-118, time=Wed Aug 22 17:04:44 MDT 2018, deleted=false
FINE	thread=13	Eventindexid=1, eventid=ncuno, latitude=35, longitude=-118, time=Wed Aug 22 17:04:44 MDT 2018, deleted=false
FINE	thread=13	Eventindexid=2, eventid=usone, latitude=35, longitude=-118, time=Wed Aug 22 17:04:44 MDT 2018, deleted=false
FINE	thread=13	[null] notifying listeners
INFO	thread=13	[null] indexed product id=urn:usgs-product:nc:disassociate:uno:1534979084250, status=UPDATE
EVENT_UPDATED ncuno => ncuno
EVENT_SPLIT null => usone
WARNING	thread=1015	[null] exception while storing product, removing incomplete product
java.io.IOException: Unable to create directory /Users/jmfee/Documents/git/pdl/_test_storage_/disassociate/uno/nc/1534979084250
	at gov.usgs.util.StreamUtils.getOutputStream(StreamUtils.java:154)
	at gov.usgs.util.StreamUtils.getOutputStream(StreamUtils.java:185)
	at gov.usgs.earthquake.product.io.DirectoryProductHandler.onEndProduct(DirectoryProductHandler.java:68)
	at gov.usgs.earthquake.product.io.FilterProductHandler.onEndProduct(FilterProductHandler.java:71)
	at gov.usgs.earthquake.distribution.FileProductStorage$StorageProductOutput.onEndProduct(FileProductStorage.java:855)
	at gov.usgs.earthquake.product.io.ObjectProductSource.sendEndProduct(ObjectProductSource.java:166)
	at gov.usgs.earthquake.product.io.ObjectProductSource.streamTo(ObjectProductSource.java:62)
	at gov.usgs.earthquake.distribution.FileProductStorage.storeProductSource(FileProductStorage.java:693)
	at gov.usgs.earthquake.distribution.FileProductStorage.storeProduct(FileProductStorage.java:675)
	at gov.usgs.earthquake.indexer.ExternalIndexerListener.storeProduct(ExternalIndexerListener.java:194)
	at gov.usgs.earthquake.indexer.ExternalIndexerListener.onIndexerEvent(ExternalIndexerListener.java:129)
	at gov.usgs.earthquake.indexer.IndexerListenerCallable.call(IndexerListenerCallable.java:37)
	at gov.usgs.earthquake.indexer.IndexerListenerCallable.call(IndexerListenerCallable.java:12)
	at gov.usgs.util.ExecutorTask.run(ExecutorTask.java:183)
	at java.base/java.util.concurrent.Executors$RunnableAdapter.call(Executors.java:514)
	at java.base/java.util.concurrent.FutureTask.run(FutureTask.java:264)
	at java.base/java.util.concurrent.ThreadPoolExecutor.runWorker(ThreadPoolExecutor.java:1135)
	at java.base/java.util.concurrent.ThreadPoolExecutor$Worker.run(ThreadPoolExecutor.java:635)
	at java.base/java.lang.Thread.run(Thread.java:844)
WARNING	thread=1012	[null] listener (null) threw exception, for product id=urn:usgs-product:nc:disassociate:uno:1534979084250
java.io.FileNotFoundException: _test_storage_/disassociate/uno/nc/1534979084250/product.xml (No such file or directory)
	at java.base/java.io.FileInputStream.open0(Native Method)
	at java.base/java.io.FileInputStream.open(FileInputStream.java:220)
	at java.base/java.io.FileInputStream.<init>(FileInputStream.java:158)
	at gov.usgs.util.StreamUtils.getInputStream(StreamUtils.java:60)
	at gov.usgs.earthquake.product.io.DirectoryProductSource.streamTo(DirectoryProductSource.java:55)
	at gov.usgs.earthquake.product.io.ObjectProductHandler.getProduct(ObjectProductHandler.java:172)
	at gov.usgs.earthquake.distribution.FileProductStorage.getProduct(FileProductStorage.java:465)
	at gov.usgs.earthquake.indexer.ExternalIndexerListener.storeProduct(ExternalIndexerListener.java:195)
	at gov.usgs.earthquake.indexer.ExternalIndexerListener.onIndexerEvent(ExternalIndexerListener.java:129)
	at gov.usgs.earthquake.indexer.IndexerListenerCallable.call(IndexerListenerCallable.java:37)
	at gov.usgs.earthquake.indexer.IndexerListenerCallable.call(IndexerListenerCallable.java:12)
	at gov.usgs.util.ExecutorTask.run(ExecutorTask.java:183)
	at java.base/java.util.concurrent.Executors$RunnableAdapter.call(Executors.java:514)
	at java.base/java.util.concurrent.FutureTask.run(FutureTask.java:264)
	at java.base/java.util.concurrent.ThreadPoolExecutor.runWorker(ThreadPoolExecutor.java:1135)
	at java.base/java.util.concurrent.ThreadPoolExecutor$Worker.run(ThreadPoolExecutor.java:635)
	at java.base/java.lang.Thread.run(Thread.java:844)
WARNING	thread=1015	[null] listener (null) threw exception, for product id=urn:usgs-product:nc:disassociate:uno:1534979084250
java.io.IOException: Unable to create directory /Users/jmfee/Documents/git/pdl/_test_storage_/disassociate/uno/nc/1534979084250
	at gov.usgs.util.StreamUtils.getOutputStream(StreamUtils.java:154)
	at gov.usgs.util.StreamUtils.getOutputStream(StreamUtils.java:185)
	at gov.usgs.earthquake.product.io.DirectoryProductHandler.onEndProduct(DirectoryProductHandler.java:68)
	at gov.usgs.earthquake.product.io.FilterProductHandler.onEndProduct(FilterProductHandler.java:71)
	at gov.usgs.earthquake.distribution.FileProductStorage$StorageProductOutput.onEndProduct(FileProductStorage.java:855)
	at gov.usgs.earthquake.product.io.ObjectProductSource.sendEndProduct(ObjectProductSource.java:166)
	at gov.usgs.earthquake.product.io.ObjectProductSource.streamTo(ObjectProductSource.java:62)
	at gov.usgs.earthquake.distribution.FileProductStorage.storeProductSource(FileProductStorage.java:693)
	at gov.usgs.earthquake.distribution.FileProductStorage.storeProduct(FileProductStorage.java:675)
	at gov.usgs.earthquake.indexer.ExternalIndexerListener.storeProduct(ExternalIndexerListener.java:194)
	at gov.usgs.earthquake.indexer.ExternalIndexerListener.onIndexerEvent(ExternalIndexerListener.java:129)
	at gov.usgs.earthquake.indexer.IndexerListenerCallable.call(IndexerListenerCallable.java:37)
	at gov.usgs.earthquake.indexer.IndexerListenerCallable.call(IndexerListenerCallable.java:12)
	at gov.usgs.util.ExecutorTask.run(ExecutorTask.java:183)
	at java.base/java.util.concurrent.Executors$RunnableAdapter.call(Executors.java:514)
	at java.base/java.util.concurrent.FutureTask.run(FutureTask.java:264)
	at java.base/java.util.concurrent.ThreadPoolExecutor.runWorker(ThreadPoolExecutor.java:1135)
	at java.base/java.util.concurrent.ThreadPoolExecutor$Worker.run(ThreadPoolExecutor.java:635)
	at java.base/java.lang.Thread.run(Thread.java:844)
FINE	thread=1012	Exception: _test_storage_/disassociate/uno/nc/1534979084250/product.xml (No such file or directory) source=nc, type=disassociate, code=uno, updateTime=Wed Aug 22 17:04:44 MDT 2018
INFO	thread=1012	Exception executing task
java.io.FileNotFoundException: _test_storage_/disassociate/uno/nc/1534979084250/product.xml (No such file or directory)
	at java.base/java.io.FileInputStream.open0(Native Method)
	at java.base/java.io.FileInputStream.open(FileInputStream.java:220)
	at java.base/java.io.FileInputStream.<init>(FileInputStream.java:158)
	at gov.usgs.util.StreamUtils.getInputStream(StreamUtils.java:60)
	at gov.usgs.earthquake.product.io.DirectoryProductSource.streamTo(DirectoryProductSource.java:55)
	at gov.usgs.earthquake.product.io.ObjectProductHandler.getProduct(ObjectProductHandler.java:172)
	at gov.usgs.earthquake.distribution.FileProductStorage.getProduct(FileProductStorage.java:465)
	at gov.usgs.earthquake.indexer.ExternalIndexerListener.storeProduct(ExternalIndexerListener.java:195)
	at gov.usgs.earthquake.indexer.ExternalIndexerListener.onIndexerEvent(ExternalIndexerListener.java:129)
	at gov.usgs.earthquake.indexer.IndexerListenerCallable.call(IndexerListenerCallable.java:37)
	at gov.usgs.earthquake.indexer.IndexerListenerCallable.call(IndexerListenerCallable.java:12)
	at gov.usgs.util.ExecutorTask.run(ExecutorTask.java:183)
	at java.base/java.util.concurrent.Executors$RunnableAdapter.call(Executors.java:514)
	at java.base/java.util.concurrent.FutureTask.run(FutureTask.java:264)
	at java.base/java.util.concurrent.ThreadPoolExecutor.runWorker(ThreadPoolExecutor.java:1135)
	at java.base/java.util.concurrent.ThreadPoolExecutor$Worker.run(ThreadPoolExecutor.java:635)
	at java.base/java.lang.Thread.run(Thread.java:844)
FINE	thread=1015	Exception: Unable to create directory /Users/jmfee/Documents/git/pdl/_test_storage_/disassociate/uno/nc/1534979084250 source=nc, type=disassociate, code=uno, updateTime=Wed Aug 22 17:04:44 MDT 2018
INFO	thread=1015	Exception executing task
java.io.IOException: Unable to create directory /Users/jmfee/Documents/git/pdl/_test_storage_/disassociate/uno/nc/1534979084250
	at gov.usgs.util.StreamUtils.getOutputStream(StreamUtils.java:154)
	at gov.usgs.util.StreamUtils.getOutputStream(StreamUtils.java:185)
	at gov.usgs.earthquake.product.io.DirectoryProductHandler.onEndProduct(DirectoryProductHandler.java:68)
	at gov.usgs.earthquake.product.io.FilterProductHandler.onEndProduct(FilterProductHandler.java:71)
	at gov.usgs.earthquake.distribution.FileProductStorage$StorageProductOutput.onEndProduct(FileProductStorage.java:855)
	at gov.usgs.earthquake.product.io.ObjectProductSource.sendEndProduct(ObjectProductSource.java:166)
	at gov.usgs.earthquake.product.io.ObjectProductSource.streamTo(ObjectProductSource.java:62)
	at gov.usgs.earthquake.distribution.FileProductStorage.storeProductSource(FileProductStorage.java:693)
	at gov.usgs.earthquake.distribution.FileProductStorage.storeProduct(FileProductStorage.java:675)
	at gov.usgs.earthquake.indexer.ExternalIndexerListener.storeProduct(ExternalIndexerListener.java:194)
	at gov.usgs.earthquake.indexer.ExternalIndexerListener.onIndexerEvent(ExternalIndexerListener.java:129)
	at gov.usgs.earthquake.indexer.IndexerListenerCallable.call(IndexerListenerCallable.java:37)
	at gov.usgs.earthquake.indexer.IndexerListenerCallable.call(IndexerListenerCallable.java:12)
	at gov.usgs.util.ExecutorTask.run(ExecutorTask.java:183)
	at java.base/java.util.concurrent.Executors$RunnableAdapter.call(Executors.java:514)
	at java.base/java.util.concurrent.FutureTask.run(FutureTask.java:264)
	at java.base/java.util.concurrent.ThreadPoolExecutor.runWorker(ThreadPoolExecutor.java:1135)
	at java.base/java.util.concurrent.ThreadPoolExecutor$Worker.run(ThreadPoolExecutor.java:635)
	at java.base/java.lang.Thread.run(Thread.java:844)
CONFIG	thread=13	[null] maxTries = 1
CONFIG	thread=13	[null] maxTries = 1
CONFIG	thread=13	[null] timeout = 0ms
CONFIG	thread=13	[null] retry delay = 300000ms
CONFIG	thread=13	[null] process duplicates = false
CONFIG	thread=13	[null] include paths = []
CONFIG	thread=13	[null] exclude paths = []
CONFIG	thread=13	[null] using storage directory /Users/jmfee/Documents/git/pdl/storage
CONFIG	thread=13	[null] loading ArchivePolicy 'testPolicy'
CONFIG	thread=13	[null] archive interval is '500'
CONFIG	thread=13	[null] no indexer modules configured.
CONFIG	thread=13	[null] no indexer listeners configured.
CONFIG	thread=13	[null] associateUsingCurrentProducts = false
FINE	thread=13	Eventindexid=1, eventid=usone, latitude=35, longitude=-118, time=Wed Aug 22 17:04:44 MDT 2018, deleted=false
FINE	thread=13	Eventindexid=1, eventid=usone, latitude=35, longitude=-118, time=Wed Aug 22 17:04:44 MDT 2018, deleted=false
FINE	thread=13	[null] notifying listeners
INFO	thread=13	[null] indexed product id=urn:usgs-product:us:testproduct:one:1534979084318, status=UPDATE
EVENT_ADDED null => usone
INFO	thread=1025	Archiving disabled
INFO	thread=1025	[null] purged 0 expired events and 0 expired unassociated products.
WARNING	thread=1028	[null] exception while storing product, removing incomplete product
java.io.IOException: Unable to create directory /Users/jmfee/Documents/git/pdl/_test_storage_/testproduct/one/us/1534979084318
	at gov.usgs.util.StreamUtils.getOutputStream(StreamUtils.java:154)
	at gov.usgs.util.StreamUtils.getOutputStream(StreamUtils.java:185)
	at gov.usgs.earthquake.product.io.DirectoryProductHandler.onEndProduct(DirectoryProductHandler.java:68)
	at gov.usgs.earthquake.product.io.FilterProductHandler.onEndProduct(FilterProductHandler.java:71)
	at gov.usgs.earthquake.distribution.FileProductStorage$StorageProductOutput.onEndProduct(FileProductStorage.java:855)
	at gov.usgs.earthquake.product.io.ObjectProductSource.sendEndProduct(ObjectProductSource.java:166)
	at gov.usgs.earthquake.product.io.ObjectProductSource.streamTo(ObjectProductSource.java:62)
	at gov.usgs.earthquake.distribution.FileProductStorage.storeProductSource(FileProductStorage.java:693)
	at gov.usgs.earthquake.distribution.FileProductStorage.storeProduct(FileProductStorage.java:675)
	at gov.usgs.earthquake.indexer.ExternalIndexerListener.storeProduct(ExternalIndexerListener.java:194)
	at gov.usgs.earthquake.indexer.ExternalIndexerListener.onIndexerEvent(ExternalIndexerListener.java:129)
	at gov.usgs.earthquake.indexer.IndexerListenerCallable.call(IndexerListenerCallable.java:37)
	at gov.usgs.earthquake.indexer.IndexerListenerCallable.call(IndexerListenerCallable.java:12)
	at gov.usgs.util.ExecutorTask.run(ExecutorTask.java:183)
	at java.base/java.util.concurrent.Executors$RunnableAdapter.call(Executors.java:514)
	at java.base/java.util.concurrent.FutureTask.run(FutureTask.java:264)
	at java.base/java.util.concurrent.ThreadPoolExecutor.runWorker(ThreadPoolExecutor.java:1135)
	at java.base/java.util.concurrent.ThreadPoolExecutor$Worker.run(ThreadPoolExecutor.java:635)
	at java.base/java.lang.Thread.run(Thread.java:844)
WARNING	thread=1028	[null] listener (null) threw exception, for product id=urn:usgs-product:us:testproduct:one:1534979084318
java.io.IOException: Unable to create directory /Users/jmfee/Documents/git/pdl/_test_storage_/testproduct/one/us/1534979084318
	at gov.usgs.util.StreamUtils.getOutputStream(StreamUtils.java:154)
	at gov.usgs.util.StreamUtils.getOutputStream(StreamUtils.java:185)
	at gov.usgs.earthquake.product.io.DirectoryProductHandler.onEndProduct(DirectoryProductHandler.java:68)
	at gov.usgs.earthquake.product.io.FilterProductHandler.onEndProduct(FilterProductHandler.java:71)
	at gov.usgs.earthquake.distribution.FileProductStorage$StorageProductOutput.onEndProduct(FileProductStorage.java:855)
	at gov.usgs.earthquake.product.io.ObjectProductSource.sendEndProduct(ObjectProductSource.java:166)
	at gov.usgs.earthquake.product.io.ObjectProductSource.streamTo(ObjectProductSource.java:62)
	at gov.usgs.earthquake.distribution.FileProductStorage.storeProductSource(FileProductStorage.java:693)
	at gov.usgs.earthquake.distribution.FileProductStorage.storeProduct(FileProductStorage.java:675)
	at gov.usgs.earthquake.indexer.ExternalIndexerListener.storeProduct(ExternalIndexerListener.java:194)
	at gov.usgs.earthquake.indexer.ExternalIndexerListener.onIndexerEvent(ExternalIndexerListener.java:129)
	at gov.usgs.earthquake.indexer.IndexerListenerCallable.call(IndexerListenerCallable.java:37)
	at gov.usgs.earthquake.indexer.IndexerListenerCallable.call(IndexerListenerCallable.java:12)
	at gov.usgs.util.ExecutorTask.run(ExecutorTask.java:183)
	at java.base/java.util.concurrent.Executors$RunnableAdapter.call(Executors.java:514)
	at java.base/java.util.concurrent.FutureTask.run(FutureTask.java:264)
	at java.base/java.util.concurrent.ThreadPoolExecutor.runWorker(ThreadPoolExecutor.java:1135)
	at java.base/java.util.concurrent.ThreadPoolExecutor$Worker.run(ThreadPoolExecutor.java:635)
	at java.base/java.lang.Thread.run(Thread.java:844)
FINE	thread=1028	Exception: Unable to create directory /Users/jmfee/Documents/git/pdl/_test_storage_/testproduct/one/us/1534979084318 source=us, type=testproduct, code=one, updateTime=Wed Aug 22 17:04:44 MDT 2018
INFO	thread=1028	Exception executing task
java.io.IOException: Unable to create directory /Users/jmfee/Documents/git/pdl/_test_storage_/testproduct/one/us/1534979084318
	at gov.usgs.util.StreamUtils.getOutputStream(StreamUtils.java:154)
	at gov.usgs.util.StreamUtils.getOutputStream(StreamUtils.java:185)
	at gov.usgs.earthquake.product.io.DirectoryProductHandler.onEndProduct(DirectoryProductHandler.java:68)
	at gov.usgs.earthquake.product.io.FilterProductHandler.onEndProduct(FilterProductHandler.java:71)
	at gov.usgs.earthquake.distribution.FileProductStorage$StorageProductOutput.onEndProduct(FileProductStorage.java:855)
	at gov.usgs.earthquake.product.io.ObjectProductSource.sendEndProduct(ObjectProductSource.java:166)
	at gov.usgs.earthquake.product.io.ObjectProductSource.streamTo(ObjectProductSource.java:62)
	at gov.usgs.earthquake.distribution.FileProductStorage.storeProductSource(FileProductStorage.java:693)
	at gov.usgs.earthquake.distribution.FileProductStorage.storeProduct(FileProductStorage.java:675)
	at gov.usgs.earthquake.indexer.ExternalIndexerListener.storeProduct(ExternalIndexerListener.java:194)
	at gov.usgs.earthquake.indexer.ExternalIndexerListener.onIndexerEvent(ExternalIndexerListener.java:129)
	at gov.usgs.earthquake.indexer.IndexerListenerCallable.call(IndexerListenerCallable.java:37)
	at gov.usgs.earthquake.indexer.IndexerListenerCallable.call(IndexerListenerCallable.java:12)
	at gov.usgs.util.ExecutorTask.run(ExecutorTask.java:183)
	at java.base/java.util.concurrent.Executors$RunnableAdapter.call(Executors.java:514)
	at java.base/java.util.concurrent.FutureTask.run(FutureTask.java:264)
	at java.base/java.util.concurrent.ThreadPoolExecutor.runWorker(ThreadPoolExecutor.java:1135)
	at java.base/java.util.concurrent.ThreadPoolExecutor$Worker.run(ThreadPoolExecutor.java:635)
	at java.base/java.lang.Thread.run(Thread.java:844)
WARNING	thread=1027	[null] listener (null) threw exception, for product id=urn:usgs-product:us:testproduct:one:1534979084318
java.lang.NullPointerException
	at gov.usgs.earthquake.product.FileContent.getDirectoryContents(FileContent.java:183)
	at gov.usgs.earthquake.product.FileContent.getDirectoryContents(FileContent.java:160)
	at gov.usgs.earthquake.product.io.DirectoryProductSource.streamTo(DirectoryProductSource.java:91)
	at gov.usgs.earthquake.product.io.ObjectProductHandler.getProduct(ObjectProductHandler.java:172)
	at gov.usgs.earthquake.distribution.FileProductStorage.getProduct(FileProductStorage.java:465)
	at gov.usgs.earthquake.indexer.ExternalIndexerListener.storeProduct(ExternalIndexerListener.java:195)
	at gov.usgs.earthquake.indexer.ExternalIndexerListener.onIndexerEvent(ExternalIndexerListener.java:129)
	at gov.usgs.earthquake.indexer.IndexerListenerCallable.call(IndexerListenerCallable.java:37)
	at gov.usgs.earthquake.indexer.IndexerListenerCallable.call(IndexerListenerCallable.java:12)
	at gov.usgs.util.ExecutorTask.run(ExecutorTask.java:183)
	at java.base/java.util.concurrent.Executors$RunnableAdapter.call(Executors.java:514)
	at java.base/java.util.concurrent.FutureTask.run(FutureTask.java:264)
	at java.base/java.util.concurrent.ThreadPoolExecutor.runWorker(ThreadPoolExecutor.java:1135)
	at java.base/java.util.concurrent.ThreadPoolExecutor$Worker.run(ThreadPoolExecutor.java:635)
	at java.base/java.lang.Thread.run(Thread.java:844)
FINE	thread=1027	Exception: null source=us, type=testproduct, code=one, updateTime=Wed Aug 22 17:04:44 MDT 2018
INFO	thread=1027	Exception executing task
java.lang.NullPointerException
	at gov.usgs.earthquake.product.FileContent.getDirectoryContents(FileContent.java:183)
	at gov.usgs.earthquake.product.FileContent.getDirectoryContents(FileContent.java:160)
	at gov.usgs.earthquake.product.io.DirectoryProductSource.streamTo(DirectoryProductSource.java:91)
	at gov.usgs.earthquake.product.io.ObjectProductHandler.getProduct(ObjectProductHandler.java:172)
	at gov.usgs.earthquake.distribution.FileProductStorage.getProduct(FileProductStorage.java:465)
	at gov.usgs.earthquake.indexer.ExternalIndexerListener.storeProduct(ExternalIndexerListener.java:195)
	at gov.usgs.earthquake.indexer.ExternalIndexerListener.onIndexerEvent(ExternalIndexerListener.java:129)
	at gov.usgs.earthquake.indexer.IndexerListenerCallable.call(IndexerListenerCallable.java:37)
	at gov.usgs.earthquake.indexer.IndexerListenerCallable.call(IndexerListenerCallable.java:12)
	at gov.usgs.util.ExecutorTask.run(ExecutorTask.java:183)
	at java.base/java.util.concurrent.Executors$RunnableAdapter.call(Executors.java:514)
	at java.base/java.util.concurrent.FutureTask.run(FutureTask.java:264)
	at java.base/java.util.concurrent.ThreadPoolExecutor.runWorker(ThreadPoolExecutor.java:1135)
	at java.base/java.util.concurrent.ThreadPoolExecutor$Worker.run(ThreadPoolExecutor.java:635)
	at java.base/java.lang.Thread.run(Thread.java:844)
FINE	thread=13	Eventindexid=1, eventid=usone, latitude=35, longitude=-118, time=Wed Aug 22 17:04:44 MDT 2018, deleted=false
FINE	thread=13	Eventindexid=1, eventid=ncuno, latitude=35, longitude=-118, time=Wed Aug 22 17:04:44 MDT 2018, deleted=false
FINE	thread=13	[null] notifying listeners
INFO	thread=13	[null] indexed product id=urn:usgs-product:nc:testproduct:uno:1534979084374, status=UPDATE
EVENT_UPDATED usone => ncuno
WARNING	thread=1027	[null] exception while storing product, removing incomplete product
java.io.IOException: Unable to create directory /Users/jmfee/Documents/git/pdl/_test_storage_/testproduct/uno/nc/1534979084374
	at gov.usgs.util.StreamUtils.getOutputStream(StreamUtils.java:154)
	at gov.usgs.util.StreamUtils.getOutputStream(StreamUtils.java:185)
	at gov.usgs.earthquake.product.io.DirectoryProductHandler.onEndProduct(DirectoryProductHandler.java:68)
	at gov.usgs.earthquake.product.io.FilterProductHandler.onEndProduct(FilterProductHandler.java:71)
	at gov.usgs.earthquake.distribution.FileProductStorage$StorageProductOutput.onEndProduct(FileProductStorage.java:855)
	at gov.usgs.earthquake.product.io.ObjectProductSource.sendEndProduct(ObjectProductSource.java:166)
	at gov.usgs.earthquake.product.io.ObjectProductSource.streamTo(ObjectProductSource.java:62)
	at gov.usgs.earthquake.distribution.FileProductStorage.storeProductSource(FileProductStorage.java:693)
	at gov.usgs.earthquake.distribution.FileProductStorage.storeProduct(FileProductStorage.java:675)
	at gov.usgs.earthquake.indexer.ExternalIndexerListener.storeProduct(ExternalIndexerListener.java:194)
	at gov.usgs.earthquake.indexer.ExternalIndexerListener.onIndexerEvent(ExternalIndexerListener.java:129)
	at gov.usgs.earthquake.indexer.IndexerListenerCallable.call(IndexerListenerCallable.java:37)
	at gov.usgs.earthquake.indexer.IndexerListenerCallable.call(IndexerListenerCallable.java:12)
	at gov.usgs.util.ExecutorTask.run(ExecutorTask.java:183)
	at java.base/java.util.concurrent.Executors$RunnableAdapter.call(Executors.java:514)
	at java.base/java.util.concurrent.FutureTask.run(FutureTask.java:264)
	at java.base/java.util.concurrent.ThreadPoolExecutor.runWorker(ThreadPoolExecutor.java:1135)
	at java.base/java.util.concurrent.ThreadPoolExecutor$Worker.run(ThreadPoolExecutor.java:635)
	at java.base/java.lang.Thread.run(Thread.java:844)
WARNING	thread=1028	[null] listener (null) threw exception, for product id=urn:usgs-product:nc:testproduct:uno:1534979084374
java.io.FileNotFoundException: _test_storage_/testproduct/uno/nc/1534979084374/product.xml (No such file or directory)
	at java.base/java.io.FileInputStream.open0(Native Method)
	at java.base/java.io.FileInputStream.open(FileInputStream.java:220)
	at java.base/java.io.FileInputStream.<init>(FileInputStream.java:158)
	at gov.usgs.util.StreamUtils.getInputStream(StreamUtils.java:60)
	at gov.usgs.earthquake.product.io.DirectoryProductSource.streamTo(DirectoryProductSource.java:55)
	at gov.usgs.earthquake.product.io.ObjectProductHandler.getProduct(ObjectProductHandler.java:172)
	at gov.usgs.earthquake.distribution.FileProductStorage.getProduct(FileProductStorage.java:465)
	at gov.usgs.earthquake.indexer.ExternalIndexerListener.storeProduct(ExternalIndexerListener.java:195)
	at gov.usgs.earthquake.indexer.ExternalIndexerListener.onIndexerEvent(ExternalIndexerListener.java:129)
	at gov.usgs.earthquake.indexer.IndexerListenerCallable.call(IndexerListenerCallable.java:37)
	at gov.usgs.earthquake.indexer.IndexerListenerCallable.call(IndexerListenerCallable.java:12)
	at gov.usgs.util.ExecutorTask.run(ExecutorTask.java:183)
	at java.base/java.util.concurrent.Executors$RunnableAdapter.call(Executors.java:514)
	at java.base/java.util.concurrent.FutureTask.run(FutureTask.java:264)
	at java.base/java.util.concurrent.ThreadPoolExecutor.runWorker(ThreadPoolExecutor.java:1135)
	at java.base/java.util.concurrent.ThreadPoolExecutor$Worker.run(ThreadPoolExecutor.java:635)
	at java.base/java.lang.Thread.run(Thread.java:844)
WARNING	thread=1027	[null] listener (null) threw exception, for product id=urn:usgs-product:nc:testproduct:uno:1534979084374
java.io.IOException: Unable to create directory /Users/jmfee/Documents/git/pdl/_test_storage_/testproduct/uno/nc/1534979084374
	at gov.usgs.util.StreamUtils.getOutputStream(StreamUtils.java:154)
	at gov.usgs.util.StreamUtils.getOutputStream(StreamUtils.java:185)
	at gov.usgs.earthquake.product.io.DirectoryProductHandler.onEndProduct(DirectoryProductHandler.java:68)
	at gov.usgs.earthquake.product.io.FilterProductHandler.onEndProduct(FilterProductHandler.java:71)
	at gov.usgs.earthquake.distribution.FileProductStorage$StorageProductOutput.onEndProduct(FileProductStorage.java:855)
	at gov.usgs.earthquake.product.io.ObjectProductSource.sendEndProduct(ObjectProductSource.java:166)
	at gov.usgs.earthquake.product.io.ObjectProductSource.streamTo(ObjectProductSource.java:62)
	at gov.usgs.earthquake.distribution.FileProductStorage.storeProductSource(FileProductStorage.java:693)
	at gov.usgs.earthquake.distribution.FileProductStorage.storeProduct(FileProductStorage.java:675)
	at gov.usgs.earthquake.indexer.ExternalIndexerListener.storeProduct(ExternalIndexerListener.java:194)
	at gov.usgs.earthquake.indexer.ExternalIndexerListener.onIndexerEvent(ExternalIndexerListener.java:129)
	at gov.usgs.earthquake.indexer.IndexerListenerCallable.call(IndexerListenerCallable.java:37)
	at gov.usgs.earthquake.indexer.IndexerListenerCallable.call(IndexerListenerCallable.java:12)
	at gov.usgs.util.ExecutorTask.run(ExecutorTask.java:183)
	at java.base/java.util.concurrent.Executors$RunnableAdapter.call(Executors.java:514)
	at java.base/java.util.concurrent.FutureTask.run(FutureTask.java:264)
	at java.base/java.util.concurrent.ThreadPoolExecutor.runWorker(ThreadPoolExecutor.java:1135)
	at java.base/java.util.concurrent.ThreadPoolExecutor$Worker.run(ThreadPoolExecutor.java:635)
	at java.base/java.lang.Thread.run(Thread.java:844)
FINE	thread=1027	Exception: Unable to create directory /Users/jmfee/Documents/git/pdl/_test_storage_/testproduct/uno/nc/1534979084374 source=nc, type=testproduct, code=uno, updateTime=Wed Aug 22 17:04:44 MDT 2018
FINE	thread=1028	Exception: _test_storage_/testproduct/uno/nc/1534979084374/product.xml (No such file or directory) source=nc, type=testproduct, code=uno, updateTime=Wed Aug 22 17:04:44 MDT 2018
INFO	thread=1027	Exception executing task
java.io.IOException: Unable to create directory /Users/jmfee/Documents/git/pdl/_test_storage_/testproduct/uno/nc/1534979084374
	at gov.usgs.util.StreamUtils.getOutputStream(StreamUtils.java:154)
	at gov.usgs.util.StreamUtils.getOutputStream(StreamUtils.java:185)
	at gov.usgs.earthquake.product.io.DirectoryProductHandler.onEndProduct(DirectoryProductHandler.java:68)
	at gov.usgs.earthquake.product.io.FilterProductHandler.onEndProduct(FilterProductHandler.java:71)
	at gov.usgs.earthquake.distribution.FileProductStorage$StorageProductOutput.onEndProduct(FileProductStorage.java:855)
	at gov.usgs.earthquake.product.io.ObjectProductSource.sendEndProduct(ObjectProductSource.java:166)
	at gov.usgs.earthquake.product.io.ObjectProductSource.streamTo(ObjectProductSource.java:62)
	at gov.usgs.earthquake.distribution.FileProductStorage.storeProductSource(FileProductStorage.java:693)
	at gov.usgs.earthquake.distribution.FileProductStorage.storeProduct(FileProductStorage.java:675)
	at gov.usgs.earthquake.indexer.ExternalIndexerListener.storeProduct(ExternalIndexerListener.java:194)
	at gov.usgs.earthquake.indexer.ExternalIndexerListener.onIndexerEvent(ExternalIndexerListener.java:129)
	at gov.usgs.earthquake.indexer.IndexerListenerCallable.call(IndexerListenerCallable.java:37)
	at gov.usgs.earthquake.indexer.IndexerListenerCallable.call(IndexerListenerCallable.java:12)
	at gov.usgs.util.ExecutorTask.run(ExecutorTask.java:183)
	at java.base/java.util.concurrent.Executors$RunnableAdapter.call(Executors.java:514)
	at java.base/java.util.concurrent.FutureTask.run(FutureTask.java:264)
	at java.base/java.util.concurrent.ThreadPoolExecutor.runWorker(ThreadPoolExecutor.java:1135)
	at java.base/java.util.concurrent.ThreadPoolExecutor$Worker.run(ThreadPoolExecutor.java:635)
	at java.base/java.lang.Thread.run(Thread.java:844)
INFO	thread=1028	Exception executing task
java.io.FileNotFoundException: _test_storage_/testproduct/uno/nc/1534979084374/product.xml (No such file or directory)
	at java.base/java.io.FileInputStream.open0(Native Method)
	at java.base/java.io.FileInputStream.open(FileInputStream.java:220)
	at java.base/java.io.FileInputStream.<init>(FileInputStream.java:158)
	at gov.usgs.util.StreamUtils.getInputStream(StreamUtils.java:60)
	at gov.usgs.earthquake.product.io.DirectoryProductSource.streamTo(DirectoryProductSource.java:55)
	at gov.usgs.earthquake.product.io.ObjectProductHandler.getProduct(ObjectProductHandler.java:172)
	at gov.usgs.earthquake.distribution.FileProductStorage.getProduct(FileProductStorage.java:465)
	at gov.usgs.earthquake.indexer.ExternalIndexerListener.storeProduct(ExternalIndexerListener.java:195)
	at gov.usgs.earthquake.indexer.ExternalIndexerListener.onIndexerEvent(ExternalIndexerListener.java:129)
	at gov.usgs.earthquake.indexer.IndexerListenerCallable.call(IndexerListenerCallable.java:37)
	at gov.usgs.earthquake.indexer.IndexerListenerCallable.call(IndexerListenerCallable.java:12)
	at gov.usgs.util.ExecutorTask.run(ExecutorTask.java:183)
	at java.base/java.util.concurrent.Executors$RunnableAdapter.call(Executors.java:514)
	at java.base/java.util.concurrent.FutureTask.run(FutureTask.java:264)
	at java.base/java.util.concurrent.ThreadPoolExecutor.runWorker(ThreadPoolExecutor.java:1135)
	at java.base/java.util.concurrent.ThreadPoolExecutor$Worker.run(ThreadPoolExecutor.java:635)
	at java.base/java.lang.Thread.run(Thread.java:844)
FINE	thread=13	Eventindexid=1, eventid=ncuno, latitude=35, longitude=-118, time=Wed Aug 22 17:04:44 MDT 2018, deleted=false
FINE	thread=13	Eventindexid=1, eventid=ncuno, latitude=37.7000000000000028421709430404007434844970703125, longitude=-122.400000000000005684341886080801486968994140625, time=Wed Aug 22 17:04:44 MDT 2018, deleted=false
FINE	thread=13	Eventindexid=null, eventid=usone, latitude=35, longitude=-118, time=Wed Aug 22 17:04:44 MDT 2018, deleted=false
FINE	thread=13	[null] notifying listeners
INFO	thread=13	[null] indexed product id=urn:usgs-product:nc:testproduct:uno:1534979084436, status=UPDATE
EVENT_UPDATED ncuno => ncuno
EVENT_SPLIT null => usone
WARNING	thread=1027	[null] exception while storing product, removing incomplete product
java.io.IOException: Unable to create directory /Users/jmfee/Documents/git/pdl/_test_storage_/testproduct/uno/nc/1534979084436
	at gov.usgs.util.StreamUtils.getOutputStream(StreamUtils.java:154)
	at gov.usgs.util.StreamUtils.getOutputStream(StreamUtils.java:185)
	at gov.usgs.earthquake.product.io.DirectoryProductHandler.onEndProduct(DirectoryProductHandler.java:68)
	at gov.usgs.earthquake.product.io.FilterProductHandler.onEndProduct(FilterProductHandler.java:71)
	at gov.usgs.earthquake.distribution.FileProductStorage$StorageProductOutput.onEndProduct(FileProductStorage.java:855)
	at gov.usgs.earthquake.product.io.ObjectProductSource.sendEndProduct(ObjectProductSource.java:166)
	at gov.usgs.earthquake.product.io.ObjectProductSource.streamTo(ObjectProductSource.java:62)
	at gov.usgs.earthquake.distribution.FileProductStorage.storeProductSource(FileProductStorage.java:693)
	at gov.usgs.earthquake.distribution.FileProductStorage.storeProduct(FileProductStorage.java:675)
	at gov.usgs.earthquake.indexer.ExternalIndexerListener.storeProduct(ExternalIndexerListener.java:194)
	at gov.usgs.earthquake.indexer.ExternalIndexerListener.onIndexerEvent(ExternalIndexerListener.java:129)
	at gov.usgs.earthquake.indexer.IndexerListenerCallable.call(IndexerListenerCallable.java:37)
	at gov.usgs.earthquake.indexer.IndexerListenerCallable.call(IndexerListenerCallable.java:12)
	at gov.usgs.util.ExecutorTask.run(ExecutorTask.java:183)
	at java.base/java.util.concurrent.Executors$RunnableAdapter.call(Executors.java:514)
	at java.base/java.util.concurrent.FutureTask.run(FutureTask.java:264)
	at java.base/java.util.concurrent.ThreadPoolExecutor.runWorker(ThreadPoolExecutor.java:1135)
	at java.base/java.util.concurrent.ThreadPoolExecutor$Worker.run(ThreadPoolExecutor.java:635)
	at java.base/java.lang.Thread.run(Thread.java:844)
WARNING	thread=1028	[null] listener (null) threw exception, for product id=urn:usgs-product:nc:testproduct:uno:1534979084436
java.io.FileNotFoundException: _test_storage_/testproduct/uno/nc/1534979084436/product.xml (No such file or directory)
	at java.base/java.io.FileInputStream.open0(Native Method)
	at java.base/java.io.FileInputStream.open(FileInputStream.java:220)
	at java.base/java.io.FileInputStream.<init>(FileInputStream.java:158)
	at gov.usgs.util.StreamUtils.getInputStream(StreamUtils.java:60)
	at gov.usgs.earthquake.product.io.DirectoryProductSource.streamTo(DirectoryProductSource.java:55)
	at gov.usgs.earthquake.product.io.ObjectProductHandler.getProduct(ObjectProductHandler.java:172)
	at gov.usgs.earthquake.distribution.FileProductStorage.getProduct(FileProductStorage.java:465)
	at gov.usgs.earthquake.indexer.ExternalIndexerListener.storeProduct(ExternalIndexerListener.java:195)
	at gov.usgs.earthquake.indexer.ExternalIndexerListener.onIndexerEvent(ExternalIndexerListener.java:129)
	at gov.usgs.earthquake.indexer.IndexerListenerCallable.call(IndexerListenerCallable.java:37)
	at gov.usgs.earthquake.indexer.IndexerListenerCallable.call(IndexerListenerCallable.java:12)
	at gov.usgs.util.ExecutorTask.run(ExecutorTask.java:183)
	at java.base/java.util.concurrent.Executors$RunnableAdapter.call(Executors.java:514)
	at java.base/java.util.concurrent.FutureTask.run(FutureTask.java:264)
	at java.base/java.util.concurrent.ThreadPoolExecutor.runWorker(ThreadPoolExecutor.java:1135)
	at java.base/java.util.concurrent.ThreadPoolExecutor$Worker.run(ThreadPoolExecutor.java:635)
	at java.base/java.lang.Thread.run(Thread.java:844)
WARNING	thread=1027	[null] listener (null) threw exception, for product id=urn:usgs-product:nc:testproduct:uno:1534979084436
java.io.IOException: Unable to create directory /Users/jmfee/Documents/git/pdl/_test_storage_/testproduct/uno/nc/1534979084436
	at gov.usgs.util.StreamUtils.getOutputStream(StreamUtils.java:154)
	at gov.usgs.util.StreamUtils.getOutputStream(StreamUtils.java:185)
	at gov.usgs.earthquake.product.io.DirectoryProductHandler.onEndProduct(DirectoryProductHandler.java:68)
	at gov.usgs.earthquake.product.io.FilterProductHandler.onEndProduct(FilterProductHandler.java:71)
	at gov.usgs.earthquake.distribution.FileProductStorage$StorageProductOutput.onEndProduct(FileProductStorage.java:855)
	at gov.usgs.earthquake.product.io.ObjectProductSource.sendEndProduct(ObjectProductSource.java:166)
	at gov.usgs.earthquake.product.io.ObjectProductSource.streamTo(ObjectProductSource.java:62)
	at gov.usgs.earthquake.distribution.FileProductStorage.storeProductSource(FileProductStorage.java:693)
	at gov.usgs.earthquake.distribution.FileProductStorage.storeProduct(FileProductStorage.java:675)
	at gov.usgs.earthquake.indexer.ExternalIndexerListener.storeProduct(ExternalIndexerListener.java:194)
	at gov.usgs.earthquake.indexer.ExternalIndexerListener.onIndexerEvent(ExternalIndexerListener.java:129)
	at gov.usgs.earthquake.indexer.IndexerListenerCallable.call(IndexerListenerCallable.java:37)
	at gov.usgs.earthquake.indexer.IndexerListenerCallable.call(IndexerListenerCallable.java:12)
	at gov.usgs.util.ExecutorTask.run(ExecutorTask.java:183)
	at java.base/java.util.concurrent.Executors$RunnableAdapter.call(Executors.java:514)
	at java.base/java.util.concurrent.FutureTask.run(FutureTask.java:264)
	at java.base/java.util.concurrent.ThreadPoolExecutor.runWorker(ThreadPoolExecutor.java:1135)
	at java.base/java.util.concurrent.ThreadPoolExecutor$Worker.run(ThreadPoolExecutor.java:635)
	at java.base/java.lang.Thread.run(Thread.java:844)
FINE	thread=1028	Exception: _test_storage_/testproduct/uno/nc/1534979084436/product.xml (No such file or directory) source=nc, type=testproduct, code=uno, updateTime=Wed Aug 22 17:04:44 MDT 2018
FINE	thread=1027	Exception: Unable to create directory /Users/jmfee/Documents/git/pdl/_test_storage_/testproduct/uno/nc/1534979084436 source=nc, type=testproduct, code=uno, updateTime=Wed Aug 22 17:04:44 MDT 2018
INFO	thread=1028	Exception executing task
java.io.FileNotFoundException: _test_storage_/testproduct/uno/nc/1534979084436/product.xml (No such file or directory)
	at java.base/java.io.FileInputStream.open0(Native Method)
	at java.base/java.io.FileInputStream.open(FileInputStream.java:220)
	at java.base/java.io.FileInputStream.<init>(FileInputStream.java:158)
	at gov.usgs.util.StreamUtils.getInputStream(StreamUtils.java:60)
	at gov.usgs.earthquake.product.io.DirectoryProductSource.streamTo(DirectoryProductSource.java:55)
	at gov.usgs.earthquake.product.io.ObjectProductHandler.getProduct(ObjectProductHandler.java:172)
	at gov.usgs.earthquake.distribution.FileProductStorage.getProduct(FileProductStorage.java:465)
	at gov.usgs.earthquake.indexer.ExternalIndexerListener.storeProduct(ExternalIndexerListener.java:195)
	at gov.usgs.earthquake.indexer.ExternalIndexerListener.onIndexerEvent(ExternalIndexerListener.java:129)
	at gov.usgs.earthquake.indexer.IndexerListenerCallable.call(IndexerListenerCallable.java:37)
	at gov.usgs.earthquake.indexer.IndexerListenerCallable.call(IndexerListenerCallable.java:12)
	at gov.usgs.util.ExecutorTask.run(ExecutorTask.java:183)
	at java.base/java.util.concurrent.Executors$RunnableAdapter.call(Executors.java:514)
	at java.base/java.util.concurrent.FutureTask.run(FutureTask.java:264)
	at java.base/java.util.concurrent.ThreadPoolExecutor.runWorker(ThreadPoolExecutor.java:1135)
	at java.base/java.util.concurrent.ThreadPoolExecutor$Worker.run(ThreadPoolExecutor.java:635)
	at java.base/java.lang.Thread.run(Thread.java:844)
INFO	thread=1027	Exception executing task
java.io.IOException: Unable to create directory /Users/jmfee/Documents/git/pdl/_test_storage_/testproduct/uno/nc/1534979084436
	at gov.usgs.util.StreamUtils.getOutputStream(StreamUtils.java:154)
	at gov.usgs.util.StreamUtils.getOutputStream(StreamUtils.java:185)
	at gov.usgs.earthquake.product.io.DirectoryProductHandler.onEndProduct(DirectoryProductHandler.java:68)
	at gov.usgs.earthquake.product.io.FilterProductHandler.onEndProduct(FilterProductHandler.java:71)
	at gov.usgs.earthquake.distribution.FileProductStorage$StorageProductOutput.onEndProduct(FileProductStorage.java:855)
	at gov.usgs.earthquake.product.io.ObjectProductSource.sendEndProduct(ObjectProductSource.java:166)
	at gov.usgs.earthquake.product.io.ObjectProductSource.streamTo(ObjectProductSource.java:62)
	at gov.usgs.earthquake.distribution.FileProductStorage.storeProductSource(FileProductStorage.java:693)
	at gov.usgs.earthquake.distribution.FileProductStorage.storeProduct(FileProductStorage.java:675)
	at gov.usgs.earthquake.indexer.ExternalIndexerListener.storeProduct(ExternalIndexerListener.java:194)
	at gov.usgs.earthquake.indexer.ExternalIndexerListener.onIndexerEvent(ExternalIndexerListener.java:129)
	at gov.usgs.earthquake.indexer.IndexerListenerCallable.call(IndexerListenerCallable.java:37)
	at gov.usgs.earthquake.indexer.IndexerListenerCallable.call(IndexerListenerCallable.java:12)
	at gov.usgs.util.ExecutorTask.run(ExecutorTask.java:183)
	at java.base/java.util.concurrent.Executors$RunnableAdapter.call(Executors.java:514)
	at java.base/java.util.concurrent.FutureTask.run(FutureTask.java:264)
	at java.base/java.util.concurrent.ThreadPoolExecutor.runWorker(ThreadPoolExecutor.java:1135)
	at java.base/java.util.concurrent.ThreadPoolExecutor$Worker.run(ThreadPoolExecutor.java:635)
	at java.base/java.lang.Thread.run(Thread.java:844)
CONFIG	thread=13	[null] maxTries = 1
CONFIG	thread=13	[null] maxTries = 1
CONFIG	thread=13	[null] timeout = 0ms
CONFIG	thread=13	[null] retry delay = 300000ms
CONFIG	thread=13	[null] process duplicates = false
CONFIG	thread=13	[null] include paths = []
CONFIG	thread=13	[null] exclude paths = []
CONFIG	thread=13	[null] using storage directory /Users/jmfee/Documents/git/pdl/storage
CONFIG	thread=13	[null] loading ArchivePolicy 'testPolicy'
CONFIG	thread=13	[null] archive interval is '500'
CONFIG	thread=13	[null] no indexer modules configured.
CONFIG	thread=13	[null] no indexer listeners configured.
CONFIG	thread=13	[null] associateUsingCurrentProducts = false
INFO	thread=1039	Archiving disabled
INFO	thread=1039	[null] purged 0 expired events and 0 expired unassociated products.
FINE	thread=13	Eventindexid=1, eventid=usone, latitude=0, longitude=0, time=Wed Aug 22 17:04:44 MDT 2018, deleted=false
FINE	thread=13	Eventindexid=1, eventid=usone, latitude=0, longitude=0, time=Wed Aug 22 17:04:44 MDT 2018, deleted=false
FINE	thread=13	[null] notifying listeners
INFO	thread=13	[null] indexed product id=urn:usgs-product:us:testproduct:one:1534979084503, status=UPDATE
EVENT_ADDED null => usone
WARNING	thread=1040	[null] exception while storing product, removing incomplete product
java.io.IOException: Unable to create directory /Users/jmfee/Documents/git/pdl/_test_storage_/testproduct/one/us/1534979084503
	at gov.usgs.util.StreamUtils.getOutputStream(StreamUtils.java:154)
	at gov.usgs.util.StreamUtils.getOutputStream(StreamUtils.java:185)
	at gov.usgs.earthquake.product.io.DirectoryProductHandler.onEndProduct(DirectoryProductHandler.java:68)
	at gov.usgs.earthquake.product.io.FilterProductHandler.onEndProduct(FilterProductHandler.java:71)
	at gov.usgs.earthquake.distribution.FileProductStorage$StorageProductOutput.onEndProduct(FileProductStorage.java:855)
	at gov.usgs.earthquake.product.io.ObjectProductSource.sendEndProduct(ObjectProductSource.java:166)
	at gov.usgs.earthquake.product.io.ObjectProductSource.streamTo(ObjectProductSource.java:62)
	at gov.usgs.earthquake.distribution.FileProductStorage.storeProductSource(FileProductStorage.java:693)
	at gov.usgs.earthquake.distribution.FileProductStorage.storeProduct(FileProductStorage.java:675)
	at gov.usgs.earthquake.indexer.ExternalIndexerListener.storeProduct(ExternalIndexerListener.java:194)
	at gov.usgs.earthquake.indexer.ExternalIndexerListener.onIndexerEvent(ExternalIndexerListener.java:129)
	at gov.usgs.earthquake.indexer.IndexerListenerCallable.call(IndexerListenerCallable.java:37)
	at gov.usgs.earthquake.indexer.IndexerListenerCallable.call(IndexerListenerCallable.java:12)
	at gov.usgs.util.ExecutorTask.run(ExecutorTask.java:183)
	at java.base/java.util.concurrent.Executors$RunnableAdapter.call(Executors.java:514)
	at java.base/java.util.concurrent.FutureTask.run(FutureTask.java:264)
	at java.base/java.util.concurrent.ThreadPoolExecutor.runWorker(ThreadPoolExecutor.java:1135)
	at java.base/java.util.concurrent.ThreadPoolExecutor$Worker.run(ThreadPoolExecutor.java:635)
	at java.base/java.lang.Thread.run(Thread.java:844)
WARNING	thread=1043	[null] listener (null) threw exception, for product id=urn:usgs-product:us:testproduct:one:1534979084503
java.io.FileNotFoundException: _test_storage_/testproduct/one/us/1534979084503/product.xml (No such file or directory)
	at java.base/java.io.FileInputStream.open0(Native Method)
	at java.base/java.io.FileInputStream.open(FileInputStream.java:220)
	at java.base/java.io.FileInputStream.<init>(FileInputStream.java:158)
	at gov.usgs.util.StreamUtils.getInputStream(StreamUtils.java:60)
	at gov.usgs.earthquake.product.io.DirectoryProductSource.streamTo(DirectoryProductSource.java:55)
	at gov.usgs.earthquake.product.io.ObjectProductHandler.getProduct(ObjectProductHandler.java:172)
	at gov.usgs.earthquake.distribution.FileProductStorage.getProduct(FileProductStorage.java:465)
	at gov.usgs.earthquake.indexer.ExternalIndexerListener.storeProduct(ExternalIndexerListener.java:195)
	at gov.usgs.earthquake.indexer.ExternalIndexerListener.onIndexerEvent(ExternalIndexerListener.java:129)
	at gov.usgs.earthquake.indexer.IndexerListenerCallable.call(IndexerListenerCallable.java:37)
	at gov.usgs.earthquake.indexer.IndexerListenerCallable.call(IndexerListenerCallable.java:12)
	at gov.usgs.util.ExecutorTask.run(ExecutorTask.java:183)
	at java.base/java.util.concurrent.Executors$RunnableAdapter.call(Executors.java:514)
	at java.base/java.util.concurrent.FutureTask.run(FutureTask.java:264)
	at java.base/java.util.concurrent.ThreadPoolExecutor.runWorker(ThreadPoolExecutor.java:1135)
	at java.base/java.util.concurrent.ThreadPoolExecutor$Worker.run(ThreadPoolExecutor.java:635)
	at java.base/java.lang.Thread.run(Thread.java:844)
WARNING	thread=1040	[null] listener (null) threw exception, for product id=urn:usgs-product:us:testproduct:one:1534979084503
java.io.IOException: Unable to create directory /Users/jmfee/Documents/git/pdl/_test_storage_/testproduct/one/us/1534979084503
	at gov.usgs.util.StreamUtils.getOutputStream(StreamUtils.java:154)
	at gov.usgs.util.StreamUtils.getOutputStream(StreamUtils.java:185)
	at gov.usgs.earthquake.product.io.DirectoryProductHandler.onEndProduct(DirectoryProductHandler.java:68)
	at gov.usgs.earthquake.product.io.FilterProductHandler.onEndProduct(FilterProductHandler.java:71)
	at gov.usgs.earthquake.distribution.FileProductStorage$StorageProductOutput.onEndProduct(FileProductStorage.java:855)
	at gov.usgs.earthquake.product.io.ObjectProductSource.sendEndProduct(ObjectProductSource.java:166)
	at gov.usgs.earthquake.product.io.ObjectProductSource.streamTo(ObjectProductSource.java:62)
	at gov.usgs.earthquake.distribution.FileProductStorage.storeProductSource(FileProductStorage.java:693)
	at gov.usgs.earthquake.distribution.FileProductStorage.storeProduct(FileProductStorage.java:675)
	at gov.usgs.earthquake.indexer.ExternalIndexerListener.storeProduct(ExternalIndexerListener.java:194)
	at gov.usgs.earthquake.indexer.ExternalIndexerListener.onIndexerEvent(ExternalIndexerListener.java:129)
	at gov.usgs.earthquake.indexer.IndexerListenerCallable.call(IndexerListenerCallable.java:37)
	at gov.usgs.earthquake.indexer.IndexerListenerCallable.call(IndexerListenerCallable.java:12)
	at gov.usgs.util.ExecutorTask.run(ExecutorTask.java:183)
	at java.base/java.util.concurrent.Executors$RunnableAdapter.call(Executors.java:514)
	at java.base/java.util.concurrent.FutureTask.run(FutureTask.java:264)
	at java.base/java.util.concurrent.ThreadPoolExecutor.runWorker(ThreadPoolExecutor.java:1135)
	at java.base/java.util.concurrent.ThreadPoolExecutor$Worker.run(ThreadPoolExecutor.java:635)
	at java.base/java.lang.Thread.run(Thread.java:844)
FINE	thread=1043	Exception: _test_storage_/testproduct/one/us/1534979084503/product.xml (No such file or directory) source=us, type=testproduct, code=one, updateTime=Wed Aug 22 17:04:44 MDT 2018
INFO	thread=1043	Exception executing task
java.io.FileNotFoundException: _test_storage_/testproduct/one/us/1534979084503/product.xml (No such file or directory)
	at java.base/java.io.FileInputStream.open0(Native Method)
	at java.base/java.io.FileInputStream.open(FileInputStream.java:220)
	at java.base/java.io.FileInputStream.<init>(FileInputStream.java:158)
	at gov.usgs.util.StreamUtils.getInputStream(StreamUtils.java:60)
	at gov.usgs.earthquake.product.io.DirectoryProductSource.streamTo(DirectoryProductSource.java:55)
	at gov.usgs.earthquake.product.io.ObjectProductHandler.getProduct(ObjectProductHandler.java:172)
	at gov.usgs.earthquake.distribution.FileProductStorage.getProduct(FileProductStorage.java:465)
	at gov.usgs.earthquake.indexer.ExternalIndexerListener.storeProduct(ExternalIndexerListener.java:195)
	at gov.usgs.earthquake.indexer.ExternalIndexerListener.onIndexerEvent(ExternalIndexerListener.java:129)
	at gov.usgs.earthquake.indexer.IndexerListenerCallable.call(IndexerListenerCallable.java:37)
	at gov.usgs.earthquake.indexer.IndexerListenerCallable.call(IndexerListenerCallable.java:12)
	at gov.usgs.util.ExecutorTask.run(ExecutorTask.java:183)
	at java.base/java.util.concurrent.Executors$RunnableAdapter.call(Executors.java:514)
	at java.base/java.util.concurrent.FutureTask.run(FutureTask.java:264)
	at java.base/java.util.concurrent.ThreadPoolExecutor.runWorker(ThreadPoolExecutor.java:1135)
	at java.base/java.util.concurrent.ThreadPoolExecutor$Worker.run(ThreadPoolExecutor.java:635)
	at java.base/java.lang.Thread.run(Thread.java:844)
FINE	thread=1040	Exception: Unable to create directory /Users/jmfee/Documents/git/pdl/_test_storage_/testproduct/one/us/1534979084503 source=us, type=testproduct, code=one, updateTime=Wed Aug 22 17:04:44 MDT 2018
INFO	thread=1040	Exception executing task
java.io.IOException: Unable to create directory /Users/jmfee/Documents/git/pdl/_test_storage_/testproduct/one/us/1534979084503
	at gov.usgs.util.StreamUtils.getOutputStream(StreamUtils.java:154)
	at gov.usgs.util.StreamUtils.getOutputStream(StreamUtils.java:185)
	at gov.usgs.earthquake.product.io.DirectoryProductHandler.onEndProduct(DirectoryProductHandler.java:68)
	at gov.usgs.earthquake.product.io.FilterProductHandler.onEndProduct(FilterProductHandler.java:71)
	at gov.usgs.earthquake.distribution.FileProductStorage$StorageProductOutput.onEndProduct(FileProductStorage.java:855)
	at gov.usgs.earthquake.product.io.ObjectProductSource.sendEndProduct(ObjectProductSource.java:166)
	at gov.usgs.earthquake.product.io.ObjectProductSource.streamTo(ObjectProductSource.java:62)
	at gov.usgs.earthquake.distribution.FileProductStorage.storeProductSource(FileProductStorage.java:693)
	at gov.usgs.earthquake.distribution.FileProductStorage.storeProduct(FileProductStorage.java:675)
	at gov.usgs.earthquake.indexer.ExternalIndexerListener.storeProduct(ExternalIndexerListener.java:194)
	at gov.usgs.earthquake.indexer.ExternalIndexerListener.onIndexerEvent(ExternalIndexerListener.java:129)
	at gov.usgs.earthquake.indexer.IndexerListenerCallable.call(IndexerListenerCallable.java:37)
	at gov.usgs.earthquake.indexer.IndexerListenerCallable.call(IndexerListenerCallable.java:12)
	at gov.usgs.util.ExecutorTask.run(ExecutorTask.java:183)
	at java.base/java.util.concurrent.Executors$RunnableAdapter.call(Executors.java:514)
	at java.base/java.util.concurrent.FutureTask.run(FutureTask.java:264)
	at java.base/java.util.concurrent.ThreadPoolExecutor.runWorker(ThreadPoolExecutor.java:1135)
	at java.base/java.util.concurrent.ThreadPoolExecutor$Worker.run(ThreadPoolExecutor.java:635)
	at java.base/java.lang.Thread.run(Thread.java:844)
FINE	thread=13	Eventindexid=1, eventid=usone, latitude=0, longitude=0, time=Wed Aug 22 17:04:44 MDT 2018, deleted=false
FINE	thread=13	Eventindexid=1, eventid=usone, latitude=0, longitude=0, time=Wed Aug 22 17:04:44 MDT 2018, deleted=false
FINE	thread=13	[null] notifying listeners
INFO	thread=13	[null] indexed product id=urn:usgs-product:nc:testproduct:uno:1534979084563, status=UPDATE
EVENT_UPDATED usone => usone
WARNING	thread=1043	[null] exception while storing product, removing incomplete product
java.io.IOException: Unable to create directory /Users/jmfee/Documents/git/pdl/_test_storage_/testproduct/uno/nc/1534979084563
	at gov.usgs.util.StreamUtils.getOutputStream(StreamUtils.java:154)
	at gov.usgs.util.StreamUtils.getOutputStream(StreamUtils.java:185)
	at gov.usgs.earthquake.product.io.DirectoryProductHandler.onEndProduct(DirectoryProductHandler.java:68)
	at gov.usgs.earthquake.product.io.FilterProductHandler.onEndProduct(FilterProductHandler.java:71)
	at gov.usgs.earthquake.distribution.FileProductStorage$StorageProductOutput.onEndProduct(FileProductStorage.java:855)
	at gov.usgs.earthquake.product.io.ObjectProductSource.sendEndProduct(ObjectProductSource.java:166)
	at gov.usgs.earthquake.product.io.ObjectProductSource.streamTo(ObjectProductSource.java:62)
	at gov.usgs.earthquake.distribution.FileProductStorage.storeProductSource(FileProductStorage.java:693)
	at gov.usgs.earthquake.distribution.FileProductStorage.storeProduct(FileProductStorage.java:675)
	at gov.usgs.earthquake.indexer.ExternalIndexerListener.storeProduct(ExternalIndexerListener.java:194)
	at gov.usgs.earthquake.indexer.ExternalIndexerListener.onIndexerEvent(ExternalIndexerListener.java:129)
	at gov.usgs.earthquake.indexer.IndexerListenerCallable.call(IndexerListenerCallable.java:37)
	at gov.usgs.earthquake.indexer.IndexerListenerCallable.call(IndexerListenerCallable.java:12)
	at gov.usgs.util.ExecutorTask.run(ExecutorTask.java:183)
	at java.base/java.util.concurrent.Executors$RunnableAdapter.call(Executors.java:514)
	at java.base/java.util.concurrent.FutureTask.run(FutureTask.java:264)
	at java.base/java.util.concurrent.ThreadPoolExecutor.runWorker(ThreadPoolExecutor.java:1135)
	at java.base/java.util.concurrent.ThreadPoolExecutor$Worker.run(ThreadPoolExecutor.java:635)
	at java.base/java.lang.Thread.run(Thread.java:844)
WARNING	thread=1043	[null] listener (null) threw exception, for product id=urn:usgs-product:nc:testproduct:uno:1534979084563
java.io.IOException: Unable to create directory /Users/jmfee/Documents/git/pdl/_test_storage_/testproduct/uno/nc/1534979084563
	at gov.usgs.util.StreamUtils.getOutputStream(StreamUtils.java:154)
	at gov.usgs.util.StreamUtils.getOutputStream(StreamUtils.java:185)
	at gov.usgs.earthquake.product.io.DirectoryProductHandler.onEndProduct(DirectoryProductHandler.java:68)
	at gov.usgs.earthquake.product.io.FilterProductHandler.onEndProduct(FilterProductHandler.java:71)
	at gov.usgs.earthquake.distribution.FileProductStorage$StorageProductOutput.onEndProduct(FileProductStorage.java:855)
	at gov.usgs.earthquake.product.io.ObjectProductSource.sendEndProduct(ObjectProductSource.java:166)
	at gov.usgs.earthquake.product.io.ObjectProductSource.streamTo(ObjectProductSource.java:62)
	at gov.usgs.earthquake.distribution.FileProductStorage.storeProductSource(FileProductStorage.java:693)
	at gov.usgs.earthquake.distribution.FileProductStorage.storeProduct(FileProductStorage.java:675)
	at gov.usgs.earthquake.indexer.ExternalIndexerListener.storeProduct(ExternalIndexerListener.java:194)
	at gov.usgs.earthquake.indexer.ExternalIndexerListener.onIndexerEvent(ExternalIndexerListener.java:129)
	at gov.usgs.earthquake.indexer.IndexerListenerCallable.call(IndexerListenerCallable.java:37)
	at gov.usgs.earthquake.indexer.IndexerListenerCallable.call(IndexerListenerCallable.java:12)
	at gov.usgs.util.ExecutorTask.run(ExecutorTask.java:183)
	at java.base/java.util.concurrent.Executors$RunnableAdapter.call(Executors.java:514)
	at java.base/java.util.concurrent.FutureTask.run(FutureTask.java:264)
	at java.base/java.util.concurrent.ThreadPoolExecutor.runWorker(ThreadPoolExecutor.java:1135)
	at java.base/java.util.concurrent.ThreadPoolExecutor$Worker.run(ThreadPoolExecutor.java:635)
	at java.base/java.lang.Thread.run(Thread.java:844)
FINE	thread=1043	Exception: Unable to create directory /Users/jmfee/Documents/git/pdl/_test_storage_/testproduct/uno/nc/1534979084563 source=nc, type=testproduct, code=uno, updateTime=Wed Aug 22 17:04:44 MDT 2018
INFO	thread=1043	Exception executing task
java.io.IOException: Unable to create directory /Users/jmfee/Documents/git/pdl/_test_storage_/testproduct/uno/nc/1534979084563
	at gov.usgs.util.StreamUtils.getOutputStream(StreamUtils.java:154)
	at gov.usgs.util.StreamUtils.getOutputStream(StreamUtils.java:185)
	at gov.usgs.earthquake.product.io.DirectoryProductHandler.onEndProduct(DirectoryProductHandler.java:68)
	at gov.usgs.earthquake.product.io.FilterProductHandler.onEndProduct(FilterProductHandler.java:71)
	at gov.usgs.earthquake.distribution.FileProductStorage$StorageProductOutput.onEndProduct(FileProductStorage.java:855)
	at gov.usgs.earthquake.product.io.ObjectProductSource.sendEndProduct(ObjectProductSource.java:166)
	at gov.usgs.earthquake.product.io.ObjectProductSource.streamTo(ObjectProductSource.java:62)
	at gov.usgs.earthquake.distribution.FileProductStorage.storeProductSource(FileProductStorage.java:693)
	at gov.usgs.earthquake.distribution.FileProductStorage.storeProduct(FileProductStorage.java:675)
	at gov.usgs.earthquake.indexer.ExternalIndexerListener.storeProduct(ExternalIndexerListener.java:194)
	at gov.usgs.earthquake.indexer.ExternalIndexerListener.onIndexerEvent(ExternalIndexerListener.java:129)
	at gov.usgs.earthquake.indexer.IndexerListenerCallable.call(IndexerListenerCallable.java:37)
	at gov.usgs.earthquake.indexer.IndexerListenerCallable.call(IndexerListenerCallable.java:12)
	at gov.usgs.util.ExecutorTask.run(ExecutorTask.java:183)
	at java.base/java.util.concurrent.Executors$RunnableAdapter.call(Executors.java:514)
	at java.base/java.util.concurrent.FutureTask.run(FutureTask.java:264)
	at java.base/java.util.concurrent.ThreadPoolExecutor.runWorker(ThreadPoolExecutor.java:1135)
	at java.base/java.util.concurrent.ThreadPoolExecutor$Worker.run(ThreadPoolExecutor.java:635)
	at java.base/java.lang.Thread.run(Thread.java:844)
WARNING	thread=1040	[null] listener (null) threw exception, for product id=urn:usgs-product:nc:testproduct:uno:1534979084563
java.lang.NullPointerException
	at gov.usgs.earthquake.product.FileContent.getDirectoryContents(FileContent.java:183)
	at gov.usgs.earthquake.product.FileContent.getDirectoryContents(FileContent.java:160)
	at gov.usgs.earthquake.product.io.DirectoryProductSource.streamTo(DirectoryProductSource.java:91)
	at gov.usgs.earthquake.product.io.ObjectProductHandler.getProduct(ObjectProductHandler.java:172)
	at gov.usgs.earthquake.distribution.FileProductStorage.getProduct(FileProductStorage.java:465)
	at gov.usgs.earthquake.indexer.ExternalIndexerListener.storeProduct(ExternalIndexerListener.java:195)
	at gov.usgs.earthquake.indexer.ExternalIndexerListener.onIndexerEvent(ExternalIndexerListener.java:129)
	at gov.usgs.earthquake.indexer.IndexerListenerCallable.call(IndexerListenerCallable.java:37)
	at gov.usgs.earthquake.indexer.IndexerListenerCallable.call(IndexerListenerCallable.java:12)
	at gov.usgs.util.ExecutorTask.run(ExecutorTask.java:183)
	at java.base/java.util.concurrent.Executors$RunnableAdapter.call(Executors.java:514)
	at java.base/java.util.concurrent.FutureTask.run(FutureTask.java:264)
	at java.base/java.util.concurrent.ThreadPoolExecutor.runWorker(ThreadPoolExecutor.java:1135)
	at java.base/java.util.concurrent.ThreadPoolExecutor$Worker.run(ThreadPoolExecutor.java:635)
	at java.base/java.lang.Thread.run(Thread.java:844)
FINE	thread=1040	Exception: null source=nc, type=testproduct, code=uno, updateTime=Wed Aug 22 17:04:44 MDT 2018
INFO	thread=1040	Exception executing task
java.lang.NullPointerException
	at gov.usgs.earthquake.product.FileContent.getDirectoryContents(FileContent.java:183)
	at gov.usgs.earthquake.product.FileContent.getDirectoryContents(FileContent.java:160)
	at gov.usgs.earthquake.product.io.DirectoryProductSource.streamTo(DirectoryProductSource.java:91)
	at gov.usgs.earthquake.product.io.ObjectProductHandler.getProduct(ObjectProductHandler.java:172)
	at gov.usgs.earthquake.distribution.FileProductStorage.getProduct(FileProductStorage.java:465)
	at gov.usgs.earthquake.indexer.ExternalIndexerListener.storeProduct(ExternalIndexerListener.java:195)
	at gov.usgs.earthquake.indexer.ExternalIndexerListener.onIndexerEvent(ExternalIndexerListener.java:129)
	at gov.usgs.earthquake.indexer.IndexerListenerCallable.call(IndexerListenerCallable.java:37)
	at gov.usgs.earthquake.indexer.IndexerListenerCallable.call(IndexerListenerCallable.java:12)
	at gov.usgs.util.ExecutorTask.run(ExecutorTask.java:183)
	at java.base/java.util.concurrent.Executors$RunnableAdapter.call(Executors.java:514)
	at java.base/java.util.concurrent.FutureTask.run(FutureTask.java:264)
	at java.base/java.util.concurrent.ThreadPoolExecutor.runWorker(ThreadPoolExecutor.java:1135)
	at java.base/java.util.concurrent.ThreadPoolExecutor$Worker.run(ThreadPoolExecutor.java:635)
	at java.base/java.lang.Thread.run(Thread.java:844)
FINE	thread=13	Eventindexid=1, eventid=usone, latitude=0, longitude=0, time=Wed Aug 22 17:04:44 MDT 2018, deleted=false
FINE	thread=13	Eventindexid=1, eventid=usone, latitude=0, longitude=0, time=Wed Aug 22 17:04:44 MDT 2018, deleted=false
FINE	thread=13	[null] notifying listeners
INFO	thread=13	[null] indexed product id=urn:usgs-product:ci:testproduct:ein:1534979084630, status=UPDATE
EVENT_UPDATED usone => usone
WARNING	thread=1040	[null] exception while storing product, removing incomplete product
java.io.IOException: Unable to create directory /Users/jmfee/Documents/git/pdl/_test_storage_/testproduct/ein/ci/1534979084630
	at gov.usgs.util.StreamUtils.getOutputStream(StreamUtils.java:154)
	at gov.usgs.util.StreamUtils.getOutputStream(StreamUtils.java:185)
	at gov.usgs.earthquake.product.io.DirectoryProductHandler.onEndProduct(DirectoryProductHandler.java:68)
	at gov.usgs.earthquake.product.io.FilterProductHandler.onEndProduct(FilterProductHandler.java:71)
	at gov.usgs.earthquake.distribution.FileProductStorage$StorageProductOutput.onEndProduct(FileProductStorage.java:855)
	at gov.usgs.earthquake.product.io.ObjectProductSource.sendEndProduct(ObjectProductSource.java:166)
	at gov.usgs.earthquake.product.io.ObjectProductSource.streamTo(ObjectProductSource.java:62)
	at gov.usgs.earthquake.distribution.FileProductStorage.storeProductSource(FileProductStorage.java:693)
	at gov.usgs.earthquake.distribution.FileProductStorage.storeProduct(FileProductStorage.java:675)
	at gov.usgs.earthquake.indexer.ExternalIndexerListener.storeProduct(ExternalIndexerListener.java:194)
	at gov.usgs.earthquake.indexer.ExternalIndexerListener.onIndexerEvent(ExternalIndexerListener.java:129)
	at gov.usgs.earthquake.indexer.IndexerListenerCallable.call(IndexerListenerCallable.java:37)
	at gov.usgs.earthquake.indexer.IndexerListenerCallable.call(IndexerListenerCallable.java:12)
	at gov.usgs.util.ExecutorTask.run(ExecutorTask.java:183)
	at java.base/java.util.concurrent.Executors$RunnableAdapter.call(Executors.java:514)
	at java.base/java.util.concurrent.FutureTask.run(FutureTask.java:264)
	at java.base/java.util.concurrent.ThreadPoolExecutor.runWorker(ThreadPoolExecutor.java:1135)
	at java.base/java.util.concurrent.ThreadPoolExecutor$Worker.run(ThreadPoolExecutor.java:635)
	at java.base/java.lang.Thread.run(Thread.java:844)
WARNING	thread=1043	[null] listener (null) threw exception, for product id=urn:usgs-product:ci:testproduct:ein:1534979084630
java.io.FileNotFoundException: _test_storage_/testproduct/ein/ci/1534979084630/product.xml (No such file or directory)
	at java.base/java.io.FileInputStream.open0(Native Method)
	at java.base/java.io.FileInputStream.open(FileInputStream.java:220)
	at java.base/java.io.FileInputStream.<init>(FileInputStream.java:158)
	at gov.usgs.util.StreamUtils.getInputStream(StreamUtils.java:60)
	at gov.usgs.earthquake.product.io.DirectoryProductSource.streamTo(DirectoryProductSource.java:55)
	at gov.usgs.earthquake.product.io.ObjectProductHandler.getProduct(ObjectProductHandler.java:172)
	at gov.usgs.earthquake.distribution.FileProductStorage.getProduct(FileProductStorage.java:465)
	at gov.usgs.earthquake.indexer.ExternalIndexerListener.storeProduct(ExternalIndexerListener.java:195)
	at gov.usgs.earthquake.indexer.ExternalIndexerListener.onIndexerEvent(ExternalIndexerListener.java:129)
	at gov.usgs.earthquake.indexer.IndexerListenerCallable.call(IndexerListenerCallable.java:37)
	at gov.usgs.earthquake.indexer.IndexerListenerCallable.call(IndexerListenerCallable.java:12)
	at gov.usgs.util.ExecutorTask.run(ExecutorTask.java:183)
	at java.base/java.util.concurrent.Executors$RunnableAdapter.call(Executors.java:514)
	at java.base/java.util.concurrent.FutureTask.run(FutureTask.java:264)
	at java.base/java.util.concurrent.ThreadPoolExecutor.runWorker(ThreadPoolExecutor.java:1135)
	at java.base/java.util.concurrent.ThreadPoolExecutor$Worker.run(ThreadPoolExecutor.java:635)
	at java.base/java.lang.Thread.run(Thread.java:844)
FINE	thread=1043	Exception: _test_storage_/testproduct/ein/ci/1534979084630/product.xml (No such file or directory) source=ci, type=testproduct, code=ein, updateTime=Wed Aug 22 17:04:44 MDT 2018
INFO	thread=1043	Exception executing task
java.io.FileNotFoundException: _test_storage_/testproduct/ein/ci/1534979084630/product.xml (No such file or directory)
	at java.base/java.io.FileInputStream.open0(Native Method)
	at java.base/java.io.FileInputStream.open(FileInputStream.java:220)
	at java.base/java.io.FileInputStream.<init>(FileInputStream.java:158)
	at gov.usgs.util.StreamUtils.getInputStream(StreamUtils.java:60)
	at gov.usgs.earthquake.product.io.DirectoryProductSource.streamTo(DirectoryProductSource.java:55)
	at gov.usgs.earthquake.product.io.ObjectProductHandler.getProduct(ObjectProductHandler.java:172)
	at gov.usgs.earthquake.distribution.FileProductStorage.getProduct(FileProductStorage.java:465)
	at gov.usgs.earthquake.indexer.ExternalIndexerListener.storeProduct(ExternalIndexerListener.java:195)
	at gov.usgs.earthquake.indexer.ExternalIndexerListener.onIndexerEvent(ExternalIndexerListener.java:129)
	at gov.usgs.earthquake.indexer.IndexerListenerCallable.call(IndexerListenerCallable.java:37)
	at gov.usgs.earthquake.indexer.IndexerListenerCallable.call(IndexerListenerCallable.java:12)
	at gov.usgs.util.ExecutorTask.run(ExecutorTask.java:183)
	at java.base/java.util.concurrent.Executors$RunnableAdapter.call(Executors.java:514)
	at java.base/java.util.concurrent.FutureTask.run(FutureTask.java:264)
	at java.base/java.util.concurrent.ThreadPoolExecutor.runWorker(ThreadPoolExecutor.java:1135)
	at java.base/java.util.concurrent.ThreadPoolExecutor$Worker.run(ThreadPoolExecutor.java:635)
	at java.base/java.lang.Thread.run(Thread.java:844)
WARNING	thread=1040	[null] listener (null) threw exception, for product id=urn:usgs-product:ci:testproduct:ein:1534979084630
java.io.IOException: Unable to create directory /Users/jmfee/Documents/git/pdl/_test_storage_/testproduct/ein/ci/1534979084630
	at gov.usgs.util.StreamUtils.getOutputStream(StreamUtils.java:154)
	at gov.usgs.util.StreamUtils.getOutputStream(StreamUtils.java:185)
	at gov.usgs.earthquake.product.io.DirectoryProductHandler.onEndProduct(DirectoryProductHandler.java:68)
	at gov.usgs.earthquake.product.io.FilterProductHandler.onEndProduct(FilterProductHandler.java:71)
	at gov.usgs.earthquake.distribution.FileProductStorage$StorageProductOutput.onEndProduct(FileProductStorage.java:855)
	at gov.usgs.earthquake.product.io.ObjectProductSource.sendEndProduct(ObjectProductSource.java:166)
	at gov.usgs.earthquake.product.io.ObjectProductSource.streamTo(ObjectProductSource.java:62)
	at gov.usgs.earthquake.distribution.FileProductStorage.storeProductSource(FileProductStorage.java:693)
	at gov.usgs.earthquake.distribution.FileProductStorage.storeProduct(FileProductStorage.java:675)
	at gov.usgs.earthquake.indexer.ExternalIndexerListener.storeProduct(ExternalIndexerListener.java:194)
	at gov.usgs.earthquake.indexer.ExternalIndexerListener.onIndexerEvent(ExternalIndexerListener.java:129)
	at gov.usgs.earthquake.indexer.IndexerListenerCallable.call(IndexerListenerCallable.java:37)
	at gov.usgs.earthquake.indexer.IndexerListenerCallable.call(IndexerListenerCallable.java:12)
	at gov.usgs.util.ExecutorTask.run(ExecutorTask.java:183)
	at java.base/java.util.concurrent.Executors$RunnableAdapter.call(Executors.java:514)
	at java.base/java.util.concurrent.FutureTask.run(FutureTask.java:264)
	at java.base/java.util.concurrent.ThreadPoolExecutor.runWorker(ThreadPoolExecutor.java:1135)
	at java.base/java.util.concurrent.ThreadPoolExecutor$Worker.run(ThreadPoolExecutor.java:635)
	at java.base/java.lang.Thread.run(Thread.java:844)
FINE	thread=1040	Exception: Unable to create directory /Users/jmfee/Documents/git/pdl/_test_storage_/testproduct/ein/ci/1534979084630 source=ci, type=testproduct, code=ein, updateTime=Wed Aug 22 17:04:44 MDT 2018
INFO	thread=1040	Exception executing task
java.io.IOException: Unable to create directory /Users/jmfee/Documents/git/pdl/_test_storage_/testproduct/ein/ci/1534979084630
	at gov.usgs.util.StreamUtils.getOutputStream(StreamUtils.java:154)
	at gov.usgs.util.StreamUtils.getOutputStream(StreamUtils.java:185)
	at gov.usgs.earthquake.product.io.DirectoryProductHandler.onEndProduct(DirectoryProductHandler.java:68)
	at gov.usgs.earthquake.product.io.FilterProductHandler.onEndProduct(FilterProductHandler.java:71)
	at gov.usgs.earthquake.distribution.FileProductStorage$StorageProductOutput.onEndProduct(FileProductStorage.java:855)
	at gov.usgs.earthquake.product.io.ObjectProductSource.sendEndProduct(ObjectProductSource.java:166)
	at gov.usgs.earthquake.product.io.ObjectProductSource.streamTo(ObjectProductSource.java:62)
	at gov.usgs.earthquake.distribution.FileProductStorage.storeProductSource(FileProductStorage.java:693)
	at gov.usgs.earthquake.distribution.FileProductStorage.storeProduct(FileProductStorage.java:675)
	at gov.usgs.earthquake.indexer.ExternalIndexerListener.storeProduct(ExternalIndexerListener.java:194)
	at gov.usgs.earthquake.indexer.ExternalIndexerListener.onIndexerEvent(ExternalIndexerListener.java:129)
	at gov.usgs.earthquake.indexer.IndexerListenerCallable.call(IndexerListenerCallable.java:37)
	at gov.usgs.earthquake.indexer.IndexerListenerCallable.call(IndexerListenerCallable.java:12)
	at gov.usgs.util.ExecutorTask.run(ExecutorTask.java:183)
	at java.base/java.util.concurrent.Executors$RunnableAdapter.call(Executors.java:514)
	at java.base/java.util.concurrent.FutureTask.run(FutureTask.java:264)
	at java.base/java.util.concurrent.ThreadPoolExecutor.runWorker(ThreadPoolExecutor.java:1135)
	at java.base/java.util.concurrent.ThreadPoolExecutor$Worker.run(ThreadPoolExecutor.java:635)
	at java.base/java.lang.Thread.run(Thread.java:844)
FINE	thread=13	Eventindexid=1, eventid=usone, latitude=0, longitude=0, time=Wed Aug 22 17:04:44 MDT 2018, deleted=false
FINE	thread=13	Eventindexid=1, eventid=usone, latitude=10, longitude=10, time=Wed Aug 22 17:04:44 MDT 2018, deleted=false
FINE	thread=13	Eventindexid=null, eventid=ciein, latitude=0.899927005759539240138212567196411562076008294752682559192180633544921875, longitude=0.899927005759539240138212567196411562076008294752682559192180633544921875, time=Wed Aug 22 17:04:44 MDT 2018, deleted=false
FINE	thread=13	Eventindexid=null, eventid=ncuno, latitude=-0.899927005759539240138212567196411562076008294752682559192180633544921875, longitude=-0.899927005759539240138212567196411562076008294752682559192180633544921875, time=Wed Aug 22 17:04:44 MDT 2018, deleted=false
FINE	thread=13	[null] notifying listeners
INFO	thread=13	[null] indexed product id=urn:usgs-product:us:testproduct:one:1534979084691, status=UPDATE
EVENT_UPDATED usone => usone
EVENT_SPLIT null => ciein
EVENT_SPLIT null => ncuno
WARNING	thread=1043	[null] exception while storing product, removing incomplete product
java.io.IOException: Unable to create directory /Users/jmfee/Documents/git/pdl/_test_storage_/testproduct/one/us/1534979084691
	at gov.usgs.util.StreamUtils.getOutputStream(StreamUtils.java:154)
	at gov.usgs.util.StreamUtils.getOutputStream(StreamUtils.java:185)
	at gov.usgs.earthquake.product.io.DirectoryProductHandler.onEndProduct(DirectoryProductHandler.java:68)
	at gov.usgs.earthquake.product.io.FilterProductHandler.onEndProduct(FilterProductHandler.java:71)
	at gov.usgs.earthquake.distribution.FileProductStorage$StorageProductOutput.onEndProduct(FileProductStorage.java:855)
	at gov.usgs.earthquake.product.io.ObjectProductSource.sendEndProduct(ObjectProductSource.java:166)
	at gov.usgs.earthquake.product.io.ObjectProductSource.streamTo(ObjectProductSource.java:62)
	at gov.usgs.earthquake.distribution.FileProductStorage.storeProductSource(FileProductStorage.java:693)
	at gov.usgs.earthquake.distribution.FileProductStorage.storeProduct(FileProductStorage.java:675)
	at gov.usgs.earthquake.indexer.ExternalIndexerListener.storeProduct(ExternalIndexerListener.java:194)
	at gov.usgs.earthquake.indexer.ExternalIndexerListener.onIndexerEvent(ExternalIndexerListener.java:129)
	at gov.usgs.earthquake.indexer.IndexerListenerCallable.call(IndexerListenerCallable.java:37)
	at gov.usgs.earthquake.indexer.IndexerListenerCallable.call(IndexerListenerCallable.java:12)
	at gov.usgs.util.ExecutorTask.run(ExecutorTask.java:183)
	at java.base/java.util.concurrent.Executors$RunnableAdapter.call(Executors.java:514)
	at java.base/java.util.concurrent.FutureTask.run(FutureTask.java:264)
	at java.base/java.util.concurrent.ThreadPoolExecutor.runWorker(ThreadPoolExecutor.java:1135)
	at java.base/java.util.concurrent.ThreadPoolExecutor$Worker.run(ThreadPoolExecutor.java:635)
	at java.base/java.lang.Thread.run(Thread.java:844)
WARNING	thread=1040	[null] listener (null) threw exception, for product id=urn:usgs-product:us:testproduct:one:1534979084691
java.io.FileNotFoundException: _test_storage_/testproduct/one/us/1534979084691/product.xml (No such file or directory)
	at java.base/java.io.FileInputStream.open0(Native Method)
	at java.base/java.io.FileInputStream.open(FileInputStream.java:220)
	at java.base/java.io.FileInputStream.<init>(FileInputStream.java:158)
	at gov.usgs.util.StreamUtils.getInputStream(StreamUtils.java:60)
	at gov.usgs.earthquake.product.io.DirectoryProductSource.streamTo(DirectoryProductSource.java:55)
	at gov.usgs.earthquake.product.io.ObjectProductHandler.getProduct(ObjectProductHandler.java:172)
	at gov.usgs.earthquake.distribution.FileProductStorage.getProduct(FileProductStorage.java:465)
	at gov.usgs.earthquake.indexer.ExternalIndexerListener.storeProduct(ExternalIndexerListener.java:195)
	at gov.usgs.earthquake.indexer.ExternalIndexerListener.onIndexerEvent(ExternalIndexerListener.java:129)
	at gov.usgs.earthquake.indexer.IndexerListenerCallable.call(IndexerListenerCallable.java:37)
	at gov.usgs.earthquake.indexer.IndexerListenerCallable.call(IndexerListenerCallable.java:12)
	at gov.usgs.util.ExecutorTask.run(ExecutorTask.java:183)
	at java.base/java.util.concurrent.Executors$RunnableAdapter.call(Executors.java:514)
	at java.base/java.util.concurrent.FutureTask.run(FutureTask.java:264)
	at java.base/java.util.concurrent.ThreadPoolExecutor.runWorker(ThreadPoolExecutor.java:1135)
	at java.base/java.util.concurrent.ThreadPoolExecutor$Worker.run(ThreadPoolExecutor.java:635)
	at java.base/java.lang.Thread.run(Thread.java:844)
WARNING	thread=1043	[null] listener (null) threw exception, for product id=urn:usgs-product:us:testproduct:one:1534979084691
java.io.IOException: Unable to create directory /Users/jmfee/Documents/git/pdl/_test_storage_/testproduct/one/us/1534979084691
	at gov.usgs.util.StreamUtils.getOutputStream(StreamUtils.java:154)
	at gov.usgs.util.StreamUtils.getOutputStream(StreamUtils.java:185)
	at gov.usgs.earthquake.product.io.DirectoryProductHandler.onEndProduct(DirectoryProductHandler.java:68)
	at gov.usgs.earthquake.product.io.FilterProductHandler.onEndProduct(FilterProductHandler.java:71)
	at gov.usgs.earthquake.distribution.FileProductStorage$StorageProductOutput.onEndProduct(FileProductStorage.java:855)
	at gov.usgs.earthquake.product.io.ObjectProductSource.sendEndProduct(ObjectProductSource.java:166)
	at gov.usgs.earthquake.product.io.ObjectProductSource.streamTo(ObjectProductSource.java:62)
	at gov.usgs.earthquake.distribution.FileProductStorage.storeProductSource(FileProductStorage.java:693)
	at gov.usgs.earthquake.distribution.FileProductStorage.storeProduct(FileProductStorage.java:675)
	at gov.usgs.earthquake.indexer.ExternalIndexerListener.storeProduct(ExternalIndexerListener.java:194)
	at gov.usgs.earthquake.indexer.ExternalIndexerListener.onIndexerEvent(ExternalIndexerListener.java:129)
	at gov.usgs.earthquake.indexer.IndexerListenerCallable.call(IndexerListenerCallable.java:37)
	at gov.usgs.earthquake.indexer.IndexerListenerCallable.call(IndexerListenerCallable.java:12)
	at gov.usgs.util.ExecutorTask.run(ExecutorTask.java:183)
	at java.base/java.util.concurrent.Executors$RunnableAdapter.call(Executors.java:514)
	at java.base/java.util.concurrent.FutureTask.run(FutureTask.java:264)
	at java.base/java.util.concurrent.ThreadPoolExecutor.runWorker(ThreadPoolExecutor.java:1135)
	at java.base/java.util.concurrent.ThreadPoolExecutor$Worker.run(ThreadPoolExecutor.java:635)
	at java.base/java.lang.Thread.run(Thread.java:844)
FINE	thread=1043	Exception: Unable to create directory /Users/jmfee/Documents/git/pdl/_test_storage_/testproduct/one/us/1534979084691 source=us, type=testproduct, code=one, updateTime=Wed Aug 22 17:04:44 MDT 2018
FINE	thread=1040	Exception: _test_storage_/testproduct/one/us/1534979084691/product.xml (No such file or directory) source=us, type=testproduct, code=one, updateTime=Wed Aug 22 17:04:44 MDT 2018
INFO	thread=1040	Exception executing task
java.io.FileNotFoundException: _test_storage_/testproduct/one/us/1534979084691/product.xml (No such file or directory)
	at java.base/java.io.FileInputStream.open0(Native Method)
	at java.base/java.io.FileInputStream.open(FileInputStream.java:220)
	at java.base/java.io.FileInputStream.<init>(FileInputStream.java:158)
	at gov.usgs.util.StreamUtils.getInputStream(StreamUtils.java:60)
	at gov.usgs.earthquake.product.io.DirectoryProductSource.streamTo(DirectoryProductSource.java:55)
	at gov.usgs.earthquake.product.io.ObjectProductHandler.getProduct(ObjectProductHandler.java:172)
	at gov.usgs.earthquake.distribution.FileProductStorage.getProduct(FileProductStorage.java:465)
	at gov.usgs.earthquake.indexer.ExternalIndexerListener.storeProduct(ExternalIndexerListener.java:195)
	at gov.usgs.earthquake.indexer.ExternalIndexerListener.onIndexerEvent(ExternalIndexerListener.java:129)
	at gov.usgs.earthquake.indexer.IndexerListenerCallable.call(IndexerListenerCallable.java:37)
	at gov.usgs.earthquake.indexer.IndexerListenerCallable.call(IndexerListenerCallable.java:12)
	at gov.usgs.util.ExecutorTask.run(ExecutorTask.java:183)
	at java.base/java.util.concurrent.Executors$RunnableAdapter.call(Executors.java:514)
	at java.base/java.util.concurrent.FutureTask.run(FutureTask.java:264)
	at java.base/java.util.concurrent.ThreadPoolExecutor.runWorker(ThreadPoolExecutor.java:1135)
	at java.base/java.util.concurrent.ThreadPoolExecutor$Worker.run(ThreadPoolExecutor.java:635)
	at java.base/java.lang.Thread.run(Thread.java:844)
INFO	thread=1043	Exception executing task
java.io.IOException: Unable to create directory /Users/jmfee/Documents/git/pdl/_test_storage_/testproduct/one/us/1534979084691
	at gov.usgs.util.StreamUtils.getOutputStream(StreamUtils.java:154)
	at gov.usgs.util.StreamUtils.getOutputStream(StreamUtils.java:185)
	at gov.usgs.earthquake.product.io.DirectoryProductHandler.onEndProduct(DirectoryProductHandler.java:68)
	at gov.usgs.earthquake.product.io.FilterProductHandler.onEndProduct(FilterProductHandler.java:71)
	at gov.usgs.earthquake.distribution.FileProductStorage$StorageProductOutput.onEndProduct(FileProductStorage.java:855)
	at gov.usgs.earthquake.product.io.ObjectProductSource.sendEndProduct(ObjectProductSource.java:166)
	at gov.usgs.earthquake.product.io.ObjectProductSource.streamTo(ObjectProductSource.java:62)
	at gov.usgs.earthquake.distribution.FileProductStorage.storeProductSource(FileProductStorage.java:693)
	at gov.usgs.earthquake.distribution.FileProductStorage.storeProduct(FileProductStorage.java:675)
	at gov.usgs.earthquake.indexer.ExternalIndexerListener.storeProduct(ExternalIndexerListener.java:194)
	at gov.usgs.earthquake.indexer.ExternalIndexerListener.onIndexerEvent(ExternalIndexerListener.java:129)
	at gov.usgs.earthquake.indexer.IndexerListenerCallable.call(IndexerListenerCallable.java:37)
	at gov.usgs.earthquake.indexer.IndexerListenerCallable.call(IndexerListenerCallable.java:12)
	at gov.usgs.util.ExecutorTask.run(ExecutorTask.java:183)
	at java.base/java.util.concurrent.Executors$RunnableAdapter.call(Executors.java:514)
	at java.base/java.util.concurrent.FutureTask.run(FutureTask.java:264)
	at java.base/java.util.concurrent.ThreadPoolExecutor.runWorker(ThreadPoolExecutor.java:1135)
	at java.base/java.util.concurrent.ThreadPoolExecutor$Worker.run(ThreadPoolExecutor.java:635)
	at java.base/java.lang.Thread.run(Thread.java:844)
CONFIG	thread=13	[null] maxTries = 1
CONFIG	thread=13	[null] maxTries = 1
CONFIG	thread=13	[null] timeout = 0ms
CONFIG	thread=13	[null] retry delay = 300000ms
CONFIG	thread=13	[null] process duplicates = false
CONFIG	thread=13	[null] include paths = []
CONFIG	thread=13	[null] exclude paths = []
CONFIG	thread=13	[null] using storage directory /Users/jmfee/Documents/git/pdl/storage
CONFIG	thread=13	[null] loading ArchivePolicy 'testPolicy'
CONFIG	thread=13	[null] archive interval is '500'
CONFIG	thread=13	[null] no indexer modules configured.
CONFIG	thread=13	[null] no indexer listeners configured.
CONFIG	thread=13	[null] associateUsingCurrentProducts = false
INFO	thread=1056	Archiving disabled
INFO	thread=1056	[null] purged 0 expired events and 0 expired unassociated products.
FINE	thread=13	Digest='5pWnoslhAT9u2VyuTDXi30WwN3Y=' , 2ms
FINE	thread=13	Eventindexid=1, eventid=usabcd1234, latitude=0, longitude=0, time=Wed Aug 22 17:04:44 MDT 2018, deleted=false
FINE	thread=13	Eventindexid=1, eventid=usabcd1234, latitude=0, longitude=0, time=Wed Aug 22 17:04:44 MDT 2018, deleted=false
FINE	thread=13	[null] notifying listeners
INFO	thread=13	[null] indexed product id=urn:usgs-product:us:shakemap:abcd1234:1534979084762, status=UPDATE
EVENT_ADDED null => usabcd1234
INFO	thread=1057	[null] running command echo --preferred-eventid=usabcd1234 --preferred-eventsource=us --preferred-eventsourcecode=abcd1234 --eventids=usabcd1234 --preferred-magnitude=null --preferred-latitude=0 --preferred-longitude=0 --preferred-depth=null --preferred-eventtime=2018-08-22T23:04:44.765Z --directory=/Users/jmfee/Documents/git/pdl/_test_storage_/shakemap/abcd1234/us/1534979084762 --type=shakemap --code=abcd1234 --source=us --updateTime=2018-08-22T23:04:44.762Z --status=UPDATE --trackerURL=http://localhost/tracker "--property-testprop=testvalue" "--property-latitude=0" "--property-eventsourcecode=abcd1234" "--property-eventtime=2018-08-22T23:04:44.765Z" "--property-eventsource=us" "--property-longitude=0" --link-testrelation=http://google.com/ --content --contentType=text/html --signature=MCwCFBKBSpXEsxKui6EIUFu+F0kFo3qsAhRo22/UxYB2JR+IUw+UCoY8p3QTmQ== --action=EVENT_ADDED
INFO	thread=1059	[null] running command echo --preferred-eventid=usabcd1234 --preferred-eventsource=us --preferred-eventsourcecode=abcd1234 --eventids=usabcd1234 --preferred-magnitude=null --preferred-latitude=0 --preferred-longitude=0 --preferred-depth=null --preferred-eventtime=2018-08-22T23:04:44.765Z --directory=/Users/jmfee/Documents/git/pdl/_test_storage_/shakemap/abcd1234/us/1534979084762 --type=shakemap --code=abcd1234 --source=us --updateTime=2018-08-22T23:04:44.762Z --status=UPDATE --trackerURL=http://localhost/tracker "--property-testprop=testvalue" "--property-latitude=0" "--property-eventsourcecode=abcd1234" "--property-eventtime=2018-08-22T23:04:44.765Z" "--property-eventsource=us" "--property-longitude=0" --link-testrelation=http://google.com/ --content --contentType=text/html --signature=MCwCFBKBSpXEsxKui6EIUFu+F0kFo3qsAhRo22/UxYB2JR+IUw+UCoY8p3QTmQ== --action=EVENT_ADDED
INFO	thread=1059	[null] command 'echo --preferred-eventid=usabcd1234 --preferred-eventsource=us --preferred-eventsourcecode=abcd1234 --eventids=usabcd1234 --preferred-magnitude=null --preferred-latitude=0 --preferred-longitude=0 --preferred-depth=null --preferred-eventtime=2018-08-22T23:04:44.765Z --directory=/Users/jmfee/Documents/git/pdl/_test_storage_/shakemap/abcd1234/us/1534979084762 --type=shakemap --code=abcd1234 --source=us --updateTime=2018-08-22T23:04:44.762Z --status=UPDATE --trackerURL=http://localhost/tracker "--property-testprop=testvalue" "--property-latitude=0" "--property-eventsourcecode=abcd1234" "--property-eventtime=2018-08-22T23:04:44.765Z" "--property-eventsource=us" "--property-longitude=0" --link-testrelation=http://google.com/ --content --contentType=text/html --signature=MCwCFBKBSpXEsxKui6EIUFu+F0kFo3qsAhRo22/UxYB2JR+IUw+UCoY8p3QTmQ== --action=EVENT_ADDED' exited with status '0'
INFO	thread=1057	[null] command 'echo --preferred-eventid=usabcd1234 --preferred-eventsource=us --preferred-eventsourcecode=abcd1234 --eventids=usabcd1234 --preferred-magnitude=null --preferred-latitude=0 --preferred-longitude=0 --preferred-depth=null --preferred-eventtime=2018-08-22T23:04:44.765Z --directory=/Users/jmfee/Documents/git/pdl/_test_storage_/shakemap/abcd1234/us/1534979084762 --type=shakemap --code=abcd1234 --source=us --updateTime=2018-08-22T23:04:44.762Z --status=UPDATE --trackerURL=http://localhost/tracker "--property-testprop=testvalue" "--property-latitude=0" "--property-eventsourcecode=abcd1234" "--property-eventtime=2018-08-22T23:04:44.765Z" "--property-eventsource=us" "--property-longitude=0" --link-testrelation=http://google.com/ --content --contentType=text/html --signature=MCwCFBKBSpXEsxKui6EIUFu+F0kFo3qsAhRo22/UxYB2JR+IUw+UCoY8p3QTmQ== --action=EVENT_ADDED' exited with status '0'
FINE	thread=13	Digest='KVXZaIZbmxXUMRjXakpC9IUIz9k=' , 2ms
FINE	thread=13	Eventindexid=1, eventid=usabcd1234, latitude=0, longitude=0, time=Wed Aug 22 17:04:44 MDT 2018, deleted=false
FINE	thread=13	Eventindexid=1, eventid=usabcd1234, latitude=0, longitude=0, time=Wed Aug 22 17:04:44 MDT 2018, deleted=false
FINE	thread=13	[null] notifying listeners
INFO	thread=13	[null] indexed product id=urn:usgs-product:us:pager:abcd1234:1534979084828, status=UPDATE
EVENT_UPDATED usabcd1234 => usabcd1234
INFO	thread=1059	[null] running command echo --preferred-eventid=usabcd1234 --preferred-eventsource=us --preferred-eventsourcecode=abcd1234 --eventids=usabcd1234 --preferred-magnitude=null --preferred-latitude=0 --preferred-longitude=0 --preferred-depth=null --preferred-eventtime=2018-08-22T23:04:44.765Z --directory=/Users/jmfee/Documents/git/pdl/_test_storage_/pager/abcd1234/us/1534979084828 --type=pager --code=abcd1234 --source=us --updateTime=2018-08-22T23:04:44.828Z --status=UPDATE --trackerURL=http://localhost/tracker "--property-eventsourcecode=abcd1234" "--property-eventsource=us" "--property-testprop=testvalue" --link-testrelation=http://google.com/ --content --contentType=text/html --signature=MCwCFFbqtcu+8Sds/Xm/2gtLK2kAr+ykAhQHoixYvNM+xjOfEOVQV0tmXM7Flg== --action=EVENT_UPDATED
INFO	thread=1059	[null] command 'echo --preferred-eventid=usabcd1234 --preferred-eventsource=us --preferred-eventsourcecode=abcd1234 --eventids=usabcd1234 --preferred-magnitude=null --preferred-latitude=0 --preferred-longitude=0 --preferred-depth=null --preferred-eventtime=2018-08-22T23:04:44.765Z --directory=/Users/jmfee/Documents/git/pdl/_test_storage_/pager/abcd1234/us/1534979084828 --type=pager --code=abcd1234 --source=us --updateTime=2018-08-22T23:04:44.828Z --status=UPDATE --trackerURL=http://localhost/tracker "--property-eventsourcecode=abcd1234" "--property-eventsource=us" "--property-testprop=testvalue" --link-testrelation=http://google.com/ --content --contentType=text/html --signature=MCwCFFbqtcu+8Sds/Xm/2gtLK2kAr+ykAhQHoixYvNM+xjOfEOVQV0tmXM7Flg== --action=EVENT_UPDATED' exited with status '0'
FINE	thread=13	Digest='7F+tlSZ2WDcv/TfMwzfPr9k/8eU=' , 2ms
FINE	thread=13	Eventindexid=1, eventid=usabcd1234, latitude=0, longitude=0, time=Wed Aug 22 17:04:44 MDT 2018, deleted=false
FINE	thread=13	Eventindexid=1, eventid=usabcd1234, latitude=0, longitude=0, time=Wed Aug 22 17:04:44 MDT 2018, deleted=false
FINE	thread=13	[null] notifying listeners
INFO	thread=13	[null] indexed product id=urn:usgs-product:us:pager:abcd1234:1534979084892, status=UPDATE
EVENT_UPDATED usabcd1234 => usabcd1234
INFO	thread=1059	[null] product already in storage
INFO	thread=1059	[null] running command echo --preferred-eventid=usabcd1234 --preferred-eventsource=us --preferred-eventsourcecode=abcd1234 --eventids=usabcd1234 --preferred-magnitude=null --preferred-latitude=0 --preferred-longitude=0 --preferred-depth=null --preferred-eventtime=2018-08-22T23:04:44.765Z --directory=/Users/jmfee/Documents/git/pdl/_test_storage_/pager/abcd1234/us/1534979084892 --type=pager --code=abcd1234 --source=us --updateTime=2018-08-22T23:04:44.892Z --status=UPDATE --trackerURL=http://localhost/tracker "--property-eventsourcecode=abcd1234" "--property-eventsource=us" "--property-testprop=testvalue" --link-testrelation=http://google.com/ --content --contentType=text/html --signature=MC0CFAIHxKS6sJ6CFnLnyXq480pwFXifAhUAld9pyhHZK6YLr7t5YiK8dwdKTyk= --action=EVENT_UPDATED
INFO	thread=1059	[null] command 'echo --preferred-eventid=usabcd1234 --preferred-eventsource=us --preferred-eventsourcecode=abcd1234 --eventids=usabcd1234 --preferred-magnitude=null --preferred-latitude=0 --preferred-longitude=0 --preferred-depth=null --preferred-eventtime=2018-08-22T23:04:44.765Z --directory=/Users/jmfee/Documents/git/pdl/_test_storage_/pager/abcd1234/us/1534979084892 --type=pager --code=abcd1234 --source=us --updateTime=2018-08-22T23:04:44.892Z --status=UPDATE --trackerURL=http://localhost/tracker "--property-eventsourcecode=abcd1234" "--property-eventsource=us" "--property-testprop=testvalue" --link-testrelation=http://google.com/ --content --contentType=text/html --signature=MC0CFAIHxKS6sJ6CFnLnyXq480pwFXifAhUAld9pyhHZK6YLr7t5YiK8dwdKTyk= --action=EVENT_UPDATED' exited with status '0'
Enabling archive policy
Wed Aug 22 17:04:45 MDT 2018
FINE	thread=1056	[null] running event archive policy (null)
INFO	thread=1056	[null] archiving event usabcd1234
FINE	thread=1056	Eventindexid=1, eventid=usabcd1234, latitude=0, longitude=0, time=Wed Aug 22 17:04:44 MDT 2018, deleted=false
FINE	thread=1056	[null] event summary was null. This probably means the archive policy is notifying of an archived event.
FINE	thread=1057	Exception retreiving product from storage, probably archiving
java.lang.NullPointerException
	at gov.usgs.earthquake.indexer.ExternalIndexerListener.getProductSummaryCommand(ExternalIndexerListener.java:316)
	at gov.usgs.earthquake.indexer.ExternalIndexerListener.getProductSummaryCommand(ExternalIndexerListener.java:285)
	at gov.usgs.earthquake.indexer.ExternalIndexerListener.onIndexerEvent(ExternalIndexerListener.java:141)
	at gov.usgs.earthquake.indexer.IndexerListenerCallable.call(IndexerListenerCallable.java:37)
	at gov.usgs.earthquake.indexer.IndexerListenerCallable.call(IndexerListenerCallable.java:12)
	at gov.usgs.util.ExecutorTask.run(ExecutorTask.java:183)
	at java.base/java.util.concurrent.Executors$RunnableAdapter.call(Executors.java:514)
	at java.base/java.util.concurrent.FutureTask.run(FutureTask.java:264)
	at java.base/java.util.concurrent.ThreadPoolExecutor.runWorker(ThreadPoolExecutor.java:1135)
	at java.base/java.util.concurrent.ThreadPoolExecutor$Worker.run(ThreadPoolExecutor.java:635)
	at java.base/java.lang.Thread.run(Thread.java:844)
INFO	thread=1057	[null] running command echo --preferred-eventid=usabcd1234 --preferred-eventsource=us --preferred-eventsourcecode=abcd1234 --eventids=usabcd1234 --preferred-magnitude=null --preferred-latitude=0 --preferred-longitude=0 --preferred-depth=null --preferred-eventtime=2018-08-22T23:04:44.765Z --action=EVENT_ARCHIVED
INFO	thread=1056	[null] purged 1 expired events and 0 expired unassociated products.
FINE	thread=1059	Exception retreiving product from storage, probably archiving
java.lang.NullPointerException
	at gov.usgs.earthquake.indexer.ExternalIndexerListener.getProductSummaryCommand(ExternalIndexerListener.java:316)
	at gov.usgs.earthquake.indexer.ExternalIndexerListener.getProductSummaryCommand(ExternalIndexerListener.java:285)
	at gov.usgs.earthquake.indexer.ExternalIndexerListener.onIndexerEvent(ExternalIndexerListener.java:141)
	at gov.usgs.earthquake.indexer.IndexerListenerCallable.call(IndexerListenerCallable.java:37)
	at gov.usgs.earthquake.indexer.IndexerListenerCallable.call(IndexerListenerCallable.java:12)
	at gov.usgs.util.ExecutorTask.run(ExecutorTask.java:183)
	at java.base/java.util.concurrent.Executors$RunnableAdapter.call(Executors.java:514)
	at java.base/java.util.concurrent.FutureTask.run(FutureTask.java:264)
	at java.base/java.util.concurrent.ThreadPoolExecutor.runWorker(ThreadPoolExecutor.java:1135)
	at java.base/java.util.concurrent.ThreadPoolExecutor$Worker.run(ThreadPoolExecutor.java:635)
	at java.base/java.lang.Thread.run(Thread.java:844)
INFO	thread=1059	[null] running command echo --preferred-eventid=usabcd1234 --preferred-eventsource=us --preferred-eventsourcecode=abcd1234 --eventids=usabcd1234 --preferred-magnitude=null --preferred-latitude=0 --preferred-longitude=0 --preferred-depth=null --preferred-eventtime=2018-08-22T23:04:44.765Z --action=EVENT_ARCHIVED
INFO	thread=1057	[null] command 'echo --preferred-eventid=usabcd1234 --preferred-eventsource=us --preferred-eventsourcecode=abcd1234 --eventids=usabcd1234 --preferred-magnitude=null --preferred-latitude=0 --preferred-longitude=0 --preferred-depth=null --preferred-eventtime=2018-08-22T23:04:44.765Z --action=EVENT_ARCHIVED' exited with status '0'
INFO	thread=1059	[null] command 'echo --preferred-eventid=usabcd1234 --preferred-eventsource=us --preferred-eventsourcecode=abcd1234 --eventids=usabcd1234 --preferred-magnitude=null --preferred-latitude=0 --preferred-longitude=0 --preferred-depth=null --preferred-eventtime=2018-08-22T23:04:44.765Z --action=EVENT_ARCHIVED' exited with status '0'
Done archiving
]]></system-err>
</testsuite>
