<?xml version="1.0" encoding="UTF-8"?>
<testsuite name="gov.usgs.earthquake.util.RoundRobinBlockingQueueTest" tests="1" skipped="0" failures="0" errors="0" timestamp="2018-08-22T23:04:46" hostname="igskcicgltgm091.local" time="0.313">
  <properties/>
  <testcase name="takeBlocksUntilPut" classname="gov.usgs.earthquake.util.RoundRobinBlockingQueueTest" time="0.313"/>
  <system-out><![CDATA[]]></system-out>
  <system-err><![CDATA[FINER	thread=287	[null] running listener cleanup
]]></system-err>
</testsuite>
